66.0 APEX_CODE,FINEST;APEX_PROFILING,INFO;CALLOUT,INFO;DATA_ACCESS,INFO;DB,INFO;NBA,INFO;SYSTEM,DEBUG;VALIDATION,INFO;VISUALFORCE,INFO;WAVE,INFO;WORKFLOW,INFO
13:12:03.5 (5200814)|USER_INFO|[EXTERNAL]|005dM00000bGQNp|pmandy.f7098e8d67c2@agentforce.com|(GMT-07:00) Pacific Daylight Time (America/Los_Angeles)|GMT-07:00
13:12:03.5 (5320836)|EXECUTION_STARTED
13:12:03.5 (5388017)|CODE_UNIT_STARTED|[EXTERNAL]|apex://ObserveTuneController/ACTION$getTuneData
13:12:03.5 (6741871)|CODE_UNIT_STARTED|[EXTERNAL]|01pdM00000WohAb|ObserveTuneController.getTuneData()
13:12:03.5 (7354293)|HEAP_ALLOCATE|[95]|Bytes:3
13:12:03.5 (7550285)|HEAP_ALLOCATE|[100]|Bytes:152
13:12:03.5 (7575497)|HEAP_ALLOCATE|[417]|Bytes:408
13:12:03.5 (7603777)|HEAP_ALLOCATE|[430]|Bytes:408
13:12:03.5 (7657878)|HEAP_ALLOCATE|[317]|Bytes:6
13:12:03.5 (7751580)|HEAP_ALLOCATE|[EXTERNAL]|Bytes:8
13:12:03.5 (7759600)|HEAP_ALLOCATE|[EXTERNAL]|Bytes:22
13:12:03.5 (7807530)|METHOD_ENTRY|[1]|01pdM00000WohAb|ObserveTuneController.ObserveTuneController()
13:12:03.5 (7827761)|STATEMENT_EXECUTE|[1]
13:12:03.5 (7840491)|STATEMENT_EXECUTE|[1]
13:12:03.5 (7872902)|HEAP_ALLOCATE|[68]|Bytes:5
13:12:03.5 (7927583)|HEAP_ALLOCATE|[74]|Bytes:5
13:12:03.5 (7939563)|HEAP_ALLOCATE|[82]|Bytes:7
13:12:03.5 (8459642)|HEAP_ALLOCATE|[EXTERNAL]|Bytes:5
13:12:03.5 (8508143)|METHOD_EXIT|[1]|ObserveTuneController
13:12:03.5 (8529573)|HEAP_ALLOCATE|[5]|Bytes:5
13:12:03.5 (8536373)|STATEMENT_EXECUTE|[4]
13:12:03.5 (8539523)|STATEMENT_EXECUTE|[5]
13:12:03.5 (8541943)|STATEMENT_EXECUTE|[5]
13:12:03.5 (8544543)|STATEMENT_EXECUTE|[6]
13:12:03.5 (8568624)|HEAP_ALLOCATE|[6]|Bytes:4
13:12:03.5 (8600464)|VARIABLE_SCOPE_BEGIN|[6]|data|Map<String,ANY>|true|false
13:12:03.5 (8762857)|VARIABLE_ASSIGNMENT|[6]|data|{}|0x5064fc06
13:12:03.5 (8800858)|STATEMENT_EXECUTE|[9]
13:12:03.5 (8860840)|HEAP_ALLOCATE|[9]|Bytes:4
13:12:03.5 (8995482)|HEAP_ALLOCATE|[10]|Bytes:4
13:12:03.5 (9007052)|HEAP_ALLOCATE|[11]|Bytes:4
13:12:03.5 (9014232)|HEAP_ALLOCATE|[11]|Bytes:13
13:12:03.5 (9121774)|HEAP_ALLOCATE|[12]|Bytes:6
13:12:03.5 (9130415)|HEAP_ALLOCATE|[12]|Bytes:5
13:12:03.5 (9149525)|HEAP_ALLOCATE|[13]|Bytes:7
13:12:03.5 (9164255)|HEAP_ALLOCATE|[10]|Bytes:4
13:12:03.5 (9269617)|HEAP_ALLOCATE|[14]|Bytes:7
13:12:03.5 (9277397)|HEAP_ALLOCATE|[14]|Bytes:18
13:12:03.5 (9294907)|HEAP_ALLOCATE|[15]|Bytes:9
13:12:03.5 (9300858)|HEAP_ALLOCATE|[15]|Bytes:179
13:12:03.5 (9333748)|HEAP_ALLOCATE|[17]|Bytes:4
13:12:03.5 (9344788)|HEAP_ALLOCATE|[18]|Bytes:11
13:12:03.5 (9458350)|HEAP_ALLOCATE|[19]|Bytes:14
13:12:03.5 (9478681)|HEAP_ALLOCATE|[17]|Bytes:4
13:12:03.5 (9496171)|HEAP_ALLOCATE|[21]|Bytes:9
13:12:03.5 (9509371)|HEAP_ALLOCATE|[22]|Bytes:81
13:12:03.5 (9526161)|VARIABLE_SCOPE_BEGIN|[9]|cohortLeads|List<Map<String,ANY>>|true|false
13:12:03.5 (9579212)|HEAP_ALLOCATE|[EXTERNAL]|Bytes:12
13:12:03.5 (9663124)|VARIABLE_ASSIGNMENT|[9]|cohortLeads|[{"name":"Jennifer Park","status":"Bound","daysAgo":3,"verdict":"Decision Confirmed","reasoning":"Act classified Pursu (159 more) ..."},{"name":"Marcus Reed","status":"Window Timeout","daysAgo":5,"verdict":"No-Signal","reasoning":"Still in nurture win (61 more) ..."}]|0x5c6a0952
13:12:03.5 (9676164)|STATEMENT_EXECUTE|[27]
13:12:03.5 (9687324)|HEAP_ALLOCATE|[27]|Bytes:4
13:12:03.5 (9720485)|HEAP_ALLOCATE|[28]|Bytes:4
13:12:03.5 (9728785)|HEAP_ALLOCATE|[29]|Bytes:5
13:12:03.5 (9733505)|HEAP_ALLOCATE|[29]|Bytes:99
13:12:03.5 (9765946)|HEAP_ALLOCATE|[30]|Bytes:6
13:12:03.5 (9770977)|HEAP_ALLOCATE|[30]|Bytes:46
13:12:03.5 (9783346)|HEAP_ALLOCATE|[31]|Bytes:6
13:12:03.5 (9788026)|HEAP_ALLOCATE|[31]|Bytes:24
13:12:03.5 (9806697)|HEAP_ALLOCATE|[33]|Bytes:4
13:12:03.5 (9821807)|HEAP_ALLOCATE|[34]|Bytes:72
13:12:03.5 (9856058)|HEAP_ALLOCATE|[35]|Bytes:21
13:12:03.5 (9873307)|HEAP_ALLOCATE|[36]|Bytes:24
13:12:03.5 (9896448)|HEAP_ALLOCATE|[38]|Bytes:4
13:12:03.5 (9906128)|HEAP_ALLOCATE|[39]|Bytes:78
13:12:03.5 (9935149)|HEAP_ALLOCATE|[40]|Bytes:55
13:12:03.5 (9950789)|HEAP_ALLOCATE|[41]|Bytes:25
13:12:03.5 (9967639)|VARIABLE_SCOPE_BEGIN|[27]|proposals|List<Map<String,ANY>>|true|false
13:12:03.5 (10000680)|HEAP_ALLOCATE|[EXTERNAL]|Bytes:16
13:12:03.5 (10050101)|VARIABLE_ASSIGNMENT|[27]|proposals|[{"title":"EverQuote source · P (79 more) ...","impact":"312 confirmed verdic (26 more) ...","change":"Tighten Pursue thres (4 more) ..."},{"title":"Household-match sign (52 more) ...","impact":"89 verdicts confirme (1 more) ...","change":"Increase weighting + (4 more) ..."},{"title":"New pattern: VINs >  (58 more) ...","impact":"Convert at 6.8% vs 1 (35 more) ...","change":"Recommend Nurture de (5 more) ..."}]|0x6d1994c
13:12:03.5 (10070832)|STATEMENT_EXECUTE|[45]
13:12:03.5 (10079131)|HEAP_ALLOCATE|[45]|Bytes:4
13:12:03.5 (10088091)|HEAP_ALLOCATE|[46]|Bytes:10
13:12:03.5 (10094032)|HEAP_ALLOCATE|[46]|Bytes:10
13:12:03.5 (10128482)|HEAP_ALLOCATE|[47]|Bytes:8
13:12:03.5 (10134583)|HEAP_ALLOCATE|[47]|Bytes:10
13:12:03.5 (10149242)|HEAP_ALLOCATE|[48]|Bytes:12
13:12:03.5 (10159492)|HEAP_ALLOCATE|[45]|Bytes:4
13:12:03.5 (10176434)|HEAP_ALLOCATE|[49]|Bytes:9
13:12:03.5 (10191243)|HEAP_ALLOCATE|[50]|Bytes:12
13:12:03.5 (10196464)|HEAP_ALLOCATE|[50]|Bytes:4
13:12:03.5 (10210024)|HEAP_ALLOCATE|[51]|Bytes:12
13:12:03.5 (10215384)|HEAP_ALLOCATE|[51]|Bytes:4
13:12:03.5 (10228894)|HEAP_ALLOCATE|[52]|Bytes:13
13:12:03.5 (10233885)|HEAP_ALLOCATE|[52]|Bytes:68
13:12:03.5 (10247254)|VARIABLE_SCOPE_BEGIN|[45]|tuneProposal|Map<String,ANY>|true|false
13:12:03.5 (10279014)|VARIABLE_ASSIGNMENT|[45]|tuneProposal|"Map of size 7 too large to display"|0x6028f70b
13:12:03.5 (10287516)|STATEMENT_EXECUTE|[55]
13:12:03.5 (10291255)|HEAP_ALLOCATE|[55]|Bytes:11
13:12:03.5 (10324855)|HEAP_ALLOCATE|[EXTERNAL]|Bytes:-4
13:12:03.5 (10335116)|STATEMENT_EXECUTE|[56]
13:12:03.5 (10338686)|HEAP_ALLOCATE|[56]|Bytes:12
13:12:03.5 (10362317)|HEAP_ALLOCATE|[EXTERNAL]|Bytes:-4
13:12:03.5 (10378776)|STATEMENT_EXECUTE|[57]
13:12:03.5 (10384437)|HEAP_ALLOCATE|[57]|Bytes:7
13:12:03.5 (10417108)|HEAP_ALLOCATE|[57]|Bytes:5
13:12:03.5 (10423998)|HEAP_ALLOCATE|[EXTERNAL]|Bytes:-4
13:12:03.5 (10432977)|STATEMENT_EXECUTE|[59]
13:12:03.10 (10551990)|CUMULATIVE_LIMIT_USAGE
13:12:03.10 (10551990)|LIMIT_USAGE_FOR_NS|(default)|
  Number of SOQL queries: 0 out of 100
  Number of query rows: 0 out of 50000
  Number of SOSL queries: 0 out of 20
  Number of DML statements: 0 out of 150
  Number of Publish Immediate DML: 0 out of 150
  Number of DML rows: 0 out of 10000
  Maximum CPU time: 0 out of 10000
  Maximum heap size: 0 out of 6000000
  Number of callouts: 0 out of 100
  Number of Email Invocations: 0 out of 10
  Number of future calls: 0 out of 50
  Number of queueable jobs added to the queue: 0 out of 50
  Number of Mobile Apex push calls: 0 out of 10

13:12:03.10 (10551990)|CUMULATIVE_LIMIT_USAGE_END

13:12:03.5 (10618731)|CODE_UNIT_FINISHED|ObserveTuneController.getTuneData()
13:12:03.5 (11080889)|CODE_UNIT_FINISHED|apex://ObserveTuneController/ACTION$getTuneData
13:12:03.5 (11097940)|EXECUTION_FINISHED
