66.0 APEX_CODE,FINEST;APEX_PROFILING,INFO;CALLOUT,INFO;DATA_ACCESS,INFO;DB,INFO;NBA,INFO;SYSTEM,DEBUG;VALIDATION,INFO;VISUALFORCE,INFO;WAVE,INFO;WORKFLOW,INFO
12:50:51.4 (4163419)|USER_INFO|[EXTERNAL]|005dM00000bGQNp|pmandy.f7098e8d67c2@agentforce.com|(GMT-07:00) Pacific Daylight Time (America/Los_Angeles)|GMT-07:00
12:50:51.4 (4228331)|EXECUTION_STARTED
12:50:51.4 (4256281)|CODE_UNIT_STARTED|[EXTERNAL]|apex://ObserveTuneController/ACTION$getTuneData
12:50:51.4 (5402827)|CODE_UNIT_STARTED|[EXTERNAL]|01pdM00000WohAb|ObserveTuneController.getTuneData()
12:50:51.4 (7526722)|HEAP_ALLOCATE|[95]|Bytes:3
12:50:51.4 (7668935)|HEAP_ALLOCATE|[100]|Bytes:152
12:50:51.4 (7687316)|HEAP_ALLOCATE|[417]|Bytes:408
12:50:51.4 (7702156)|HEAP_ALLOCATE|[430]|Bytes:408
12:50:51.4 (7732327)|HEAP_ALLOCATE|[317]|Bytes:6
12:50:51.4 (7800718)|HEAP_ALLOCATE|[EXTERNAL]|Bytes:8
12:50:51.4 (7810298)|HEAP_ALLOCATE|[EXTERNAL]|Bytes:22
12:50:51.4 (7837479)|METHOD_ENTRY|[1]|01pdM00000WohAb|ObserveTuneController.ObserveTuneController()
12:50:51.4 (7852990)|STATEMENT_EXECUTE|[1]
12:50:51.4 (7867410)|STATEMENT_EXECUTE|[1]
12:50:51.4 (7888539)|HEAP_ALLOCATE|[68]|Bytes:5
12:50:51.4 (7930071)|HEAP_ALLOCATE|[74]|Bytes:5
12:50:51.4 (7939081)|HEAP_ALLOCATE|[82]|Bytes:7
12:50:51.4 (8340850)|HEAP_ALLOCATE|[EXTERNAL]|Bytes:5
12:50:51.4 (8372150)|METHOD_EXIT|[1]|ObserveTuneController
12:50:51.4 (8399131)|HEAP_ALLOCATE|[5]|Bytes:5
12:50:51.4 (8405281)|STATEMENT_EXECUTE|[4]
12:50:51.4 (8407701)|STATEMENT_EXECUTE|[5]
12:50:51.4 (8409661)|STATEMENT_EXECUTE|[5]
12:50:51.4 (8411581)|STATEMENT_EXECUTE|[6]
12:50:51.4 (8432002)|HEAP_ALLOCATE|[6]|Bytes:4
12:50:51.4 (8459082)|VARIABLE_SCOPE_BEGIN|[6]|data|Map<String,ANY>|true|false
12:50:51.4 (8552504)|VARIABLE_ASSIGNMENT|[6]|data|{}|0x2d55eb6b
12:50:51.4 (8558234)|STATEMENT_EXECUTE|[9]
12:50:51.4 (8601905)|HEAP_ALLOCATE|[9]|Bytes:4
12:50:51.4 (8704888)|HEAP_ALLOCATE|[10]|Bytes:4
12:50:51.4 (8715098)|HEAP_ALLOCATE|[11]|Bytes:4
12:50:51.4 (8720998)|HEAP_ALLOCATE|[11]|Bytes:13
12:50:51.4 (8813350)|HEAP_ALLOCATE|[12]|Bytes:6
12:50:51.4 (8820420)|HEAP_ALLOCATE|[12]|Bytes:5
12:50:51.4 (8836940)|HEAP_ALLOCATE|[13]|Bytes:7
12:50:51.4 (8850301)|HEAP_ALLOCATE|[10]|Bytes:4
12:50:51.4 (8919732)|HEAP_ALLOCATE|[14]|Bytes:7
12:50:51.4 (8926612)|HEAP_ALLOCATE|[14]|Bytes:18
12:50:51.4 (8942353)|HEAP_ALLOCATE|[15]|Bytes:9
12:50:51.4 (8947443)|HEAP_ALLOCATE|[15]|Bytes:179
12:50:51.4 (8975973)|HEAP_ALLOCATE|[17]|Bytes:4
12:50:51.4 (8984873)|HEAP_ALLOCATE|[18]|Bytes:11
12:50:51.4 (9021714)|HEAP_ALLOCATE|[19]|Bytes:14
12:50:51.4 (9044775)|HEAP_ALLOCATE|[17]|Bytes:4
12:50:51.4 (9060585)|HEAP_ALLOCATE|[21]|Bytes:9
12:50:51.4 (9075755)|HEAP_ALLOCATE|[22]|Bytes:81
12:50:51.4 (9095376)|VARIABLE_SCOPE_BEGIN|[9]|cohortLeads|List<Map<String,ANY>>|true|false
12:50:51.4 (9152967)|HEAP_ALLOCATE|[EXTERNAL]|Bytes:12
12:50:51.4 (9200208)|VARIABLE_ASSIGNMENT|[9]|cohortLeads|[{"name":"Jennifer Park","status":"Bound","daysAgo":3,"verdict":"Decision Confirmed","reasoning":"Act classified Pursu (159 more) ..."},{"name":"Marcus Reed","status":"Window Timeout","daysAgo":5,"verdict":"No-Signal","reasoning":"Still in nurture win (61 more) ..."}]|0x53e194c2
12:50:51.4 (9207828)|STATEMENT_EXECUTE|[27]
12:50:51.4 (9218318)|HEAP_ALLOCATE|[27]|Bytes:4
12:50:51.4 (9242429)|HEAP_ALLOCATE|[28]|Bytes:4
12:50:51.4 (9249169)|HEAP_ALLOCATE|[29]|Bytes:5
12:50:51.4 (9253499)|HEAP_ALLOCATE|[29]|Bytes:99
12:50:51.4 (9283010)|HEAP_ALLOCATE|[30]|Bytes:6
12:50:51.4 (9287690)|HEAP_ALLOCATE|[30]|Bytes:46
12:50:51.4 (9299480)|HEAP_ALLOCATE|[31]|Bytes:6
12:50:51.4 (9303821)|HEAP_ALLOCATE|[31]|Bytes:24
12:50:51.4 (9321182)|HEAP_ALLOCATE|[33]|Bytes:4
12:50:51.4 (9327751)|HEAP_ALLOCATE|[34]|Bytes:72
12:50:51.4 (9351791)|HEAP_ALLOCATE|[35]|Bytes:21
12:50:51.4 (9364062)|HEAP_ALLOCATE|[36]|Bytes:24
12:50:51.4 (9379802)|HEAP_ALLOCATE|[38]|Bytes:4
12:50:51.4 (9386602)|HEAP_ALLOCATE|[39]|Bytes:78
12:50:51.4 (9409212)|HEAP_ALLOCATE|[40]|Bytes:55
12:50:51.4 (9421704)|HEAP_ALLOCATE|[41]|Bytes:25
12:50:51.4 (9435523)|VARIABLE_SCOPE_BEGIN|[27]|proposals|List<Map<String,ANY>>|true|false
12:50:51.4 (9460243)|HEAP_ALLOCATE|[EXTERNAL]|Bytes:16
12:50:51.4 (9484705)|VARIABLE_ASSIGNMENT|[27]|proposals|[{"title":"EverQuote source · P (79 more) ...","impact":"312 confirmed verdic (26 more) ...","change":"Tighten Pursue thres (4 more) ..."},{"title":"Household-match sign (52 more) ...","impact":"89 verdicts confirme (1 more) ...","change":"Increase weighting + (4 more) ..."},{"title":"New pattern: VINs >  (58 more) ...","impact":"Convert at 6.8% vs 1 (35 more) ...","change":"Recommend Nurture de (5 more) ..."}]|0x18496adb
12:50:51.4 (9493284)|STATEMENT_EXECUTE|[45]
12:50:51.4 (9499625)|HEAP_ALLOCATE|[45]|Bytes:4
12:50:51.4 (9505844)|HEAP_ALLOCATE|[46]|Bytes:10
12:50:51.4 (9509745)|HEAP_ALLOCATE|[46]|Bytes:10
12:50:51.4 (9533195)|HEAP_ALLOCATE|[47]|Bytes:8
12:50:51.4 (9537935)|HEAP_ALLOCATE|[47]|Bytes:10
12:50:51.4 (9549765)|HEAP_ALLOCATE|[48]|Bytes:12
12:50:51.4 (9558366)|HEAP_ALLOCATE|[45]|Bytes:4
12:50:51.4 (9570286)|HEAP_ALLOCATE|[49]|Bytes:9
12:50:51.4 (9581836)|HEAP_ALLOCATE|[50]|Bytes:12
12:50:51.4 (9585916)|HEAP_ALLOCATE|[50]|Bytes:4
12:50:51.4 (9597267)|HEAP_ALLOCATE|[51]|Bytes:12
12:50:51.4 (9601667)|HEAP_ALLOCATE|[51]|Bytes:4
12:50:51.4 (9612348)|HEAP_ALLOCATE|[52]|Bytes:13
12:50:51.4 (9616287)|HEAP_ALLOCATE|[52]|Bytes:68
12:50:51.4 (9626797)|VARIABLE_SCOPE_BEGIN|[45]|tuneProposal|Map<String,ANY>|true|false
12:50:51.4 (9648047)|VARIABLE_ASSIGNMENT|[45]|tuneProposal|"Map of size 7 too large to display"|0x1c3bdb11
12:50:51.4 (9653288)|STATEMENT_EXECUTE|[55]
12:50:51.4 (9656358)|HEAP_ALLOCATE|[55]|Bytes:11
12:50:51.4 (9688138)|HEAP_ALLOCATE|[EXTERNAL]|Bytes:-4
12:50:51.4 (9696418)|STATEMENT_EXECUTE|[56]
12:50:51.4 (9699519)|HEAP_ALLOCATE|[56]|Bytes:12
12:50:51.4 (9717529)|HEAP_ALLOCATE|[EXTERNAL]|Bytes:-4
12:50:51.4 (9725289)|STATEMENT_EXECUTE|[57]
12:50:51.4 (9728259)|HEAP_ALLOCATE|[57]|Bytes:7
12:50:51.4 (9755600)|HEAP_ALLOCATE|[57]|Bytes:5
12:50:51.4 (9761431)|HEAP_ALLOCATE|[EXTERNAL]|Bytes:-4
12:50:51.4 (9768410)|STATEMENT_EXECUTE|[59]
12:50:51.9 (9845723)|CUMULATIVE_LIMIT_USAGE
12:50:51.9 (9845723)|LIMIT_USAGE_FOR_NS|(default)|
  Number of SOQL queries: 0 out of 100
  Number of query rows: 0 out of 50000
  Number of SOSL queries: 0 out of 20
  Number of DML statements: 0 out of 150
  Number of Publish Immediate DML: 0 out of 150
  Number of DML rows: 0 out of 10000
  Maximum CPU time: 0 out of 10000
  Maximum heap size: 0 out of 6000000
  Number of callouts: 0 out of 100
  Number of Email Invocations: 0 out of 10
  Number of future calls: 0 out of 50
  Number of queueable jobs added to the queue: 0 out of 50
  Number of Mobile Apex push calls: 0 out of 10

12:50:51.9 (9845723)|CUMULATIVE_LIMIT_USAGE_END

12:50:51.4 (9902173)|CODE_UNIT_FINISHED|ObserveTuneController.getTuneData()
12:50:51.4 (10118417)|CODE_UNIT_FINISHED|apex://ObserveTuneController/ACTION$getTuneData
12:50:51.4 (10132929)|EXECUTION_FINISHED
