66.0 APEX_CODE,FINEST;APEX_PROFILING,INFO;CALLOUT,INFO;DATA_ACCESS,INFO;DB,INFO;NBA,INFO;SYSTEM,DEBUG;VALIDATION,INFO;VISUALFORCE,INFO;WAVE,INFO;WORKFLOW,INFO
12:20:34.1 (1196105)|USER_INFO|[EXTERNAL]|005dM00000bGQNp|pmandy.f7098e8d67c2@agentforce.com|(GMT-07:00) Pacific Daylight Time (America/Los_Angeles)|GMT-07:00
12:20:34.1 (1274139)|EXECUTION_STARTED
12:20:34.1 (1309491)|CODE_UNIT_STARTED|[EXTERNAL]|apex://ObserveTuneController/ACTION$approveTuneAndPromote
12:20:34.1 (2324205)|CODE_UNIT_STARTED|[EXTERNAL]|01pdM00000WohAb|ObserveTuneController.approveTuneAndPromote()
12:20:34.1 (2836553)|HEAP_ALLOCATE|[95]|Bytes:3
12:20:34.1 (2954350)|HEAP_ALLOCATE|[100]|Bytes:152
12:20:34.1 (2971691)|HEAP_ALLOCATE|[417]|Bytes:408
12:20:34.1 (2989392)|HEAP_ALLOCATE|[430]|Bytes:408
12:20:34.1 (3024213)|HEAP_ALLOCATE|[317]|Bytes:6
12:20:34.1 (3043723)|HEAP_ALLOCATE|[EXTERNAL]|Bytes:8
12:20:34.1 (3049244)|HEAP_ALLOCATE|[EXTERNAL]|Bytes:22
12:20:34.1 (3084157)|METHOD_ENTRY|[1]|01pdM00000WohAb|ObserveTuneController.ObserveTuneController()
12:20:34.1 (3104918)|STATEMENT_EXECUTE|[1]
12:20:34.1 (3120429)|STATEMENT_EXECUTE|[1]
12:20:34.1 (3140640)|HEAP_ALLOCATE|[68]|Bytes:5
12:20:34.1 (3185122)|HEAP_ALLOCATE|[74]|Bytes:5
12:20:34.1 (3194552)|HEAP_ALLOCATE|[82]|Bytes:7
12:20:34.1 (3631306)|HEAP_ALLOCATE|[EXTERNAL]|Bytes:5
12:20:34.1 (3661927)|METHOD_EXIT|[1]|ObserveTuneController
12:20:34.1 (3679978)|HEAP_ALLOCATE|[67]|Bytes:5
12:20:34.1 (3685338)|STATEMENT_EXECUTE|[66]
12:20:34.1 (3688079)|STATEMENT_EXECUTE|[67]
12:20:34.1 (3690109)|STATEMENT_EXECUTE|[67]
12:20:34.1 (3692429)|STATEMENT_EXECUTE|[68]
12:20:34.1 (3699549)|HEAP_ALLOCATE|[68]|Bytes:41
12:20:34.1 (3794514)|USER_DEBUG|[68]|DEBUG|===== APPROVE TUNE & PROMOTE v2.8.0 =====
12:20:34.1 (3812765)|STATEMENT_EXECUTE|[71]
12:20:34.1 (3860779)|VARIABLE_SCOPE_BEGIN|[71]|req|System.HttpRequest|true|false
12:20:34.1 (4208786)|VARIABLE_ASSIGNMENT|[71]|req|"System.HttpRequest[Endpoint=null, Method=null]"|0x1d67e520
12:20:34.1 (4217648)|STATEMENT_EXECUTE|[72]
12:20:34.1 (4222168)|HEAP_ALLOCATE|[72]|Bytes:42
12:20:34.1 (4315973)|STATEMENT_EXECUTE|[73]
12:20:34.1 (4319173)|HEAP_ALLOCATE|[73]|Bytes:4
12:20:34.1 (4344393)|STATEMENT_EXECUTE|[74]
12:20:34.1 (4348864)|HEAP_ALLOCATE|[74]|Bytes:12
12:20:34.1 (4356394)|HEAP_ALLOCATE|[74]|Bytes:16
12:20:34.1 (4392497)|STATEMENT_EXECUTE|[75]
12:20:34.1 (4408368)|HEAP_ALLOCATE|[75]|Bytes:4
12:20:34.1 (4424538)|HEAP_ALLOCATE|[76]|Bytes:12
12:20:34.1 (4429259)|HEAP_ALLOCATE|[76]|Bytes:6
12:20:34.1 (4505053)|HEAP_ALLOCATE|[77]|Bytes:6
12:20:34.1 (4513473)|HEAP_ALLOCATE|[77]|Bytes:45
12:20:34.1 (4569996)|HEAP_ALLOCATE|[75]|Bytes:24
12:20:34.1 (4583457)|SYSTEM_METHOD_ENTRY|[1]|JSON.JSON()
12:20:34.1 (4588957)|STATEMENT_EXECUTE|[1]
12:20:34.1 (4602618)|SYSTEM_METHOD_EXIT|[1]|JSON
12:20:34.1 (4624279)|METHOD_ENTRY|[75]||System.JSON.serialize(Object)
12:20:34.1 (8586581)|METHOD_EXIT|[75]||System.JSON.serialize(Object)
12:20:34.1 (8664705)|STATEMENT_EXECUTE|[80]
12:20:34.1 (8685676)|VARIABLE_SCOPE_BEGIN|[80]|http|System.Http|true|false
12:20:34.1 (8794182)|VARIABLE_ASSIGNMENT|[80]|http|"System.Http[]"|0x3ed646e
12:20:34.1 (8800303)|STATEMENT_EXECUTE|[81]
12:20:34.1 (8937420)|CALLOUT_REQUEST|[81]|System.HttpRequest[Endpoint=http://146.190.153.46:9000/update-champion, Method=POST]
12:20:34.1 (614296026)|HEAP_ALLOCATE|[EXTERNAL]|Bytes:292
12:20:34.1 (616345866)|CALLOUT_RESPONSE|[81]|System.HttpResponse[Status=OK, StatusCode=200]
12:20:34.1 (616383489)|HEAP_ALLOCATE|[81]|Bytes:61
12:20:34.1 (616418140)|VARIABLE_SCOPE_BEGIN|[81]|res|System.HttpResponse|true|false
12:20:34.1 (616493403)|VARIABLE_ASSIGNMENT|[81]|res|"System.HttpResponse[Status=OK, StatusCode=200]"|0x2ec08d2d
12:20:34.1 (616500995)|STATEMENT_EXECUTE|[83]
12:20:34.1 (616506484)|HEAP_ALLOCATE|[83]|Bytes:23
12:20:34.1 (616616601)|HEAP_ALLOCATE|[83]|Bytes:3
12:20:34.1 (616638771)|HEAP_ALLOCATE|[83]|Bytes:26
12:20:34.1 (616661643)|USER_DEBUG|[83]|DEBUG|LUMEN Response Status: 200
12:20:34.1 (616671794)|STATEMENT_EXECUTE|[84]
12:20:34.1 (616674884)|HEAP_ALLOCATE|[84]|Bytes:21
12:20:34.1 (616709766)|HEAP_ALLOCATE|[84]|Bytes:55
12:20:34.1 (616719056)|HEAP_ALLOCATE|[84]|Bytes:76
12:20:34.1 (616728217)|USER_DEBUG|[84]|DEBUG|LUMEN Response Body: {"success":false,"error":"champion_model not provided"}
12:20:34.1 (616754068)|STATEMENT_EXECUTE|[86]
12:20:34.1 (616756598)|STATEMENT_EXECUTE|[87]
12:20:34.1 (616760678)|HEAP_ALLOCATE|[87]|Bytes:39
12:20:34.1 (616781520)|USER_DEBUG|[87]|DEBUG|===== v2.8.0 PROMOTED TO CHAMPION =====
12:20:34.1 (616789660)|STATEMENT_EXECUTE|[90]
12:20:34.1 (620478158)|HEAP_ALLOCATE|[90]|Bytes:44
12:20:34.1 (620524610)|VARIABLE_SCOPE_BEGIN|[90]|config|Loom_Config__c|true|false
12:20:34.1 (620791274)|VARIABLE_ASSIGNMENT|[90]|config|{"LastModifiedDate":"2026-05-26T19:18:18.000Z","IsDeleted":false,"CreatedById":"005dM00000bGQNpQAO","CreatedDate":"2026-05-26T14:15:32.000Z","Id":"a0OdM00000QHtsLUAT","LastModifiedById":"005dM00000bGQNpQAO","SetupOwnerId":"00DdM00000wFcrbUAC","Champion_Model_Version__c":"v2.7.0","Name":"a0OdM00000QHtsL","SystemModstamp":"2026-05-26T19:18:18.000Z"}|0x364141e4
12:20:34.1 (620805435)|STATEMENT_EXECUTE|[91]
12:20:34.1 (621036807)|VARIABLE_ASSIGNMENT|[91]|this.Champion_Model_Version__c|"v2.8.0"|0x364141e4
12:20:34.1 (621045638)|STATEMENT_EXECUTE|[92]
12:20:34.1 (621134043)|HEAP_ALLOCATE|[92]|Bytes:8
12:20:34.1 (621179725)|DML_BEGIN|[92]|Op:Upsert|Type:Loom_Config__c|Rows:1
12:20:34.1 (621258329)|HEAP_ALLOCATE|[EXTERNAL]|Bytes:8
12:20:34.1 (656406634)|DML_END|[92]
12:20:34.1 (657204726)|STATEMENT_EXECUTE|[93]
12:20:34.1 (657214616)|HEAP_ALLOCATE|[93]|Bytes:58
12:20:34.1 (657278820)|USER_DEBUG|[93]|DEBUG|Custom setting updated: Champion_Model_Version__c = v2.8.0
12:20:34.1 (657293501)|STATEMENT_EXECUTE|[95]
12:20:34.1 (657317392)|HEAP_ALLOCATE|[95]|Bytes:4
12:20:34.1 (657327822)|HEAP_ALLOCATE|[96]|Bytes:7
12:20:34.1 (657391137)|HEAP_ALLOCATE|[95]|Bytes:5
12:20:34.1 (657405396)|HEAP_ALLOCATE|[97]|Bytes:7
12:20:34.1 (657410218)|HEAP_ALLOCATE|[97]|Bytes:27
12:20:34.1 (657422258)|HEAP_ALLOCATE|[98]|Bytes:8
12:20:34.1 (657433809)|HEAP_ALLOCATE|[99]|Bytes:13
12:20:34.1 (657438259)|HEAP_ALLOCATE|[99]|Bytes:6
12:20:34.678 (678352379)|CUMULATIVE_LIMIT_USAGE
12:20:34.678 (678352379)|LIMIT_USAGE_FOR_NS|(default)|
  Number of SOQL queries: 0 out of 100
  Number of query rows: 0 out of 50000
  Number of SOSL queries: 0 out of 20
  Number of DML statements: 1 out of 150
  Number of Publish Immediate DML: 0 out of 150
  Number of DML rows: 1 out of 10000
  Maximum CPU time: 0 out of 10000
  Maximum heap size: 0 out of 6000000
  Number of callouts: 1 out of 100
  Number of Email Invocations: 0 out of 10
  Number of future calls: 0 out of 50
  Number of queueable jobs added to the queue: 0 out of 50
  Number of Mobile Apex push calls: 0 out of 10

12:20:34.678 (678352379)|CUMULATIVE_LIMIT_USAGE_END

12:20:34.1 (678460395)|CODE_UNIT_FINISHED|ObserveTuneController.approveTuneAndPromote()
12:20:34.1 (678729190)|CODE_UNIT_FINISHED|apex://ObserveTuneController/ACTION$approveTuneAndPromote
12:20:34.1 (678742631)|EXECUTION_FINISHED
