66.0 APEX_CODE,FINEST;APEX_PROFILING,INFO;CALLOUT,INFO;DATA_ACCESS,INFO;DB,INFO;NBA,INFO;SYSTEM,DEBUG;VALIDATION,INFO;VISUALFORCE,INFO;WAVE,INFO;WORKFLOW,INFO
13:19:10.4 (4251186)|USER_INFO|[EXTERNAL]|005dM00000bGQNp|pmandy.f7098e8d67c2@agentforce.com|(GMT-07:00) Pacific Daylight Time (America/Los_Angeles)|GMT-07:00
13:19:10.4 (4320619)|EXECUTION_STARTED
13:19:10.4 (4352792)|CODE_UNIT_STARTED|[EXTERNAL]|apex://ObserveTuneController/ACTION$getTuneData
13:19:10.4 (5367566)|CODE_UNIT_STARTED|[EXTERNAL]|01pdM00000WohAb|ObserveTuneController.getTuneData()
13:19:10.4 (8387527)|HEAP_ALLOCATE|[95]|Bytes:3
13:19:10.4 (8564397)|HEAP_ALLOCATE|[100]|Bytes:152
13:19:10.4 (8589718)|HEAP_ALLOCATE|[417]|Bytes:408
13:19:10.4 (8611399)|HEAP_ALLOCATE|[430]|Bytes:408
13:19:10.4 (8649671)|HEAP_ALLOCATE|[317]|Bytes:6
13:19:10.4 (8734946)|HEAP_ALLOCATE|[EXTERNAL]|Bytes:8
13:19:10.4 (8755727)|HEAP_ALLOCATE|[EXTERNAL]|Bytes:22
13:19:10.4 (8800599)|METHOD_ENTRY|[1]|01pdM00000WohAb|ObserveTuneController.ObserveTuneController()
13:19:10.4 (8830361)|STATEMENT_EXECUTE|[1]
13:19:10.4 (8846891)|STATEMENT_EXECUTE|[1]
13:19:10.4 (8873383)|HEAP_ALLOCATE|[68]|Bytes:5
13:19:10.4 (8936286)|HEAP_ALLOCATE|[74]|Bytes:5
13:19:10.4 (8952197)|HEAP_ALLOCATE|[82]|Bytes:7
13:19:10.4 (9468654)|HEAP_ALLOCATE|[EXTERNAL]|Bytes:5
13:19:10.4 (9508077)|METHOD_EXIT|[1]|ObserveTuneController
13:19:10.4 (9527737)|HEAP_ALLOCATE|[5]|Bytes:5
13:19:10.4 (9535328)|STATEMENT_EXECUTE|[4]
13:19:10.4 (9538768)|STATEMENT_EXECUTE|[5]
13:19:10.4 (9541528)|STATEMENT_EXECUTE|[5]
13:19:10.4 (9544559)|STATEMENT_EXECUTE|[6]
13:19:10.4 (9569391)|HEAP_ALLOCATE|[6]|Bytes:4
13:19:10.4 (9594882)|VARIABLE_SCOPE_BEGIN|[6]|data|Map<String,ANY>|true|false
13:19:10.4 (9711168)|VARIABLE_ASSIGNMENT|[6]|data|{}|0x43ad47f0
13:19:10.4 (9721289)|STATEMENT_EXECUTE|[9]
13:19:10.4 (9761910)|HEAP_ALLOCATE|[9]|Bytes:4
13:19:10.4 (9878737)|HEAP_ALLOCATE|[10]|Bytes:4
13:19:10.4 (9890297)|HEAP_ALLOCATE|[11]|Bytes:4
13:19:10.4 (9896848)|HEAP_ALLOCATE|[11]|Bytes:13
13:19:10.4 (9999593)|HEAP_ALLOCATE|[12]|Bytes:6
13:19:10.4 (10008174)|HEAP_ALLOCATE|[12]|Bytes:5
13:19:10.4 (10027255)|HEAP_ALLOCATE|[13]|Bytes:7
13:19:10.4 (10042055)|HEAP_ALLOCATE|[10]|Bytes:4
13:19:10.4 (10075767)|HEAP_ALLOCATE|[14]|Bytes:7
13:19:10.4 (10082648)|HEAP_ALLOCATE|[14]|Bytes:18
13:19:10.4 (10100008)|HEAP_ALLOCATE|[15]|Bytes:9
13:19:10.4 (10106609)|HEAP_ALLOCATE|[15]|Bytes:179
13:19:10.4 (10134270)|HEAP_ALLOCATE|[17]|Bytes:4
13:19:10.4 (10143691)|HEAP_ALLOCATE|[18]|Bytes:11
13:19:10.4 (10190893)|HEAP_ALLOCATE|[19]|Bytes:14
13:19:10.4 (10215325)|HEAP_ALLOCATE|[17]|Bytes:4
13:19:10.4 (10232995)|HEAP_ALLOCATE|[21]|Bytes:9
13:19:10.4 (10251276)|HEAP_ALLOCATE|[22]|Bytes:81
13:19:10.4 (10271998)|VARIABLE_SCOPE_BEGIN|[9]|cohortLeads|List<Map<String,ANY>>|true|false
13:19:10.4 (10334861)|HEAP_ALLOCATE|[EXTERNAL]|Bytes:12
13:19:10.4 (10402404)|VARIABLE_ASSIGNMENT|[9]|cohortLeads|[{"name":"Jennifer Park","status":"Bound","daysAgo":3,"verdict":"Decision Confirmed","reasoning":"Act classified Pursu (159 more) ..."},{"name":"Marcus Reed","status":"Window Timeout","daysAgo":5,"verdict":"No-Signal","reasoning":"Still in nurture win (61 more) ..."}]|0x65d1fc1e
13:19:10.4 (10414655)|STATEMENT_EXECUTE|[27]
13:19:10.4 (10426037)|HEAP_ALLOCATE|[27]|Bytes:4
13:19:10.4 (10460918)|HEAP_ALLOCATE|[28]|Bytes:4
13:19:10.4 (10467938)|HEAP_ALLOCATE|[29]|Bytes:5
13:19:10.4 (10472488)|HEAP_ALLOCATE|[29]|Bytes:99
13:19:10.4 (10503250)|HEAP_ALLOCATE|[30]|Bytes:6
13:19:10.4 (10508041)|HEAP_ALLOCATE|[30]|Bytes:46
13:19:10.4 (10518802)|HEAP_ALLOCATE|[31]|Bytes:6
13:19:10.4 (10522531)|HEAP_ALLOCATE|[31]|Bytes:24
13:19:10.4 (10539132)|HEAP_ALLOCATE|[33]|Bytes:4
13:19:10.4 (10545603)|HEAP_ALLOCATE|[34]|Bytes:72
13:19:10.4 (10568284)|HEAP_ALLOCATE|[35]|Bytes:21
13:19:10.4 (10580664)|HEAP_ALLOCATE|[36]|Bytes:24
13:19:10.4 (10595135)|HEAP_ALLOCATE|[38]|Bytes:4
13:19:10.4 (10600646)|HEAP_ALLOCATE|[39]|Bytes:78
13:19:10.4 (10621426)|HEAP_ALLOCATE|[40]|Bytes:55
13:19:10.4 (10632437)|HEAP_ALLOCATE|[41]|Bytes:25
13:19:10.4 (10645448)|VARIABLE_SCOPE_BEGIN|[27]|proposals|List<Map<String,ANY>>|true|false
13:19:10.4 (10669289)|HEAP_ALLOCATE|[EXTERNAL]|Bytes:16
13:19:10.4 (10691331)|VARIABLE_ASSIGNMENT|[27]|proposals|[{"title":"EverQuote source · P (79 more) ...","impact":"312 confirmed verdic (26 more) ...","change":"Tighten Pursue thres (4 more) ..."},{"title":"Household-match sign (52 more) ...","impact":"89 verdicts confirme (1 more) ...","change":"Increase weighting + (4 more) ..."},{"title":"New pattern: VINs >  (58 more) ...","impact":"Convert at 6.8% vs 1 (35 more) ...","change":"Recommend Nurture de (5 more) ..."}]|0x4337477
13:19:10.4 (10726351)|STATEMENT_EXECUTE|[45]
13:19:10.4 (10731933)|HEAP_ALLOCATE|[45]|Bytes:4
13:19:10.4 (10738242)|HEAP_ALLOCATE|[46]|Bytes:10
13:19:10.4 (10742192)|HEAP_ALLOCATE|[46]|Bytes:10
13:19:10.4 (10767324)|HEAP_ALLOCATE|[47]|Bytes:8
13:19:10.4 (10771834)|HEAP_ALLOCATE|[47]|Bytes:10
13:19:10.4 (10782154)|HEAP_ALLOCATE|[48]|Bytes:12
13:19:10.4 (10789685)|HEAP_ALLOCATE|[45]|Bytes:4
13:19:10.4 (10802386)|HEAP_ALLOCATE|[49]|Bytes:9
13:19:10.4 (10813436)|HEAP_ALLOCATE|[50]|Bytes:12
13:19:10.4 (10817737)|HEAP_ALLOCATE|[50]|Bytes:4
13:19:10.4 (10827487)|HEAP_ALLOCATE|[51]|Bytes:12
13:19:10.4 (10831498)|HEAP_ALLOCATE|[51]|Bytes:4
13:19:10.4 (10842149)|HEAP_ALLOCATE|[52]|Bytes:13
13:19:10.4 (10846059)|HEAP_ALLOCATE|[52]|Bytes:68
13:19:10.4 (10857219)|VARIABLE_SCOPE_BEGIN|[45]|tuneProposal|Map<String,ANY>|true|false
13:19:10.4 (10877649)|VARIABLE_ASSIGNMENT|[45]|tuneProposal|"Map of size 7 too large to display"|0x45d0a3ad
13:19:10.4 (10882850)|STATEMENT_EXECUTE|[55]
13:19:10.4 (10886141)|HEAP_ALLOCATE|[55]|Bytes:11
13:19:10.4 (10917033)|HEAP_ALLOCATE|[EXTERNAL]|Bytes:-4
13:19:10.4 (10925403)|STATEMENT_EXECUTE|[56]
13:19:10.4 (10928692)|HEAP_ALLOCATE|[56]|Bytes:12
13:19:10.4 (10946613)|HEAP_ALLOCATE|[EXTERNAL]|Bytes:-4
13:19:10.4 (10953794)|STATEMENT_EXECUTE|[57]
13:19:10.4 (10956845)|HEAP_ALLOCATE|[57]|Bytes:7
13:19:10.4 (10981076)|HEAP_ALLOCATE|[57]|Bytes:5
13:19:10.4 (10986396)|HEAP_ALLOCATE|[EXTERNAL]|Bytes:-4
13:19:10.4 (10993207)|STATEMENT_EXECUTE|[59]
13:19:10.11 (11087100)|CUMULATIVE_LIMIT_USAGE
13:19:10.11 (11087100)|LIMIT_USAGE_FOR_NS|(default)|
  Number of SOQL queries: 0 out of 100
  Number of query rows: 0 out of 50000
  Number of SOSL queries: 0 out of 20
  Number of DML statements: 0 out of 150
  Number of Publish Immediate DML: 0 out of 150
  Number of DML rows: 0 out of 10000
  Maximum CPU time: 0 out of 10000
  Maximum heap size: 0 out of 6000000
  Number of callouts: 0 out of 100
  Number of Email Invocations: 0 out of 10
  Number of future calls: 0 out of 50
  Number of queueable jobs added to the queue: 0 out of 50
  Number of Mobile Apex push calls: 0 out of 10

13:19:10.11 (11087100)|CUMULATIVE_LIMIT_USAGE_END

13:19:10.4 (11149205)|CODE_UNIT_FINISHED|ObserveTuneController.getTuneData()
13:19:10.4 (11416829)|CODE_UNIT_FINISHED|apex://ObserveTuneController/ACTION$getTuneData
13:19:10.4 (11428119)|EXECUTION_FINISHED
