66.0 APEX_CODE,FINEST;APEX_PROFILING,INFO;CALLOUT,INFO;DATA_ACCESS,INFO;DB,INFO;NBA,INFO;SYSTEM,DEBUG;VALIDATION,INFO;VISUALFORCE,INFO;WAVE,INFO;WORKFLOW,INFO
13:04:55.5 (5087284)|USER_INFO|[EXTERNAL]|005dM00000bGQNp|pmandy.f7098e8d67c2@agentforce.com|(GMT-07:00) Pacific Daylight Time (America/Los_Angeles)|GMT-07:00
13:04:55.5 (5175876)|EXECUTION_STARTED
13:04:55.5 (5213937)|CODE_UNIT_STARTED|[EXTERNAL]|apex://ObserveTuneController/ACTION$getTuneData
13:04:55.5 (6224092)|CODE_UNIT_STARTED|[EXTERNAL]|01pdM00000WohAb|ObserveTuneController.getTuneData()
13:04:55.5 (9018620)|HEAP_ALLOCATE|[95]|Bytes:3
13:04:55.5 (9194814)|HEAP_ALLOCATE|[100]|Bytes:152
13:04:55.5 (9222335)|HEAP_ALLOCATE|[417]|Bytes:408
13:04:55.5 (9325207)|HEAP_ALLOCATE|[430]|Bytes:408
13:04:55.5 (9368698)|HEAP_ALLOCATE|[317]|Bytes:6
13:04:55.5 (9436970)|HEAP_ALLOCATE|[EXTERNAL]|Bytes:8
13:04:55.5 (9446210)|HEAP_ALLOCATE|[EXTERNAL]|Bytes:22
13:04:55.5 (9484721)|METHOD_ENTRY|[1]|01pdM00000WohAb|ObserveTuneController.ObserveTuneController()
13:04:55.5 (9509761)|STATEMENT_EXECUTE|[1]
13:04:55.5 (9531072)|STATEMENT_EXECUTE|[1]
13:04:55.5 (9555983)|HEAP_ALLOCATE|[68]|Bytes:5
13:04:55.5 (9605184)|HEAP_ALLOCATE|[74]|Bytes:5
13:04:55.5 (9615844)|HEAP_ALLOCATE|[82]|Bytes:7
13:04:55.5 (10013093)|HEAP_ALLOCATE|[EXTERNAL]|Bytes:5
13:04:55.5 (10045694)|METHOD_EXIT|[1]|ObserveTuneController
13:04:55.5 (10063145)|HEAP_ALLOCATE|[5]|Bytes:5
13:04:55.5 (10070315)|STATEMENT_EXECUTE|[4]
13:04:55.5 (10075435)|STATEMENT_EXECUTE|[5]
13:04:55.5 (10078385)|STATEMENT_EXECUTE|[5]
13:04:55.5 (10288911)|STATEMENT_EXECUTE|[6]
13:04:55.5 (10314241)|HEAP_ALLOCATE|[6]|Bytes:4
13:04:55.5 (10335731)|VARIABLE_SCOPE_BEGIN|[6]|data|Map<String,ANY>|true|false
13:04:55.5 (10463294)|VARIABLE_ASSIGNMENT|[6]|data|{}|0x2b7d1803
13:04:55.5 (10471664)|STATEMENT_EXECUTE|[9]
13:04:55.5 (10515765)|HEAP_ALLOCATE|[9]|Bytes:4
13:04:55.5 (10609119)|HEAP_ALLOCATE|[10]|Bytes:4
13:04:55.5 (10617608)|HEAP_ALLOCATE|[11]|Bytes:4
13:04:55.5 (10621768)|HEAP_ALLOCATE|[11]|Bytes:13
13:04:55.5 (10700940)|HEAP_ALLOCATE|[12]|Bytes:6
13:04:55.5 (10705940)|HEAP_ALLOCATE|[12]|Bytes:5
13:04:55.5 (10718700)|HEAP_ALLOCATE|[13]|Bytes:7
13:04:55.5 (10729391)|HEAP_ALLOCATE|[10]|Bytes:4
13:04:55.5 (10754671)|HEAP_ALLOCATE|[14]|Bytes:7
13:04:55.5 (10758892)|HEAP_ALLOCATE|[14]|Bytes:18
13:04:55.5 (10771142)|HEAP_ALLOCATE|[15]|Bytes:9
13:04:55.5 (10775152)|HEAP_ALLOCATE|[15]|Bytes:179
13:04:55.5 (10796053)|HEAP_ALLOCATE|[17]|Bytes:4
13:04:55.5 (10802942)|HEAP_ALLOCATE|[18]|Bytes:11
13:04:55.5 (10830833)|HEAP_ALLOCATE|[19]|Bytes:14
13:04:55.5 (10847814)|HEAP_ALLOCATE|[17]|Bytes:4
13:04:55.5 (10860344)|HEAP_ALLOCATE|[21]|Bytes:9
13:04:55.5 (10873535)|HEAP_ALLOCATE|[22]|Bytes:81
13:04:55.5 (10888975)|VARIABLE_SCOPE_BEGIN|[9]|cohortLeads|List<Map<String,ANY>>|true|false
13:04:55.5 (10943506)|HEAP_ALLOCATE|[EXTERNAL]|Bytes:12
13:04:55.5 (10994557)|VARIABLE_ASSIGNMENT|[9]|cohortLeads|[{"name":"Jennifer Park","status":"Bound","daysAgo":3,"verdict":"Decision Confirmed","reasoning":"Act classified Pursu (159 more) ..."},{"name":"Marcus Reed","status":"Window Timeout","daysAgo":5,"verdict":"No-Signal","reasoning":"Still in nurture win (61 more) ..."}]|0x556253c
13:04:55.5 (11002808)|STATEMENT_EXECUTE|[27]
13:04:55.5 (11013957)|HEAP_ALLOCATE|[27]|Bytes:4
13:04:55.5 (11040908)|HEAP_ALLOCATE|[28]|Bytes:4
13:04:55.5 (11047508)|HEAP_ALLOCATE|[29]|Bytes:5
13:04:55.5 (11051729)|HEAP_ALLOCATE|[29]|Bytes:99
13:04:55.5 (11089199)|HEAP_ALLOCATE|[30]|Bytes:6
13:04:55.5 (11096479)|HEAP_ALLOCATE|[30]|Bytes:46
13:04:55.5 (11115200)|HEAP_ALLOCATE|[31]|Bytes:6
13:04:55.5 (11120880)|HEAP_ALLOCATE|[31]|Bytes:24
13:04:55.5 (11144880)|HEAP_ALLOCATE|[33]|Bytes:4
13:04:55.5 (11151772)|HEAP_ALLOCATE|[34]|Bytes:72
13:04:55.5 (11178142)|HEAP_ALLOCATE|[35]|Bytes:21
13:04:55.5 (11192173)|HEAP_ALLOCATE|[36]|Bytes:24
13:04:55.5 (11208373)|HEAP_ALLOCATE|[38]|Bytes:4
13:04:55.5 (11214053)|HEAP_ALLOCATE|[39]|Bytes:78
13:04:55.5 (11245264)|HEAP_ALLOCATE|[40]|Bytes:55
13:04:55.5 (11262664)|HEAP_ALLOCATE|[41]|Bytes:25
13:04:55.5 (11281124)|VARIABLE_SCOPE_BEGIN|[27]|proposals|List<Map<String,ANY>>|true|false
13:04:55.5 (11308575)|HEAP_ALLOCATE|[EXTERNAL]|Bytes:16
13:04:55.5 (11345016)|VARIABLE_ASSIGNMENT|[27]|proposals|[{"title":"EverQuote source · P (79 more) ...","impact":"312 confirmed verdic (26 more) ...","change":"Tighten Pursue thres (4 more) ..."},{"title":"Household-match sign (52 more) ...","impact":"89 verdicts confirme (1 more) ...","change":"Increase weighting + (4 more) ..."},{"title":"New pattern: VINs >  (58 more) ...","impact":"Convert at 6.8% vs 1 (35 more) ...","change":"Recommend Nurture de (5 more) ..."}]|0x29b1d21a
13:04:55.5 (11355306)|STATEMENT_EXECUTE|[45]
13:04:55.5 (11364077)|HEAP_ALLOCATE|[45]|Bytes:4
13:04:55.5 (11370726)|HEAP_ALLOCATE|[46]|Bytes:10
13:04:55.5 (11374697)|HEAP_ALLOCATE|[46]|Bytes:10
13:04:55.5 (11410087)|HEAP_ALLOCATE|[47]|Bytes:8
13:04:55.5 (11416487)|HEAP_ALLOCATE|[47]|Bytes:10
13:04:55.5 (11432318)|HEAP_ALLOCATE|[48]|Bytes:12
13:04:55.5 (11443469)|HEAP_ALLOCATE|[45]|Bytes:4
13:04:55.5 (11458819)|HEAP_ALLOCATE|[49]|Bytes:9
13:04:55.5 (11472488)|HEAP_ALLOCATE|[50]|Bytes:12
13:04:55.5 (11476459)|HEAP_ALLOCATE|[50]|Bytes:4
13:04:55.5 (11487110)|HEAP_ALLOCATE|[51]|Bytes:12
13:04:55.5 (11491249)|HEAP_ALLOCATE|[51]|Bytes:4
13:04:55.5 (11502030)|HEAP_ALLOCATE|[52]|Bytes:13
13:04:55.5 (11505649)|HEAP_ALLOCATE|[52]|Bytes:68
13:04:55.5 (11517000)|VARIABLE_SCOPE_BEGIN|[45]|tuneProposal|Map<String,ANY>|true|false
13:04:55.5 (11553261)|VARIABLE_ASSIGNMENT|[45]|tuneProposal|"Map of size 7 too large to display"|0x2d7deec0
13:04:55.5 (11562890)|STATEMENT_EXECUTE|[55]
13:04:55.5 (11568102)|HEAP_ALLOCATE|[55]|Bytes:11
13:04:55.5 (11600542)|HEAP_ALLOCATE|[EXTERNAL]|Bytes:-4
13:04:55.5 (11609411)|STATEMENT_EXECUTE|[56]
13:04:55.5 (11614332)|HEAP_ALLOCATE|[56]|Bytes:12
13:04:55.5 (11634532)|HEAP_ALLOCATE|[EXTERNAL]|Bytes:-4
13:04:55.5 (11643343)|STATEMENT_EXECUTE|[57]
13:04:55.5 (11648983)|HEAP_ALLOCATE|[57]|Bytes:7
13:04:55.5 (11683224)|HEAP_ALLOCATE|[57]|Bytes:5
13:04:55.5 (11690764)|HEAP_ALLOCATE|[EXTERNAL]|Bytes:-4
13:04:55.5 (11700895)|STATEMENT_EXECUTE|[59]
13:04:55.11 (11790237)|CUMULATIVE_LIMIT_USAGE
13:04:55.11 (11790237)|LIMIT_USAGE_FOR_NS|(default)|
  Number of SOQL queries: 0 out of 100
  Number of query rows: 0 out of 50000
  Number of SOSL queries: 0 out of 20
  Number of DML statements: 0 out of 150
  Number of Publish Immediate DML: 0 out of 150
  Number of DML rows: 0 out of 10000
  Maximum CPU time: 0 out of 10000
  Maximum heap size: 0 out of 6000000
  Number of callouts: 0 out of 100
  Number of Email Invocations: 0 out of 10
  Number of future calls: 0 out of 50
  Number of queueable jobs added to the queue: 0 out of 50
  Number of Mobile Apex push calls: 0 out of 10

13:04:55.11 (11790237)|CUMULATIVE_LIMIT_USAGE_END

13:04:55.5 (11848818)|CODE_UNIT_FINISHED|ObserveTuneController.getTuneData()
13:04:55.5 (12071394)|CODE_UNIT_FINISHED|apex://ObserveTuneController/ACTION$getTuneData
13:04:55.5 (12084204)|EXECUTION_FINISHED
