66.0 APEX_CODE,FINEST;APEX_PROFILING,INFO;CALLOUT,INFO;DATA_ACCESS,INFO;DB,INFO;NBA,INFO;SYSTEM,DEBUG;VALIDATION,INFO;VISUALFORCE,INFO;WAVE,INFO;WORKFLOW,INFO
12:55:28.6 (6261667)|USER_INFO|[EXTERNAL]|005dM00000bGQNp|pmandy.f7098e8d67c2@agentforce.com|(GMT-07:00) Pacific Daylight Time (America/Los_Angeles)|GMT-07:00
12:55:28.6 (6341869)|EXECUTION_STARTED
12:55:28.6 (6371860)|CODE_UNIT_STARTED|[EXTERNAL]|apex://ObserveTuneController/ACTION$getTuneData
12:55:28.6 (8117452)|CODE_UNIT_STARTED|[EXTERNAL]|01pdM00000WohAb|ObserveTuneController.getTuneData()
12:55:28.6 (9846533)|HEAP_ALLOCATE|[95]|Bytes:3
12:55:28.6 (10031076)|HEAP_ALLOCATE|[100]|Bytes:152
12:55:28.6 (10053467)|HEAP_ALLOCATE|[417]|Bytes:408
12:55:28.6 (10071258)|HEAP_ALLOCATE|[430]|Bytes:408
12:55:28.6 (10102299)|HEAP_ALLOCATE|[317]|Bytes:6
12:55:28.6 (10177021)|HEAP_ALLOCATE|[EXTERNAL]|Bytes:8
12:55:28.6 (10186811)|HEAP_ALLOCATE|[EXTERNAL]|Bytes:22
12:55:28.6 (10213071)|METHOD_ENTRY|[1]|01pdM00000WohAb|ObserveTuneController.ObserveTuneController()
12:55:28.6 (10233492)|STATEMENT_EXECUTE|[1]
12:55:28.6 (10244652)|STATEMENT_EXECUTE|[1]
12:55:28.6 (10265703)|HEAP_ALLOCATE|[68]|Bytes:5
12:55:28.6 (10308883)|HEAP_ALLOCATE|[74]|Bytes:5
12:55:28.6 (10319353)|HEAP_ALLOCATE|[82]|Bytes:7
12:55:28.6 (10743984)|HEAP_ALLOCATE|[EXTERNAL]|Bytes:5
12:55:28.6 (10809506)|METHOD_EXIT|[1]|ObserveTuneController
12:55:28.6 (10860667)|HEAP_ALLOCATE|[5]|Bytes:5
12:55:28.6 (10867206)|STATEMENT_EXECUTE|[4]
12:55:28.6 (10869846)|STATEMENT_EXECUTE|[5]
12:55:28.6 (10871827)|STATEMENT_EXECUTE|[5]
12:55:28.6 (10873917)|STATEMENT_EXECUTE|[6]
12:55:28.6 (10892318)|HEAP_ALLOCATE|[6]|Bytes:4
12:55:28.6 (10917687)|VARIABLE_SCOPE_BEGIN|[6]|data|Map<String,ANY>|true|false
12:55:28.6 (11015490)|VARIABLE_ASSIGNMENT|[6]|data|{}|0x79c641b9
12:55:28.6 (11025730)|STATEMENT_EXECUTE|[9]
12:55:28.6 (11061381)|HEAP_ALLOCATE|[9]|Bytes:4
12:55:28.6 (11153263)|HEAP_ALLOCATE|[10]|Bytes:4
12:55:28.6 (11162234)|HEAP_ALLOCATE|[11]|Bytes:4
12:55:28.6 (11167743)|HEAP_ALLOCATE|[11]|Bytes:13
12:55:28.6 (11262855)|HEAP_ALLOCATE|[12]|Bytes:6
12:55:28.6 (11268575)|HEAP_ALLOCATE|[12]|Bytes:5
12:55:28.6 (11279847)|HEAP_ALLOCATE|[13]|Bytes:7
12:55:28.6 (11289866)|HEAP_ALLOCATE|[10]|Bytes:4
12:55:28.6 (11329848)|HEAP_ALLOCATE|[14]|Bytes:7
12:55:28.6 (11334817)|HEAP_ALLOCATE|[14]|Bytes:18
12:55:28.6 (11345147)|HEAP_ALLOCATE|[15]|Bytes:9
12:55:28.6 (11350467)|HEAP_ALLOCATE|[15]|Bytes:179
12:55:28.6 (11371599)|HEAP_ALLOCATE|[17]|Bytes:4
12:55:28.6 (11377538)|HEAP_ALLOCATE|[18]|Bytes:11
12:55:28.6 (11402970)|HEAP_ALLOCATE|[19]|Bytes:14
12:55:28.6 (11418789)|HEAP_ALLOCATE|[17]|Bytes:4
12:55:28.6 (11429139)|HEAP_ALLOCATE|[21]|Bytes:9
12:55:28.6 (11440780)|HEAP_ALLOCATE|[22]|Bytes:81
12:55:28.6 (11455020)|VARIABLE_SCOPE_BEGIN|[9]|cohortLeads|List<Map<String,ANY>>|true|false
12:55:28.6 (11499692)|HEAP_ALLOCATE|[EXTERNAL]|Bytes:12
12:55:28.6 (11545712)|VARIABLE_ASSIGNMENT|[9]|cohortLeads|[{"name":"Jennifer Park","status":"Bound","daysAgo":3,"verdict":"Decision Confirmed","reasoning":"Act classified Pursu (159 more) ..."},{"name":"Marcus Reed","status":"Window Timeout","daysAgo":5,"verdict":"No-Signal","reasoning":"Still in nurture win (61 more) ..."}]|0x47788f38
12:55:28.6 (11553192)|STATEMENT_EXECUTE|[27]
12:55:28.6 (11582644)|HEAP_ALLOCATE|[27]|Bytes:4
12:55:28.6 (11608393)|HEAP_ALLOCATE|[28]|Bytes:4
12:55:28.6 (11615504)|HEAP_ALLOCATE|[29]|Bytes:5
12:55:28.6 (11619754)|HEAP_ALLOCATE|[29]|Bytes:99
12:55:28.6 (11646735)|HEAP_ALLOCATE|[30]|Bytes:6
12:55:28.6 (11652585)|HEAP_ALLOCATE|[30]|Bytes:46
12:55:28.6 (11662985)|HEAP_ALLOCATE|[31]|Bytes:6
12:55:28.6 (11667395)|HEAP_ALLOCATE|[31]|Bytes:24
12:55:28.6 (11682246)|HEAP_ALLOCATE|[33]|Bytes:4
12:55:28.6 (11687846)|HEAP_ALLOCATE|[34]|Bytes:72
12:55:28.6 (11709556)|HEAP_ALLOCATE|[35]|Bytes:21
12:55:28.6 (11721836)|HEAP_ALLOCATE|[36]|Bytes:24
12:55:28.6 (11735537)|HEAP_ALLOCATE|[38]|Bytes:4
12:55:28.6 (11742138)|HEAP_ALLOCATE|[39]|Bytes:78
12:55:28.6 (11791699)|HEAP_ALLOCATE|[40]|Bytes:55
12:55:28.6 (11805019)|HEAP_ALLOCATE|[41]|Bytes:25
12:55:28.6 (11818278)|VARIABLE_SCOPE_BEGIN|[27]|proposals|List<Map<String,ANY>>|true|false
12:55:28.6 (11839909)|HEAP_ALLOCATE|[EXTERNAL]|Bytes:16
12:55:28.6 (11863051)|VARIABLE_ASSIGNMENT|[27]|proposals|[{"title":"EverQuote source · P (79 more) ...","impact":"312 confirmed verdic (26 more) ...","change":"Tighten Pursue thres (4 more) ..."},{"title":"Household-match sign (52 more) ...","impact":"89 verdicts confirme (1 more) ...","change":"Increase weighting + (4 more) ..."},{"title":"New pattern: VINs >  (58 more) ...","impact":"Convert at 6.8% vs 1 (35 more) ...","change":"Recommend Nurture de (5 more) ..."}]|0x75ac8ae2
12:55:28.6 (11871781)|STATEMENT_EXECUTE|[45]
12:55:28.6 (11877750)|HEAP_ALLOCATE|[45]|Bytes:4
12:55:28.6 (11884091)|HEAP_ALLOCATE|[46]|Bytes:10
12:55:28.6 (11889051)|HEAP_ALLOCATE|[46]|Bytes:10
12:55:28.6 (11914231)|HEAP_ALLOCATE|[47]|Bytes:8
12:55:28.6 (11919572)|HEAP_ALLOCATE|[47]|Bytes:10
12:55:28.6 (11929942)|HEAP_ALLOCATE|[48]|Bytes:12
12:55:28.6 (11937601)|HEAP_ALLOCATE|[45]|Bytes:4
12:55:28.6 (11949493)|HEAP_ALLOCATE|[49]|Bytes:9
12:55:28.6 (11960882)|HEAP_ALLOCATE|[50]|Bytes:12
12:55:28.6 (11964832)|HEAP_ALLOCATE|[50]|Bytes:4
12:55:28.6 (11974552)|HEAP_ALLOCATE|[51]|Bytes:12
12:55:28.6 (11978282)|HEAP_ALLOCATE|[51]|Bytes:4
12:55:28.6 (11988472)|HEAP_ALLOCATE|[52]|Bytes:13
12:55:28.6 (11993153)|HEAP_ALLOCATE|[52]|Bytes:68
12:55:28.6 (12003224)|VARIABLE_SCOPE_BEGIN|[45]|tuneProposal|Map<String,ANY>|true|false
12:55:28.6 (12016384)|VARIABLE_ASSIGNMENT|[45]|tuneProposal|"Map of size 7 too large to display"|0x5dcef101
12:55:28.6 (12021083)|STATEMENT_EXECUTE|[55]
12:55:28.6 (12023913)|HEAP_ALLOCATE|[55]|Bytes:11
12:55:28.6 (12055724)|HEAP_ALLOCATE|[EXTERNAL]|Bytes:-4
12:55:28.6 (12064415)|STATEMENT_EXECUTE|[56]
12:55:28.6 (12067785)|HEAP_ALLOCATE|[56]|Bytes:12
12:55:28.6 (12085936)|HEAP_ALLOCATE|[EXTERNAL]|Bytes:-4
12:55:28.6 (12093635)|STATEMENT_EXECUTE|[57]
12:55:28.6 (12096896)|HEAP_ALLOCATE|[57]|Bytes:7
12:55:28.6 (12122097)|HEAP_ALLOCATE|[57]|Bytes:5
12:55:28.6 (12128337)|HEAP_ALLOCATE|[EXTERNAL]|Bytes:-4
12:55:28.6 (12134966)|STATEMENT_EXECUTE|[59]
12:55:28.12 (12215699)|CUMULATIVE_LIMIT_USAGE
12:55:28.12 (12215699)|LIMIT_USAGE_FOR_NS|(default)|
  Number of SOQL queries: 0 out of 100
  Number of query rows: 0 out of 50000
  Number of SOSL queries: 0 out of 20
  Number of DML statements: 0 out of 150
  Number of Publish Immediate DML: 0 out of 150
  Number of DML rows: 0 out of 10000
  Maximum CPU time: 0 out of 10000
  Maximum heap size: 0 out of 6000000
  Number of callouts: 0 out of 100
  Number of Email Invocations: 0 out of 10
  Number of future calls: 0 out of 50
  Number of queueable jobs added to the queue: 0 out of 50
  Number of Mobile Apex push calls: 0 out of 10

12:55:28.12 (12215699)|CUMULATIVE_LIMIT_USAGE_END

12:55:28.6 (12281750)|CODE_UNIT_FINISHED|ObserveTuneController.getTuneData()
12:55:28.6 (12542846)|CODE_UNIT_FINISHED|apex://ObserveTuneController/ACTION$getTuneData
12:55:28.6 (12557016)|EXECUTION_FINISHED
