66.0 APEX_CODE,FINEST;APEX_PROFILING,INFO;CALLOUT,INFO;DATA_ACCESS,INFO;DB,INFO;NBA,INFO;SYSTEM,DEBUG;VALIDATION,INFO;VISUALFORCE,INFO;WAVE,INFO;WORKFLOW,INFO
10:12:26.1 (1037175)|USER_INFO|[EXTERNAL]|005dM00000bGQNp|pmandy.f7098e8d67c2@agentforce.com|(GMT-07:00) Pacific Daylight Time (America/Los_Angeles)|GMT-07:00
10:12:26.1 (1072507)|EXECUTION_STARTED
10:12:26.1 (1083197)|CODE_UNIT_STARTED|[EXTERNAL]|DuplicateDetector
10:12:26.1 (1096736)|DUPLICATE_DETECTION_BEGIN
10:12:26.1 (2211725)|DUPLICATE_DETECTION_RULE_INVOCATION|DuplicateRuleId:0BmdM00000M6U1z|DuplicateRuleName:Standard Lead Duplicate Rule|DmlType:UPDATE
10:12:26.1 (2283386)|DUPLICATE_DETECTION_END
10:12:26.1 (2289376)|CODE_UNIT_FINISHED|DuplicateDetector
10:12:26.1 (2296447)|EXECUTION_FINISHED
10:12:26.44 (44769728)|USER_INFO|[EXTERNAL]|005dM00000bGQNp|pmandy.f7098e8d67c2@agentforce.com|(GMT-07:00) Pacific Daylight Time (America/Los_Angeles)|GMT-07:00
10:12:26.44 (44785618)|EXECUTION_STARTED
10:12:26.44 (44795069)|CODE_UNIT_STARTED|[EXTERNAL]|Workflow:Lead
10:12:26.44 (53634679)|WF_RULE_EVAL_BEGIN|Assignment
10:12:26.44 (53653391)|WF_SPOOL_ACTION_BEGIN|Assignment
10:12:26.44 (53663930)|WF_ACTION|.
10:12:26.44 (53666941)|WF_RULE_EVAL_END
10:12:26.44 (53736483)|WF_ACTIONS_END| None
10:12:26.44 (53744012)|CODE_UNIT_FINISHED|Workflow:Lead
10:12:26.44 (53751343)|EXECUTION_FINISHED
10:12:26.74 (74492401)|USER_INFO|[EXTERNAL]|005dM00000bGQNp|pmandy.f7098e8d67c2@agentforce.com|(GMT-07:00) Pacific Daylight Time (America/Los_Angeles)|GMT-07:00
10:12:26.74 (74510851)|EXECUTION_STARTED
10:12:26.74 (74520652)|CODE_UNIT_STARTED|[EXTERNAL]|DuplicateDetector
10:12:26.74 (74532042)|DUPLICATE_DETECTION_BEGIN
10:12:26.74 (74579434)|DUPLICATE_DETECTION_RULE_INVOCATION|DuplicateRuleId:0BmdM00000M6U1z|DuplicateRuleName:Standard Lead Duplicate Rule|DmlType:UPDATE
10:12:26.74 (94876121)|DUPLICATE_DETECTION_END
10:12:26.74 (94888601)|CODE_UNIT_FINISHED|DuplicateDetector
10:12:26.74 (94901721)|EXECUTION_FINISHED
