66.0 APEX_CODE,FINEST;APEX_PROFILING,INFO;CALLOUT,INFO;DATA_ACCESS,INFO;DB,INFO;NBA,INFO;SYSTEM,DEBUG;VALIDATION,INFO;VISUALFORCE,INFO;WAVE,INFO;WORKFLOW,INFO
12:45:01.4 (4486054)|USER_INFO|[EXTERNAL]|005dM00000bGQNp|pmandy.f7098e8d67c2@agentforce.com|(GMT-07:00) Pacific Daylight Time (America/Los_Angeles)|GMT-07:00
12:45:01.4 (4586717)|EXECUTION_STARTED
12:45:01.4 (4613858)|CODE_UNIT_STARTED|[EXTERNAL]|apex://ObserveTuneController/ACTION$getTuneData
12:45:01.4 (6172655)|CODE_UNIT_STARTED|[EXTERNAL]|01pdM00000WohAb|ObserveTuneController.getTuneData()
12:45:01.4 (8319749)|HEAP_ALLOCATE|[95]|Bytes:3
12:45:01.4 (8473344)|HEAP_ALLOCATE|[100]|Bytes:152
12:45:01.4 (8500775)|HEAP_ALLOCATE|[417]|Bytes:408
12:45:01.4 (8519015)|HEAP_ALLOCATE|[430]|Bytes:408
12:45:01.4 (8548326)|HEAP_ALLOCATE|[317]|Bytes:6
12:45:01.4 (8565667)|HEAP_ALLOCATE|[EXTERNAL]|Bytes:8
12:45:01.4 (8570987)|HEAP_ALLOCATE|[EXTERNAL]|Bytes:22
12:45:01.4 (8604318)|METHOD_ENTRY|[1]|01pdM00000WohAb|ObserveTuneController.ObserveTuneController()
12:45:01.4 (8621438)|STATEMENT_EXECUTE|[1]
12:45:01.4 (8634279)|STATEMENT_EXECUTE|[1]
12:45:01.4 (8654849)|HEAP_ALLOCATE|[68]|Bytes:5
12:45:01.4 (8702531)|HEAP_ALLOCATE|[74]|Bytes:5
12:45:01.4 (8715731)|HEAP_ALLOCATE|[82]|Bytes:7
12:45:01.4 (9232217)|HEAP_ALLOCATE|[EXTERNAL]|Bytes:5
12:45:01.4 (9265168)|METHOD_EXIT|[1]|ObserveTuneController
12:45:01.4 (9286178)|HEAP_ALLOCATE|[5]|Bytes:5
12:45:01.4 (9296488)|STATEMENT_EXECUTE|[4]
12:45:01.4 (9299519)|STATEMENT_EXECUTE|[5]
12:45:01.4 (9301929)|STATEMENT_EXECUTE|[5]
12:45:01.4 (9304769)|STATEMENT_EXECUTE|[6]
12:45:01.4 (9326289)|HEAP_ALLOCATE|[6]|Bytes:4
12:45:01.4 (9402732)|VARIABLE_SCOPE_BEGIN|[6]|data|Map<String,ANY>|true|false
12:45:01.4 (9535406)|VARIABLE_ASSIGNMENT|[6]|data|{}|0x755fcd70
12:45:01.4 (9543086)|STATEMENT_EXECUTE|[9]
12:45:01.4 (9592657)|HEAP_ALLOCATE|[9]|Bytes:4
12:45:01.4 (9723561)|HEAP_ALLOCATE|[10]|Bytes:4
12:45:01.4 (9733402)|HEAP_ALLOCATE|[11]|Bytes:4
12:45:01.4 (9739182)|HEAP_ALLOCATE|[11]|Bytes:13
12:45:01.4 (9815764)|HEAP_ALLOCATE|[12]|Bytes:6
12:45:01.4 (9823064)|HEAP_ALLOCATE|[12]|Bytes:5
12:45:01.4 (9837035)|HEAP_ALLOCATE|[13]|Bytes:7
12:45:01.4 (9849445)|HEAP_ALLOCATE|[10]|Bytes:4
12:45:01.4 (9873606)|HEAP_ALLOCATE|[14]|Bytes:7
12:45:01.4 (9879636)|HEAP_ALLOCATE|[14]|Bytes:18
12:45:01.4 (9891306)|HEAP_ALLOCATE|[15]|Bytes:9
12:45:01.4 (9896256)|HEAP_ALLOCATE|[15]|Bytes:179
12:45:01.4 (9919917)|HEAP_ALLOCATE|[17]|Bytes:4
12:45:01.4 (9927777)|HEAP_ALLOCATE|[18]|Bytes:11
12:45:01.4 (9954768)|HEAP_ALLOCATE|[19]|Bytes:14
12:45:01.4 (9973599)|HEAP_ALLOCATE|[17]|Bytes:4
12:45:01.4 (9986739)|HEAP_ALLOCATE|[21]|Bytes:9
12:45:01.4 (10000930)|HEAP_ALLOCATE|[22]|Bytes:81
12:45:01.4 (10037681)|VARIABLE_SCOPE_BEGIN|[9]|cohortLeads|List<Map<String,ANY>>|true|false
12:45:01.4 (10085662)|HEAP_ALLOCATE|[EXTERNAL]|Bytes:12
12:45:01.4 (10146084)|VARIABLE_ASSIGNMENT|[9]|cohortLeads|[{"name":"Jennifer Park","status":"Bound","daysAgo":3,"verdict":"Decision Confirmed","reasoning":"Act classified Pursu (159 more) ..."},{"name":"Marcus Reed","status":"Window Timeout","daysAgo":5,"verdict":"No-Signal","reasoning":"Still in nurture win (61 more) ..."}]|0x9160aa9
12:45:01.4 (10156324)|STATEMENT_EXECUTE|[27]
12:45:01.4 (10166555)|HEAP_ALLOCATE|[27]|Bytes:4
12:45:01.4 (10194345)|HEAP_ALLOCATE|[28]|Bytes:4
12:45:01.4 (10202356)|HEAP_ALLOCATE|[29]|Bytes:5
12:45:01.4 (10207676)|HEAP_ALLOCATE|[29]|Bytes:99
12:45:01.4 (10237277)|HEAP_ALLOCATE|[30]|Bytes:6
12:45:01.4 (10243707)|HEAP_ALLOCATE|[30]|Bytes:46
12:45:01.4 (10257137)|HEAP_ALLOCATE|[31]|Bytes:6
12:45:01.4 (10262097)|HEAP_ALLOCATE|[31]|Bytes:24
12:45:01.4 (10280618)|HEAP_ALLOCATE|[33]|Bytes:4
12:45:01.4 (10288208)|HEAP_ALLOCATE|[34]|Bytes:72
12:45:01.4 (10311979)|HEAP_ALLOCATE|[35]|Bytes:21
12:45:01.4 (10325219)|HEAP_ALLOCATE|[36]|Bytes:24
12:45:01.4 (10342580)|HEAP_ALLOCATE|[38]|Bytes:4
12:45:01.4 (10349300)|HEAP_ALLOCATE|[39]|Bytes:78
12:45:01.4 (10376481)|HEAP_ALLOCATE|[40]|Bytes:55
12:45:01.4 (10390801)|HEAP_ALLOCATE|[41]|Bytes:25
12:45:01.4 (10413632)|VARIABLE_SCOPE_BEGIN|[27]|proposals|List<Map<String,ANY>>|true|false
12:45:01.4 (10453513)|HEAP_ALLOCATE|[EXTERNAL]|Bytes:16
12:45:01.4 (10482844)|VARIABLE_ASSIGNMENT|[27]|proposals|[{"title":"EverQuote source · P (79 more) ...","impact":"312 confirmed verdic (26 more) ...","change":"Tighten Pursue thres (4 more) ..."},{"title":"Household-match sign (52 more) ...","impact":"89 verdicts confirme (1 more) ...","change":"Increase weighting + (4 more) ..."},{"title":"New pattern: VINs >  (58 more) ...","impact":"Convert at 6.8% vs 1 (35 more) ...","change":"Recommend Nurture de (5 more) ..."}]|0x475e4c1b
12:45:01.4 (10514525)|STATEMENT_EXECUTE|[45]
12:45:01.4 (10521735)|HEAP_ALLOCATE|[45]|Bytes:4
12:45:01.4 (10531625)|HEAP_ALLOCATE|[46]|Bytes:10
12:45:01.4 (10536816)|HEAP_ALLOCATE|[46]|Bytes:10
12:45:01.4 (10571657)|HEAP_ALLOCATE|[47]|Bytes:8
12:45:01.4 (10585287)|HEAP_ALLOCATE|[47]|Bytes:10
12:45:01.4 (10603298)|HEAP_ALLOCATE|[48]|Bytes:12
12:45:01.4 (10618588)|HEAP_ALLOCATE|[45]|Bytes:4
12:45:01.4 (10636159)|HEAP_ALLOCATE|[49]|Bytes:9
12:45:01.4 (10649629)|HEAP_ALLOCATE|[50]|Bytes:12
12:45:01.4 (10654909)|HEAP_ALLOCATE|[50]|Bytes:4
12:45:01.4 (10667520)|HEAP_ALLOCATE|[51]|Bytes:12
12:45:01.4 (10673570)|HEAP_ALLOCATE|[51]|Bytes:4
12:45:01.4 (10685530)|HEAP_ALLOCATE|[52]|Bytes:13
12:45:01.4 (10691420)|HEAP_ALLOCATE|[52]|Bytes:68
12:45:01.4 (10709511)|VARIABLE_SCOPE_BEGIN|[45]|tuneProposal|Map<String,ANY>|true|false
12:45:01.4 (10806424)|VARIABLE_ASSIGNMENT|[45]|tuneProposal|"Map of size 7 too large to display"|0x62b8da30
12:45:01.4 (10816244)|STATEMENT_EXECUTE|[55]
12:45:01.4 (10820514)|HEAP_ALLOCATE|[55]|Bytes:11
12:45:01.4 (10868656)|HEAP_ALLOCATE|[EXTERNAL]|Bytes:-4
12:45:01.4 (10879186)|STATEMENT_EXECUTE|[56]
12:45:01.4 (10883466)|HEAP_ALLOCATE|[56]|Bytes:12
12:45:01.4 (10907517)|HEAP_ALLOCATE|[EXTERNAL]|Bytes:-4
12:45:01.4 (10916687)|STATEMENT_EXECUTE|[57]
12:45:01.4 (10920827)|HEAP_ALLOCATE|[57]|Bytes:7
12:45:01.4 (10948618)|HEAP_ALLOCATE|[57]|Bytes:5
12:45:01.4 (10954958)|HEAP_ALLOCATE|[EXTERNAL]|Bytes:-4
12:45:01.4 (10963248)|STATEMENT_EXECUTE|[59]
12:45:01.11 (11040081)|CUMULATIVE_LIMIT_USAGE
12:45:01.11 (11040081)|LIMIT_USAGE_FOR_NS|(default)|
  Number of SOQL queries: 0 out of 100
  Number of query rows: 0 out of 50000
  Number of SOSL queries: 0 out of 20
  Number of DML statements: 0 out of 150
  Number of Publish Immediate DML: 0 out of 150
  Number of DML rows: 0 out of 10000
  Maximum CPU time: 0 out of 10000
  Maximum heap size: 0 out of 6000000
  Number of callouts: 0 out of 100
  Number of Email Invocations: 0 out of 10
  Number of future calls: 0 out of 50
  Number of queueable jobs added to the queue: 0 out of 50
  Number of Mobile Apex push calls: 0 out of 10

12:45:01.11 (11040081)|CUMULATIVE_LIMIT_USAGE_END

12:45:01.4 (11115923)|CODE_UNIT_FINISHED|ObserveTuneController.getTuneData()
12:45:01.4 (11379911)|CODE_UNIT_FINISHED|apex://ObserveTuneController/ACTION$getTuneData
12:45:01.4 (11391281)|EXECUTION_FINISHED
