66.0 APEX_CODE,FINEST;APEX_PROFILING,INFO;CALLOUT,INFO;DATA_ACCESS,INFO;DB,INFO;NBA,INFO;SYSTEM,DEBUG;VALIDATION,INFO;VISUALFORCE,INFO;WAVE,INFO;WORKFLOW,INFO
12:43:10.1 (1494593)|USER_INFO|[EXTERNAL]|005dM00000bGQNp|pmandy.f7098e8d67c2@agentforce.com|(GMT-07:00) Pacific Daylight Time (America/Los_Angeles)|GMT-07:00
12:43:10.1 (1554556)|EXECUTION_STARTED
12:43:10.1 (1578858)|CODE_UNIT_STARTED|[EXTERNAL]|apex://ObserveTuneController/ACTION$approveTuneAndPromote
12:43:10.1 (3043278)|CODE_UNIT_STARTED|[EXTERNAL]|01pdM00000WohAb|ObserveTuneController.approveTuneAndPromote()
12:43:10.1 (3393660)|HEAP_ALLOCATE|[95]|Bytes:3
12:43:10.1 (3505037)|HEAP_ALLOCATE|[100]|Bytes:152
12:43:10.1 (3522099)|HEAP_ALLOCATE|[417]|Bytes:408
12:43:10.1 (3536580)|HEAP_ALLOCATE|[430]|Bytes:408
12:43:10.1 (3564541)|HEAP_ALLOCATE|[317]|Bytes:6
12:43:10.1 (3620265)|HEAP_ALLOCATE|[EXTERNAL]|Bytes:8
12:43:10.1 (3626084)|HEAP_ALLOCATE|[EXTERNAL]|Bytes:22
12:43:10.1 (3654467)|METHOD_ENTRY|[1]|01pdM00000WohAb|ObserveTuneController.ObserveTuneController()
12:43:10.1 (3673868)|STATEMENT_EXECUTE|[1]
12:43:10.1 (3684858)|STATEMENT_EXECUTE|[1]
12:43:10.1 (3705579)|HEAP_ALLOCATE|[68]|Bytes:5
12:43:10.1 (3745541)|HEAP_ALLOCATE|[74]|Bytes:5
12:43:10.1 (3755323)|HEAP_ALLOCATE|[82]|Bytes:7
12:43:10.1 (4073932)|HEAP_ALLOCATE|[EXTERNAL]|Bytes:5
12:43:10.1 (4101264)|METHOD_EXIT|[1]|ObserveTuneController
12:43:10.1 (4116085)|HEAP_ALLOCATE|[67]|Bytes:5
12:43:10.1 (4121465)|STATEMENT_EXECUTE|[66]
12:43:10.1 (4124226)|STATEMENT_EXECUTE|[67]
12:43:10.1 (4126196)|STATEMENT_EXECUTE|[67]
12:43:10.1 (4128556)|STATEMENT_EXECUTE|[68]
12:43:10.1 (4131706)|HEAP_ALLOCATE|[68]|Bytes:41
12:43:10.1 (4235202)|USER_DEBUG|[68]|DEBUG|===== APPROVE TUNE & PROMOTE v2.8.0 =====
12:43:10.1 (4254033)|STATEMENT_EXECUTE|[71]
12:43:10.1 (4306627)|VARIABLE_SCOPE_BEGIN|[71]|req|System.HttpRequest|true|false
12:43:10.1 (4534301)|VARIABLE_ASSIGNMENT|[71]|req|"System.HttpRequest[Endpoint=null, Method=null]"|0x55566f01
12:43:10.1 (4541761)|STATEMENT_EXECUTE|[72]
12:43:10.1 (4545681)|HEAP_ALLOCATE|[72]|Bytes:42
12:43:10.1 (4621766)|STATEMENT_EXECUTE|[73]
12:43:10.1 (4624866)|HEAP_ALLOCATE|[73]|Bytes:4
12:43:10.1 (4652058)|STATEMENT_EXECUTE|[74]
12:43:10.1 (4654888)|HEAP_ALLOCATE|[74]|Bytes:12
12:43:10.1 (4659878)|HEAP_ALLOCATE|[74]|Bytes:16
12:43:10.1 (4689700)|STATEMENT_EXECUTE|[75]
12:43:10.1 (4709101)|HEAP_ALLOCATE|[75]|Bytes:4
12:43:10.1 (4725173)|HEAP_ALLOCATE|[76]|Bytes:12
12:43:10.1 (4729743)|HEAP_ALLOCATE|[76]|Bytes:6
12:43:10.1 (4790916)|HEAP_ALLOCATE|[77]|Bytes:6
12:43:10.1 (4796007)|HEAP_ALLOCATE|[77]|Bytes:45
12:43:10.1 (4835079)|HEAP_ALLOCATE|[75]|Bytes:24
12:43:10.1 (4844821)|SYSTEM_METHOD_ENTRY|[1]|JSON.JSON()
12:43:10.1 (4848400)|STATEMENT_EXECUTE|[1]
12:43:10.1 (4859450)|SYSTEM_METHOD_EXIT|[1]|JSON
12:43:10.1 (4877743)|METHOD_ENTRY|[75]||System.JSON.serialize(Object)
12:43:10.1 (6966711)|METHOD_EXIT|[75]||System.JSON.serialize(Object)
12:43:10.1 (7031605)|STATEMENT_EXECUTE|[80]
12:43:10.1 (7051136)|VARIABLE_SCOPE_BEGIN|[80]|http|System.Http|true|false
12:43:10.1 (7123421)|VARIABLE_ASSIGNMENT|[80]|http|"System.Http[]"|0x4b3bb40a
12:43:10.1 (7129361)|STATEMENT_EXECUTE|[81]
12:43:10.1 (7278630)|CALLOUT_REQUEST|[81]|System.HttpRequest[Endpoint=http://146.190.153.46:9000/update-champion, Method=POST]
12:43:10.1 (561018715)|HEAP_ALLOCATE|[EXTERNAL]|Bytes:292
12:43:10.1 (563960007)|CALLOUT_RESPONSE|[81]|System.HttpResponse[Status=OK, StatusCode=200]
12:43:10.1 (563997459)|HEAP_ALLOCATE|[81]|Bytes:61
12:43:10.1 (564029551)|VARIABLE_SCOPE_BEGIN|[81]|res|System.HttpResponse|true|false
12:43:10.1 (564107736)|VARIABLE_ASSIGNMENT|[81]|res|"System.HttpResponse[Status=OK, StatusCode=200]"|0x36196ca5
12:43:10.1 (564114777)|STATEMENT_EXECUTE|[83]
12:43:10.1 (564119787)|HEAP_ALLOCATE|[83]|Bytes:23
12:43:10.1 (564239604)|HEAP_ALLOCATE|[83]|Bytes:3
12:43:10.1 (564261066)|HEAP_ALLOCATE|[83]|Bytes:26
12:43:10.1 (564284197)|USER_DEBUG|[83]|DEBUG|LUMEN Response Status: 200
12:43:10.1 (564293557)|STATEMENT_EXECUTE|[84]
12:43:10.1 (564296888)|HEAP_ALLOCATE|[84]|Bytes:21
12:43:10.1 (564336221)|HEAP_ALLOCATE|[84]|Bytes:55
12:43:10.1 (564345531)|HEAP_ALLOCATE|[84]|Bytes:76
12:43:10.1 (564356702)|USER_DEBUG|[84]|DEBUG|LUMEN Response Body: {"success":false,"error":"champion_model not provided"}
12:43:10.1 (564384164)|STATEMENT_EXECUTE|[86]
12:43:10.1 (564386474)|STATEMENT_EXECUTE|[87]
12:43:10.1 (564389074)|HEAP_ALLOCATE|[87]|Bytes:39
12:43:10.1 (564412766)|USER_DEBUG|[87]|DEBUG|===== v2.8.0 PROMOTED TO CHAMPION =====
12:43:10.1 (564421366)|STATEMENT_EXECUTE|[90]
12:43:10.1 (581714987)|HEAP_ALLOCATE|[90]|Bytes:44
12:43:10.1 (581753519)|VARIABLE_SCOPE_BEGIN|[90]|config|Loom_Config__c|true|false
12:43:10.1 (582004995)|VARIABLE_ASSIGNMENT|[90]|config|{"LastModifiedDate":"2026-05-26T19:39:02.000Z","IsDeleted":false,"CreatedById":"005dM00000bGQNpQAO","CreatedDate":"2026-05-26T14:15:32.000Z","Id":"a0OdM00000QHtsLUAT","LastModifiedById":"005dM00000bGQNpQAO","SetupOwnerId":"00DdM00000wFcrbUAC","Champion_Model_Version__c":"v2.8.0","Name":"a0OdM00000QHtsL","SystemModstamp":"2026-05-26T19:39:02.000Z"}|0x6da844a7
12:43:10.1 (582019275)|STATEMENT_EXECUTE|[91]
12:43:10.1 (582208247)|VARIABLE_ASSIGNMENT|[91]|this.Champion_Model_Version__c|"v2.8.0"|0x6da844a7
12:43:10.1 (582217197)|STATEMENT_EXECUTE|[92]
12:43:10.1 (582304373)|HEAP_ALLOCATE|[92]|Bytes:8
12:43:10.1 (582333785)|DML_BEGIN|[92]|Op:Upsert|Type:Loom_Config__c|Rows:1
12:43:10.1 (582368877)|HEAP_ALLOCATE|[EXTERNAL]|Bytes:8
12:43:10.1 (621673001)|DML_END|[92]
12:43:10.1 (621852682)|STATEMENT_EXECUTE|[93]
12:43:10.1 (621862252)|HEAP_ALLOCATE|[93]|Bytes:58
12:43:10.1 (621926316)|USER_DEBUG|[93]|DEBUG|Custom setting updated: Champion_Model_Version__c = v2.8.0
12:43:10.1 (621936937)|STATEMENT_EXECUTE|[95]
12:43:10.1 (621955348)|HEAP_ALLOCATE|[95]|Bytes:4
12:43:10.1 (621966119)|HEAP_ALLOCATE|[96]|Bytes:7
12:43:10.1 (622022282)|HEAP_ALLOCATE|[95]|Bytes:5
12:43:10.1 (622037783)|HEAP_ALLOCATE|[97]|Bytes:7
12:43:10.1 (622041953)|HEAP_ALLOCATE|[97]|Bytes:27
12:43:10.1 (622054164)|HEAP_ALLOCATE|[98]|Bytes:8
12:43:10.1 (622068795)|HEAP_ALLOCATE|[99]|Bytes:13
12:43:10.1 (622073725)|HEAP_ALLOCATE|[99]|Bytes:6
12:43:10.638 (638888757)|CUMULATIVE_LIMIT_USAGE
12:43:10.638 (638888757)|LIMIT_USAGE_FOR_NS|(default)|
  Number of SOQL queries: 0 out of 100
  Number of query rows: 0 out of 50000
  Number of SOSL queries: 0 out of 20
  Number of DML statements: 1 out of 150
  Number of Publish Immediate DML: 0 out of 150
  Number of DML rows: 1 out of 10000
  Maximum CPU time: 0 out of 10000
  Maximum heap size: 0 out of 6000000
  Number of callouts: 1 out of 100
  Number of Email Invocations: 0 out of 10
  Number of future calls: 0 out of 50
  Number of queueable jobs added to the queue: 0 out of 50
  Number of Mobile Apex push calls: 0 out of 10

12:43:10.638 (638888757)|CUMULATIVE_LIMIT_USAGE_END

12:43:10.1 (638961021)|CODE_UNIT_FINISHED|ObserveTuneController.approveTuneAndPromote()
12:43:10.1 (639185155)|CODE_UNIT_FINISHED|apex://ObserveTuneController/ACTION$approveTuneAndPromote
12:43:10.1 (639200566)|EXECUTION_FINISHED
