66.0 APEX_CODE,FINEST;APEX_PROFILING,INFO;CALLOUT,INFO;DATA_ACCESS,INFO;DB,INFO;NBA,INFO;SYSTEM,DEBUG;VALIDATION,INFO;VISUALFORCE,INFO;WAVE,INFO;WORKFLOW,INFO
12:55:43.1 (1415813)|USER_INFO|[EXTERNAL]|005dM00000bGQNp|pmandy.f7098e8d67c2@agentforce.com|(GMT-07:00) Pacific Daylight Time (America/Los_Angeles)|GMT-07:00
12:55:43.1 (1503636)|EXECUTION_STARTED
12:55:43.1 (1529667)|CODE_UNIT_STARTED|[EXTERNAL]|apex://ObserveTuneController/ACTION$getTuneData
12:55:43.1 (2647914)|CODE_UNIT_STARTED|[EXTERNAL]|01pdM00000WohAb|ObserveTuneController.getTuneData()
12:55:43.1 (5830581)|HEAP_ALLOCATE|[95]|Bytes:3
12:55:43.1 (6136768)|HEAP_ALLOCATE|[100]|Bytes:152
12:55:43.1 (6174180)|HEAP_ALLOCATE|[417]|Bytes:408
12:55:43.1 (6191879)|HEAP_ALLOCATE|[430]|Bytes:408
12:55:43.1 (6237861)|HEAP_ALLOCATE|[317]|Bytes:6
12:55:43.1 (6363603)|HEAP_ALLOCATE|[EXTERNAL]|Bytes:8
12:55:43.1 (6394604)|HEAP_ALLOCATE|[EXTERNAL]|Bytes:22
12:55:43.1 (6448365)|METHOD_ENTRY|[1]|01pdM00000WohAb|ObserveTuneController.ObserveTuneController()
12:55:43.1 (6471757)|STATEMENT_EXECUTE|[1]
12:55:43.1 (6501537)|STATEMENT_EXECUTE|[1]
12:55:43.1 (6559919)|HEAP_ALLOCATE|[68]|Bytes:5
12:55:43.1 (6690802)|HEAP_ALLOCATE|[74]|Bytes:5
12:55:43.1 (6721323)|HEAP_ALLOCATE|[82]|Bytes:7
12:55:43.1 (7219225)|HEAP_ALLOCATE|[EXTERNAL]|Bytes:5
12:55:43.1 (7266216)|METHOD_EXIT|[1]|ObserveTuneController
12:55:43.1 (7297067)|HEAP_ALLOCATE|[5]|Bytes:5
12:55:43.1 (7302757)|STATEMENT_EXECUTE|[4]
12:55:43.1 (7311317)|STATEMENT_EXECUTE|[5]
12:55:43.1 (7313927)|STATEMENT_EXECUTE|[5]
12:55:43.1 (7316527)|STATEMENT_EXECUTE|[6]
12:55:43.1 (7379909)|HEAP_ALLOCATE|[6]|Bytes:4
12:55:43.1 (7493271)|VARIABLE_SCOPE_BEGIN|[6]|data|Map<String,ANY>|true|false
12:55:43.1 (7773208)|VARIABLE_ASSIGNMENT|[6]|data|{}|0x56cf63f0
12:55:43.1 (7793078)|STATEMENT_EXECUTE|[9]
12:55:43.1 (7854250)|HEAP_ALLOCATE|[9]|Bytes:4
12:55:43.1 (7962372)|HEAP_ALLOCATE|[10]|Bytes:4
12:55:43.1 (7969973)|HEAP_ALLOCATE|[11]|Bytes:4
12:55:43.1 (7974373)|HEAP_ALLOCATE|[11]|Bytes:13
12:55:43.1 (8111876)|HEAP_ALLOCATE|[12]|Bytes:6
12:55:43.1 (8116996)|HEAP_ALLOCATE|[12]|Bytes:5
12:55:43.1 (8130296)|HEAP_ALLOCATE|[13]|Bytes:7
12:55:43.1 (8155457)|HEAP_ALLOCATE|[10]|Bytes:4
12:55:43.1 (8250259)|HEAP_ALLOCATE|[14]|Bytes:7
12:55:43.1 (8254729)|HEAP_ALLOCATE|[14]|Bytes:18
12:55:43.1 (8266951)|HEAP_ALLOCATE|[15]|Bytes:9
12:55:43.1 (8270791)|HEAP_ALLOCATE|[15]|Bytes:179
12:55:43.1 (8299800)|HEAP_ALLOCATE|[17]|Bytes:4
12:55:43.1 (8306192)|HEAP_ALLOCATE|[18]|Bytes:11
12:55:43.1 (8332061)|HEAP_ALLOCATE|[19]|Bytes:14
12:55:43.1 (8348332)|HEAP_ALLOCATE|[17]|Bytes:4
12:55:43.1 (8360612)|HEAP_ALLOCATE|[21]|Bytes:9
12:55:43.1 (8373342)|HEAP_ALLOCATE|[22]|Bytes:81
12:55:43.1 (8416994)|VARIABLE_SCOPE_BEGIN|[9]|cohortLeads|List<Map<String,ANY>>|true|false
12:55:43.1 (8617808)|HEAP_ALLOCATE|[EXTERNAL]|Bytes:12
12:55:43.1 (9051179)|VARIABLE_ASSIGNMENT|[9]|cohortLeads|[{"name":"Jennifer Park","status":"Bound","daysAgo":3,"verdict":"Decision Confirmed","reasoning":"Act classified Pursu (159 more) ..."},{"name":"Marcus Reed","status":"Window Timeout","daysAgo":5,"verdict":"No-Signal","reasoning":"Still in nurture win (61 more) ..."}]|0x72fa620b
12:55:43.1 (9062319)|STATEMENT_EXECUTE|[27]
12:55:43.1 (9073389)|HEAP_ALLOCATE|[27]|Bytes:4
12:55:43.1 (9103400)|HEAP_ALLOCATE|[28]|Bytes:4
12:55:43.1 (9110800)|HEAP_ALLOCATE|[29]|Bytes:5
12:55:43.1 (9115211)|HEAP_ALLOCATE|[29]|Bytes:99
12:55:43.1 (9146241)|HEAP_ALLOCATE|[30]|Bytes:6
12:55:43.1 (9150881)|HEAP_ALLOCATE|[30]|Bytes:46
12:55:43.1 (9163262)|HEAP_ALLOCATE|[31]|Bytes:6
12:55:43.1 (9167212)|HEAP_ALLOCATE|[31]|Bytes:24
12:55:43.1 (9184402)|HEAP_ALLOCATE|[33]|Bytes:4
12:55:43.1 (9190362)|HEAP_ALLOCATE|[34]|Bytes:72
12:55:43.1 (9212802)|HEAP_ALLOCATE|[35]|Bytes:21
12:55:43.1 (9225064)|HEAP_ALLOCATE|[36]|Bytes:24
12:55:43.1 (9241504)|HEAP_ALLOCATE|[38]|Bytes:4
12:55:43.1 (9248123)|HEAP_ALLOCATE|[39]|Bytes:78
12:55:43.1 (9270084)|HEAP_ALLOCATE|[40]|Bytes:55
12:55:43.1 (9282705)|HEAP_ALLOCATE|[41]|Bytes:25
12:55:43.1 (9296575)|VARIABLE_SCOPE_BEGIN|[27]|proposals|List<Map<String,ANY>>|true|false
12:55:43.1 (9318685)|HEAP_ALLOCATE|[EXTERNAL]|Bytes:16
12:55:43.1 (9347896)|VARIABLE_ASSIGNMENT|[27]|proposals|[{"title":"EverQuote source · P (79 more) ...","impact":"312 confirmed verdic (26 more) ...","change":"Tighten Pursue thres (4 more) ..."},{"title":"Household-match sign (52 more) ...","impact":"89 verdicts confirme (1 more) ...","change":"Increase weighting + (4 more) ..."},{"title":"New pattern: VINs >  (58 more) ...","impact":"Convert at 6.8% vs 1 (35 more) ...","change":"Recommend Nurture de (5 more) ..."}]|0x7f216de3
12:55:43.1 (9357406)|STATEMENT_EXECUTE|[45]
12:55:43.1 (9364726)|HEAP_ALLOCATE|[45]|Bytes:4
12:55:43.1 (9392458)|HEAP_ALLOCATE|[46]|Bytes:10
12:55:43.1 (9396607)|HEAP_ALLOCATE|[46]|Bytes:10
12:55:43.1 (9424607)|HEAP_ALLOCATE|[47]|Bytes:8
12:55:43.1 (9429478)|HEAP_ALLOCATE|[47]|Bytes:10
12:55:43.1 (9441749)|HEAP_ALLOCATE|[48]|Bytes:12
12:55:43.1 (9455549)|HEAP_ALLOCATE|[45]|Bytes:4
12:55:43.1 (9470669)|HEAP_ALLOCATE|[49]|Bytes:9
12:55:43.1 (9483540)|HEAP_ALLOCATE|[50]|Bytes:12
12:55:43.1 (9487449)|HEAP_ALLOCATE|[50]|Bytes:4
12:55:43.1 (9498400)|HEAP_ALLOCATE|[51]|Bytes:12
12:55:43.1 (9502329)|HEAP_ALLOCATE|[51]|Bytes:4
12:55:43.1 (9513760)|HEAP_ALLOCATE|[52]|Bytes:13
12:55:43.1 (9517781)|HEAP_ALLOCATE|[52]|Bytes:68
12:55:43.1 (9538601)|VARIABLE_SCOPE_BEGIN|[45]|tuneProposal|Map<String,ANY>|true|false
12:55:43.1 (9589262)|VARIABLE_ASSIGNMENT|[45]|tuneProposal|"Map of size 7 too large to display"|0x52dc5114
12:55:43.1 (9595691)|STATEMENT_EXECUTE|[55]
12:55:43.1 (9600411)|HEAP_ALLOCATE|[55]|Bytes:11
12:55:43.1 (9635473)|HEAP_ALLOCATE|[EXTERNAL]|Bytes:-4
12:55:43.1 (9644544)|STATEMENT_EXECUTE|[56]
12:55:43.1 (9648384)|HEAP_ALLOCATE|[56]|Bytes:12
12:55:43.1 (9667764)|HEAP_ALLOCATE|[EXTERNAL]|Bytes:-4
12:55:43.1 (9675594)|STATEMENT_EXECUTE|[57]
12:55:43.1 (9679924)|HEAP_ALLOCATE|[57]|Bytes:7
12:55:43.1 (9709294)|HEAP_ALLOCATE|[57]|Bytes:5
12:55:43.1 (9717405)|HEAP_ALLOCATE|[EXTERNAL]|Bytes:-4
12:55:43.1 (9726505)|STATEMENT_EXECUTE|[59]
12:55:43.9 (9867459)|CUMULATIVE_LIMIT_USAGE
12:55:43.9 (9867459)|LIMIT_USAGE_FOR_NS|(default)|
  Number of SOQL queries: 0 out of 100
  Number of query rows: 0 out of 50000
  Number of SOSL queries: 0 out of 20
  Number of DML statements: 0 out of 150
  Number of Publish Immediate DML: 0 out of 150
  Number of DML rows: 0 out of 10000
  Maximum CPU time: 0 out of 10000
  Maximum heap size: 0 out of 6000000
  Number of callouts: 0 out of 100
  Number of Email Invocations: 0 out of 10
  Number of future calls: 0 out of 50
  Number of queueable jobs added to the queue: 0 out of 50
  Number of Mobile Apex push calls: 0 out of 10

12:55:43.9 (9867459)|CUMULATIVE_LIMIT_USAGE_END

12:55:43.1 (9936421)|CODE_UNIT_FINISHED|ObserveTuneController.getTuneData()
12:55:43.1 (10195397)|CODE_UNIT_FINISHED|apex://ObserveTuneController/ACTION$getTuneData
12:55:43.1 (10206667)|EXECUTION_FINISHED
