66.0 APEX_CODE,FINEST;APEX_PROFILING,INFO;CALLOUT,INFO;DATA_ACCESS,INFO;DB,INFO;NBA,INFO;SYSTEM,DEBUG;VALIDATION,INFO;VISUALFORCE,INFO;WAVE,INFO;WORKFLOW,INFO
13:20:48.4 (4969119)|USER_INFO|[EXTERNAL]|005dM00000bGQNp|pmandy.f7098e8d67c2@agentforce.com|(GMT-07:00) Pacific Daylight Time (America/Los_Angeles)|GMT-07:00
13:20:48.4 (5050444)|EXECUTION_STARTED
13:20:48.4 (5078834)|CODE_UNIT_STARTED|[EXTERNAL]|apex://ObserveTuneController/ACTION$getTuneData
13:20:48.4 (6563805)|CODE_UNIT_STARTED|[EXTERNAL]|01pdM00000WohAb|ObserveTuneController.getTuneData()
13:20:48.4 (8278077)|HEAP_ALLOCATE|[95]|Bytes:3
13:20:48.4 (8387784)|HEAP_ALLOCATE|[100]|Bytes:152
13:20:48.4 (8404694)|HEAP_ALLOCATE|[417]|Bytes:408
13:20:48.4 (8419175)|HEAP_ALLOCATE|[430]|Bytes:408
13:20:48.4 (8446707)|HEAP_ALLOCATE|[317]|Bytes:6
13:20:48.4 (8498689)|HEAP_ALLOCATE|[EXTERNAL]|Bytes:8
13:20:48.4 (8507550)|HEAP_ALLOCATE|[EXTERNAL]|Bytes:22
13:20:48.4 (8546492)|METHOD_ENTRY|[1]|01pdM00000WohAb|ObserveTuneController.ObserveTuneController()
13:20:48.4 (8563342)|STATEMENT_EXECUTE|[1]
13:20:48.4 (8574463)|STATEMENT_EXECUTE|[1]
13:20:48.4 (8595104)|HEAP_ALLOCATE|[68]|Bytes:5
13:20:48.4 (8641377)|HEAP_ALLOCATE|[74]|Bytes:5
13:20:48.4 (8651727)|HEAP_ALLOCATE|[82]|Bytes:7
13:20:48.4 (8964184)|HEAP_ALLOCATE|[EXTERNAL]|Bytes:5
13:20:48.4 (8989565)|METHOD_EXIT|[1]|ObserveTuneController
13:20:48.4 (9004817)|HEAP_ALLOCATE|[5]|Bytes:5
13:20:48.4 (9011098)|STATEMENT_EXECUTE|[4]
13:20:48.4 (9013618)|STATEMENT_EXECUTE|[5]
13:20:48.4 (9015578)|STATEMENT_EXECUTE|[5]
13:20:48.4 (9017727)|STATEMENT_EXECUTE|[6]
13:20:48.4 (9034078)|HEAP_ALLOCATE|[6]|Bytes:4
13:20:48.4 (9054629)|VARIABLE_SCOPE_BEGIN|[6]|data|Map<String,ANY>|true|false
13:20:48.4 (9136753)|VARIABLE_ASSIGNMENT|[6]|data|{}|0x53c98345
13:20:48.4 (9142694)|STATEMENT_EXECUTE|[9]
13:20:48.4 (9174605)|HEAP_ALLOCATE|[9]|Bytes:4
13:20:48.4 (9340184)|HEAP_ALLOCATE|[10]|Bytes:4
13:20:48.4 (9348575)|HEAP_ALLOCATE|[11]|Bytes:4
13:20:48.4 (9353345)|HEAP_ALLOCATE|[11]|Bytes:13
13:20:48.4 (9427619)|HEAP_ALLOCATE|[12]|Bytes:6
13:20:48.4 (9433269)|HEAP_ALLOCATE|[12]|Bytes:5
13:20:48.4 (9446561)|HEAP_ALLOCATE|[13]|Bytes:7
13:20:48.4 (9456831)|HEAP_ALLOCATE|[10]|Bytes:4
13:20:48.4 (9502093)|HEAP_ALLOCATE|[14]|Bytes:7
13:20:48.4 (9506583)|HEAP_ALLOCATE|[14]|Bytes:18
13:20:48.4 (9517954)|HEAP_ALLOCATE|[15]|Bytes:9
13:20:48.4 (9522114)|HEAP_ALLOCATE|[15]|Bytes:179
13:20:48.4 (9544195)|HEAP_ALLOCATE|[17]|Bytes:4
13:20:48.4 (9550986)|HEAP_ALLOCATE|[18]|Bytes:11
13:20:48.4 (9573777)|HEAP_ALLOCATE|[19]|Bytes:14
13:20:48.4 (9588969)|HEAP_ALLOCATE|[17]|Bytes:4
13:20:48.4 (9600849)|HEAP_ALLOCATE|[21]|Bytes:9
13:20:48.4 (9611909)|HEAP_ALLOCATE|[22]|Bytes:81
13:20:48.4 (9625380)|VARIABLE_SCOPE_BEGIN|[9]|cohortLeads|List<Map<String,ANY>>|true|false
13:20:48.4 (9676123)|HEAP_ALLOCATE|[EXTERNAL]|Bytes:12
13:20:48.4 (9717555)|VARIABLE_ASSIGNMENT|[9]|cohortLeads|[{"name":"Jennifer Park","status":"Bound","daysAgo":3,"verdict":"Decision Confirmed","reasoning":"Act classified Pursu (159 more) ..."},{"name":"Marcus Reed","status":"Window Timeout","daysAgo":5,"verdict":"No-Signal","reasoning":"Still in nurture win (61 more) ..."}]|0x635e94ce
13:20:48.4 (9724675)|STATEMENT_EXECUTE|[27]
13:20:48.4 (9732497)|HEAP_ALLOCATE|[27]|Bytes:4
13:20:48.4 (9757597)|HEAP_ALLOCATE|[28]|Bytes:4
13:20:48.4 (9764018)|HEAP_ALLOCATE|[29]|Bytes:5
13:20:48.4 (9767978)|HEAP_ALLOCATE|[29]|Bytes:99
13:20:48.4 (9791569)|HEAP_ALLOCATE|[30]|Bytes:6
13:20:48.4 (9795909)|HEAP_ALLOCATE|[30]|Bytes:46
13:20:48.4 (9807581)|HEAP_ALLOCATE|[31]|Bytes:6
13:20:48.4 (9812190)|HEAP_ALLOCATE|[31]|Bytes:24
13:20:48.4 (9827351)|HEAP_ALLOCATE|[33]|Bytes:4
13:20:48.4 (9832862)|HEAP_ALLOCATE|[34]|Bytes:72
13:20:48.4 (9853282)|HEAP_ALLOCATE|[35]|Bytes:21
13:20:48.4 (9865443)|HEAP_ALLOCATE|[36]|Bytes:24
13:20:48.4 (9879674)|HEAP_ALLOCATE|[38]|Bytes:4
13:20:48.4 (9885314)|HEAP_ALLOCATE|[39]|Bytes:78
13:20:48.4 (9906715)|HEAP_ALLOCATE|[40]|Bytes:55
13:20:48.4 (9918406)|HEAP_ALLOCATE|[41]|Bytes:25
13:20:48.4 (9930716)|VARIABLE_SCOPE_BEGIN|[27]|proposals|List<Map<String,ANY>>|true|false
13:20:48.4 (9951877)|HEAP_ALLOCATE|[EXTERNAL]|Bytes:16
13:20:48.4 (9974129)|VARIABLE_ASSIGNMENT|[27]|proposals|[{"title":"EverQuote source · P (79 more) ...","impact":"312 confirmed verdic (26 more) ...","change":"Tighten Pursue thres (4 more) ..."},{"title":"Household-match sign (52 more) ...","impact":"89 verdicts confirme (1 more) ...","change":"Increase weighting + (4 more) ..."},{"title":"New pattern: VINs >  (58 more) ...","impact":"Convert at 6.8% vs 1 (35 more) ...","change":"Recommend Nurture de (5 more) ..."}]|0x60fb9aa7
13:20:48.4 (9982459)|STATEMENT_EXECUTE|[45]
13:20:48.4 (9987750)|HEAP_ALLOCATE|[45]|Bytes:4
13:20:48.4 (9993530)|HEAP_ALLOCATE|[46]|Bytes:10
13:20:48.4 (9998530)|HEAP_ALLOCATE|[46]|Bytes:10
13:20:48.4 (10021101)|HEAP_ALLOCATE|[47]|Bytes:8
13:20:48.4 (10026891)|HEAP_ALLOCATE|[47]|Bytes:10
13:20:48.4 (10037662)|HEAP_ALLOCATE|[48]|Bytes:12
13:20:48.4 (10046394)|HEAP_ALLOCATE|[45]|Bytes:4
13:20:48.4 (10058523)|HEAP_ALLOCATE|[49]|Bytes:9
13:20:48.4 (10069795)|HEAP_ALLOCATE|[50]|Bytes:12
13:20:48.4 (10073824)|HEAP_ALLOCATE|[50]|Bytes:4
13:20:48.4 (10083885)|HEAP_ALLOCATE|[51]|Bytes:12
13:20:48.4 (10087716)|HEAP_ALLOCATE|[51]|Bytes:4
13:20:48.4 (10099045)|HEAP_ALLOCATE|[52]|Bytes:13
13:20:48.4 (10102926)|HEAP_ALLOCATE|[52]|Bytes:68
13:20:48.4 (10112766)|VARIABLE_SCOPE_BEGIN|[45]|tuneProposal|Map<String,ANY>|true|false
13:20:48.4 (10126107)|VARIABLE_ASSIGNMENT|[45]|tuneProposal|"Map of size 7 too large to display"|0x7fb7fe56
13:20:48.4 (10130827)|STATEMENT_EXECUTE|[55]
13:20:48.4 (10134038)|HEAP_ALLOCATE|[55]|Bytes:11
13:20:48.4 (10168389)|HEAP_ALLOCATE|[EXTERNAL]|Bytes:-4
13:20:48.4 (10175961)|STATEMENT_EXECUTE|[56]
13:20:48.4 (10178790)|HEAP_ALLOCATE|[56]|Bytes:12
13:20:48.4 (10196562)|HEAP_ALLOCATE|[EXTERNAL]|Bytes:-4
13:20:48.4 (10203311)|STATEMENT_EXECUTE|[57]
13:20:48.4 (10206282)|HEAP_ALLOCATE|[57]|Bytes:7
13:20:48.4 (10228942)|HEAP_ALLOCATE|[57]|Bytes:5
13:20:48.4 (10234173)|HEAP_ALLOCATE|[EXTERNAL]|Bytes:-4
13:20:48.4 (10240633)|STATEMENT_EXECUTE|[59]
13:20:48.10 (10320168)|CUMULATIVE_LIMIT_USAGE
13:20:48.10 (10320168)|LIMIT_USAGE_FOR_NS|(default)|
  Number of SOQL queries: 0 out of 100
  Number of query rows: 0 out of 50000
  Number of SOSL queries: 0 out of 20
  Number of DML statements: 0 out of 150
  Number of Publish Immediate DML: 0 out of 150
  Number of DML rows: 0 out of 10000
  Maximum CPU time: 0 out of 10000
  Maximum heap size: 0 out of 6000000
  Number of callouts: 0 out of 100
  Number of Email Invocations: 0 out of 10
  Number of future calls: 0 out of 50
  Number of queueable jobs added to the queue: 0 out of 50
  Number of Mobile Apex push calls: 0 out of 10

13:20:48.10 (10320168)|CUMULATIVE_LIMIT_USAGE_END

13:20:48.4 (10371360)|CODE_UNIT_FINISHED|ObserveTuneController.getTuneData()
13:20:48.4 (10610843)|CODE_UNIT_FINISHED|apex://ObserveTuneController/ACTION$getTuneData
13:20:48.4 (10621604)|EXECUTION_FINISHED
