66.0 APEX_CODE,FINEST;APEX_PROFILING,INFO;CALLOUT,INFO;DATA_ACCESS,INFO;DB,INFO;NBA,INFO;SYSTEM,DEBUG;VALIDATION,INFO;VISUALFORCE,INFO;WAVE,INFO;WORKFLOW,INFO
11:28:49.1 (1238688)|USER_INFO|[EXTERNAL]|005dM00000bGQNp|pmandy.f7098e8d67c2@agentforce.com|(GMT-07:00) Pacific Daylight Time (America/Los_Angeles)|GMT-07:00
11:28:49.1 (1378081)|EXECUTION_STARTED
11:28:49.1 (1405831)|CODE_UNIT_STARTED|[EXTERNAL]|apex://ObserveTuneController/ACTION$getTuneData
11:28:49.1 (2747470)|CODE_UNIT_STARTED|[EXTERNAL]|01pdM00000WohAb|ObserveTuneController.getTuneData()
11:28:49.1 (5216294)|HEAP_ALLOCATE|[95]|Bytes:3
11:28:49.1 (5371627)|HEAP_ALLOCATE|[100]|Bytes:152
11:28:49.1 (5388926)|HEAP_ALLOCATE|[417]|Bytes:408
11:28:49.1 (5407277)|HEAP_ALLOCATE|[430]|Bytes:408
11:28:49.1 (5442539)|HEAP_ALLOCATE|[317]|Bytes:6
11:28:49.1 (5518550)|HEAP_ALLOCATE|[EXTERNAL]|Bytes:8
11:28:49.1 (5529670)|HEAP_ALLOCATE|[EXTERNAL]|Bytes:22
11:28:49.1 (5557000)|METHOD_ENTRY|[1]|01pdM00000WohAb|ObserveTuneController.ObserveTuneController()
11:28:49.1 (5574650)|STATEMENT_EXECUTE|[1]
11:28:49.1 (5584691)|STATEMENT_EXECUTE|[1]
11:28:49.1 (5605032)|HEAP_ALLOCATE|[68]|Bytes:5
11:28:49.1 (5658372)|HEAP_ALLOCATE|[74]|Bytes:5
11:28:49.1 (5671092)|HEAP_ALLOCATE|[82]|Bytes:7
11:28:49.1 (6186404)|HEAP_ALLOCATE|[EXTERNAL]|Bytes:5
11:28:49.1 (6215445)|METHOD_EXIT|[1]|ObserveTuneController
11:28:49.1 (6236144)|HEAP_ALLOCATE|[5]|Bytes:5
11:28:49.1 (6242595)|STATEMENT_EXECUTE|[4]
11:28:49.1 (6246185)|STATEMENT_EXECUTE|[5]
11:28:49.1 (6249216)|STATEMENT_EXECUTE|[5]
11:28:49.1 (6252356)|STATEMENT_EXECUTE|[6]
11:28:49.1 (6280166)|HEAP_ALLOCATE|[6]|Bytes:4
11:28:49.1 (6307437)|VARIABLE_SCOPE_BEGIN|[6]|data|Map<String,ANY>|true|false
11:28:49.1 (6399319)|VARIABLE_ASSIGNMENT|[6]|data|{}|0x6b5c9a69
11:28:49.1 (6404909)|STATEMENT_EXECUTE|[9]
11:28:49.1 (6449280)|HEAP_ALLOCATE|[9]|Bytes:4
11:28:49.1 (6567202)|HEAP_ALLOCATE|[10]|Bytes:4
11:28:49.1 (6578033)|HEAP_ALLOCATE|[11]|Bytes:4
11:28:49.1 (6583773)|HEAP_ALLOCATE|[11]|Bytes:13
11:28:49.1 (6673765)|HEAP_ALLOCATE|[12]|Bytes:6
11:28:49.1 (6679305)|HEAP_ALLOCATE|[12]|Bytes:5
11:28:49.1 (6692865)|HEAP_ALLOCATE|[13]|Bytes:7
11:28:49.1 (6703855)|HEAP_ALLOCATE|[10]|Bytes:4
11:28:49.1 (6756626)|HEAP_ALLOCATE|[14]|Bytes:7
11:28:49.1 (6761406)|HEAP_ALLOCATE|[14]|Bytes:18
11:28:49.1 (6773487)|HEAP_ALLOCATE|[15]|Bytes:9
11:28:49.1 (6777437)|HEAP_ALLOCATE|[15]|Bytes:179
11:28:49.1 (6807177)|HEAP_ALLOCATE|[17]|Bytes:4
11:28:49.1 (6816298)|HEAP_ALLOCATE|[18]|Bytes:11
11:28:49.1 (6848428)|HEAP_ALLOCATE|[19]|Bytes:14
11:28:49.1 (6865449)|HEAP_ALLOCATE|[17]|Bytes:4
11:28:49.1 (6878169)|HEAP_ALLOCATE|[21]|Bytes:9
11:28:49.1 (6894709)|HEAP_ALLOCATE|[22]|Bytes:81
11:28:49.1 (6916340)|VARIABLE_SCOPE_BEGIN|[9]|cohortLeads|List<Map<String,ANY>>|true|false
11:28:49.1 (6986381)|HEAP_ALLOCATE|[EXTERNAL]|Bytes:12
11:28:49.1 (7046842)|VARIABLE_ASSIGNMENT|[9]|cohortLeads|[{"name":"Jennifer Park","status":"Bound","daysAgo":3,"verdict":"Decision Confirmed","reasoning":"Act classified Pursu (159 more) ..."},{"name":"Marcus Reed","status":"Window Timeout","daysAgo":5,"verdict":"No-Signal","reasoning":"Still in nurture win (61 more) ..."}]|0x475928b2
11:28:49.1 (7057573)|STATEMENT_EXECUTE|[27]
11:28:49.1 (7072603)|HEAP_ALLOCATE|[27]|Bytes:4
11:28:49.1 (7107504)|HEAP_ALLOCATE|[28]|Bytes:4
11:28:49.1 (7115874)|HEAP_ALLOCATE|[29]|Bytes:5
11:28:49.1 (7120584)|HEAP_ALLOCATE|[29]|Bytes:99
11:28:49.1 (7157945)|HEAP_ALLOCATE|[30]|Bytes:6
11:28:49.1 (7163715)|HEAP_ALLOCATE|[30]|Bytes:46
11:28:49.1 (7177095)|HEAP_ALLOCATE|[31]|Bytes:6
11:28:49.1 (7181865)|HEAP_ALLOCATE|[31]|Bytes:24
11:28:49.1 (7201866)|HEAP_ALLOCATE|[33]|Bytes:4
11:28:49.1 (7208936)|HEAP_ALLOCATE|[34]|Bytes:72
11:28:49.1 (7237106)|HEAP_ALLOCATE|[35]|Bytes:21
11:28:49.1 (7254107)|HEAP_ALLOCATE|[36]|Bytes:24
11:28:49.1 (7276047)|HEAP_ALLOCATE|[38]|Bytes:4
11:28:49.1 (7283347)|HEAP_ALLOCATE|[39]|Bytes:78
11:28:49.1 (7313598)|HEAP_ALLOCATE|[40]|Bytes:55
11:28:49.1 (7333188)|HEAP_ALLOCATE|[41]|Bytes:25
11:28:49.1 (7351929)|VARIABLE_SCOPE_BEGIN|[27]|proposals|List<Map<String,ANY>>|true|false
11:28:49.1 (7384030)|HEAP_ALLOCATE|[EXTERNAL]|Bytes:16
11:28:49.1 (7414900)|VARIABLE_ASSIGNMENT|[27]|proposals|[{"title":"EverQuote source · P (79 more) ...","impact":"312 confirmed verdic (26 more) ...","change":"Tighten Pursue thres (4 more) ..."},{"title":"Household-match sign (52 more) ...","impact":"89 verdicts confirme (1 more) ...","change":"Increase weighting + (4 more) ..."},{"title":"New pattern: VINs >  (58 more) ...","impact":"Convert at 6.8% vs 1 (35 more) ...","change":"Recommend Nurture de (5 more) ..."}]|0x411958ea
11:28:49.1 (7453721)|STATEMENT_EXECUTE|[45]
11:28:49.1 (7462021)|HEAP_ALLOCATE|[45]|Bytes:4
11:28:49.1 (7469011)|HEAP_ALLOCATE|[46]|Bytes:10
11:28:49.1 (7472782)|HEAP_ALLOCATE|[46]|Bytes:10
11:28:49.1 (7503332)|HEAP_ALLOCATE|[47]|Bytes:8
11:28:49.1 (7508012)|HEAP_ALLOCATE|[47]|Bytes:10
11:28:49.1 (7519272)|HEAP_ALLOCATE|[48]|Bytes:12
11:28:49.1 (7528033)|HEAP_ALLOCATE|[45]|Bytes:4
11:28:49.1 (7542633)|HEAP_ALLOCATE|[49]|Bytes:9
11:28:49.1 (7554313)|HEAP_ALLOCATE|[50]|Bytes:12
11:28:49.1 (7559453)|HEAP_ALLOCATE|[50]|Bytes:4
11:28:49.1 (7575614)|HEAP_ALLOCATE|[51]|Bytes:12
11:28:49.1 (7579674)|HEAP_ALLOCATE|[51]|Bytes:4
11:28:49.1 (7590114)|HEAP_ALLOCATE|[52]|Bytes:13
11:28:49.1 (7594034)|HEAP_ALLOCATE|[52]|Bytes:68
11:28:49.1 (7626435)|VARIABLE_SCOPE_BEGIN|[45]|tuneProposal|Map<String,ANY>|true|false
11:28:49.1 (7641466)|VARIABLE_ASSIGNMENT|[45]|tuneProposal|"Map of size 7 too large to display"|0x7d7e607e
11:28:49.1 (7646066)|STATEMENT_EXECUTE|[55]
11:28:49.1 (7648995)|HEAP_ALLOCATE|[55]|Bytes:11
11:28:49.1 (7689507)|HEAP_ALLOCATE|[EXTERNAL]|Bytes:-4
11:28:49.1 (7698076)|STATEMENT_EXECUTE|[56]
11:28:49.1 (7701267)|HEAP_ALLOCATE|[56]|Bytes:12
11:28:49.1 (7718757)|HEAP_ALLOCATE|[EXTERNAL]|Bytes:-4
11:28:49.1 (7725927)|STATEMENT_EXECUTE|[57]
11:28:49.1 (7728857)|HEAP_ALLOCATE|[57]|Bytes:7
11:28:49.1 (7757108)|HEAP_ALLOCATE|[57]|Bytes:5
11:28:49.1 (7762728)|HEAP_ALLOCATE|[EXTERNAL]|Bytes:-4
11:28:49.1 (7769109)|STATEMENT_EXECUTE|[59]
11:28:49.7 (7856450)|CUMULATIVE_LIMIT_USAGE
11:28:49.7 (7856450)|LIMIT_USAGE_FOR_NS|(default)|
  Number of SOQL queries: 0 out of 100
  Number of query rows: 0 out of 50000
  Number of SOSL queries: 0 out of 20
  Number of DML statements: 0 out of 150
  Number of Publish Immediate DML: 0 out of 150
  Number of DML rows: 0 out of 10000
  Maximum CPU time: 0 out of 10000
  Maximum heap size: 0 out of 6000000
  Number of callouts: 0 out of 100
  Number of Email Invocations: 0 out of 10
  Number of future calls: 0 out of 50
  Number of queueable jobs added to the queue: 0 out of 50
  Number of Mobile Apex push calls: 0 out of 10

11:28:49.7 (7856450)|CUMULATIVE_LIMIT_USAGE_END

11:28:49.1 (7929381)|CODE_UNIT_FINISHED|ObserveTuneController.getTuneData()
11:28:49.1 (8158287)|CODE_UNIT_FINISHED|apex://ObserveTuneController/ACTION$getTuneData
11:28:49.1 (8170216)|EXECUTION_FINISHED
