66.0 APEX_CODE,FINEST;APEX_PROFILING,INFO;CALLOUT,INFO;DATA_ACCESS,INFO;DB,INFO;NBA,INFO;SYSTEM,DEBUG;VALIDATION,INFO;VISUALFORCE,INFO;WAVE,INFO;WORKFLOW,INFO
13:07:45.1 (1520941)|USER_INFO|[EXTERNAL]|005dM00000bGQNp|pmandy.f7098e8d67c2@agentforce.com|(GMT-07:00) Pacific Daylight Time (America/Los_Angeles)|GMT-07:00
13:07:45.1 (1674179)|EXECUTION_STARTED
13:07:45.1 (1720492)|CODE_UNIT_STARTED|[EXTERNAL]|apex://ObserveTuneController/ACTION$approveTuneAndPromote
13:07:45.1 (3184700)|CODE_UNIT_STARTED|[EXTERNAL]|01pdM00000WohAb|ObserveTuneController.approveTuneAndPromote()
13:07:45.1 (6261975)|HEAP_ALLOCATE|[95]|Bytes:3
13:07:45.1 (6421214)|HEAP_ALLOCATE|[100]|Bytes:152
13:07:45.1 (6438215)|HEAP_ALLOCATE|[417]|Bytes:408
13:07:45.1 (6453226)|HEAP_ALLOCATE|[430]|Bytes:408
13:07:45.1 (6478937)|HEAP_ALLOCATE|[317]|Bytes:6
13:07:45.1 (6543611)|HEAP_ALLOCATE|[EXTERNAL]|Bytes:8
13:07:45.1 (6555231)|HEAP_ALLOCATE|[EXTERNAL]|Bytes:22
13:07:45.1 (6595933)|METHOD_ENTRY|[1]|01pdM00000WohAb|ObserveTuneController.ObserveTuneController()
13:07:45.1 (6618424)|STATEMENT_EXECUTE|[1]
13:07:45.1 (6631265)|STATEMENT_EXECUTE|[1]
13:07:45.1 (6650396)|HEAP_ALLOCATE|[68]|Bytes:5
13:07:45.1 (6693578)|HEAP_ALLOCATE|[74]|Bytes:5
13:07:45.1 (6703329)|HEAP_ALLOCATE|[82]|Bytes:7
13:07:45.1 (7143723)|HEAP_ALLOCATE|[EXTERNAL]|Bytes:5
13:07:45.1 (7170264)|METHOD_EXIT|[1]|ObserveTuneController
13:07:45.1 (7184274)|HEAP_ALLOCATE|[67]|Bytes:5
13:07:45.1 (7189075)|STATEMENT_EXECUTE|[66]
13:07:45.1 (7191655)|STATEMENT_EXECUTE|[67]
13:07:45.1 (7193606)|STATEMENT_EXECUTE|[67]
13:07:45.1 (7195865)|STATEMENT_EXECUTE|[68]
13:07:45.1 (7198815)|HEAP_ALLOCATE|[68]|Bytes:41
13:07:45.1 (7276509)|USER_DEBUG|[68]|DEBUG|===== APPROVE TUNE & PROMOTE v2.8.0 =====
13:07:45.1 (7292550)|STATEMENT_EXECUTE|[71]
13:07:45.1 (7323382)|VARIABLE_SCOPE_BEGIN|[71]|req|System.HttpRequest|true|false
13:07:45.1 (7707403)|VARIABLE_ASSIGNMENT|[71]|req|"System.HttpRequest[Endpoint=null, Method=null]"|0xdeb2496
13:07:45.1 (7714702)|STATEMENT_EXECUTE|[72]
13:07:45.1 (7719263)|HEAP_ALLOCATE|[72]|Bytes:42
13:07:45.1 (7793157)|STATEMENT_EXECUTE|[73]
13:07:45.1 (7796267)|HEAP_ALLOCATE|[73]|Bytes:4
13:07:45.1 (7815209)|STATEMENT_EXECUTE|[74]
13:07:45.1 (7818129)|HEAP_ALLOCATE|[74]|Bytes:12
13:07:45.1 (7822628)|HEAP_ALLOCATE|[74]|Bytes:16
13:07:45.1 (7845149)|STATEMENT_EXECUTE|[75]
13:07:45.1 (7862261)|HEAP_ALLOCATE|[75]|Bytes:4
13:07:45.1 (7876992)|HEAP_ALLOCATE|[76]|Bytes:12
13:07:45.1 (7881692)|HEAP_ALLOCATE|[76]|Bytes:6
13:07:45.1 (7944065)|HEAP_ALLOCATE|[77]|Bytes:6
13:07:45.1 (7949046)|HEAP_ALLOCATE|[77]|Bytes:45
13:07:45.1 (7984588)|HEAP_ALLOCATE|[75]|Bytes:24
13:07:45.1 (7993668)|SYSTEM_METHOD_ENTRY|[1]|JSON.JSON()
13:07:45.1 (7997548)|STATEMENT_EXECUTE|[1]
13:07:45.1 (8003469)|SYSTEM_METHOD_EXIT|[1]|JSON
13:07:45.1 (8020530)|METHOD_ENTRY|[75]||System.JSON.serialize(Object)
13:07:45.1 (11440563)|METHOD_EXIT|[75]||System.JSON.serialize(Object)
13:07:45.1 (11502935)|STATEMENT_EXECUTE|[80]
13:07:45.1 (11518997)|VARIABLE_SCOPE_BEGIN|[80]|http|System.Http|true|false
13:07:45.1 (11636003)|VARIABLE_ASSIGNMENT|[80]|http|"System.Http[]"|0x2e235e37
13:07:45.1 (11643193)|STATEMENT_EXECUTE|[81]
13:07:45.1 (11784811)|CALLOUT_REQUEST|[81]|System.HttpRequest[Endpoint=http://146.190.153.46:9000/update-champion, Method=POST]
13:07:45.1 (587413049)|HEAP_ALLOCATE|[EXTERNAL]|Bytes:292
13:07:45.1 (589676370)|CALLOUT_RESPONSE|[81]|System.HttpResponse[Status=OK, StatusCode=200]
13:07:45.1 (589704432)|HEAP_ALLOCATE|[81]|Bytes:61
13:07:45.1 (589738133)|VARIABLE_SCOPE_BEGIN|[81]|res|System.HttpResponse|true|false
13:07:45.1 (589812087)|VARIABLE_ASSIGNMENT|[81]|res|"System.HttpResponse[Status=OK, StatusCode=200]"|0x4aadd943
13:07:45.1 (589819338)|STATEMENT_EXECUTE|[83]
13:07:45.1 (589825148)|HEAP_ALLOCATE|[83]|Bytes:23
13:07:45.1 (589924743)|HEAP_ALLOCATE|[83]|Bytes:3
13:07:45.1 (589945964)|HEAP_ALLOCATE|[83]|Bytes:26
13:07:45.1 (589968406)|USER_DEBUG|[83]|DEBUG|LUMEN Response Status: 200
13:07:45.1 (589978286)|STATEMENT_EXECUTE|[84]
13:07:45.1 (589981226)|HEAP_ALLOCATE|[84]|Bytes:21
13:07:45.1 (590002967)|HEAP_ALLOCATE|[84]|Bytes:55
13:07:45.1 (590011848)|HEAP_ALLOCATE|[84]|Bytes:76
13:07:45.1 (590020708)|USER_DEBUG|[84]|DEBUG|LUMEN Response Body: {"success":false,"error":"champion_model not provided"}
13:07:45.1 (590044370)|STATEMENT_EXECUTE|[86]
13:07:45.1 (590046830)|STATEMENT_EXECUTE|[87]
13:07:45.1 (590049690)|HEAP_ALLOCATE|[87]|Bytes:39
13:07:45.1 (590070921)|USER_DEBUG|[87]|DEBUG|===== v2.8.0 PROMOTED TO CHAMPION =====
13:07:45.1 (590079241)|STATEMENT_EXECUTE|[90]
13:07:45.1 (604602949)|HEAP_ALLOCATE|[90]|Bytes:44
13:07:45.1 (604656252)|VARIABLE_SCOPE_BEGIN|[90]|config|Loom_Config__c|true|false
13:07:45.1 (604921037)|VARIABLE_ASSIGNMENT|[90]|config|{"LastModifiedDate":"2026-05-26T20:07:44.000Z","IsDeleted":false,"CreatedById":"005dM00000bGQNpQAO","CreatedDate":"2026-05-26T14:15:32.000Z","Id":"a0OdM00000QHtsLUAT","LastModifiedById":"005dM00000bGQNpQAO","SetupOwnerId":"00DdM00000wFcrbUAC","Champion_Model_Version__c":"v2.8.0","Name":"a0OdM00000QHtsL","SystemModstamp":"2026-05-26T20:07:44.000Z"}|0x51e73204
13:07:45.1 (604937337)|STATEMENT_EXECUTE|[91]
13:07:45.1 (605121236)|VARIABLE_ASSIGNMENT|[91]|this.Champion_Model_Version__c|"v2.8.0"|0x51e73204
13:07:45.1 (605170959)|STATEMENT_EXECUTE|[92]
13:07:45.1 (605237413)|HEAP_ALLOCATE|[92]|Bytes:8
13:07:45.1 (605264545)|DML_BEGIN|[92]|Op:Upsert|Type:Loom_Config__c|Rows:1
13:07:45.1 (605306867)|HEAP_ALLOCATE|[EXTERNAL]|Bytes:8
13:07:45.1 (639668645)|DML_END|[92]
13:07:45.1 (640530232)|STATEMENT_EXECUTE|[93]
13:07:45.1 (640542482)|HEAP_ALLOCATE|[93]|Bytes:58
13:07:45.1 (640616467)|USER_DEBUG|[93]|DEBUG|Custom setting updated: Champion_Model_Version__c = v2.8.0
13:07:45.1 (640634487)|STATEMENT_EXECUTE|[95]
13:07:45.1 (640657978)|HEAP_ALLOCATE|[95]|Bytes:4
13:07:45.1 (640669619)|HEAP_ALLOCATE|[96]|Bytes:7
13:07:45.1 (640731793)|HEAP_ALLOCATE|[95]|Bytes:5
13:07:45.1 (640748943)|HEAP_ALLOCATE|[97]|Bytes:7
13:07:45.1 (640755414)|HEAP_ALLOCATE|[97]|Bytes:27
13:07:45.1 (640775196)|HEAP_ALLOCATE|[98]|Bytes:8
13:07:45.1 (640795256)|HEAP_ALLOCATE|[99]|Bytes:13
13:07:45.1 (640799847)|HEAP_ALLOCATE|[99]|Bytes:6
13:07:45.660 (660403635)|CUMULATIVE_LIMIT_USAGE
13:07:45.660 (660403635)|LIMIT_USAGE_FOR_NS|(default)|
  Number of SOQL queries: 0 out of 100
  Number of query rows: 0 out of 50000
  Number of SOSL queries: 0 out of 20
  Number of DML statements: 1 out of 150
  Number of Publish Immediate DML: 0 out of 150
  Number of DML rows: 1 out of 10000
  Maximum CPU time: 0 out of 10000
  Maximum heap size: 0 out of 6000000
  Number of callouts: 1 out of 100
  Number of Email Invocations: 0 out of 10
  Number of future calls: 0 out of 50
  Number of queueable jobs added to the queue: 0 out of 50
  Number of Mobile Apex push calls: 0 out of 10

13:07:45.660 (660403635)|CUMULATIVE_LIMIT_USAGE_END

13:07:45.1 (660490731)|CODE_UNIT_FINISHED|ObserveTuneController.approveTuneAndPromote()
13:07:45.1 (660757435)|CODE_UNIT_FINISHED|apex://ObserveTuneController/ACTION$approveTuneAndPromote
13:07:45.1 (660770975)|EXECUTION_FINISHED
