66.0 APEX_CODE,FINEST;APEX_PROFILING,INFO;CALLOUT,INFO;DATA_ACCESS,INFO;DB,INFO;NBA,INFO;SYSTEM,DEBUG;VALIDATION,INFO;VISUALFORCE,INFO;WAVE,INFO;WORKFLOW,INFO
13:04:57.1 (1662684)|USER_INFO|[EXTERNAL]|005dM00000bGQNp|pmandy.f7098e8d67c2@agentforce.com|(GMT-07:00) Pacific Daylight Time (America/Los_Angeles)|GMT-07:00
13:04:57.1 (1769039)|EXECUTION_STARTED
13:04:57.1 (1815921)|CODE_UNIT_STARTED|[EXTERNAL]|apex://ObserveTuneController/ACTION$approveTuneAndPromote
13:04:57.1 (3672236)|CODE_UNIT_STARTED|[EXTERNAL]|01pdM00000WohAb|ObserveTuneController.approveTuneAndPromote()
13:04:57.1 (5661656)|HEAP_ALLOCATE|[95]|Bytes:3
13:04:57.1 (5961101)|HEAP_ALLOCATE|[100]|Bytes:152
13:04:57.1 (5998642)|HEAP_ALLOCATE|[417]|Bytes:408
13:04:57.1 (6019924)|HEAP_ALLOCATE|[430]|Bytes:408
13:04:57.1 (6062346)|HEAP_ALLOCATE|[317]|Bytes:6
13:04:57.1 (6192912)|HEAP_ALLOCATE|[EXTERNAL]|Bytes:8
13:04:57.1 (6247275)|HEAP_ALLOCATE|[EXTERNAL]|Bytes:22
13:04:57.1 (6303929)|METHOD_ENTRY|[1]|01pdM00000WohAb|ObserveTuneController.ObserveTuneController()
13:04:57.1 (6343480)|STATEMENT_EXECUTE|[1]
13:04:57.1 (6361481)|STATEMENT_EXECUTE|[1]
13:04:57.1 (6421964)|HEAP_ALLOCATE|[68]|Bytes:5
13:04:57.1 (6498878)|HEAP_ALLOCATE|[74]|Bytes:5
13:04:57.1 (6513408)|HEAP_ALLOCATE|[82]|Bytes:7
13:04:57.1 (7106318)|HEAP_ALLOCATE|[EXTERNAL]|Bytes:5
13:04:57.1 (7176882)|METHOD_EXIT|[1]|ObserveTuneController
13:04:57.1 (7213055)|HEAP_ALLOCATE|[67]|Bytes:5
13:04:57.1 (7221524)|STATEMENT_EXECUTE|[66]
13:04:57.1 (7229555)|STATEMENT_EXECUTE|[67]
13:04:57.1 (7233005)|STATEMENT_EXECUTE|[67]
13:04:57.1 (7236105)|STATEMENT_EXECUTE|[68]
13:04:57.1 (7244125)|HEAP_ALLOCATE|[68]|Bytes:41
13:04:57.1 (7418694)|USER_DEBUG|[68]|DEBUG|===== APPROVE TUNE & PROMOTE v2.8.0 =====
13:04:57.1 (7447956)|STATEMENT_EXECUTE|[71]
13:04:57.1 (7566073)|VARIABLE_SCOPE_BEGIN|[71]|req|System.HttpRequest|true|false
13:04:57.1 (8096779)|VARIABLE_ASSIGNMENT|[71]|req|"System.HttpRequest[Endpoint=null, Method=null]"|0x52987ad6
13:04:57.1 (8113780)|STATEMENT_EXECUTE|[72]
13:04:57.1 (8120009)|HEAP_ALLOCATE|[72]|Bytes:42
13:04:57.1 (8300430)|STATEMENT_EXECUTE|[73]
13:04:57.1 (8306409)|HEAP_ALLOCATE|[73]|Bytes:4
13:04:57.1 (8342421)|STATEMENT_EXECUTE|[74]
13:04:57.1 (8346821)|HEAP_ALLOCATE|[74]|Bytes:12
13:04:57.1 (8351992)|HEAP_ALLOCATE|[74]|Bytes:16
13:04:57.1 (8388773)|STATEMENT_EXECUTE|[75]
13:04:57.1 (8449816)|HEAP_ALLOCATE|[75]|Bytes:4
13:04:57.1 (8760672)|HEAP_ALLOCATE|[76]|Bytes:12
13:04:57.1 (8773253)|HEAP_ALLOCATE|[76]|Bytes:6
13:04:57.1 (8921630)|HEAP_ALLOCATE|[77]|Bytes:6
13:04:57.1 (8929160)|HEAP_ALLOCATE|[77]|Bytes:45
13:04:57.1 (8985733)|HEAP_ALLOCATE|[75]|Bytes:24
13:04:57.1 (9005414)|SYSTEM_METHOD_ENTRY|[1]|JSON.JSON()
13:04:57.1 (9013595)|STATEMENT_EXECUTE|[1]
13:04:57.1 (9031347)|SYSTEM_METHOD_EXIT|[1]|JSON
13:04:57.1 (9042396)|METHOD_ENTRY|[75]||System.JSON.serialize(Object)
13:04:57.1 (12243229)|METHOD_EXIT|[75]||System.JSON.serialize(Object)
13:04:57.1 (12349403)|STATEMENT_EXECUTE|[80]
13:04:57.1 (12399517)|VARIABLE_SCOPE_BEGIN|[80]|http|System.Http|true|false
13:04:57.1 (12544153)|VARIABLE_ASSIGNMENT|[80]|http|"System.Http[]"|0x11828dc1
13:04:57.1 (12555414)|STATEMENT_EXECUTE|[81]
13:04:57.1 (12780725)|CALLOUT_REQUEST|[81]|System.HttpRequest[Endpoint=http://146.190.153.46:9000/update-champion, Method=POST]
13:04:57.1 (623757561)|HEAP_ALLOCATE|[EXTERNAL]|Bytes:292
13:04:57.1 (626789925)|CALLOUT_RESPONSE|[81]|System.HttpResponse[Status=OK, StatusCode=200]
13:04:57.1 (626831547)|HEAP_ALLOCATE|[81]|Bytes:61
13:04:57.1 (626908131)|VARIABLE_SCOPE_BEGIN|[81]|res|System.HttpResponse|true|false
13:04:57.1 (627433227)|VARIABLE_ASSIGNMENT|[81]|res|"System.HttpResponse[Status=OK, StatusCode=200]"|0x3d2093b1
13:04:57.1 (627453948)|STATEMENT_EXECUTE|[83]
13:04:57.1 (627460418)|HEAP_ALLOCATE|[83]|Bytes:23
13:04:57.1 (627609216)|HEAP_ALLOCATE|[83]|Bytes:3
13:04:57.1 (627636287)|HEAP_ALLOCATE|[83]|Bytes:26
13:04:57.1 (627660229)|USER_DEBUG|[83]|DEBUG|LUMEN Response Status: 200
13:04:57.1 (627673159)|STATEMENT_EXECUTE|[84]
13:04:57.1 (627679830)|HEAP_ALLOCATE|[84]|Bytes:21
13:04:57.1 (627723972)|HEAP_ALLOCATE|[84]|Bytes:55
13:04:57.1 (627735602)|HEAP_ALLOCATE|[84]|Bytes:76
13:04:57.1 (627748663)|USER_DEBUG|[84]|DEBUG|LUMEN Response Body: {"success":false,"error":"champion_model not provided"}
13:04:57.1 (627784765)|STATEMENT_EXECUTE|[86]
13:04:57.1 (627789415)|STATEMENT_EXECUTE|[87]
13:04:57.1 (628058339)|HEAP_ALLOCATE|[87]|Bytes:39
13:04:57.1 (628096211)|USER_DEBUG|[87]|DEBUG|===== v2.8.0 PROMOTED TO CHAMPION =====
13:04:57.1 (628108901)|STATEMENT_EXECUTE|[90]
13:04:57.1 (649117492)|HEAP_ALLOCATE|[90]|Bytes:44
13:04:57.1 (649240858)|VARIABLE_SCOPE_BEGIN|[90]|config|Loom_Config__c|true|false
13:04:57.1 (649669160)|VARIABLE_ASSIGNMENT|[90]|config|{"LastModifiedDate":"2026-05-26T19:55:52.000Z","IsDeleted":false,"CreatedById":"005dM00000bGQNpQAO","CreatedDate":"2026-05-26T14:15:32.000Z","Id":"a0OdM00000QHtsLUAT","LastModifiedById":"005dM00000bGQNpQAO","SetupOwnerId":"00DdM00000wFcrbUAC","Champion_Model_Version__c":"v2.8.0","Name":"a0OdM00000QHtsL","SystemModstamp":"2026-05-26T19:55:52.000Z"}|0x5281fc30
13:04:57.1 (649696761)|STATEMENT_EXECUTE|[91]
13:04:57.1 (649978835)|VARIABLE_ASSIGNMENT|[91]|this.Champion_Model_Version__c|"v2.8.0"|0x5281fc30
13:04:57.1 (649993226)|STATEMENT_EXECUTE|[92]
13:04:57.1 (650111182)|HEAP_ALLOCATE|[92]|Bytes:8
13:04:57.1 (650171575)|DML_BEGIN|[92]|Op:Upsert|Type:Loom_Config__c|Rows:1
13:04:57.1 (650309352)|HEAP_ALLOCATE|[EXTERNAL]|Bytes:8
13:04:57.1 (696132085)|DML_END|[92]
13:04:57.1 (696392009)|STATEMENT_EXECUTE|[93]
13:04:57.1 (696430331)|HEAP_ALLOCATE|[93]|Bytes:58
13:04:57.1 (696507424)|USER_DEBUG|[93]|DEBUG|Custom setting updated: Champion_Model_Version__c = v2.8.0
13:04:57.1 (696526775)|STATEMENT_EXECUTE|[95]
13:04:57.1 (696548897)|HEAP_ALLOCATE|[95]|Bytes:4
13:04:57.1 (696559357)|HEAP_ALLOCATE|[96]|Bytes:7
13:04:57.1 (696638781)|HEAP_ALLOCATE|[95]|Bytes:5
13:04:57.1 (696657452)|HEAP_ALLOCATE|[97]|Bytes:7
13:04:57.1 (696662262)|HEAP_ALLOCATE|[97]|Bytes:27
13:04:57.1 (696680413)|HEAP_ALLOCATE|[98]|Bytes:8
13:04:57.1 (696695344)|HEAP_ALLOCATE|[99]|Bytes:13
13:04:57.1 (696699874)|HEAP_ALLOCATE|[99]|Bytes:6
13:04:57.717 (717941657)|CUMULATIVE_LIMIT_USAGE
13:04:57.717 (717941657)|LIMIT_USAGE_FOR_NS|(default)|
  Number of SOQL queries: 0 out of 100
  Number of query rows: 0 out of 50000
  Number of SOSL queries: 0 out of 20
  Number of DML statements: 1 out of 150
  Number of Publish Immediate DML: 0 out of 150
  Number of DML rows: 1 out of 10000
  Maximum CPU time: 0 out of 10000
  Maximum heap size: 0 out of 6000000
  Number of callouts: 1 out of 100
  Number of Email Invocations: 0 out of 10
  Number of future calls: 0 out of 50
  Number of queueable jobs added to the queue: 0 out of 50
  Number of Mobile Apex push calls: 0 out of 10

13:04:57.717 (717941657)|CUMULATIVE_LIMIT_USAGE_END

13:04:57.1 (718017540)|CODE_UNIT_FINISHED|ObserveTuneController.approveTuneAndPromote()
13:04:57.1 (718410440)|CODE_UNIT_FINISHED|apex://ObserveTuneController/ACTION$approveTuneAndPromote
13:04:57.1 (718423481)|EXECUTION_FINISHED
