66.0 APEX_CODE,FINEST;APEX_PROFILING,INFO;CALLOUT,INFO;DATA_ACCESS,INFO;DB,INFO;NBA,INFO;SYSTEM,DEBUG;VALIDATION,INFO;VISUALFORCE,INFO;WAVE,INFO;WORKFLOW,INFO
12:25:41.1 (1379715)|USER_INFO|[EXTERNAL]|005dM00000bGQNp|pmandy.f7098e8d67c2@agentforce.com|(GMT-07:00) Pacific Daylight Time (America/Los_Angeles)|GMT-07:00
12:25:41.1 (1454190)|EXECUTION_STARTED
12:25:41.1 (1484191)|CODE_UNIT_STARTED|[EXTERNAL]|apex://ObserveTuneController/ACTION$approveTuneAndPromote
12:25:41.1 (3095408)|CODE_UNIT_STARTED|[EXTERNAL]|01pdM00000WohAb|ObserveTuneController.approveTuneAndPromote()
12:25:41.1 (3757243)|HEAP_ALLOCATE|[95]|Bytes:3
12:25:41.1 (3997706)|HEAP_ALLOCATE|[100]|Bytes:152
12:25:41.1 (4032788)|HEAP_ALLOCATE|[417]|Bytes:408
12:25:41.1 (4050669)|HEAP_ALLOCATE|[430]|Bytes:408
12:25:41.1 (4091622)|HEAP_ALLOCATE|[317]|Bytes:6
12:25:41.1 (4247611)|HEAP_ALLOCATE|[EXTERNAL]|Bytes:8
12:25:41.1 (4254371)|HEAP_ALLOCATE|[EXTERNAL]|Bytes:22
12:25:41.1 (4409110)|METHOD_ENTRY|[1]|01pdM00000WohAb|ObserveTuneController.ObserveTuneController()
12:25:41.1 (4430271)|STATEMENT_EXECUTE|[1]
12:25:41.1 (4446792)|STATEMENT_EXECUTE|[1]
12:25:41.1 (4503425)|HEAP_ALLOCATE|[68]|Bytes:5
12:25:41.1 (4580559)|HEAP_ALLOCATE|[74]|Bytes:5
12:25:41.1 (4591499)|HEAP_ALLOCATE|[82]|Bytes:7
12:25:41.1 (5110778)|HEAP_ALLOCATE|[EXTERNAL]|Bytes:5
12:25:41.1 (5203732)|METHOD_EXIT|[1]|ObserveTuneController
12:25:41.1 (5245974)|HEAP_ALLOCATE|[67]|Bytes:5
12:25:41.1 (5251604)|STATEMENT_EXECUTE|[66]
12:25:41.1 (5253985)|STATEMENT_EXECUTE|[67]
12:25:41.1 (5255964)|STATEMENT_EXECUTE|[67]
12:25:41.1 (5258125)|STATEMENT_EXECUTE|[68]
12:25:41.1 (5266245)|HEAP_ALLOCATE|[68]|Bytes:41
12:25:41.1 (5405622)|USER_DEBUG|[68]|DEBUG|===== APPROVE TUNE & PROMOTE v2.8.0 =====
12:25:41.1 (5424685)|STATEMENT_EXECUTE|[71]
12:25:41.1 (5488347)|VARIABLE_SCOPE_BEGIN|[71]|req|System.HttpRequest|true|false
12:25:41.1 (5840657)|VARIABLE_ASSIGNMENT|[71]|req|"System.HttpRequest[Endpoint=null, Method=null]"|0x5cb6033f
12:25:41.1 (5847766)|STATEMENT_EXECUTE|[72]
12:25:41.1 (5852197)|HEAP_ALLOCATE|[72]|Bytes:42
12:25:41.1 (6014386)|STATEMENT_EXECUTE|[73]
12:25:41.1 (6018856)|HEAP_ALLOCATE|[73]|Bytes:4
12:25:41.1 (6046108)|STATEMENT_EXECUTE|[74]
12:25:41.1 (6049428)|HEAP_ALLOCATE|[74]|Bytes:12
12:25:41.1 (6054138)|HEAP_ALLOCATE|[74]|Bytes:16
12:25:41.1 (6083560)|STATEMENT_EXECUTE|[75]
12:25:41.1 (6148114)|HEAP_ALLOCATE|[75]|Bytes:4
12:25:41.1 (6185745)|HEAP_ALLOCATE|[76]|Bytes:12
12:25:41.1 (6192895)|HEAP_ALLOCATE|[76]|Bytes:6
12:25:41.1 (6325413)|HEAP_ALLOCATE|[77]|Bytes:6
12:25:41.1 (6331502)|HEAP_ALLOCATE|[77]|Bytes:45
12:25:41.1 (6372155)|HEAP_ALLOCATE|[75]|Bytes:24
12:25:41.1 (6418107)|SYSTEM_METHOD_ENTRY|[1]|JSON.JSON()
12:25:41.1 (6424008)|STATEMENT_EXECUTE|[1]
12:25:41.1 (6447349)|SYSTEM_METHOD_EXIT|[1]|JSON
12:25:41.1 (6461621)|METHOD_ENTRY|[75]||System.JSON.serialize(Object)
12:25:41.1 (8900761)|METHOD_EXIT|[75]||System.JSON.serialize(Object)
12:25:41.1 (8970935)|STATEMENT_EXECUTE|[80]
12:25:41.1 (8989406)|VARIABLE_SCOPE_BEGIN|[80]|http|System.Http|true|false
12:25:41.1 (9070442)|VARIABLE_ASSIGNMENT|[80]|http|"System.Http[]"|0xf56002d
12:25:41.1 (9076642)|STATEMENT_EXECUTE|[81]
12:25:41.1 (9235891)|CALLOUT_REQUEST|[81]|System.HttpRequest[Endpoint=http://146.190.153.46:9000/update-champion, Method=POST]
12:25:41.1 (611700686)|HEAP_ALLOCATE|[EXTERNAL]|Bytes:292
12:25:41.1 (615415395)|CALLOUT_RESPONSE|[81]|System.HttpResponse[Status=OK, StatusCode=200]
12:25:41.1 (615457157)|HEAP_ALLOCATE|[81]|Bytes:61
12:25:41.1 (615489539)|VARIABLE_SCOPE_BEGIN|[81]|res|System.HttpResponse|true|false
12:25:41.1 (615580095)|VARIABLE_ASSIGNMENT|[81]|res|"System.HttpResponse[Status=OK, StatusCode=200]"|0x3b4b6ee6
12:25:41.1 (615587755)|STATEMENT_EXECUTE|[83]
12:25:41.1 (615594155)|HEAP_ALLOCATE|[83]|Bytes:23
12:25:41.1 (615752413)|HEAP_ALLOCATE|[83]|Bytes:3
12:25:41.1 (615779555)|HEAP_ALLOCATE|[83]|Bytes:26
12:25:41.1 (615810477)|USER_DEBUG|[83]|DEBUG|LUMEN Response Status: 200
12:25:41.1 (615820188)|STATEMENT_EXECUTE|[84]
12:25:41.1 (615823268)|HEAP_ALLOCATE|[84]|Bytes:21
12:25:41.1 (615865031)|HEAP_ALLOCATE|[84]|Bytes:55
12:25:41.1 (615874540)|HEAP_ALLOCATE|[84]|Bytes:76
12:25:41.1 (615886112)|USER_DEBUG|[84]|DEBUG|LUMEN Response Body: {"success":false,"error":"champion_model not provided"}
12:25:41.1 (615925243)|STATEMENT_EXECUTE|[86]
12:25:41.1 (615927874)|STATEMENT_EXECUTE|[87]
12:25:41.1 (615930743)|HEAP_ALLOCATE|[87]|Bytes:39
12:25:41.1 (615952174)|USER_DEBUG|[87]|DEBUG|===== v2.8.0 PROMOTED TO CHAMPION =====
12:25:41.1 (615960185)|STATEMENT_EXECUTE|[90]
12:25:41.1 (632796466)|HEAP_ALLOCATE|[90]|Bytes:44
12:25:41.1 (632845717)|VARIABLE_SCOPE_BEGIN|[90]|config|Loom_Config__c|true|false
12:25:41.1 (633128653)|VARIABLE_ASSIGNMENT|[90]|config|{"LastModifiedDate":"2026-05-26T19:21:32.000Z","IsDeleted":false,"CreatedById":"005dM00000bGQNpQAO","CreatedDate":"2026-05-26T14:15:32.000Z","Id":"a0OdM00000QHtsLUAT","LastModifiedById":"005dM00000bGQNpQAO","SetupOwnerId":"00DdM00000wFcrbUAC","Champion_Model_Version__c":"v2.7.0","Name":"a0OdM00000QHtsL","SystemModstamp":"2026-05-26T19:21:32.000Z"}|0x5d93030d
12:25:41.1 (633144714)|STATEMENT_EXECUTE|[91]
12:25:41.1 (633455461)|VARIABLE_ASSIGNMENT|[91]|this.Champion_Model_Version__c|"v2.8.0"|0x5d93030d
12:25:41.1 (633464822)|STATEMENT_EXECUTE|[92]
12:25:41.1 (633621259)|HEAP_ALLOCATE|[92]|Bytes:8
12:25:41.1 (633674262)|DML_BEGIN|[92]|Op:Upsert|Type:Loom_Config__c|Rows:1
12:25:41.1 (633745506)|HEAP_ALLOCATE|[EXTERNAL]|Bytes:8
12:25:41.1 (673653253)|DML_END|[92]
12:25:41.1 (673828404)|STATEMENT_EXECUTE|[93]
12:25:41.1 (673838173)|HEAP_ALLOCATE|[93]|Bytes:58
12:25:41.1 (673908928)|USER_DEBUG|[93]|DEBUG|Custom setting updated: Champion_Model_Version__c = v2.8.0
12:25:41.1 (673919769)|STATEMENT_EXECUTE|[95]
12:25:41.1 (673939999)|HEAP_ALLOCATE|[95]|Bytes:4
12:25:41.1 (673949479)|HEAP_ALLOCATE|[96]|Bytes:7
12:25:41.1 (674009643)|HEAP_ALLOCATE|[95]|Bytes:5
12:25:41.1 (674025143)|HEAP_ALLOCATE|[97]|Bytes:7
12:25:41.1 (674029554)|HEAP_ALLOCATE|[97]|Bytes:27
12:25:41.1 (674041895)|HEAP_ALLOCATE|[98]|Bytes:8
12:25:41.1 (674055435)|HEAP_ALLOCATE|[99]|Bytes:13
12:25:41.1 (674059425)|HEAP_ALLOCATE|[99]|Bytes:6
12:25:41.688 (688918788)|CUMULATIVE_LIMIT_USAGE
12:25:41.688 (688918788)|LIMIT_USAGE_FOR_NS|(default)|
  Number of SOQL queries: 0 out of 100
  Number of query rows: 0 out of 50000
  Number of SOSL queries: 0 out of 20
  Number of DML statements: 1 out of 150
  Number of Publish Immediate DML: 0 out of 150
  Number of DML rows: 1 out of 10000
  Maximum CPU time: 0 out of 10000
  Maximum heap size: 0 out of 6000000
  Number of callouts: 1 out of 100
  Number of Email Invocations: 0 out of 10
  Number of future calls: 0 out of 50
  Number of queueable jobs added to the queue: 0 out of 50
  Number of Mobile Apex push calls: 0 out of 10

12:25:41.688 (688918788)|CUMULATIVE_LIMIT_USAGE_END

12:25:41.1 (689037266)|CODE_UNIT_FINISHED|ObserveTuneController.approveTuneAndPromote()
12:25:41.1 (689280548)|CODE_UNIT_FINISHED|apex://ObserveTuneController/ACTION$approveTuneAndPromote
12:25:41.1 (689291849)|EXECUTION_FINISHED
