66.0 APEX_CODE,FINEST;APEX_PROFILING,INFO;CALLOUT,INFO;DATA_ACCESS,INFO;DB,INFO;NBA,INFO;SYSTEM,DEBUG;VALIDATION,INFO;VISUALFORCE,INFO;WAVE,INFO;WORKFLOW,INFO
13:22:34.8 (8835608)|USER_INFO|[EXTERNAL]|005dM00000bGQNp|pmandy.f7098e8d67c2@agentforce.com|(GMT-07:00) Pacific Daylight Time (America/Los_Angeles)|GMT-07:00
13:22:34.8 (8915400)|EXECUTION_STARTED
13:22:34.8 (8946311)|CODE_UNIT_STARTED|[EXTERNAL]|apex://ObserveTuneController/ACTION$getTuneData
13:22:34.8 (10944027)|CODE_UNIT_STARTED|[EXTERNAL]|01pdM00000WohAb|ObserveTuneController.getTuneData()
13:22:34.8 (14316257)|HEAP_ALLOCATE|[95]|Bytes:3
13:22:34.8 (14466900)|HEAP_ALLOCATE|[100]|Bytes:152
13:22:34.8 (14486990)|HEAP_ALLOCATE|[417]|Bytes:408
13:22:34.8 (14503251)|HEAP_ALLOCATE|[430]|Bytes:408
13:22:34.8 (14575332)|HEAP_ALLOCATE|[317]|Bytes:6
13:22:34.8 (14699844)|HEAP_ALLOCATE|[EXTERNAL]|Bytes:8
13:22:34.8 (14706864)|HEAP_ALLOCATE|[EXTERNAL]|Bytes:22
13:22:34.8 (14758915)|METHOD_ENTRY|[1]|01pdM00000WohAb|ObserveTuneController.ObserveTuneController()
13:22:34.8 (14774936)|STATEMENT_EXECUTE|[1]
13:22:34.8 (14822426)|STATEMENT_EXECUTE|[1]
13:22:34.8 (14847997)|HEAP_ALLOCATE|[68]|Bytes:5
13:22:34.8 (14897798)|HEAP_ALLOCATE|[74]|Bytes:5
13:22:34.8 (14908598)|HEAP_ALLOCATE|[82]|Bytes:7
13:22:34.8 (15477699)|HEAP_ALLOCATE|[EXTERNAL]|Bytes:5
13:22:34.8 (15535020)|METHOD_EXIT|[1]|ObserveTuneController
13:22:34.8 (15552670)|HEAP_ALLOCATE|[5]|Bytes:5
13:22:34.8 (15558839)|STATEMENT_EXECUTE|[4]
13:22:34.8 (15561599)|STATEMENT_EXECUTE|[5]
13:22:34.8 (15563630)|STATEMENT_EXECUTE|[5]
13:22:34.8 (15565700)|STATEMENT_EXECUTE|[6]
13:22:34.8 (15627541)|HEAP_ALLOCATE|[6]|Bytes:4
13:22:34.8 (15677912)|VARIABLE_SCOPE_BEGIN|[6]|data|Map<String,ANY>|true|false
13:22:34.8 (15828705)|VARIABLE_ASSIGNMENT|[6]|data|{}|0x5f5ffb63
13:22:34.8 (15847155)|STATEMENT_EXECUTE|[9]
13:22:34.8 (15967697)|HEAP_ALLOCATE|[9]|Bytes:4
13:22:34.8 (16097209)|HEAP_ALLOCATE|[10]|Bytes:4
13:22:34.8 (16106720)|HEAP_ALLOCATE|[11]|Bytes:4
13:22:34.8 (16112180)|HEAP_ALLOCATE|[11]|Bytes:13
13:22:34.8 (16242472)|HEAP_ALLOCATE|[12]|Bytes:6
13:22:34.8 (16248662)|HEAP_ALLOCATE|[12]|Bytes:5
13:22:34.8 (16262972)|HEAP_ALLOCATE|[13]|Bytes:7
13:22:34.8 (16295033)|HEAP_ALLOCATE|[10]|Bytes:4
13:22:34.8 (16439155)|HEAP_ALLOCATE|[14]|Bytes:7
13:22:34.8 (16444635)|HEAP_ALLOCATE|[14]|Bytes:18
13:22:34.8 (16459076)|HEAP_ALLOCATE|[15]|Bytes:9
13:22:34.8 (16463676)|HEAP_ALLOCATE|[15]|Bytes:179
13:22:34.8 (16495917)|HEAP_ALLOCATE|[17]|Bytes:4
13:22:34.8 (16502717)|HEAP_ALLOCATE|[18]|Bytes:11
13:22:34.8 (16530827)|HEAP_ALLOCATE|[19]|Bytes:14
13:22:34.8 (16547737)|HEAP_ALLOCATE|[17]|Bytes:4
13:22:34.8 (16560158)|HEAP_ALLOCATE|[21]|Bytes:9
13:22:34.8 (16573348)|HEAP_ALLOCATE|[22]|Bytes:81
13:22:34.8 (16588628)|VARIABLE_SCOPE_BEGIN|[9]|cohortLeads|List<Map<String,ANY>>|true|false
13:22:34.8 (16735620)|HEAP_ALLOCATE|[EXTERNAL]|Bytes:12
13:22:34.8 (16798461)|VARIABLE_ASSIGNMENT|[9]|cohortLeads|[{"name":"Jennifer Park","status":"Bound","daysAgo":3,"verdict":"Decision Confirmed","reasoning":"Act classified Pursu (159 more) ..."},{"name":"Marcus Reed","status":"Window Timeout","daysAgo":5,"verdict":"No-Signal","reasoning":"Still in nurture win (61 more) ..."}]|0x25fe35ae
13:22:34.8 (16810083)|STATEMENT_EXECUTE|[27]
13:22:34.8 (16819653)|HEAP_ALLOCATE|[27]|Bytes:4
13:22:34.8 (16861553)|HEAP_ALLOCATE|[28]|Bytes:4
13:22:34.8 (16870294)|HEAP_ALLOCATE|[29]|Bytes:5
13:22:34.8 (16874753)|HEAP_ALLOCATE|[29]|Bytes:99
13:22:34.8 (16902724)|HEAP_ALLOCATE|[30]|Bytes:6
13:22:34.8 (16907423)|HEAP_ALLOCATE|[30]|Bytes:46
13:22:34.8 (16919914)|HEAP_ALLOCATE|[31]|Bytes:6
13:22:34.8 (16924554)|HEAP_ALLOCATE|[31]|Bytes:24
13:22:34.8 (16946274)|HEAP_ALLOCATE|[33]|Bytes:4
13:22:34.8 (16953154)|HEAP_ALLOCATE|[34]|Bytes:72
13:22:34.8 (16976816)|HEAP_ALLOCATE|[35]|Bytes:21
13:22:34.8 (16990795)|HEAP_ALLOCATE|[36]|Bytes:24
13:22:34.8 (17015766)|HEAP_ALLOCATE|[38]|Bytes:4
13:22:34.8 (17023526)|HEAP_ALLOCATE|[39]|Bytes:78
13:22:34.8 (17048076)|HEAP_ALLOCATE|[40]|Bytes:55
13:22:34.8 (17062156)|HEAP_ALLOCATE|[41]|Bytes:25
13:22:34.8 (17105197)|VARIABLE_SCOPE_BEGIN|[27]|proposals|List<Map<String,ANY>>|true|false
13:22:34.8 (17129218)|HEAP_ALLOCATE|[EXTERNAL]|Bytes:16
13:22:34.8 (17157499)|VARIABLE_ASSIGNMENT|[27]|proposals|[{"title":"EverQuote source · P (79 more) ...","impact":"312 confirmed verdic (26 more) ...","change":"Tighten Pursue thres (4 more) ..."},{"title":"Household-match sign (52 more) ...","impact":"89 verdicts confirme (1 more) ...","change":"Increase weighting + (4 more) ..."},{"title":"New pattern: VINs >  (58 more) ...","impact":"Convert at 6.8% vs 1 (35 more) ...","change":"Recommend Nurture de (5 more) ..."}]|0x6ad14464
13:22:34.8 (17172709)|STATEMENT_EXECUTE|[45]
13:22:34.8 (17178958)|HEAP_ALLOCATE|[45]|Bytes:4
13:22:34.8 (17186449)|HEAP_ALLOCATE|[46]|Bytes:10
13:22:34.8 (17190709)|HEAP_ALLOCATE|[46]|Bytes:10
13:22:34.8 (17218180)|HEAP_ALLOCATE|[47]|Bytes:8
13:22:34.8 (17223020)|HEAP_ALLOCATE|[47]|Bytes:10
13:22:34.8 (17235830)|HEAP_ALLOCATE|[48]|Bytes:12
13:22:34.8 (17257620)|HEAP_ALLOCATE|[45]|Bytes:4
13:22:34.8 (17272071)|HEAP_ALLOCATE|[49]|Bytes:9
13:22:34.8 (17284841)|HEAP_ALLOCATE|[50]|Bytes:12
13:22:34.8 (17288801)|HEAP_ALLOCATE|[50]|Bytes:4
13:22:34.8 (17300391)|HEAP_ALLOCATE|[51]|Bytes:12
13:22:34.8 (17305831)|HEAP_ALLOCATE|[51]|Bytes:4
13:22:34.8 (17316811)|HEAP_ALLOCATE|[52]|Bytes:13
13:22:34.8 (17320942)|HEAP_ALLOCATE|[52]|Bytes:68
13:22:34.8 (17331742)|VARIABLE_SCOPE_BEGIN|[45]|tuneProposal|Map<String,ANY>|true|false
13:22:34.8 (17353722)|VARIABLE_ASSIGNMENT|[45]|tuneProposal|"Map of size 7 too large to display"|0x79b1b91b
13:22:34.8 (17361002)|STATEMENT_EXECUTE|[55]
13:22:34.8 (17365062)|HEAP_ALLOCATE|[55]|Bytes:11
13:22:34.8 (17434823)|HEAP_ALLOCATE|[EXTERNAL]|Bytes:-4
13:22:34.8 (17500985)|STATEMENT_EXECUTE|[56]
13:22:34.8 (17505575)|HEAP_ALLOCATE|[56]|Bytes:12
13:22:34.8 (17538585)|HEAP_ALLOCATE|[EXTERNAL]|Bytes:-4
13:22:34.8 (17547805)|STATEMENT_EXECUTE|[57]
13:22:34.8 (17552706)|HEAP_ALLOCATE|[57]|Bytes:7
13:22:34.8 (17588126)|HEAP_ALLOCATE|[57]|Bytes:5
13:22:34.8 (17596206)|HEAP_ALLOCATE|[EXTERNAL]|Bytes:-4
13:22:34.8 (17638787)|STATEMENT_EXECUTE|[59]
13:22:34.17 (17733479)|CUMULATIVE_LIMIT_USAGE
13:22:34.17 (17733479)|LIMIT_USAGE_FOR_NS|(default)|
  Number of SOQL queries: 0 out of 100
  Number of query rows: 0 out of 50000
  Number of SOSL queries: 0 out of 20
  Number of DML statements: 0 out of 150
  Number of Publish Immediate DML: 0 out of 150
  Number of DML rows: 0 out of 10000
  Maximum CPU time: 0 out of 10000
  Maximum heap size: 0 out of 6000000
  Number of callouts: 0 out of 100
  Number of Email Invocations: 0 out of 10
  Number of future calls: 0 out of 50
  Number of queueable jobs added to the queue: 0 out of 50
  Number of Mobile Apex push calls: 0 out of 10

13:22:34.17 (17733479)|CUMULATIVE_LIMIT_USAGE_END

13:22:34.8 (17788150)|CODE_UNIT_FINISHED|ObserveTuneController.getTuneData()
13:22:34.8 (18061715)|CODE_UNIT_FINISHED|apex://ObserveTuneController/ACTION$getTuneData
13:22:34.8 (18080815)|EXECUTION_FINISHED
