66.0 APEX_CODE,FINEST;APEX_PROFILING,INFO;CALLOUT,INFO;DATA_ACCESS,INFO;DB,INFO;NBA,INFO;SYSTEM,DEBUG;VALIDATION,INFO;VISUALFORCE,INFO;WAVE,INFO;WORKFLOW,INFO
11:03:51.4 (4722969)|EXECUTION_STARTED
11:03:51.4 (4790883)|CODE_UNIT_STARTED|[EXTERNAL]|VisualForce View State
11:03:51.4 (13143892)|CODE_UNIT_FINISHED|VisualForce View State
11:03:51.4 (13168033)|EXECUTION_FINISHED
11:03:51.22 (22951140)|SYSTEM_MODE_ENTER|false
11:03:51.99 (99754498)|CUMULATIVE_LIMIT_USAGE
11:03:51.99 (99754498)|LIMIT_USAGE_FOR_NS|(default)|
  Number of SOQL queries: 0 out of 100
  Number of query rows: 0 out of 50000
  Number of SOSL queries: 0 out of 20
  Number of DML statements: 0 out of 150
  Number of Publish Immediate DML: 0 out of 150
  Number of DML rows: 0 out of 10000
  Maximum CPU time: 0 out of 10000
  Maximum heap size: 0 out of 6000000
  Number of callouts: 0 out of 100
  Number of Email Invocations: 0 out of 10
  Number of future calls: 0 out of 50
  Number of queueable jobs added to the queue: 0 out of 50
  Number of Mobile Apex push calls: 0 out of 10

11:03:51.99 (99754498)|CUMULATIVE_LIMIT_USAGE_END

