66.0 APEX_CODE,FINEST;APEX_PROFILING,INFO;CALLOUT,INFO;DATA_ACCESS,INFO;DB,INFO;NBA,INFO;SYSTEM,DEBUG;VALIDATION,INFO;VISUALFORCE,INFO;WAVE,INFO;WORKFLOW,INFO
12:50:52.0 (907841)|USER_INFO|[EXTERNAL]|005dM00000bGQNp|pmandy.f7098e8d67c2@agentforce.com|(GMT-07:00) Pacific Daylight Time (America/Los_Angeles)|GMT-07:00
12:50:52.0 (966431)|EXECUTION_STARTED
12:50:52.0 (991032)|CODE_UNIT_STARTED|[EXTERNAL]|apex://ObserveTuneController/ACTION$approveTuneAndPromote
12:50:52.0 (1917183)|CODE_UNIT_STARTED|[EXTERNAL]|01pdM00000WohAb|ObserveTuneController.approveTuneAndPromote()
12:50:52.0 (2163888)|HEAP_ALLOCATE|[95]|Bytes:3
12:50:52.0 (2262611)|HEAP_ALLOCATE|[100]|Bytes:152
12:50:52.0 (2278352)|HEAP_ALLOCATE|[417]|Bytes:408
12:50:52.0 (2291961)|HEAP_ALLOCATE|[430]|Bytes:408
12:50:52.0 (2316402)|HEAP_ALLOCATE|[317]|Bytes:6
12:50:52.0 (2331692)|HEAP_ALLOCATE|[EXTERNAL]|Bytes:8
12:50:52.0 (2337353)|HEAP_ALLOCATE|[EXTERNAL]|Bytes:22
12:50:52.0 (2368634)|METHOD_ENTRY|[1]|01pdM00000WohAb|ObserveTuneController.ObserveTuneController()
12:50:52.0 (2381023)|STATEMENT_EXECUTE|[1]
12:50:52.0 (2397764)|STATEMENT_EXECUTE|[1]
12:50:52.0 (2418584)|HEAP_ALLOCATE|[68]|Bytes:5
12:50:52.0 (2462316)|HEAP_ALLOCATE|[74]|Bytes:5
12:50:52.0 (2472405)|HEAP_ALLOCATE|[82]|Bytes:7
12:50:52.0 (2807793)|HEAP_ALLOCATE|[EXTERNAL]|Bytes:5
12:50:52.0 (2831764)|METHOD_EXIT|[1]|ObserveTuneController
12:50:52.0 (2847484)|HEAP_ALLOCATE|[67]|Bytes:5
12:50:52.0 (2852184)|STATEMENT_EXECUTE|[66]
12:50:52.0 (2854384)|STATEMENT_EXECUTE|[67]
12:50:52.0 (2856304)|STATEMENT_EXECUTE|[67]
12:50:52.0 (2858314)|STATEMENT_EXECUTE|[68]
12:50:52.0 (2861394)|HEAP_ALLOCATE|[68]|Bytes:41
12:50:52.0 (2954497)|USER_DEBUG|[68]|DEBUG|===== APPROVE TUNE & PROMOTE v2.8.0 =====
12:50:52.0 (2974007)|STATEMENT_EXECUTE|[71]
12:50:52.0 (2994248)|VARIABLE_SCOPE_BEGIN|[71]|req|System.HttpRequest|true|false
12:50:52.0 (3187031)|VARIABLE_ASSIGNMENT|[71]|req|"System.HttpRequest[Endpoint=null, Method=null]"|0x40eeae2f
12:50:52.0 (3193761)|STATEMENT_EXECUTE|[72]
12:50:52.0 (3197671)|HEAP_ALLOCATE|[72]|Bytes:42
12:50:52.0 (3259464)|STATEMENT_EXECUTE|[73]
12:50:52.0 (3262474)|HEAP_ALLOCATE|[73]|Bytes:4
12:50:52.0 (3284043)|STATEMENT_EXECUTE|[74]
12:50:52.0 (3287504)|HEAP_ALLOCATE|[74]|Bytes:12
12:50:52.0 (3292394)|HEAP_ALLOCATE|[74]|Bytes:16
12:50:52.0 (3316665)|STATEMENT_EXECUTE|[75]
12:50:52.0 (3334785)|HEAP_ALLOCATE|[75]|Bytes:4
12:50:52.0 (3353085)|HEAP_ALLOCATE|[76]|Bytes:12
12:50:52.0 (3359445)|HEAP_ALLOCATE|[76]|Bytes:6
12:50:52.0 (3414017)|HEAP_ALLOCATE|[77]|Bytes:6
12:50:52.0 (3419606)|HEAP_ALLOCATE|[77]|Bytes:45
12:50:52.0 (3453258)|HEAP_ALLOCATE|[75]|Bytes:24
12:50:52.0 (3468607)|SYSTEM_METHOD_ENTRY|[1]|JSON.JSON()
12:50:52.0 (3473588)|STATEMENT_EXECUTE|[1]
12:50:52.0 (3485567)|SYSTEM_METHOD_EXIT|[1]|JSON
12:50:52.0 (3502019)|METHOD_ENTRY|[75]||System.JSON.serialize(Object)
12:50:52.0 (6874864)|METHOD_EXIT|[75]||System.JSON.serialize(Object)
12:50:52.0 (6938075)|STATEMENT_EXECUTE|[80]
12:50:52.0 (6954286)|VARIABLE_SCOPE_BEGIN|[80]|http|System.Http|true|false
12:50:52.0 (7027547)|VARIABLE_ASSIGNMENT|[80]|http|"System.Http[]"|0x463dbcf7
12:50:52.0 (7034427)|STATEMENT_EXECUTE|[81]
12:50:52.0 (7115519)|CALLOUT_REQUEST|[81]|System.HttpRequest[Endpoint=http://146.190.153.46:9000/update-champion, Method=POST]
12:50:52.0 (609502651)|HEAP_ALLOCATE|[EXTERNAL]|Bytes:292
12:50:52.0 (611159259)|CALLOUT_RESPONSE|[81]|System.HttpResponse[Status=OK, StatusCode=200]
12:50:52.0 (611188110)|HEAP_ALLOCATE|[81]|Bytes:61
12:50:52.0 (611222410)|VARIABLE_SCOPE_BEGIN|[81]|res|System.HttpResponse|true|false
12:50:52.0 (611324953)|VARIABLE_ASSIGNMENT|[81]|res|"System.HttpResponse[Status=OK, StatusCode=200]"|0x222818b7
12:50:52.0 (611336163)|STATEMENT_EXECUTE|[83]
12:50:52.0 (611344143)|HEAP_ALLOCATE|[83]|Bytes:23
12:50:52.0 (611445835)|HEAP_ALLOCATE|[83]|Bytes:3
12:50:52.0 (611465766)|HEAP_ALLOCATE|[83]|Bytes:26
12:50:52.0 (611493066)|USER_DEBUG|[83]|DEBUG|LUMEN Response Status: 200
12:50:52.0 (611503447)|STATEMENT_EXECUTE|[84]
12:50:52.0 (611507137)|HEAP_ALLOCATE|[84]|Bytes:21
12:50:52.0 (611529347)|HEAP_ALLOCATE|[84]|Bytes:55
12:50:52.0 (611538217)|HEAP_ALLOCATE|[84]|Bytes:76
12:50:52.0 (611547988)|USER_DEBUG|[84]|DEBUG|LUMEN Response Body: {"success":false,"error":"champion_model not provided"}
12:50:52.0 (611572868)|STATEMENT_EXECUTE|[86]
12:50:52.0 (611575228)|STATEMENT_EXECUTE|[87]
12:50:52.0 (611577908)|HEAP_ALLOCATE|[87]|Bytes:39
12:50:52.0 (611601519)|USER_DEBUG|[87]|DEBUG|===== v2.8.0 PROMOTED TO CHAMPION =====
12:50:52.0 (611610779)|STATEMENT_EXECUTE|[90]
12:50:52.0 (634961101)|HEAP_ALLOCATE|[90]|Bytes:44
12:50:52.0 (635010782)|VARIABLE_SCOPE_BEGIN|[90]|config|Loom_Config__c|true|false
12:50:52.0 (635236807)|VARIABLE_ASSIGNMENT|[90]|config|{"LastModifiedDate":"2026-05-26T19:48:32.000Z","IsDeleted":false,"CreatedById":"005dM00000bGQNpQAO","CreatedDate":"2026-05-26T14:15:32.000Z","Id":"a0OdM00000QHtsLUAT","LastModifiedById":"005dM00000bGQNpQAO","SetupOwnerId":"00DdM00000wFcrbUAC","Champion_Model_Version__c":"v2.7.0","Name":"a0OdM00000QHtsL","SystemModstamp":"2026-05-26T19:48:32.000Z"}|0x56324c02
12:50:52.0 (635249447)|STATEMENT_EXECUTE|[91]
12:50:52.0 (635391740)|VARIABLE_ASSIGNMENT|[91]|this.Champion_Model_Version__c|"v2.8.0"|0x56324c02
12:50:52.0 (635399891)|STATEMENT_EXECUTE|[92]
12:50:52.0 (635467212)|HEAP_ALLOCATE|[92]|Bytes:8
12:50:52.0 (635491813)|DML_BEGIN|[92]|Op:Upsert|Type:Loom_Config__c|Rows:1
12:50:52.0 (635530344)|HEAP_ALLOCATE|[EXTERNAL]|Bytes:8
12:50:52.0 (688575889)|DML_END|[92]
12:50:52.0 (689405657)|STATEMENT_EXECUTE|[93]
12:50:52.0 (689415247)|HEAP_ALLOCATE|[93]|Bytes:58
12:50:52.0 (689492270)|USER_DEBUG|[93]|DEBUG|Custom setting updated: Champion_Model_Version__c = v2.8.0
12:50:52.0 (689504099)|STATEMENT_EXECUTE|[95]
12:50:52.0 (689523200)|HEAP_ALLOCATE|[95]|Bytes:4
12:50:52.0 (689533250)|HEAP_ALLOCATE|[96]|Bytes:7
12:50:52.0 (689589051)|HEAP_ALLOCATE|[95]|Bytes:5
12:50:52.0 (689602812)|HEAP_ALLOCATE|[97]|Bytes:7
12:50:52.0 (689606892)|HEAP_ALLOCATE|[97]|Bytes:27
12:50:52.0 (689618302)|HEAP_ALLOCATE|[98]|Bytes:8
12:50:52.0 (689630052)|HEAP_ALLOCATE|[99]|Bytes:13
12:50:52.0 (689634203)|HEAP_ALLOCATE|[99]|Bytes:6
12:50:52.716 (716827981)|CUMULATIVE_LIMIT_USAGE
12:50:52.716 (716827981)|LIMIT_USAGE_FOR_NS|(default)|
  Number of SOQL queries: 0 out of 100
  Number of query rows: 0 out of 50000
  Number of SOSL queries: 0 out of 20
  Number of DML statements: 1 out of 150
  Number of Publish Immediate DML: 0 out of 150
  Number of DML rows: 1 out of 10000
  Maximum CPU time: 0 out of 10000
  Maximum heap size: 0 out of 6000000
  Number of callouts: 1 out of 100
  Number of Email Invocations: 0 out of 10
  Number of future calls: 0 out of 50
  Number of queueable jobs added to the queue: 0 out of 50
  Number of Mobile Apex push calls: 0 out of 10

12:50:52.716 (716827981)|CUMULATIVE_LIMIT_USAGE_END

12:50:52.0 (716896502)|CODE_UNIT_FINISHED|ObserveTuneController.approveTuneAndPromote()
12:50:52.0 (717090656)|CODE_UNIT_FINISHED|apex://ObserveTuneController/ACTION$approveTuneAndPromote
12:50:52.0 (717101847)|EXECUTION_FINISHED
