66.0 APEX_CODE,FINEST;APEX_PROFILING,INFO;CALLOUT,INFO;DATA_ACCESS,INFO;DB,INFO;NBA,INFO;SYSTEM,DEBUG;VALIDATION,INFO;VISUALFORCE,INFO;WAVE,INFO;WORKFLOW,INFO
12:43:08.7 (7290746)|USER_INFO|[EXTERNAL]|005dM00000bGQNp|pmandy.f7098e8d67c2@agentforce.com|(GMT-07:00) Pacific Daylight Time (America/Los_Angeles)|GMT-07:00
12:43:08.7 (7364708)|EXECUTION_STARTED
12:43:08.7 (7390238)|CODE_UNIT_STARTED|[EXTERNAL]|apex://ObserveTuneController/ACTION$getTuneData
12:43:08.7 (8378352)|CODE_UNIT_STARTED|[EXTERNAL]|01pdM00000WohAb|ObserveTuneController.getTuneData()
12:43:08.7 (8772981)|HEAP_ALLOCATE|[95]|Bytes:3
12:43:08.7 (8911215)|HEAP_ALLOCATE|[100]|Bytes:152
12:43:08.7 (8933415)|HEAP_ALLOCATE|[417]|Bytes:408
12:43:08.7 (8951706)|HEAP_ALLOCATE|[430]|Bytes:408
12:43:08.7 (8988117)|HEAP_ALLOCATE|[317]|Bytes:6
12:43:08.7 (9050009)|HEAP_ALLOCATE|[EXTERNAL]|Bytes:8
12:43:08.7 (9057198)|HEAP_ALLOCATE|[EXTERNAL]|Bytes:22
12:43:08.7 (9085239)|METHOD_ENTRY|[1]|01pdM00000WohAb|ObserveTuneController.ObserveTuneController()
12:43:08.7 (9106359)|STATEMENT_EXECUTE|[1]
12:43:08.7 (9125221)|STATEMENT_EXECUTE|[1]
12:43:08.7 (9151131)|HEAP_ALLOCATE|[68]|Bytes:5
12:43:08.7 (9197183)|HEAP_ALLOCATE|[74]|Bytes:5
12:43:08.7 (9209762)|HEAP_ALLOCATE|[82]|Bytes:7
12:43:08.7 (9574022)|HEAP_ALLOCATE|[EXTERNAL]|Bytes:5
12:43:08.7 (9598472)|METHOD_EXIT|[1]|ObserveTuneController
12:43:08.7 (9614402)|HEAP_ALLOCATE|[5]|Bytes:5
12:43:08.7 (9622343)|STATEMENT_EXECUTE|[4]
12:43:08.7 (9626612)|STATEMENT_EXECUTE|[5]
12:43:08.7 (9629393)|STATEMENT_EXECUTE|[5]
12:43:08.7 (9631983)|STATEMENT_EXECUTE|[6]
12:43:08.7 (9650313)|HEAP_ALLOCATE|[6]|Bytes:4
12:43:08.7 (9698985)|VARIABLE_SCOPE_BEGIN|[6]|data|Map<String,ANY>|true|false
12:43:08.7 (9816907)|VARIABLE_ASSIGNMENT|[6]|data|{}|0x61a407cc
12:43:08.7 (9826028)|STATEMENT_EXECUTE|[9]
12:43:08.7 (9864558)|HEAP_ALLOCATE|[9]|Bytes:4
12:43:08.7 (9952731)|HEAP_ALLOCATE|[10]|Bytes:4
12:43:08.7 (9960881)|HEAP_ALLOCATE|[11]|Bytes:4
12:43:08.7 (9965540)|HEAP_ALLOCATE|[11]|Bytes:13
12:43:08.7 (10061413)|HEAP_ALLOCATE|[12]|Bytes:6
12:43:08.7 (10068443)|HEAP_ALLOCATE|[12]|Bytes:5
12:43:08.7 (10084534)|HEAP_ALLOCATE|[13]|Bytes:7
12:43:08.7 (10101404)|HEAP_ALLOCATE|[10]|Bytes:4
12:43:08.7 (10137805)|HEAP_ALLOCATE|[14]|Bytes:7
12:43:08.7 (10171606)|HEAP_ALLOCATE|[14]|Bytes:18
12:43:08.7 (10187216)|HEAP_ALLOCATE|[15]|Bytes:9
12:43:08.7 (10192286)|HEAP_ALLOCATE|[15]|Bytes:179
12:43:08.7 (10217137)|HEAP_ALLOCATE|[17]|Bytes:4
12:43:08.7 (10224227)|HEAP_ALLOCATE|[18]|Bytes:11
12:43:08.7 (10253558)|HEAP_ALLOCATE|[19]|Bytes:14
12:43:08.7 (10273598)|HEAP_ALLOCATE|[17]|Bytes:4
12:43:08.7 (10286479)|HEAP_ALLOCATE|[21]|Bytes:9
12:43:08.7 (10301129)|HEAP_ALLOCATE|[22]|Bytes:81
12:43:08.7 (10334460)|VARIABLE_SCOPE_BEGIN|[9]|cohortLeads|List<Map<String,ANY>>|true|false
12:43:08.7 (10407661)|HEAP_ALLOCATE|[EXTERNAL]|Bytes:12
12:43:08.7 (10479113)|VARIABLE_ASSIGNMENT|[9]|cohortLeads|[{"name":"Jennifer Park","status":"Bound","daysAgo":3,"verdict":"Decision Confirmed","reasoning":"Act classified Pursu (159 more) ..."},{"name":"Marcus Reed","status":"Window Timeout","daysAgo":5,"verdict":"No-Signal","reasoning":"Still in nurture win (61 more) ..."}]|0x4a502efc
12:43:08.7 (10505844)|STATEMENT_EXECUTE|[27]
12:43:08.7 (10518024)|HEAP_ALLOCATE|[27]|Bytes:4
12:43:08.7 (10547225)|HEAP_ALLOCATE|[28]|Bytes:4
12:43:08.7 (10554875)|HEAP_ALLOCATE|[29]|Bytes:5
12:43:08.7 (10560395)|HEAP_ALLOCATE|[29]|Bytes:99
12:43:08.7 (10592336)|HEAP_ALLOCATE|[30]|Bytes:6
12:43:08.7 (10597746)|HEAP_ALLOCATE|[30]|Bytes:46
12:43:08.7 (10611576)|HEAP_ALLOCATE|[31]|Bytes:6
12:43:08.7 (10616096)|HEAP_ALLOCATE|[31]|Bytes:24
12:43:08.7 (10635007)|HEAP_ALLOCATE|[33]|Bytes:4
12:43:08.7 (10641977)|HEAP_ALLOCATE|[34]|Bytes:72
12:43:08.7 (10665908)|HEAP_ALLOCATE|[35]|Bytes:21
12:43:08.7 (10679718)|HEAP_ALLOCATE|[36]|Bytes:24
12:43:08.7 (10699098)|HEAP_ALLOCATE|[38]|Bytes:4
12:43:08.7 (10706019)|HEAP_ALLOCATE|[39]|Bytes:78
12:43:08.7 (10729619)|HEAP_ALLOCATE|[40]|Bytes:55
12:43:08.7 (10744589)|HEAP_ALLOCATE|[41]|Bytes:25
12:43:08.7 (10771380)|VARIABLE_SCOPE_BEGIN|[27]|proposals|List<Map<String,ANY>>|true|false
12:43:08.7 (10803401)|HEAP_ALLOCATE|[EXTERNAL]|Bytes:16
12:43:08.7 (11177310)|VARIABLE_ASSIGNMENT|[27]|proposals|[{"title":"EverQuote source · P (79 more) ...","impact":"312 confirmed verdic (26 more) ...","change":"Tighten Pursue thres (4 more) ..."},{"title":"Household-match sign (52 more) ...","impact":"89 verdicts confirme (1 more) ...","change":"Increase weighting + (4 more) ..."},{"title":"New pattern: VINs >  (58 more) ...","impact":"Convert at 6.8% vs 1 (35 more) ...","change":"Recommend Nurture de (5 more) ..."}]|0x4b5b2c2a
12:43:08.7 (11193060)|STATEMENT_EXECUTE|[45]
12:43:08.7 (11204120)|HEAP_ALLOCATE|[45]|Bytes:4
12:43:08.7 (11213381)|HEAP_ALLOCATE|[46]|Bytes:10
12:43:08.7 (11217841)|HEAP_ALLOCATE|[46]|Bytes:10
12:43:08.7 (11255762)|HEAP_ALLOCATE|[47]|Bytes:8
12:43:08.7 (11262672)|HEAP_ALLOCATE|[47]|Bytes:10
12:43:08.7 (11276432)|HEAP_ALLOCATE|[48]|Bytes:12
12:43:08.7 (11286452)|HEAP_ALLOCATE|[45]|Bytes:4
12:43:08.7 (11302693)|HEAP_ALLOCATE|[49]|Bytes:9
12:43:08.7 (11316773)|HEAP_ALLOCATE|[50]|Bytes:12
12:43:08.7 (11323093)|HEAP_ALLOCATE|[50]|Bytes:4
12:43:08.7 (11336524)|HEAP_ALLOCATE|[51]|Bytes:12
12:43:08.7 (11340774)|HEAP_ALLOCATE|[51]|Bytes:4
12:43:08.7 (11352665)|HEAP_ALLOCATE|[52]|Bytes:13
12:43:08.7 (11357094)|HEAP_ALLOCATE|[52]|Bytes:68
12:43:08.7 (11377815)|VARIABLE_SCOPE_BEGIN|[45]|tuneProposal|Map<String,ANY>|true|false
12:43:08.7 (11430667)|VARIABLE_ASSIGNMENT|[45]|tuneProposal|"Map of size 7 too large to display"|0xa00c8ea
12:43:08.7 (11439467)|STATEMENT_EXECUTE|[55]
12:43:08.7 (11443347)|HEAP_ALLOCATE|[55]|Bytes:11
12:43:08.7 (11481407)|HEAP_ALLOCATE|[EXTERNAL]|Bytes:-4
12:43:08.7 (11490708)|STATEMENT_EXECUTE|[56]
12:43:08.7 (11495097)|HEAP_ALLOCATE|[56]|Bytes:12
12:43:08.7 (11516858)|HEAP_ALLOCATE|[EXTERNAL]|Bytes:-4
12:43:08.7 (11525629)|STATEMENT_EXECUTE|[57]
12:43:08.7 (11530629)|HEAP_ALLOCATE|[57]|Bytes:7
12:43:08.7 (11557990)|HEAP_ALLOCATE|[57]|Bytes:5
12:43:08.7 (11564139)|HEAP_ALLOCATE|[EXTERNAL]|Bytes:-4
12:43:08.7 (11571899)|STATEMENT_EXECUTE|[59]
12:43:08.11 (11651361)|CUMULATIVE_LIMIT_USAGE
12:43:08.11 (11651361)|LIMIT_USAGE_FOR_NS|(default)|
  Number of SOQL queries: 0 out of 100
  Number of query rows: 0 out of 50000
  Number of SOSL queries: 0 out of 20
  Number of DML statements: 0 out of 150
  Number of Publish Immediate DML: 0 out of 150
  Number of DML rows: 0 out of 10000
  Maximum CPU time: 0 out of 10000
  Maximum heap size: 0 out of 6000000
  Number of callouts: 0 out of 100
  Number of Email Invocations: 0 out of 10
  Number of future calls: 0 out of 50
  Number of queueable jobs added to the queue: 0 out of 50
  Number of Mobile Apex push calls: 0 out of 10

12:43:08.11 (11651361)|CUMULATIVE_LIMIT_USAGE_END

12:43:08.7 (11704322)|CODE_UNIT_FINISHED|ObserveTuneController.getTuneData()
12:43:08.7 (11978659)|CODE_UNIT_FINISHED|apex://ObserveTuneController/ACTION$getTuneData
12:43:08.7 (11991490)|EXECUTION_FINISHED
