66.0 APEX_CODE,FINEST;APEX_PROFILING,INFO;CALLOUT,INFO;DATA_ACCESS,INFO;DB,INFO;NBA,INFO;SYSTEM,DEBUG;VALIDATION,INFO;VISUALFORCE,INFO;WAVE,INFO;WORKFLOW,INFO
12:55:51.1 (1139925)|USER_INFO|[EXTERNAL]|005dM00000bGQNp|pmandy.f7098e8d67c2@agentforce.com|(GMT-07:00) Pacific Daylight Time (America/Los_Angeles)|GMT-07:00
12:55:51.1 (1214986)|EXECUTION_STARTED
12:55:51.1 (1241107)|CODE_UNIT_STARTED|[EXTERNAL]|apex://ObserveTuneController/ACTION$approveTuneAndPromote
12:55:51.1 (2269159)|CODE_UNIT_STARTED|[EXTERNAL]|01pdM00000WohAb|ObserveTuneController.approveTuneAndPromote()
12:55:51.1 (2862903)|HEAP_ALLOCATE|[95]|Bytes:3
12:55:51.1 (3022706)|HEAP_ALLOCATE|[100]|Bytes:152
12:55:51.1 (3049767)|HEAP_ALLOCATE|[417]|Bytes:408
12:55:51.1 (3065867)|HEAP_ALLOCATE|[430]|Bytes:408
12:55:51.1 (3097838)|HEAP_ALLOCATE|[317]|Bytes:6
12:55:51.1 (3119017)|HEAP_ALLOCATE|[EXTERNAL]|Bytes:8
12:55:51.1 (3170898)|HEAP_ALLOCATE|[EXTERNAL]|Bytes:22
12:55:51.1 (3215680)|METHOD_ENTRY|[1]|01pdM00000WohAb|ObserveTuneController.ObserveTuneController()
12:55:51.1 (3238660)|STATEMENT_EXECUTE|[1]
12:55:51.1 (3263001)|STATEMENT_EXECUTE|[1]
12:55:51.1 (3292372)|HEAP_ALLOCATE|[68]|Bytes:5
12:55:51.1 (3361313)|HEAP_ALLOCATE|[74]|Bytes:5
12:55:51.1 (3377684)|HEAP_ALLOCATE|[82]|Bytes:7
12:55:51.1 (3881555)|HEAP_ALLOCATE|[EXTERNAL]|Bytes:5
12:55:51.1 (3954986)|METHOD_EXIT|[1]|ObserveTuneController
12:55:51.1 (3975197)|HEAP_ALLOCATE|[67]|Bytes:5
12:55:51.1 (3985967)|STATEMENT_EXECUTE|[66]
12:55:51.1 (3993397)|STATEMENT_EXECUTE|[67]
12:55:51.1 (3996947)|STATEMENT_EXECUTE|[67]
12:55:51.1 (4000667)|STATEMENT_EXECUTE|[68]
12:55:51.1 (4348075)|HEAP_ALLOCATE|[68]|Bytes:41
12:55:51.1 (4524278)|USER_DEBUG|[68]|DEBUG|===== APPROVE TUNE & PROMOTE v2.8.0 =====
12:55:51.1 (4548869)|STATEMENT_EXECUTE|[71]
12:55:51.1 (4644411)|VARIABLE_SCOPE_BEGIN|[71]|req|System.HttpRequest|true|false
12:55:51.1 (5519201)|VARIABLE_ASSIGNMENT|[71]|req|"System.HttpRequest[Endpoint=null, Method=null]"|0x69247a80
12:55:51.1 (5538091)|STATEMENT_EXECUTE|[72]
12:55:51.1 (5546230)|HEAP_ALLOCATE|[72]|Bytes:42
12:55:51.1 (5743246)|STATEMENT_EXECUTE|[73]
12:55:51.1 (6095013)|HEAP_ALLOCATE|[73]|Bytes:4
12:55:51.1 (6194375)|STATEMENT_EXECUTE|[74]
12:55:51.1 (6203615)|HEAP_ALLOCATE|[74]|Bytes:12
12:55:51.1 (6215536)|HEAP_ALLOCATE|[74]|Bytes:16
12:55:51.1 (6282757)|STATEMENT_EXECUTE|[75]
12:55:51.1 (6311158)|HEAP_ALLOCATE|[75]|Bytes:4
12:55:51.1 (6339898)|HEAP_ALLOCATE|[76]|Bytes:12
12:55:51.1 (6348019)|HEAP_ALLOCATE|[76]|Bytes:6
12:55:51.1 (6508392)|HEAP_ALLOCATE|[77]|Bytes:6
12:55:51.1 (6518542)|HEAP_ALLOCATE|[77]|Bytes:45
12:55:51.1 (6617624)|HEAP_ALLOCATE|[75]|Bytes:24
12:55:51.1 (6651845)|SYSTEM_METHOD_ENTRY|[1]|JSON.JSON()
12:55:51.1 (6661985)|STATEMENT_EXECUTE|[1]
12:55:51.1 (6686636)|SYSTEM_METHOD_EXIT|[1]|JSON
12:55:51.1 (6743537)|METHOD_ENTRY|[75]||System.JSON.serialize(Object)
12:55:51.1 (11399149)|METHOD_EXIT|[75]||System.JSON.serialize(Object)
12:55:51.1 (11504981)|STATEMENT_EXECUTE|[80]
12:55:51.1 (11567003)|VARIABLE_SCOPE_BEGIN|[80]|http|System.Http|true|false
12:55:51.1 (11755337)|VARIABLE_ASSIGNMENT|[80]|http|"System.Http[]"|0x72eab5bb
12:55:51.1 (11766007)|STATEMENT_EXECUTE|[81]
12:55:51.1 (11940411)|CALLOUT_REQUEST|[81]|System.HttpRequest[Endpoint=http://146.190.153.46:9000/update-champion, Method=POST]
12:55:51.1 (620366700)|HEAP_ALLOCATE|[EXTERNAL]|Bytes:292
12:55:51.1 (623097280)|CALLOUT_RESPONSE|[81]|System.HttpResponse[Status=OK, StatusCode=200]
12:55:51.1 (623135081)|HEAP_ALLOCATE|[81]|Bytes:61
12:55:51.1 (623226213)|VARIABLE_SCOPE_BEGIN|[81]|res|System.HttpResponse|true|false
12:55:51.1 (623687633)|VARIABLE_ASSIGNMENT|[81]|res|"System.HttpResponse[Status=OK, StatusCode=200]"|0x2379ee49
12:55:51.1 (623701233)|STATEMENT_EXECUTE|[83]
12:55:51.1 (623710482)|HEAP_ALLOCATE|[83]|Bytes:23
12:55:51.1 (623830836)|HEAP_ALLOCATE|[83]|Bytes:3
12:55:51.1 (623854085)|HEAP_ALLOCATE|[83]|Bytes:26
12:55:51.1 (623882017)|USER_DEBUG|[83]|DEBUG|LUMEN Response Status: 200
12:55:51.1 (623896677)|STATEMENT_EXECUTE|[84]
12:55:51.1 (623901097)|HEAP_ALLOCATE|[84]|Bytes:21
12:55:51.1 (623940967)|HEAP_ALLOCATE|[84]|Bytes:55
12:55:51.1 (623953158)|HEAP_ALLOCATE|[84]|Bytes:76
12:55:51.1 (623966808)|USER_DEBUG|[84]|DEBUG|LUMEN Response Body: {"success":false,"error":"champion_model not provided"}
12:55:51.1 (624013700)|STATEMENT_EXECUTE|[86]
12:55:51.1 (624018380)|STATEMENT_EXECUTE|[87]
12:55:51.1 (624035900)|HEAP_ALLOCATE|[87]|Bytes:39
12:55:51.1 (624065261)|USER_DEBUG|[87]|DEBUG|===== v2.8.0 PROMOTED TO CHAMPION =====
12:55:51.1 (624078421)|STATEMENT_EXECUTE|[90]
12:55:51.1 (637962244)|HEAP_ALLOCATE|[90]|Bytes:44
12:55:51.1 (638045066)|VARIABLE_SCOPE_BEGIN|[90]|config|Loom_Config__c|true|false
12:55:51.1 (638718520)|VARIABLE_ASSIGNMENT|[90]|config|{"LastModifiedDate":"2026-05-26T19:55:31.000Z","IsDeleted":false,"CreatedById":"005dM00000bGQNpQAO","CreatedDate":"2026-05-26T14:15:32.000Z","Id":"a0OdM00000QHtsLUAT","LastModifiedById":"005dM00000bGQNpQAO","SetupOwnerId":"00DdM00000wFcrbUAC","Champion_Model_Version__c":"v2.8.0","Name":"a0OdM00000QHtsL","SystemModstamp":"2026-05-26T19:55:31.000Z"}|0x2bf3cef8
12:55:51.1 (638753631)|STATEMENT_EXECUTE|[91]
12:55:51.1 (638992576)|VARIABLE_ASSIGNMENT|[91]|this.Champion_Model_Version__c|"v2.8.0"|0x2bf3cef8
12:55:51.1 (639002696)|STATEMENT_EXECUTE|[92]
12:55:51.1 (639097378)|HEAP_ALLOCATE|[92]|Bytes:8
12:55:51.1 (639142520)|DML_BEGIN|[92]|Op:Upsert|Type:Loom_Config__c|Rows:1
12:55:51.1 (639215312)|HEAP_ALLOCATE|[EXTERNAL]|Bytes:8
12:55:51.1 (673138172)|DML_END|[92]
12:55:51.1 (673995300)|STATEMENT_EXECUTE|[93]
12:55:51.1 (674018561)|HEAP_ALLOCATE|[93]|Bytes:58
12:55:51.1 (674138674)|USER_DEBUG|[93]|DEBUG|Custom setting updated: Champion_Model_Version__c = v2.8.0
12:55:51.1 (674163654)|STATEMENT_EXECUTE|[95]
12:55:51.1 (674185445)|HEAP_ALLOCATE|[95]|Bytes:4
12:55:51.1 (674197375)|HEAP_ALLOCATE|[96]|Bytes:7
12:55:51.1 (674271497)|HEAP_ALLOCATE|[95]|Bytes:5
12:55:51.1 (674288826)|HEAP_ALLOCATE|[97]|Bytes:7
12:55:51.1 (674294017)|HEAP_ALLOCATE|[97]|Bytes:27
12:55:51.1 (674322318)|HEAP_ALLOCATE|[98]|Bytes:8
12:55:51.1 (674406509)|HEAP_ALLOCATE|[99]|Bytes:13
12:55:51.1 (674412020)|HEAP_ALLOCATE|[99]|Bytes:6
12:55:51.693 (693826643)|CUMULATIVE_LIMIT_USAGE
12:55:51.693 (693826643)|LIMIT_USAGE_FOR_NS|(default)|
  Number of SOQL queries: 0 out of 100
  Number of query rows: 0 out of 50000
  Number of SOSL queries: 0 out of 20
  Number of DML statements: 1 out of 150
  Number of Publish Immediate DML: 0 out of 150
  Number of DML rows: 1 out of 10000
  Maximum CPU time: 0 out of 10000
  Maximum heap size: 0 out of 6000000
  Number of callouts: 1 out of 100
  Number of Email Invocations: 0 out of 10
  Number of future calls: 0 out of 50
  Number of queueable jobs added to the queue: 0 out of 50
  Number of Mobile Apex push calls: 0 out of 10

12:55:51.693 (693826643)|CUMULATIVE_LIMIT_USAGE_END

12:55:51.1 (693905395)|CODE_UNIT_FINISHED|ObserveTuneController.approveTuneAndPromote()
12:55:51.1 (694127740)|CODE_UNIT_FINISHED|apex://ObserveTuneController/ACTION$approveTuneAndPromote
12:55:51.1 (694141151)|EXECUTION_FINISHED
