66.0 APEX_CODE,FINEST;APEX_PROFILING,INFO;CALLOUT,INFO;DATA_ACCESS,INFO;DB,INFO;NBA,INFO;SYSTEM,DEBUG;VALIDATION,INFO;VISUALFORCE,INFO;WAVE,INFO;WORKFLOW,INFO
13:20:52.0 (866480)|USER_INFO|[EXTERNAL]|005dM00000bGQNp|pmandy.f7098e8d67c2@agentforce.com|(GMT-07:00) Pacific Daylight Time (America/Los_Angeles)|GMT-07:00
13:20:52.0 (909750)|EXECUTION_STARTED
13:20:52.0 (928750)|CODE_UNIT_STARTED|[EXTERNAL]|apex://ObserveTuneController/ACTION$approveTuneAndPromote
13:20:52.0 (2078606)|CODE_UNIT_STARTED|[EXTERNAL]|01pdM00000WohAb|ObserveTuneController.approveTuneAndPromote()
13:20:52.0 (4597743)|HEAP_ALLOCATE|[95]|Bytes:3
13:20:52.0 (4705345)|HEAP_ALLOCATE|[100]|Bytes:152
13:20:52.0 (4720275)|HEAP_ALLOCATE|[417]|Bytes:408
13:20:52.0 (4734006)|HEAP_ALLOCATE|[430]|Bytes:408
13:20:52.0 (4758556)|HEAP_ALLOCATE|[317]|Bytes:6
13:20:52.0 (4811167)|HEAP_ALLOCATE|[EXTERNAL]|Bytes:8
13:20:52.0 (4817467)|HEAP_ALLOCATE|[EXTERNAL]|Bytes:22
13:20:52.0 (4839858)|METHOD_ENTRY|[1]|01pdM00000WohAb|ObserveTuneController.ObserveTuneController()
13:20:52.0 (4848548)|STATEMENT_EXECUTE|[1]
13:20:52.0 (4852958)|STATEMENT_EXECUTE|[1]
13:20:52.0 (4874499)|HEAP_ALLOCATE|[68]|Bytes:5
13:20:52.0 (4898559)|HEAP_ALLOCATE|[74]|Bytes:5
13:20:52.0 (4907349)|HEAP_ALLOCATE|[82]|Bytes:7
13:20:52.0 (5229506)|HEAP_ALLOCATE|[EXTERNAL]|Bytes:5
13:20:52.0 (5248887)|METHOD_EXIT|[1]|ObserveTuneController
13:20:52.0 (5263637)|HEAP_ALLOCATE|[67]|Bytes:5
13:20:52.0 (5268378)|STATEMENT_EXECUTE|[66]
13:20:52.0 (5270498)|STATEMENT_EXECUTE|[67]
13:20:52.0 (5272527)|STATEMENT_EXECUTE|[67]
13:20:52.0 (5274538)|STATEMENT_EXECUTE|[68]
13:20:52.0 (5277438)|HEAP_ALLOCATE|[68]|Bytes:41
13:20:52.0 (5628855)|USER_DEBUG|[68]|DEBUG|===== APPROVE TUNE & PROMOTE v2.8.0 =====
13:20:52.0 (5644836)|STATEMENT_EXECUTE|[71]
13:20:52.0 (5683006)|VARIABLE_SCOPE_BEGIN|[71]|req|System.HttpRequest|true|false
13:20:52.0 (5989583)|VARIABLE_ASSIGNMENT|[71]|req|"System.HttpRequest[Endpoint=null, Method=null]"|0x788ca372
13:20:52.0 (5995794)|STATEMENT_EXECUTE|[72]
13:20:52.0 (5999823)|HEAP_ALLOCATE|[72]|Bytes:42
13:20:52.0 (6069905)|STATEMENT_EXECUTE|[73]
13:20:52.0 (6074385)|HEAP_ALLOCATE|[73]|Bytes:4
13:20:52.0 (6099786)|STATEMENT_EXECUTE|[74]
13:20:52.0 (6102626)|HEAP_ALLOCATE|[74]|Bytes:12
13:20:52.0 (6107087)|HEAP_ALLOCATE|[74]|Bytes:16
13:20:52.0 (6137927)|STATEMENT_EXECUTE|[75]
13:20:52.0 (6158438)|HEAP_ALLOCATE|[75]|Bytes:4
13:20:52.0 (6170427)|HEAP_ALLOCATE|[76]|Bytes:12
13:20:52.0 (6174467)|HEAP_ALLOCATE|[76]|Bytes:6
13:20:52.0 (6220609)|HEAP_ALLOCATE|[77]|Bytes:6
13:20:52.0 (6226489)|HEAP_ALLOCATE|[77]|Bytes:45
13:20:52.0 (6258459)|HEAP_ALLOCATE|[75]|Bytes:24
13:20:52.0 (6271330)|SYSTEM_METHOD_ENTRY|[1]|JSON.JSON()
13:20:52.0 (6313721)|STATEMENT_EXECUTE|[1]
13:20:52.0 (6323590)|SYSTEM_METHOD_EXIT|[1]|JSON
13:20:52.0 (6334991)|METHOD_ENTRY|[75]||System.JSON.serialize(Object)
13:20:52.0 (9620085)|METHOD_EXIT|[75]||System.JSON.serialize(Object)
13:20:52.0 (9724137)|STATEMENT_EXECUTE|[80]
13:20:52.0 (9756438)|VARIABLE_SCOPE_BEGIN|[80]|http|System.Http|true|false
13:20:52.0 (9905051)|VARIABLE_ASSIGNMENT|[80]|http|"System.Http[]"|0x680c7217
13:20:52.0 (9915081)|STATEMENT_EXECUTE|[81]
13:20:52.0 (10049314)|CALLOUT_REQUEST|[81]|System.HttpRequest[Endpoint=http://146.190.153.46:9000/update-champion, Method=POST]
13:20:52.0 (615683729)|HEAP_ALLOCATE|[EXTERNAL]|Bytes:292
13:20:52.0 (617534150)|CALLOUT_RESPONSE|[81]|System.HttpResponse[Status=OK, StatusCode=200]
13:20:52.0 (617572841)|HEAP_ALLOCATE|[81]|Bytes:61
13:20:52.0 (617611972)|VARIABLE_SCOPE_BEGIN|[81]|res|System.HttpResponse|true|false
13:20:52.0 (617713204)|VARIABLE_ASSIGNMENT|[81]|res|"System.HttpResponse[Status=OK, StatusCode=200]"|0x5abf763
13:20:52.0 (617724024)|STATEMENT_EXECUTE|[83]
13:20:52.0 (617732214)|HEAP_ALLOCATE|[83]|Bytes:23
13:20:52.0 (617854407)|HEAP_ALLOCATE|[83]|Bytes:3
13:20:52.0 (617874538)|HEAP_ALLOCATE|[83]|Bytes:26
13:20:52.0 (617908838)|USER_DEBUG|[83]|DEBUG|LUMEN Response Status: 200
13:20:52.0 (617918539)|STATEMENT_EXECUTE|[84]
13:20:52.0 (617921790)|HEAP_ALLOCATE|[84]|Bytes:21
13:20:52.0 (617954899)|HEAP_ALLOCATE|[84]|Bytes:55
13:20:52.0 (617964200)|HEAP_ALLOCATE|[84]|Bytes:76
13:20:52.0 (618003271)|USER_DEBUG|[84]|DEBUG|LUMEN Response Body: {"success":false,"error":"champion_model not provided"}
13:20:52.0 (618034161)|STATEMENT_EXECUTE|[86]
13:20:52.0 (618036501)|STATEMENT_EXECUTE|[87]
13:20:52.0 (618039312)|HEAP_ALLOCATE|[87]|Bytes:39
13:20:52.0 (618063012)|USER_DEBUG|[87]|DEBUG|===== v2.8.0 PROMOTED TO CHAMPION =====
13:20:52.0 (618070442)|STATEMENT_EXECUTE|[90]
13:20:52.0 (643406717)|HEAP_ALLOCATE|[90]|Bytes:44
13:20:52.0 (643453998)|VARIABLE_SCOPE_BEGIN|[90]|config|Loom_Config__c|true|false
13:20:52.0 (643669802)|VARIABLE_ASSIGNMENT|[90]|config|{"LastModifiedDate":"2026-05-26T20:19:35.000Z","IsDeleted":false,"CreatedById":"005dM00000bGQNpQAO","CreatedDate":"2026-05-26T14:15:32.000Z","Id":"a0OdM00000QHtsLUAT","LastModifiedById":"005dM00000bGQNpQAO","SetupOwnerId":"00DdM00000wFcrbUAC","Champion_Model_Version__c":"v2.8.0","Name":"a0OdM00000QHtsL","SystemModstamp":"2026-05-26T20:19:35.000Z"}|0x5150b691
13:20:52.0 (643681633)|STATEMENT_EXECUTE|[91]
13:20:52.0 (643816276)|VARIABLE_ASSIGNMENT|[91]|this.Champion_Model_Version__c|"v2.8.0"|0x5150b691
13:20:52.0 (643823026)|STATEMENT_EXECUTE|[92]
13:20:52.0 (643916928)|HEAP_ALLOCATE|[92]|Bytes:8
13:20:52.0 (643955669)|DML_BEGIN|[92]|Op:Upsert|Type:Loom_Config__c|Rows:1
13:20:52.0 (643998470)|HEAP_ALLOCATE|[EXTERNAL]|Bytes:8
13:20:52.0 (700881198)|DML_END|[92]
13:20:52.0 (701798448)|STATEMENT_EXECUTE|[93]
13:20:52.0 (701810378)|HEAP_ALLOCATE|[93]|Bytes:58
13:20:52.0 (701884910)|USER_DEBUG|[93]|DEBUG|Custom setting updated: Champion_Model_Version__c = v2.8.0
13:20:52.0 (701899910)|STATEMENT_EXECUTE|[95]
13:20:52.0 (701923271)|HEAP_ALLOCATE|[95]|Bytes:4
13:20:52.0 (701933391)|HEAP_ALLOCATE|[96]|Bytes:7
13:20:52.0 (702024543)|HEAP_ALLOCATE|[95]|Bytes:5
13:20:52.0 (702042423)|HEAP_ALLOCATE|[97]|Bytes:7
13:20:52.0 (702047393)|HEAP_ALLOCATE|[97]|Bytes:27
13:20:52.0 (702059584)|HEAP_ALLOCATE|[98]|Bytes:8
13:20:52.0 (702070664)|HEAP_ALLOCATE|[99]|Bytes:13
13:20:52.0 (702074894)|HEAP_ALLOCATE|[99]|Bytes:6
13:20:52.731 (731492009)|CUMULATIVE_LIMIT_USAGE
13:20:52.731 (731492009)|LIMIT_USAGE_FOR_NS|(default)|
  Number of SOQL queries: 0 out of 100
  Number of query rows: 0 out of 50000
  Number of SOSL queries: 0 out of 20
  Number of DML statements: 1 out of 150
  Number of Publish Immediate DML: 0 out of 150
  Number of DML rows: 1 out of 10000
  Maximum CPU time: 0 out of 10000
  Maximum heap size: 0 out of 6000000
  Number of callouts: 1 out of 100
  Number of Email Invocations: 0 out of 10
  Number of future calls: 0 out of 50
  Number of queueable jobs added to the queue: 0 out of 50
  Number of Mobile Apex push calls: 0 out of 10

13:20:52.731 (731492009)|CUMULATIVE_LIMIT_USAGE_END

13:20:52.0 (731531370)|CODE_UNIT_FINISHED|ObserveTuneController.approveTuneAndPromote()
13:20:52.0 (731783556)|CODE_UNIT_FINISHED|apex://ObserveTuneController/ACTION$approveTuneAndPromote
13:20:52.0 (731792066)|EXECUTION_FINISHED
