66.0 APEX_CODE,FINEST;APEX_PROFILING,INFO;CALLOUT,INFO;DATA_ACCESS,INFO;DB,INFO;NBA,INFO;SYSTEM,DEBUG;VALIDATION,INFO;VISUALFORCE,INFO;WAVE,INFO;WORKFLOW,INFO
11:57:23.1 (1094547)|USER_INFO|[EXTERNAL]|005dM00000bGQNp|pmandy.f7098e8d67c2@agentforce.com|(GMT-07:00) Pacific Daylight Time (America/Los_Angeles)|GMT-07:00
11:57:23.1 (1155998)|EXECUTION_STARTED
11:57:23.1 (1181369)|CODE_UNIT_STARTED|[EXTERNAL]|apex://ObserveTuneController/ACTION$getTuneData
11:57:23.1 (2444301)|CODE_UNIT_STARTED|[EXTERNAL]|01pdM00000WohAb|ObserveTuneController.getTuneData()
11:57:23.1 (4630175)|HEAP_ALLOCATE|[95]|Bytes:3
11:57:23.1 (4741578)|HEAP_ALLOCATE|[100]|Bytes:152
11:57:23.1 (4758408)|HEAP_ALLOCATE|[417]|Bytes:408
11:57:23.1 (4773169)|HEAP_ALLOCATE|[430]|Bytes:408
11:57:23.1 (4797239)|HEAP_ALLOCATE|[317]|Bytes:6
11:57:23.1 (4848090)|HEAP_ALLOCATE|[EXTERNAL]|Bytes:8
11:57:23.1 (4856432)|HEAP_ALLOCATE|[EXTERNAL]|Bytes:22
11:57:23.1 (4883411)|METHOD_ENTRY|[1]|01pdM00000WohAb|ObserveTuneController.ObserveTuneController()
11:57:23.1 (4899932)|STATEMENT_EXECUTE|[1]
11:57:23.1 (4911572)|STATEMENT_EXECUTE|[1]
11:57:23.1 (4932754)|HEAP_ALLOCATE|[68]|Bytes:5
11:57:23.1 (4971675)|HEAP_ALLOCATE|[74]|Bytes:5
11:57:23.1 (4980814)|HEAP_ALLOCATE|[82]|Bytes:7
11:57:23.1 (5340204)|HEAP_ALLOCATE|[EXTERNAL]|Bytes:5
11:57:23.1 (5365873)|METHOD_EXIT|[1]|ObserveTuneController
11:57:23.1 (5379944)|HEAP_ALLOCATE|[5]|Bytes:5
11:57:23.1 (5385424)|STATEMENT_EXECUTE|[4]
11:57:23.1 (5388085)|STATEMENT_EXECUTE|[5]
11:57:23.1 (5390024)|STATEMENT_EXECUTE|[5]
11:57:23.1 (5392114)|STATEMENT_EXECUTE|[6]
11:57:23.1 (5407365)|HEAP_ALLOCATE|[6]|Bytes:4
11:57:23.1 (5437135)|VARIABLE_SCOPE_BEGIN|[6]|data|Map<String,ANY>|true|false
11:57:23.1 (5530368)|VARIABLE_ASSIGNMENT|[6]|data|{}|0x2c14470f
11:57:23.1 (5537129)|STATEMENT_EXECUTE|[9]
11:57:23.1 (5570889)|HEAP_ALLOCATE|[9]|Bytes:4
11:57:23.1 (5639920)|HEAP_ALLOCATE|[10]|Bytes:4
11:57:23.1 (5647720)|HEAP_ALLOCATE|[11]|Bytes:4
11:57:23.1 (5652190)|HEAP_ALLOCATE|[11]|Bytes:13
11:57:23.1 (5717242)|HEAP_ALLOCATE|[12]|Bytes:6
11:57:23.1 (5722613)|HEAP_ALLOCATE|[12]|Bytes:5
11:57:23.1 (5734463)|HEAP_ALLOCATE|[13]|Bytes:7
11:57:23.1 (5744843)|HEAP_ALLOCATE|[10]|Bytes:4
11:57:23.1 (5793084)|HEAP_ALLOCATE|[14]|Bytes:7
11:57:23.1 (5797935)|HEAP_ALLOCATE|[14]|Bytes:18
11:57:23.1 (5809224)|HEAP_ALLOCATE|[15]|Bytes:9
11:57:23.1 (5813394)|HEAP_ALLOCATE|[15]|Bytes:179
11:57:23.1 (5833865)|HEAP_ALLOCATE|[17]|Bytes:4
11:57:23.1 (5840355)|HEAP_ALLOCATE|[18]|Bytes:11
11:57:23.1 (5864937)|HEAP_ALLOCATE|[19]|Bytes:14
11:57:23.1 (5881257)|HEAP_ALLOCATE|[17]|Bytes:4
11:57:23.1 (5892866)|HEAP_ALLOCATE|[21]|Bytes:9
11:57:23.1 (5904197)|HEAP_ALLOCATE|[22]|Bytes:81
11:57:23.1 (5918867)|VARIABLE_SCOPE_BEGIN|[9]|cohortLeads|List<Map<String,ANY>>|true|false
11:57:23.1 (5966478)|HEAP_ALLOCATE|[EXTERNAL]|Bytes:12
11:57:23.1 (6009729)|VARIABLE_ASSIGNMENT|[9]|cohortLeads|[{"name":"Jennifer Park","status":"Bound","daysAgo":3,"verdict":"Decision Confirmed","reasoning":"Act classified Pursu (159 more) ..."},{"name":"Marcus Reed","status":"Window Timeout","daysAgo":5,"verdict":"No-Signal","reasoning":"Still in nurture win (61 more) ..."}]|0x25719327
11:57:23.1 (6017950)|STATEMENT_EXECUTE|[27]
11:57:23.1 (6026581)|HEAP_ALLOCATE|[27]|Bytes:4
11:57:23.1 (6045750)|HEAP_ALLOCATE|[28]|Bytes:4
11:57:23.1 (6051920)|HEAP_ALLOCATE|[29]|Bytes:5
11:57:23.1 (6056411)|HEAP_ALLOCATE|[29]|Bytes:99
11:57:23.1 (6080921)|HEAP_ALLOCATE|[30]|Bytes:6
11:57:23.1 (6085542)|HEAP_ALLOCATE|[30]|Bytes:46
11:57:23.1 (6096463)|HEAP_ALLOCATE|[31]|Bytes:6
11:57:23.1 (6101543)|HEAP_ALLOCATE|[31]|Bytes:24
11:57:23.1 (6117423)|HEAP_ALLOCATE|[33]|Bytes:4
11:57:23.1 (6123092)|HEAP_ALLOCATE|[34]|Bytes:72
11:57:23.1 (6144773)|HEAP_ALLOCATE|[35]|Bytes:21
11:57:23.1 (6157353)|HEAP_ALLOCATE|[36]|Bytes:24
11:57:23.1 (6173113)|HEAP_ALLOCATE|[38]|Bytes:4
11:57:23.1 (6179305)|HEAP_ALLOCATE|[39]|Bytes:78
11:57:23.1 (6200834)|HEAP_ALLOCATE|[40]|Bytes:55
11:57:23.1 (6212554)|HEAP_ALLOCATE|[41]|Bytes:25
11:57:23.1 (6225555)|VARIABLE_SCOPE_BEGIN|[27]|proposals|List<Map<String,ANY>>|true|false
11:57:23.1 (6244685)|HEAP_ALLOCATE|[EXTERNAL]|Bytes:16
11:57:23.1 (6264756)|VARIABLE_ASSIGNMENT|[27]|proposals|[{"title":"EverQuote source · P (79 more) ...","impact":"312 confirmed verdic (26 more) ...","change":"Tighten Pursue thres (4 more) ..."},{"title":"Household-match sign (52 more) ...","impact":"89 verdicts confirme (1 more) ...","change":"Increase weighting + (4 more) ..."},{"title":"New pattern: VINs >  (58 more) ...","impact":"Convert at 6.8% vs 1 (35 more) ...","change":"Recommend Nurture de (5 more) ..."}]|0x103b30f8
11:57:23.1 (6273187)|STATEMENT_EXECUTE|[45]
11:57:23.1 (6278196)|HEAP_ALLOCATE|[45]|Bytes:4
11:57:23.1 (6285016)|HEAP_ALLOCATE|[46]|Bytes:10
11:57:23.1 (6289136)|HEAP_ALLOCATE|[46]|Bytes:10
11:57:23.1 (6313097)|HEAP_ALLOCATE|[47]|Bytes:8
11:57:23.1 (6317817)|HEAP_ALLOCATE|[47]|Bytes:10
11:57:23.1 (6328457)|HEAP_ALLOCATE|[48]|Bytes:12
11:57:23.1 (6336978)|HEAP_ALLOCATE|[45]|Bytes:4
11:57:23.1 (6348678)|HEAP_ALLOCATE|[49]|Bytes:9
11:57:23.1 (6360478)|HEAP_ALLOCATE|[50]|Bytes:12
11:57:23.1 (6364858)|HEAP_ALLOCATE|[50]|Bytes:4
11:57:23.1 (6375288)|HEAP_ALLOCATE|[51]|Bytes:12
11:57:23.1 (6379470)|HEAP_ALLOCATE|[51]|Bytes:4
11:57:23.1 (6389639)|HEAP_ALLOCATE|[52]|Bytes:13
11:57:23.1 (6396739)|HEAP_ALLOCATE|[52]|Bytes:68
11:57:23.1 (6407479)|VARIABLE_SCOPE_BEGIN|[45]|tuneProposal|Map<String,ANY>|true|false
11:57:23.1 (6425480)|VARIABLE_ASSIGNMENT|[45]|tuneProposal|"Map of size 7 too large to display"|0x161f1114
11:57:23.1 (6430500)|STATEMENT_EXECUTE|[55]
11:57:23.1 (6433970)|HEAP_ALLOCATE|[55]|Bytes:11
11:57:23.1 (6468091)|HEAP_ALLOCATE|[EXTERNAL]|Bytes:-4
11:57:23.1 (6476101)|STATEMENT_EXECUTE|[56]
11:57:23.1 (6478971)|HEAP_ALLOCATE|[56]|Bytes:12
11:57:23.1 (6497682)|HEAP_ALLOCATE|[EXTERNAL]|Bytes:-4
11:57:23.1 (6504793)|STATEMENT_EXECUTE|[57]
11:57:23.1 (6507962)|HEAP_ALLOCATE|[57]|Bytes:7
11:57:23.1 (6535022)|HEAP_ALLOCATE|[57]|Bytes:5
11:57:23.1 (6540963)|HEAP_ALLOCATE|[EXTERNAL]|Bytes:-4
11:57:23.1 (6548063)|STATEMENT_EXECUTE|[59]
11:57:23.6 (6611454)|CUMULATIVE_LIMIT_USAGE
11:57:23.6 (6611454)|LIMIT_USAGE_FOR_NS|(default)|
  Number of SOQL queries: 0 out of 100
  Number of query rows: 0 out of 50000
  Number of SOSL queries: 0 out of 20
  Number of DML statements: 0 out of 150
  Number of Publish Immediate DML: 0 out of 150
  Number of DML rows: 0 out of 10000
  Maximum CPU time: 0 out of 10000
  Maximum heap size: 0 out of 6000000
  Number of callouts: 0 out of 100
  Number of Email Invocations: 0 out of 10
  Number of future calls: 0 out of 50
  Number of queueable jobs added to the queue: 0 out of 50
  Number of Mobile Apex push calls: 0 out of 10

11:57:23.6 (6611454)|CUMULATIVE_LIMIT_USAGE_END

11:57:23.1 (6655365)|CODE_UNIT_FINISHED|ObserveTuneController.getTuneData()
11:57:23.1 (6922972)|CODE_UNIT_FINISHED|apex://ObserveTuneController/ACTION$getTuneData
11:57:23.1 (6935072)|EXECUTION_FINISHED
