66.0 APEX_CODE,FINEST;APEX_PROFILING,INFO;CALLOUT,INFO;DATA_ACCESS,INFO;DB,INFO;NBA,INFO;SYSTEM,DEBUG;VALIDATION,INFO;VISUALFORCE,INFO;WAVE,INFO;WORKFLOW,INFO
13:17:25.4 (4395324)|USER_INFO|[EXTERNAL]|005dM00000bGQNp|pmandy.f7098e8d67c2@agentforce.com|(GMT-07:00) Pacific Daylight Time (America/Los_Angeles)|GMT-07:00
13:17:25.4 (4480986)|EXECUTION_STARTED
13:17:25.4 (4534367)|CODE_UNIT_STARTED|[EXTERNAL]|apex://ObserveTuneController/ACTION$getTuneData
13:17:25.4 (6188486)|CODE_UNIT_STARTED|[EXTERNAL]|01pdM00000WohAb|ObserveTuneController.getTuneData()
13:17:25.4 (8087741)|HEAP_ALLOCATE|[95]|Bytes:3
13:17:25.4 (8388668)|HEAP_ALLOCATE|[100]|Bytes:152
13:17:25.4 (8433499)|HEAP_ALLOCATE|[417]|Bytes:408
13:17:25.4 (8457409)|HEAP_ALLOCATE|[430]|Bytes:408
13:17:25.4 (8534531)|HEAP_ALLOCATE|[317]|Bytes:6
13:17:25.4 (8666734)|HEAP_ALLOCATE|[EXTERNAL]|Bytes:8
13:17:25.4 (8678925)|HEAP_ALLOCATE|[EXTERNAL]|Bytes:22
13:17:25.4 (8711505)|METHOD_ENTRY|[1]|01pdM00000WohAb|ObserveTuneController.ObserveTuneController()
13:17:25.4 (8736336)|STATEMENT_EXECUTE|[1]
13:17:25.4 (8755176)|STATEMENT_EXECUTE|[1]
13:17:25.4 (8819828)|HEAP_ALLOCATE|[68]|Bytes:5
13:17:25.4 (8920180)|HEAP_ALLOCATE|[74]|Bytes:5
13:17:25.4 (8937311)|HEAP_ALLOCATE|[82]|Bytes:7
13:17:25.4 (9542965)|HEAP_ALLOCATE|[EXTERNAL]|Bytes:5
13:17:25.4 (9587746)|METHOD_EXIT|[1]|ObserveTuneController
13:17:25.4 (9625497)|HEAP_ALLOCATE|[5]|Bytes:5
13:17:25.4 (9633727)|STATEMENT_EXECUTE|[4]
13:17:25.4 (9637307)|STATEMENT_EXECUTE|[5]
13:17:25.4 (9640107)|STATEMENT_EXECUTE|[5]
13:17:25.4 (9643067)|STATEMENT_EXECUTE|[6]
13:17:25.4 (9707039)|HEAP_ALLOCATE|[6]|Bytes:4
13:17:25.4 (9762550)|VARIABLE_SCOPE_BEGIN|[6]|data|Map<String,ANY>|true|false
13:17:25.4 (9871503)|VARIABLE_ASSIGNMENT|[6]|data|{}|0x5a5a832b
13:17:25.4 (9880043)|STATEMENT_EXECUTE|[9]
13:17:25.4 (9935974)|HEAP_ALLOCATE|[9]|Bytes:4
13:17:25.4 (10047187)|HEAP_ALLOCATE|[10]|Bytes:4
13:17:25.4 (10055337)|HEAP_ALLOCATE|[11]|Bytes:4
13:17:25.4 (10060047)|HEAP_ALLOCATE|[11]|Bytes:13
13:17:25.4 (10185300)|HEAP_ALLOCATE|[12]|Bytes:6
13:17:25.4 (10192530)|HEAP_ALLOCATE|[12]|Bytes:5
13:17:25.4 (10205531)|HEAP_ALLOCATE|[13]|Bytes:7
13:17:25.4 (10229411)|HEAP_ALLOCATE|[10]|Bytes:4
13:17:25.4 (10338464)|HEAP_ALLOCATE|[14]|Bytes:7
13:17:25.4 (10347854)|HEAP_ALLOCATE|[14]|Bytes:18
13:17:25.4 (10366324)|HEAP_ALLOCATE|[15]|Bytes:9
13:17:25.4 (10375525)|HEAP_ALLOCATE|[15]|Bytes:179
13:17:25.4 (10420296)|HEAP_ALLOCATE|[17]|Bytes:4
13:17:25.4 (10429376)|HEAP_ALLOCATE|[18]|Bytes:11
13:17:25.4 (10467987)|HEAP_ALLOCATE|[19]|Bytes:14
13:17:25.4 (10486907)|HEAP_ALLOCATE|[17]|Bytes:4
13:17:25.4 (10507888)|HEAP_ALLOCATE|[21]|Bytes:9
13:17:25.4 (10527148)|HEAP_ALLOCATE|[22]|Bytes:81
13:17:25.4 (10551129)|VARIABLE_SCOPE_BEGIN|[9]|cohortLeads|List<Map<String,ANY>>|true|false
13:17:25.4 (10752994)|HEAP_ALLOCATE|[EXTERNAL]|Bytes:12
13:17:25.4 (10816985)|VARIABLE_ASSIGNMENT|[9]|cohortLeads|[{"name":"Jennifer Park","status":"Bound","daysAgo":3,"verdict":"Decision Confirmed","reasoning":"Act classified Pursu (159 more) ..."},{"name":"Marcus Reed","status":"Window Timeout","daysAgo":5,"verdict":"No-Signal","reasoning":"Still in nurture win (61 more) ..."}]|0x2009311a
13:17:25.4 (10833496)|STATEMENT_EXECUTE|[27]
13:17:25.4 (10856726)|HEAP_ALLOCATE|[27]|Bytes:4
13:17:25.4 (10918678)|HEAP_ALLOCATE|[28]|Bytes:4
13:17:25.4 (10930778)|HEAP_ALLOCATE|[29]|Bytes:5
13:17:25.4 (10937318)|HEAP_ALLOCATE|[29]|Bytes:99
13:17:25.4 (10979299)|HEAP_ALLOCATE|[30]|Bytes:6
13:17:25.4 (10989109)|HEAP_ALLOCATE|[30]|Bytes:46
13:17:25.4 (11003720)|HEAP_ALLOCATE|[31]|Bytes:6
13:17:25.4 (11017650)|HEAP_ALLOCATE|[31]|Bytes:24
13:17:25.4 (11042210)|HEAP_ALLOCATE|[33]|Bytes:4
13:17:25.4 (11051371)|HEAP_ALLOCATE|[34]|Bytes:72
13:17:25.4 (11088432)|HEAP_ALLOCATE|[35]|Bytes:21
13:17:25.4 (11106642)|HEAP_ALLOCATE|[36]|Bytes:24
13:17:25.4 (11136853)|HEAP_ALLOCATE|[38]|Bytes:4
13:17:25.4 (11149333)|HEAP_ALLOCATE|[39]|Bytes:78
13:17:25.4 (11195464)|HEAP_ALLOCATE|[40]|Bytes:55
13:17:25.4 (11216745)|HEAP_ALLOCATE|[41]|Bytes:25
13:17:25.4 (11252655)|VARIABLE_SCOPE_BEGIN|[27]|proposals|List<Map<String,ANY>>|true|false
13:17:25.4 (11295706)|HEAP_ALLOCATE|[EXTERNAL]|Bytes:16
13:17:25.4 (11330297)|VARIABLE_ASSIGNMENT|[27]|proposals|[{"title":"EverQuote source · P (79 more) ...","impact":"312 confirmed verdic (26 more) ...","change":"Tighten Pursue thres (4 more) ..."},{"title":"Household-match sign (52 more) ...","impact":"89 verdicts confirme (1 more) ...","change":"Increase weighting + (4 more) ..."},{"title":"New pattern: VINs >  (58 more) ...","impact":"Convert at 6.8% vs 1 (35 more) ...","change":"Recommend Nurture de (5 more) ..."}]|0x3990c771
13:17:25.4 (11348158)|STATEMENT_EXECUTE|[45]
13:17:25.4 (11359798)|HEAP_ALLOCATE|[45]|Bytes:4
13:17:25.4 (11372308)|HEAP_ALLOCATE|[46]|Bytes:10
13:17:25.4 (11377738)|HEAP_ALLOCATE|[46]|Bytes:10
13:17:25.4 (11407359)|HEAP_ALLOCATE|[47]|Bytes:8
13:17:25.4 (11412189)|HEAP_ALLOCATE|[47]|Bytes:10
13:17:25.4 (11424249)|HEAP_ALLOCATE|[48]|Bytes:12
13:17:25.4 (11441960)|HEAP_ALLOCATE|[45]|Bytes:4
13:17:25.4 (11462640)|HEAP_ALLOCATE|[49]|Bytes:9
13:17:25.4 (11474821)|HEAP_ALLOCATE|[50]|Bytes:12
13:17:25.4 (11479341)|HEAP_ALLOCATE|[50]|Bytes:4
13:17:25.4 (11489911)|HEAP_ALLOCATE|[51]|Bytes:12
13:17:25.4 (11493811)|HEAP_ALLOCATE|[51]|Bytes:4
13:17:25.4 (11504291)|HEAP_ALLOCATE|[52]|Bytes:13
13:17:25.4 (11508381)|HEAP_ALLOCATE|[52]|Bytes:68
13:17:25.4 (11521042)|VARIABLE_SCOPE_BEGIN|[45]|tuneProposal|Map<String,ANY>|true|false
13:17:25.4 (11539402)|VARIABLE_ASSIGNMENT|[45]|tuneProposal|"Map of size 7 too large to display"|0x144c1fe9
13:17:25.4 (11543822)|STATEMENT_EXECUTE|[55]
13:17:25.4 (11546832)|HEAP_ALLOCATE|[55]|Bytes:11
13:17:25.4 (11579643)|HEAP_ALLOCATE|[EXTERNAL]|Bytes:-4
13:17:25.4 (11587403)|STATEMENT_EXECUTE|[56]
13:17:25.4 (11590693)|HEAP_ALLOCATE|[56]|Bytes:12
13:17:25.4 (11606754)|HEAP_ALLOCATE|[EXTERNAL]|Bytes:-4
13:17:25.4 (11614664)|STATEMENT_EXECUTE|[57]
13:17:25.4 (11618014)|HEAP_ALLOCATE|[57]|Bytes:7
13:17:25.4 (11660475)|HEAP_ALLOCATE|[57]|Bytes:5
13:17:25.4 (11668765)|HEAP_ALLOCATE|[EXTERNAL]|Bytes:-4
13:17:25.4 (11676025)|STATEMENT_EXECUTE|[59]
13:17:25.11 (11791048)|CUMULATIVE_LIMIT_USAGE
13:17:25.11 (11791048)|LIMIT_USAGE_FOR_NS|(default)|
  Number of SOQL queries: 0 out of 100
  Number of query rows: 0 out of 50000
  Number of SOSL queries: 0 out of 20
  Number of DML statements: 0 out of 150
  Number of Publish Immediate DML: 0 out of 150
  Number of DML rows: 0 out of 10000
  Maximum CPU time: 0 out of 10000
  Maximum heap size: 0 out of 6000000
  Number of callouts: 0 out of 100
  Number of Email Invocations: 0 out of 10
  Number of future calls: 0 out of 50
  Number of queueable jobs added to the queue: 0 out of 50
  Number of Mobile Apex push calls: 0 out of 10

13:17:25.11 (11791048)|CUMULATIVE_LIMIT_USAGE_END

13:17:25.4 (11857240)|CODE_UNIT_FINISHED|ObserveTuneController.getTuneData()
13:17:25.4 (12159747)|CODE_UNIT_FINISHED|apex://ObserveTuneController/ACTION$getTuneData
13:17:25.4 (12172177)|EXECUTION_FINISHED
