66.0 APEX_CODE,FINEST;APEX_PROFILING,INFO;CALLOUT,INFO;DATA_ACCESS,INFO;DB,INFO;NBA,INFO;SYSTEM,DEBUG;VALIDATION,INFO;VISUALFORCE,INFO;WAVE,INFO;WORKFLOW,INFO
12:48:32.2 (2739581)|EXECUTION_STARTED
12:48:32.2 (2803853)|CODE_UNIT_STARTED|[EXTERNAL]|VisualForce View State
12:48:32.2 (46094271)|CODE_UNIT_FINISHED|VisualForce View State
12:48:32.2 (46122902)|EXECUTION_FINISHED
12:48:32.60 (60136145)|SYSTEM_MODE_ENTER|false
12:48:32.130 (130494069)|CUMULATIVE_LIMIT_USAGE
12:48:32.130 (130494069)|LIMIT_USAGE_FOR_NS|(default)|
  Number of SOQL queries: 0 out of 100
  Number of query rows: 0 out of 50000
  Number of SOSL queries: 0 out of 20
  Number of DML statements: 0 out of 150
  Number of Publish Immediate DML: 0 out of 150
  Number of DML rows: 0 out of 10000
  Maximum CPU time: 0 out of 10000
  Maximum heap size: 0 out of 6000000
  Number of callouts: 0 out of 100
  Number of Email Invocations: 0 out of 10
  Number of future calls: 0 out of 50
  Number of queueable jobs added to the queue: 0 out of 50
  Number of Mobile Apex push calls: 0 out of 10

12:48:32.130 (130494069)|CUMULATIVE_LIMIT_USAGE_END

