66.0 APEX_CODE,FINEST;APEX_PROFILING,INFO;CALLOUT,INFO;DATA_ACCESS,INFO;DB,INFO;NBA,INFO;SYSTEM,DEBUG;VALIDATION,INFO;VISUALFORCE,INFO;WAVE,INFO;WORKFLOW,INFO
13:30:34.1 (1513941)|USER_INFO|[EXTERNAL]|005dM00000bGQNp|pmandy.f7098e8d67c2@agentforce.com|(GMT-07:00) Pacific Daylight Time (America/Los_Angeles)|GMT-07:00
13:30:34.1 (1580305)|EXECUTION_STARTED
13:30:34.1 (1605186)|CODE_UNIT_STARTED|[EXTERNAL]|apex://ObserveTuneController/ACTION$approveTuneAndPromote
13:30:34.1 (3057205)|CODE_UNIT_STARTED|[EXTERNAL]|01pdM00000WohAb|ObserveTuneController.approveTuneAndPromote()
13:30:34.1 (3396112)|HEAP_ALLOCATE|[95]|Bytes:3
13:30:34.1 (3515718)|HEAP_ALLOCATE|[100]|Bytes:152
13:30:34.1 (3533930)|HEAP_ALLOCATE|[417]|Bytes:408
13:30:34.1 (3553511)|HEAP_ALLOCATE|[430]|Bytes:408
13:30:34.1 (3580303)|HEAP_ALLOCATE|[317]|Bytes:6
13:30:34.1 (3636946)|HEAP_ALLOCATE|[EXTERNAL]|Bytes:8
13:30:34.1 (3643445)|HEAP_ALLOCATE|[EXTERNAL]|Bytes:22
13:30:34.1 (3667558)|METHOD_ENTRY|[1]|01pdM00000WohAb|ObserveTuneController.ObserveTuneController()
13:30:34.1 (3683698)|STATEMENT_EXECUTE|[1]
13:30:34.1 (3694839)|STATEMENT_EXECUTE|[1]
13:30:34.1 (3716040)|HEAP_ALLOCATE|[68]|Bytes:5
13:30:34.1 (3755632)|HEAP_ALLOCATE|[74]|Bytes:5
13:30:34.1 (3766203)|HEAP_ALLOCATE|[82]|Bytes:7
13:30:34.1 (4088090)|HEAP_ALLOCATE|[EXTERNAL]|Bytes:5
13:30:34.1 (4114262)|METHOD_EXIT|[1]|ObserveTuneController
13:30:34.1 (4127271)|HEAP_ALLOCATE|[67]|Bytes:5
13:30:34.1 (4133263)|STATEMENT_EXECUTE|[66]
13:30:34.1 (4136003)|STATEMENT_EXECUTE|[67]
13:30:34.1 (4138003)|STATEMENT_EXECUTE|[67]
13:30:34.1 (4140023)|STATEMENT_EXECUTE|[68]
13:30:34.1 (4143192)|HEAP_ALLOCATE|[68]|Bytes:41
13:30:34.1 (4211257)|USER_DEBUG|[68]|DEBUG|===== APPROVE TUNE & PROMOTE v2.8.0 =====
13:30:34.1 (4227338)|STATEMENT_EXECUTE|[71]
13:30:34.1 (4253909)|VARIABLE_SCOPE_BEGIN|[71]|req|System.HttpRequest|true|false
13:30:34.1 (4546485)|VARIABLE_ASSIGNMENT|[71]|req|"System.HttpRequest[Endpoint=null, Method=null]"|0x772950
13:30:34.1 (4553865)|STATEMENT_EXECUTE|[72]
13:30:34.1 (4557935)|HEAP_ALLOCATE|[72]|Bytes:42
13:30:34.1 (4619589)|STATEMENT_EXECUTE|[73]
13:30:34.1 (4623289)|HEAP_ALLOCATE|[73]|Bytes:4
13:30:34.1 (4647771)|STATEMENT_EXECUTE|[74]
13:30:34.1 (4650891)|HEAP_ALLOCATE|[74]|Bytes:12
13:30:34.1 (4656591)|HEAP_ALLOCATE|[74]|Bytes:16
13:30:34.1 (4678772)|STATEMENT_EXECUTE|[75]
13:30:34.1 (4695502)|HEAP_ALLOCATE|[75]|Bytes:4
13:30:34.1 (4713503)|HEAP_ALLOCATE|[76]|Bytes:12
13:30:34.1 (4718034)|HEAP_ALLOCATE|[76]|Bytes:6
13:30:34.1 (4807159)|HEAP_ALLOCATE|[77]|Bytes:6
13:30:34.1 (4813779)|HEAP_ALLOCATE|[77]|Bytes:45
13:30:34.1 (4854351)|HEAP_ALLOCATE|[75]|Bytes:24
13:30:34.1 (4864262)|SYSTEM_METHOD_ENTRY|[1]|JSON.JSON()
13:30:34.1 (4868092)|STATEMENT_EXECUTE|[1]
13:30:34.1 (4876373)|SYSTEM_METHOD_EXIT|[1]|JSON
13:30:34.1 (4896454)|METHOD_ENTRY|[75]||System.JSON.serialize(Object)
13:30:34.1 (7272881)|METHOD_EXIT|[75]||System.JSON.serialize(Object)
13:30:34.1 (7324115)|STATEMENT_EXECUTE|[80]
13:30:34.1 (7340125)|VARIABLE_SCOPE_BEGIN|[80]|http|System.Http|true|false
13:30:34.1 (7420710)|VARIABLE_ASSIGNMENT|[80]|http|"System.Http[]"|0xadd43bc
13:30:34.1 (7426511)|STATEMENT_EXECUTE|[81]
13:30:34.1 (7577538)|CALLOUT_REQUEST|[81]|System.HttpRequest[Endpoint=http://146.190.153.46:9000/update-champion, Method=POST]
13:30:34.1 (631103758)|HEAP_ALLOCATE|[EXTERNAL]|Bytes:292
13:30:34.1 (632614980)|CALLOUT_RESPONSE|[81]|System.HttpResponse[Status=OK, StatusCode=200]
13:30:34.1 (632642202)|HEAP_ALLOCATE|[81]|Bytes:61
13:30:34.1 (632672663)|VARIABLE_SCOPE_BEGIN|[81]|res|System.HttpResponse|true|false
13:30:34.1 (632782549)|VARIABLE_ASSIGNMENT|[81]|res|"System.HttpResponse[Status=OK, StatusCode=200]"|0xac6fdcf
13:30:34.1 (632789569)|STATEMENT_EXECUTE|[83]
13:30:34.1 (632796130)|HEAP_ALLOCATE|[83]|Bytes:23
13:30:34.1 (632903446)|HEAP_ALLOCATE|[83]|Bytes:3
13:30:34.1 (632926037)|HEAP_ALLOCATE|[83]|Bytes:26
13:30:34.1 (632951107)|USER_DEBUG|[83]|DEBUG|LUMEN Response Status: 200
13:30:34.1 (632962419)|STATEMENT_EXECUTE|[84]
13:30:34.1 (632966399)|HEAP_ALLOCATE|[84]|Bytes:21
13:30:34.1 (632990280)|HEAP_ALLOCATE|[84]|Bytes:55
13:30:34.1 (633000131)|HEAP_ALLOCATE|[84]|Bytes:76
13:30:34.1 (633011670)|USER_DEBUG|[84]|DEBUG|LUMEN Response Body: {"success":false,"error":"champion_model not provided"}
13:30:34.1 (633036773)|STATEMENT_EXECUTE|[86]
13:30:34.1 (633039223)|STATEMENT_EXECUTE|[87]
13:30:34.1 (633042163)|HEAP_ALLOCATE|[87]|Bytes:39
13:30:34.1 (633062864)|USER_DEBUG|[87]|DEBUG|===== v2.8.0 PROMOTED TO CHAMPION =====
13:30:34.1 (633070965)|STATEMENT_EXECUTE|[90]
13:30:34.1 (652002547)|HEAP_ALLOCATE|[90]|Bytes:44
13:30:34.1 (652050570)|VARIABLE_SCOPE_BEGIN|[90]|config|Loom_Config__c|true|false
13:30:34.1 (652304403)|VARIABLE_ASSIGNMENT|[90]|config|{"LastModifiedDate":"2026-05-26T20:27:29.000Z","IsDeleted":false,"CreatedById":"005dM00000bGQNpQAO","CreatedDate":"2026-05-26T14:15:32.000Z","Id":"a0OdM00000QHtsLUAT","LastModifiedById":"005dM00000bGQNpQAO","SetupOwnerId":"00DdM00000wFcrbUAC","Champion_Model_Version__c":"v2.8.0","Name":"a0OdM00000QHtsL","SystemModstamp":"2026-05-26T20:27:29.000Z"}|0x688d4903
13:30:34.1 (652318304)|STATEMENT_EXECUTE|[91]
13:30:34.1 (652552347)|VARIABLE_ASSIGNMENT|[91]|this.Champion_Model_Version__c|"v2.8.0"|0x688d4903
13:30:34.1 (652561566)|STATEMENT_EXECUTE|[92]
13:30:34.1 (652622320)|HEAP_ALLOCATE|[92]|Bytes:8
13:30:34.1 (652650352)|DML_BEGIN|[92]|Op:Upsert|Type:Loom_Config__c|Rows:1
13:30:34.1 (652699705)|HEAP_ALLOCATE|[EXTERNAL]|Bytes:8
13:30:34.1 (698638574)|DML_END|[92]
13:30:34.1 (698923611)|STATEMENT_EXECUTE|[93]
13:30:34.1 (698933150)|HEAP_ALLOCATE|[93]|Bytes:58
13:30:34.1 (698993294)|USER_DEBUG|[93]|DEBUG|Custom setting updated: Champion_Model_Version__c = v2.8.0
13:30:34.1 (699004665)|STATEMENT_EXECUTE|[95]
13:30:34.1 (699023046)|HEAP_ALLOCATE|[95]|Bytes:4
13:30:34.1 (699033687)|HEAP_ALLOCATE|[96]|Bytes:7
13:30:34.1 (699089260)|HEAP_ALLOCATE|[95]|Bytes:5
13:30:34.1 (699102090)|HEAP_ALLOCATE|[97]|Bytes:7
13:30:34.1 (699106391)|HEAP_ALLOCATE|[97]|Bytes:27
13:30:34.1 (699118320)|HEAP_ALLOCATE|[98]|Bytes:8
13:30:34.1 (699130401)|HEAP_ALLOCATE|[99]|Bytes:13
13:30:34.1 (699134872)|HEAP_ALLOCATE|[99]|Bytes:6
13:30:34.727 (727165616)|CUMULATIVE_LIMIT_USAGE
13:30:34.727 (727165616)|LIMIT_USAGE_FOR_NS|(default)|
  Number of SOQL queries: 0 out of 100
  Number of query rows: 0 out of 50000
  Number of SOSL queries: 0 out of 20
  Number of DML statements: 1 out of 150
  Number of Publish Immediate DML: 0 out of 150
  Number of DML rows: 1 out of 10000
  Maximum CPU time: 0 out of 10000
  Maximum heap size: 0 out of 6000000
  Number of callouts: 1 out of 100
  Number of Email Invocations: 0 out of 10
  Number of future calls: 0 out of 50
  Number of queueable jobs added to the queue: 0 out of 50
  Number of Mobile Apex push calls: 0 out of 10

13:30:34.727 (727165616)|CUMULATIVE_LIMIT_USAGE_END

13:30:34.1 (727225718)|CODE_UNIT_FINISHED|ObserveTuneController.approveTuneAndPromote()
13:30:34.1 (727462251)|CODE_UNIT_FINISHED|apex://ObserveTuneController/ACTION$approveTuneAndPromote
13:30:34.1 (727474352)|EXECUTION_FINISHED
