66.0 APEX_CODE,FINEST;APEX_PROFILING,INFO;CALLOUT,INFO;DATA_ACCESS,INFO;DB,INFO;NBA,INFO;SYSTEM,DEBUG;VALIDATION,INFO;VISUALFORCE,INFO;WAVE,INFO;WORKFLOW,INFO
13:07:37.5 (5451414)|USER_INFO|[EXTERNAL]|005dM00000bGQNp|pmandy.f7098e8d67c2@agentforce.com|(GMT-07:00) Pacific Daylight Time (America/Los_Angeles)|GMT-07:00
13:07:37.5 (5530276)|EXECUTION_STARTED
13:07:37.5 (5559846)|CODE_UNIT_STARTED|[EXTERNAL]|apex://ObserveTuneController/ACTION$getTuneData
13:07:37.5 (7148255)|CODE_UNIT_STARTED|[EXTERNAL]|01pdM00000WohAb|ObserveTuneController.getTuneData()
13:07:37.5 (8905678)|HEAP_ALLOCATE|[95]|Bytes:3
13:07:37.5 (9054572)|HEAP_ALLOCATE|[100]|Bytes:152
13:07:37.5 (9080022)|HEAP_ALLOCATE|[417]|Bytes:408
13:07:37.5 (9098633)|HEAP_ALLOCATE|[430]|Bytes:408
13:07:37.5 (9126294)|HEAP_ALLOCATE|[317]|Bytes:6
13:07:37.5 (9142624)|HEAP_ALLOCATE|[EXTERNAL]|Bytes:8
13:07:37.5 (9163275)|HEAP_ALLOCATE|[EXTERNAL]|Bytes:22
13:07:37.5 (9210376)|METHOD_ENTRY|[1]|01pdM00000WohAb|ObserveTuneController.ObserveTuneController()
13:07:37.5 (9233536)|STATEMENT_EXECUTE|[1]
13:07:37.5 (9283727)|STATEMENT_EXECUTE|[1]
13:07:37.5 (9319208)|HEAP_ALLOCATE|[68]|Bytes:5
13:07:37.5 (9395050)|HEAP_ALLOCATE|[74]|Bytes:5
13:07:37.5 (9411401)|HEAP_ALLOCATE|[82]|Bytes:7
13:07:37.5 (9804540)|HEAP_ALLOCATE|[EXTERNAL]|Bytes:5
13:07:37.5 (9845091)|METHOD_EXIT|[1]|ObserveTuneController
13:07:37.5 (9861582)|HEAP_ALLOCATE|[5]|Bytes:5
13:07:37.5 (9869612)|STATEMENT_EXECUTE|[4]
13:07:37.5 (9872262)|STATEMENT_EXECUTE|[5]
13:07:37.5 (9874432)|STATEMENT_EXECUTE|[5]
13:07:37.5 (9876602)|STATEMENT_EXECUTE|[6]
13:07:37.5 (9891702)|HEAP_ALLOCATE|[6]|Bytes:4
13:07:37.5 (9974984)|VARIABLE_SCOPE_BEGIN|[6]|data|Map<String,ANY>|true|false
13:07:37.5 (10170379)|VARIABLE_ASSIGNMENT|[6]|data|{}|0x748d3c11
13:07:37.5 (10367874)|STATEMENT_EXECUTE|[9]
13:07:37.5 (10411115)|HEAP_ALLOCATE|[9]|Bytes:4
13:07:37.5 (10518338)|HEAP_ALLOCATE|[10]|Bytes:4
13:07:37.5 (10529958)|HEAP_ALLOCATE|[11]|Bytes:4
13:07:37.5 (10536108)|HEAP_ALLOCATE|[11]|Bytes:13
13:07:37.5 (10632730)|HEAP_ALLOCATE|[12]|Bytes:6
13:07:37.5 (10641061)|HEAP_ALLOCATE|[12]|Bytes:5
13:07:37.5 (10676372)|HEAP_ALLOCATE|[13]|Bytes:7
13:07:37.5 (10689352)|HEAP_ALLOCATE|[10]|Bytes:4
13:07:37.5 (10758744)|HEAP_ALLOCATE|[14]|Bytes:7
13:07:37.5 (10765164)|HEAP_ALLOCATE|[14]|Bytes:18
13:07:37.5 (10779104)|HEAP_ALLOCATE|[15]|Bytes:9
13:07:37.5 (10784934)|HEAP_ALLOCATE|[15]|Bytes:179
13:07:37.5 (10809705)|HEAP_ALLOCATE|[17]|Bytes:4
13:07:37.5 (10818005)|HEAP_ALLOCATE|[18]|Bytes:11
13:07:37.5 (10846886)|HEAP_ALLOCATE|[19]|Bytes:14
13:07:37.5 (10866246)|HEAP_ALLOCATE|[17]|Bytes:4
13:07:37.5 (10880476)|HEAP_ALLOCATE|[21]|Bytes:9
13:07:37.5 (10894387)|HEAP_ALLOCATE|[22]|Bytes:81
13:07:37.5 (10954048)|VARIABLE_SCOPE_BEGIN|[9]|cohortLeads|List<Map<String,ANY>>|true|false
13:07:37.5 (11049321)|HEAP_ALLOCATE|[EXTERNAL]|Bytes:12
13:07:37.5 (11476691)|VARIABLE_ASSIGNMENT|[9]|cohortLeads|[{"name":"Jennifer Park","status":"Bound","daysAgo":3,"verdict":"Decision Confirmed","reasoning":"Act classified Pursu (159 more) ..."},{"name":"Marcus Reed","status":"Window Timeout","daysAgo":5,"verdict":"No-Signal","reasoning":"Still in nurture win (61 more) ..."}]|0x4b112188
13:07:37.5 (11490341)|STATEMENT_EXECUTE|[27]
13:07:37.5 (11501232)|HEAP_ALLOCATE|[27]|Bytes:4
13:07:37.5 (11531652)|HEAP_ALLOCATE|[28]|Bytes:4
13:07:37.5 (11540183)|HEAP_ALLOCATE|[29]|Bytes:5
13:07:37.5 (11555363)|HEAP_ALLOCATE|[29]|Bytes:99
13:07:37.5 (11589874)|HEAP_ALLOCATE|[30]|Bytes:6
13:07:37.5 (11600904)|HEAP_ALLOCATE|[30]|Bytes:46
13:07:37.5 (11616114)|HEAP_ALLOCATE|[31]|Bytes:6
13:07:37.5 (11621545)|HEAP_ALLOCATE|[31]|Bytes:24
13:07:37.5 (11640005)|HEAP_ALLOCATE|[33]|Bytes:4
13:07:37.5 (11649065)|HEAP_ALLOCATE|[34]|Bytes:72
13:07:37.5 (11676466)|HEAP_ALLOCATE|[35]|Bytes:21
13:07:37.5 (11692386)|HEAP_ALLOCATE|[36]|Bytes:24
13:07:37.5 (11710927)|HEAP_ALLOCATE|[38]|Bytes:4
13:07:37.5 (11718287)|HEAP_ALLOCATE|[39]|Bytes:78
13:07:37.5 (11742808)|HEAP_ALLOCATE|[40]|Bytes:55
13:07:37.5 (11758298)|HEAP_ALLOCATE|[41]|Bytes:25
13:07:37.5 (11774588)|VARIABLE_SCOPE_BEGIN|[27]|proposals|List<Map<String,ANY>>|true|false
13:07:37.5 (11800119)|HEAP_ALLOCATE|[EXTERNAL]|Bytes:16
13:07:37.5 (11837690)|VARIABLE_ASSIGNMENT|[27]|proposals|[{"title":"EverQuote source · P (79 more) ...","impact":"312 confirmed verdic (26 more) ...","change":"Tighten Pursue thres (4 more) ..."},{"title":"Household-match sign (52 more) ...","impact":"89 verdicts confirme (1 more) ...","change":"Increase weighting + (4 more) ..."},{"title":"New pattern: VINs >  (58 more) ...","impact":"Convert at 6.8% vs 1 (35 more) ...","change":"Recommend Nurture de (5 more) ..."}]|0x1b1d05bd
13:07:37.5 (11848160)|STATEMENT_EXECUTE|[45]
13:07:37.5 (11853480)|HEAP_ALLOCATE|[45]|Bytes:4
13:07:37.5 (11862891)|HEAP_ALLOCATE|[46]|Bytes:10
13:07:37.5 (11868491)|HEAP_ALLOCATE|[46]|Bytes:10
13:07:37.5 (11896461)|HEAP_ALLOCATE|[47]|Bytes:8
13:07:37.5 (11902941)|HEAP_ALLOCATE|[47]|Bytes:10
13:07:37.5 (11917262)|HEAP_ALLOCATE|[48]|Bytes:12
13:07:37.5 (11934682)|HEAP_ALLOCATE|[45]|Bytes:4
13:07:37.5 (11950683)|HEAP_ALLOCATE|[49]|Bytes:9
13:07:37.5 (11965473)|HEAP_ALLOCATE|[50]|Bytes:12
13:07:37.5 (11971903)|HEAP_ALLOCATE|[50]|Bytes:4
13:07:37.5 (11985243)|HEAP_ALLOCATE|[51]|Bytes:12
13:07:37.5 (11990604)|HEAP_ALLOCATE|[51]|Bytes:4
13:07:37.5 (12003954)|HEAP_ALLOCATE|[52]|Bytes:13
13:07:37.5 (12009764)|HEAP_ALLOCATE|[52]|Bytes:68
13:07:37.5 (12033675)|VARIABLE_SCOPE_BEGIN|[45]|tuneProposal|Map<String,ANY>|true|false
13:07:37.5 (12070096)|VARIABLE_ASSIGNMENT|[45]|tuneProposal|"Map of size 7 too large to display"|0x66534ae9
13:07:37.5 (12077416)|STATEMENT_EXECUTE|[55]
13:07:37.5 (12080536)|HEAP_ALLOCATE|[55]|Bytes:11
13:07:37.5 (12599088)|HEAP_ALLOCATE|[EXTERNAL]|Bytes:-4
13:07:37.5 (12611389)|STATEMENT_EXECUTE|[56]
13:07:37.5 (12615189)|HEAP_ALLOCATE|[56]|Bytes:12
13:07:37.5 (12635879)|HEAP_ALLOCATE|[EXTERNAL]|Bytes:-4
13:07:37.5 (12644450)|STATEMENT_EXECUTE|[57]
13:07:37.5 (12647390)|HEAP_ALLOCATE|[57]|Bytes:7
13:07:37.5 (12680300)|HEAP_ALLOCATE|[57]|Bytes:5
13:07:37.5 (12690241)|HEAP_ALLOCATE|[EXTERNAL]|Bytes:-4
13:07:37.5 (12701641)|STATEMENT_EXECUTE|[59]
13:07:37.12 (12806674)|CUMULATIVE_LIMIT_USAGE
13:07:37.12 (12806674)|LIMIT_USAGE_FOR_NS|(default)|
  Number of SOQL queries: 0 out of 100
  Number of query rows: 0 out of 50000
  Number of SOSL queries: 0 out of 20
  Number of DML statements: 0 out of 150
  Number of Publish Immediate DML: 0 out of 150
  Number of DML rows: 0 out of 10000
  Maximum CPU time: 0 out of 10000
  Maximum heap size: 0 out of 6000000
  Number of callouts: 0 out of 100
  Number of Email Invocations: 0 out of 10
  Number of future calls: 0 out of 50
  Number of queueable jobs added to the queue: 0 out of 50
  Number of Mobile Apex push calls: 0 out of 10

13:07:37.12 (12806674)|CUMULATIVE_LIMIT_USAGE_END

13:07:37.5 (12861965)|CODE_UNIT_FINISHED|ObserveTuneController.getTuneData()
13:07:37.5 (13121081)|CODE_UNIT_FINISHED|apex://ObserveTuneController/ACTION$getTuneData
13:07:37.5 (13133102)|EXECUTION_FINISHED
