66.0 APEX_CODE,FINEST;APEX_PROFILING,INFO;CALLOUT,INFO;DATA_ACCESS,INFO;DB,INFO;NBA,INFO;SYSTEM,DEBUG;VALIDATION,INFO;VISUALFORCE,INFO;WAVE,INFO;WORKFLOW,INFO
13:17:27.1 (1411453)|USER_INFO|[EXTERNAL]|005dM00000bGQNp|pmandy.f7098e8d67c2@agentforce.com|(GMT-07:00) Pacific Daylight Time (America/Los_Angeles)|GMT-07:00
13:17:27.1 (1483215)|EXECUTION_STARTED
13:17:27.1 (1511676)|CODE_UNIT_STARTED|[EXTERNAL]|apex://ObserveTuneController/ACTION$approveTuneAndPromote
13:17:27.1 (2958630)|CODE_UNIT_STARTED|[EXTERNAL]|01pdM00000WohAb|ObserveTuneController.approveTuneAndPromote()
13:17:27.1 (3284737)|HEAP_ALLOCATE|[95]|Bytes:3
13:17:27.1 (3421371)|HEAP_ALLOCATE|[100]|Bytes:152
13:17:27.1 (3443301)|HEAP_ALLOCATE|[417]|Bytes:408
13:17:27.1 (3457162)|HEAP_ALLOCATE|[430]|Bytes:408
13:17:27.1 (3482791)|HEAP_ALLOCATE|[317]|Bytes:6
13:17:27.1 (3571844)|HEAP_ALLOCATE|[EXTERNAL]|Bytes:8
13:17:27.1 (3597874)|HEAP_ALLOCATE|[EXTERNAL]|Bytes:22
13:17:27.1 (3637066)|METHOD_ENTRY|[1]|01pdM00000WohAb|ObserveTuneController.ObserveTuneController()
13:17:27.1 (3651816)|STATEMENT_EXECUTE|[1]
13:17:27.1 (3662336)|STATEMENT_EXECUTE|[1]
13:17:27.1 (3682847)|HEAP_ALLOCATE|[68]|Bytes:5
13:17:27.1 (3729677)|HEAP_ALLOCATE|[74]|Bytes:5
13:17:27.1 (3742648)|HEAP_ALLOCATE|[82]|Bytes:7
13:17:27.1 (4059736)|HEAP_ALLOCATE|[EXTERNAL]|Bytes:5
13:17:27.1 (4091617)|METHOD_EXIT|[1]|ObserveTuneController
13:17:27.1 (4106126)|HEAP_ALLOCATE|[67]|Bytes:5
13:17:27.1 (4111377)|STATEMENT_EXECUTE|[66]
13:17:27.1 (4114157)|STATEMENT_EXECUTE|[67]
13:17:27.1 (4116157)|STATEMENT_EXECUTE|[67]
13:17:27.1 (4118187)|STATEMENT_EXECUTE|[68]
13:17:27.1 (4121617)|HEAP_ALLOCATE|[68]|Bytes:41
13:17:27.1 (4260450)|USER_DEBUG|[68]|DEBUG|===== APPROVE TUNE & PROMOTE v2.8.0 =====
13:17:27.1 (4285370)|STATEMENT_EXECUTE|[71]
13:17:27.1 (4306811)|VARIABLE_SCOPE_BEGIN|[71]|req|System.HttpRequest|true|false
13:17:27.1 (4598489)|VARIABLE_ASSIGNMENT|[71]|req|"System.HttpRequest[Endpoint=null, Method=null]"|0x665753bf
13:17:27.1 (4607999)|STATEMENT_EXECUTE|[72]
13:17:27.1 (4612409)|HEAP_ALLOCATE|[72]|Bytes:42
13:17:27.1 (4686121)|STATEMENT_EXECUTE|[73]
13:17:27.1 (4689241)|HEAP_ALLOCATE|[73]|Bytes:4
13:17:27.1 (4755472)|STATEMENT_EXECUTE|[74]
13:17:27.1 (4758682)|HEAP_ALLOCATE|[74]|Bytes:12
13:17:27.1 (4763982)|HEAP_ALLOCATE|[74]|Bytes:16
13:17:27.1 (4790803)|STATEMENT_EXECUTE|[75]
13:17:27.1 (4810783)|HEAP_ALLOCATE|[75]|Bytes:4
13:17:27.1 (4827274)|HEAP_ALLOCATE|[76]|Bytes:12
13:17:27.1 (4831663)|HEAP_ALLOCATE|[76]|Bytes:6
13:17:27.1 (4891056)|HEAP_ALLOCATE|[77]|Bytes:6
13:17:27.1 (4896326)|HEAP_ALLOCATE|[77]|Bytes:45
13:17:27.1 (4934497)|HEAP_ALLOCATE|[75]|Bytes:24
13:17:27.1 (4949417)|SYSTEM_METHOD_ENTRY|[1]|JSON.JSON()
13:17:27.1 (4954937)|STATEMENT_EXECUTE|[1]
13:17:27.1 (4964346)|SYSTEM_METHOD_EXIT|[1]|JSON
13:17:27.1 (4979558)|METHOD_ENTRY|[75]||System.JSON.serialize(Object)
13:17:27.1 (8231104)|METHOD_EXIT|[75]||System.JSON.serialize(Object)
13:17:27.1 (8295966)|STATEMENT_EXECUTE|[80]
13:17:27.1 (8316047)|VARIABLE_SCOPE_BEGIN|[80]|http|System.Http|true|false
13:17:27.1 (8444650)|VARIABLE_ASSIGNMENT|[80]|http|"System.Http[]"|0x32887e8c
13:17:27.1 (8454970)|STATEMENT_EXECUTE|[81]
13:17:27.1 (8547231)|CALLOUT_REQUEST|[81]|System.HttpRequest[Endpoint=http://146.190.153.46:9000/update-champion, Method=POST]
13:17:27.1 (574974872)|HEAP_ALLOCATE|[EXTERNAL]|Bytes:292
13:17:27.1 (577953503)|CALLOUT_RESPONSE|[81]|System.HttpResponse[Status=OK, StatusCode=200]
13:17:27.1 (578000035)|HEAP_ALLOCATE|[81]|Bytes:61
13:17:27.1 (578062535)|VARIABLE_SCOPE_BEGIN|[81]|res|System.HttpResponse|true|false
13:17:27.1 (578184498)|VARIABLE_ASSIGNMENT|[81]|res|"System.HttpResponse[Status=OK, StatusCode=200]"|0x3efdaeb5
13:17:27.1 (578194938)|STATEMENT_EXECUTE|[83]
13:17:27.1 (578202669)|HEAP_ALLOCATE|[83]|Bytes:23
13:17:27.1 (578331603)|HEAP_ALLOCATE|[83]|Bytes:3
13:17:27.1 (578379353)|HEAP_ALLOCATE|[83]|Bytes:26
13:17:27.1 (578409684)|USER_DEBUG|[83]|DEBUG|LUMEN Response Status: 200
13:17:27.1 (578421375)|STATEMENT_EXECUTE|[84]
13:17:27.1 (578425175)|HEAP_ALLOCATE|[84]|Bytes:21
13:17:27.1 (578451144)|HEAP_ALLOCATE|[84]|Bytes:55
13:17:27.1 (578461875)|HEAP_ALLOCATE|[84]|Bytes:76
13:17:27.1 (578471136)|USER_DEBUG|[84]|DEBUG|LUMEN Response Body: {"success":false,"error":"champion_model not provided"}
13:17:27.1 (578499417)|STATEMENT_EXECUTE|[86]
13:17:27.1 (578502137)|STATEMENT_EXECUTE|[87]
13:17:27.1 (578504716)|HEAP_ALLOCATE|[87]|Bytes:39
13:17:27.1 (578527617)|USER_DEBUG|[87]|DEBUG|===== v2.8.0 PROMOTED TO CHAMPION =====
13:17:27.1 (578536636)|STATEMENT_EXECUTE|[90]
13:17:27.1 (595243443)|HEAP_ALLOCATE|[90]|Bytes:44
13:17:27.1 (595297153)|VARIABLE_SCOPE_BEGIN|[90]|config|Loom_Config__c|true|false
13:17:27.1 (595633361)|VARIABLE_ASSIGNMENT|[90]|config|{"LastModifiedDate":"2026-05-26T20:14:24.000Z","IsDeleted":false,"CreatedById":"005dM00000bGQNpQAO","CreatedDate":"2026-05-26T14:15:32.000Z","Id":"a0OdM00000QHtsLUAT","LastModifiedById":"005dM00000bGQNpQAO","SetupOwnerId":"00DdM00000wFcrbUAC","Champion_Model_Version__c":"v2.8.0","Name":"a0OdM00000QHtsL","SystemModstamp":"2026-05-26T20:14:24.000Z"}|0x51d4d273
13:17:27.1 (595651742)|STATEMENT_EXECUTE|[91]
13:17:27.1 (595835076)|VARIABLE_ASSIGNMENT|[91]|this.Champion_Model_Version__c|"v2.8.0"|0x51d4d273
13:17:27.1 (595845876)|STATEMENT_EXECUTE|[92]
13:17:27.1 (595904058)|HEAP_ALLOCATE|[92]|Bytes:8
13:17:27.1 (595935358)|DML_BEGIN|[92]|Op:Upsert|Type:Loom_Config__c|Rows:1
13:17:27.1 (595981750)|HEAP_ALLOCATE|[EXTERNAL]|Bytes:8
13:17:27.1 (638432625)|DML_END|[92]
13:17:27.1 (638655190)|STATEMENT_EXECUTE|[93]
13:17:27.1 (638665360)|HEAP_ALLOCATE|[93]|Bytes:58
13:17:27.1 (638728781)|USER_DEBUG|[93]|DEBUG|Custom setting updated: Champion_Model_Version__c = v2.8.0
13:17:27.1 (638744491)|STATEMENT_EXECUTE|[95]
13:17:27.1 (638765542)|HEAP_ALLOCATE|[95]|Bytes:4
13:17:27.1 (638775942)|HEAP_ALLOCATE|[96]|Bytes:7
13:17:27.1 (638833863)|HEAP_ALLOCATE|[95]|Bytes:5
13:17:27.1 (638848864)|HEAP_ALLOCATE|[97]|Bytes:7
13:17:27.1 (638853565)|HEAP_ALLOCATE|[97]|Bytes:27
13:17:27.1 (638867885)|HEAP_ALLOCATE|[98]|Bytes:8
13:17:27.1 (638880865)|HEAP_ALLOCATE|[99]|Bytes:13
13:17:27.1 (638885406)|HEAP_ALLOCATE|[99]|Bytes:6
13:17:27.658 (658269134)|CUMULATIVE_LIMIT_USAGE
13:17:27.658 (658269134)|LIMIT_USAGE_FOR_NS|(default)|
  Number of SOQL queries: 0 out of 100
  Number of query rows: 0 out of 50000
  Number of SOSL queries: 0 out of 20
  Number of DML statements: 1 out of 150
  Number of Publish Immediate DML: 0 out of 150
  Number of DML rows: 1 out of 10000
  Maximum CPU time: 0 out of 10000
  Maximum heap size: 0 out of 6000000
  Number of callouts: 1 out of 100
  Number of Email Invocations: 0 out of 10
  Number of future calls: 0 out of 50
  Number of queueable jobs added to the queue: 0 out of 50
  Number of Mobile Apex push calls: 0 out of 10

13:17:27.658 (658269134)|CUMULATIVE_LIMIT_USAGE_END

13:17:27.1 (658336875)|CODE_UNIT_FINISHED|ObserveTuneController.approveTuneAndPromote()
13:17:27.1 (658650572)|CODE_UNIT_FINISHED|apex://ObserveTuneController/ACTION$approveTuneAndPromote
13:17:27.1 (658665002)|EXECUTION_FINISHED
