66.0 APEX_CODE,FINEST;APEX_PROFILING,INFO;CALLOUT,INFO;DATA_ACCESS,INFO;DB,INFO;NBA,INFO;SYSTEM,DEBUG;VALIDATION,INFO;VISUALFORCE,INFO;WAVE,INFO;WORKFLOW,INFO
13:07:39.1 (1268653)|USER_INFO|[EXTERNAL]|005dM00000bGQNp|pmandy.f7098e8d67c2@agentforce.com|(GMT-07:00) Pacific Daylight Time (America/Los_Angeles)|GMT-07:00
13:07:39.1 (1337294)|EXECUTION_STARTED
13:07:39.1 (1363474)|CODE_UNIT_STARTED|[EXTERNAL]|apex://ObserveTuneController/ACTION$approveTuneAndPromote
13:07:39.1 (2357522)|CODE_UNIT_STARTED|[EXTERNAL]|01pdM00000WohAb|ObserveTuneController.approveTuneAndPromote()
13:07:39.1 (5439008)|HEAP_ALLOCATE|[95]|Bytes:3
13:07:39.1 (5582650)|HEAP_ALLOCATE|[100]|Bytes:152
13:07:39.1 (5602311)|HEAP_ALLOCATE|[417]|Bytes:408
13:07:39.1 (5618811)|HEAP_ALLOCATE|[430]|Bytes:408
13:07:39.1 (5670132)|HEAP_ALLOCATE|[317]|Bytes:6
13:07:39.1 (5777684)|HEAP_ALLOCATE|[EXTERNAL]|Bytes:8
13:07:39.1 (5783974)|HEAP_ALLOCATE|[EXTERNAL]|Bytes:22
13:07:39.1 (5823714)|METHOD_ENTRY|[1]|01pdM00000WohAb|ObserveTuneController.ObserveTuneController()
13:07:39.1 (5840605)|STATEMENT_EXECUTE|[1]
13:07:39.1 (5848875)|STATEMENT_EXECUTE|[1]
13:07:39.1 (5871675)|HEAP_ALLOCATE|[68]|Bytes:5
13:07:39.1 (5926036)|HEAP_ALLOCATE|[74]|Bytes:5
13:07:39.1 (5936286)|HEAP_ALLOCATE|[82]|Bytes:7
13:07:39.1 (6437495)|HEAP_ALLOCATE|[EXTERNAL]|Bytes:5
13:07:39.1 (6474307)|METHOD_EXIT|[1]|ObserveTuneController
13:07:39.1 (6492216)|HEAP_ALLOCATE|[67]|Bytes:5
13:07:39.1 (6497767)|STATEMENT_EXECUTE|[66]
13:07:39.1 (6500496)|STATEMENT_EXECUTE|[67]
13:07:39.1 (6502437)|STATEMENT_EXECUTE|[67]
13:07:39.1 (6504707)|STATEMENT_EXECUTE|[68]
13:07:39.1 (6508127)|HEAP_ALLOCATE|[68]|Bytes:41
13:07:39.1 (6578128)|USER_DEBUG|[68]|DEBUG|===== APPROVE TUNE & PROMOTE v2.8.0 =====
13:07:39.1 (6596889)|STATEMENT_EXECUTE|[71]
13:07:39.1 (6625729)|VARIABLE_SCOPE_BEGIN|[71]|req|System.HttpRequest|true|false
13:07:39.1 (7016896)|VARIABLE_ASSIGNMENT|[71]|req|"System.HttpRequest[Endpoint=null, Method=null]"|0x367513d8
13:07:39.1 (7055257)|STATEMENT_EXECUTE|[72]
13:07:39.1 (7059777)|HEAP_ALLOCATE|[72]|Bytes:42
13:07:39.1 (7130868)|STATEMENT_EXECUTE|[73]
13:07:39.1 (7134798)|HEAP_ALLOCATE|[73]|Bytes:4
13:07:39.1 (7160649)|STATEMENT_EXECUTE|[74]
13:07:39.1 (7163909)|HEAP_ALLOCATE|[74]|Bytes:12
13:07:39.1 (7169269)|HEAP_ALLOCATE|[74]|Bytes:16
13:07:39.1 (7192069)|STATEMENT_EXECUTE|[75]
13:07:39.1 (7213430)|HEAP_ALLOCATE|[75]|Bytes:4
13:07:39.1 (7227330)|HEAP_ALLOCATE|[76]|Bytes:12
13:07:39.1 (7231780)|HEAP_ALLOCATE|[76]|Bytes:6
13:07:39.1 (7289741)|HEAP_ALLOCATE|[77]|Bytes:6
13:07:39.1 (7294941)|HEAP_ALLOCATE|[77]|Bytes:45
13:07:39.1 (7361492)|HEAP_ALLOCATE|[75]|Bytes:24
13:07:39.1 (7393484)|SYSTEM_METHOD_ENTRY|[1]|JSON.JSON()
13:07:39.1 (7399583)|STATEMENT_EXECUTE|[1]
13:07:39.1 (7414294)|SYSTEM_METHOD_EXIT|[1]|JSON
13:07:39.1 (7450024)|METHOD_ENTRY|[75]||System.JSON.serialize(Object)
13:07:39.1 (12368423)|METHOD_EXIT|[75]||System.JSON.serialize(Object)
13:07:39.1 (12510185)|STATEMENT_EXECUTE|[80]
13:07:39.1 (12534926)|VARIABLE_SCOPE_BEGIN|[80]|http|System.Http|true|false
13:07:39.1 (12696100)|VARIABLE_ASSIGNMENT|[80]|http|"System.Http[]"|0x93011ca
13:07:39.1 (12708710)|STATEMENT_EXECUTE|[81]
13:07:39.1 (12842552)|CALLOUT_REQUEST|[81]|System.HttpRequest[Endpoint=http://146.190.153.46:9000/update-champion, Method=POST]
13:07:39.1 (574382723)|HEAP_ALLOCATE|[EXTERNAL]|Bytes:292
13:07:39.1 (576287028)|CALLOUT_RESPONSE|[81]|System.HttpResponse[Status=OK, StatusCode=200]
13:07:39.1 (576315968)|HEAP_ALLOCATE|[81]|Bytes:61
13:07:39.1 (576354419)|VARIABLE_SCOPE_BEGIN|[81]|res|System.HttpResponse|true|false
13:07:39.1 (576470171)|VARIABLE_ASSIGNMENT|[81]|res|"System.HttpResponse[Status=OK, StatusCode=200]"|0x40f01878
13:07:39.1 (576483831)|STATEMENT_EXECUTE|[83]
13:07:39.1 (576491412)|HEAP_ALLOCATE|[83]|Bytes:23
13:07:39.1 (576588703)|HEAP_ALLOCATE|[83]|Bytes:3
13:07:39.1 (576612934)|HEAP_ALLOCATE|[83]|Bytes:26
13:07:39.1 (576636504)|USER_DEBUG|[83]|DEBUG|LUMEN Response Status: 200
13:07:39.1 (576646014)|STATEMENT_EXECUTE|[84]
13:07:39.1 (576649284)|HEAP_ALLOCATE|[84]|Bytes:21
13:07:39.1 (576672815)|HEAP_ALLOCATE|[84]|Bytes:55
13:07:39.1 (576682565)|HEAP_ALLOCATE|[84]|Bytes:76
13:07:39.1 (576693015)|USER_DEBUG|[84]|DEBUG|LUMEN Response Body: {"success":false,"error":"champion_model not provided"}
13:07:39.1 (576719176)|STATEMENT_EXECUTE|[86]
13:07:39.1 (576721536)|STATEMENT_EXECUTE|[87]
13:07:39.1 (576724376)|HEAP_ALLOCATE|[87]|Bytes:39
13:07:39.1 (576743886)|USER_DEBUG|[87]|DEBUG|===== v2.8.0 PROMOTED TO CHAMPION =====
13:07:39.1 (576753156)|STATEMENT_EXECUTE|[90]
13:07:39.1 (663019457)|HEAP_ALLOCATE|[90]|Bytes:44
13:07:39.1 (663072938)|VARIABLE_SCOPE_BEGIN|[90]|config|Loom_Config__c|true|false
13:07:39.1 (663362933)|VARIABLE_ASSIGNMENT|[90]|config|{"LastModifiedDate":"2026-05-26T20:04:58.000Z","IsDeleted":false,"CreatedById":"005dM00000bGQNpQAO","CreatedDate":"2026-05-26T14:15:32.000Z","Id":"a0OdM00000QHtsLUAT","LastModifiedById":"005dM00000bGQNpQAO","SetupOwnerId":"00DdM00000wFcrbUAC","Champion_Model_Version__c":"v2.8.0","Name":"a0OdM00000QHtsL","SystemModstamp":"2026-05-26T20:04:58.000Z"}|0x1941915c
13:07:39.1 (663383944)|STATEMENT_EXECUTE|[91]
13:07:39.1 (663540517)|VARIABLE_ASSIGNMENT|[91]|this.Champion_Model_Version__c|"v2.8.0"|0x1941915c
13:07:39.1 (663550927)|STATEMENT_EXECUTE|[92]
13:07:39.1 (663631279)|HEAP_ALLOCATE|[92]|Bytes:8
13:07:39.1 (663655388)|DML_BEGIN|[92]|Op:Upsert|Type:Loom_Config__c|Rows:1
13:07:39.1 (663701300)|HEAP_ALLOCATE|[EXTERNAL]|Bytes:8
13:07:39.1 (769288450)|DML_END|[92]
13:07:39.1 (770122635)|STATEMENT_EXECUTE|[93]
13:07:39.1 (770134065)|HEAP_ALLOCATE|[93]|Bytes:58
13:07:39.1 (770221917)|USER_DEBUG|[93]|DEBUG|Custom setting updated: Champion_Model_Version__c = v2.8.0
13:07:39.1 (770241347)|STATEMENT_EXECUTE|[95]
13:07:39.1 (770271008)|HEAP_ALLOCATE|[95]|Bytes:4
13:07:39.1 (770285758)|HEAP_ALLOCATE|[96]|Bytes:7
13:07:39.1 (770370370)|HEAP_ALLOCATE|[95]|Bytes:5
13:07:39.1 (770391971)|HEAP_ALLOCATE|[97]|Bytes:7
13:07:39.1 (770398380)|HEAP_ALLOCATE|[97]|Bytes:27
13:07:39.1 (770418510)|HEAP_ALLOCATE|[98]|Bytes:8
13:07:39.1 (770436401)|HEAP_ALLOCATE|[99]|Bytes:13
13:07:39.1 (770442781)|HEAP_ALLOCATE|[99]|Bytes:6
13:07:39.818 (818523442)|CUMULATIVE_LIMIT_USAGE
13:07:39.818 (818523442)|LIMIT_USAGE_FOR_NS|(default)|
  Number of SOQL queries: 0 out of 100
  Number of query rows: 0 out of 50000
  Number of SOSL queries: 0 out of 20
  Number of DML statements: 1 out of 150
  Number of Publish Immediate DML: 0 out of 150
  Number of DML rows: 1 out of 10000
  Maximum CPU time: 0 out of 10000
  Maximum heap size: 0 out of 6000000
  Number of callouts: 1 out of 100
  Number of Email Invocations: 0 out of 10
  Number of future calls: 0 out of 50
  Number of queueable jobs added to the queue: 0 out of 50
  Number of Mobile Apex push calls: 0 out of 10

13:07:39.818 (818523442)|CUMULATIVE_LIMIT_USAGE_END

13:07:39.1 (818589523)|CODE_UNIT_FINISHED|ObserveTuneController.approveTuneAndPromote()
13:07:39.1 (818800586)|CODE_UNIT_FINISHED|apex://ObserveTuneController/ACTION$approveTuneAndPromote
13:07:39.1 (818813947)|EXECUTION_FINISHED
