66.0 APEX_CODE,FINEST;APEX_PROFILING,INFO;CALLOUT,INFO;DATA_ACCESS,INFO;DB,INFO;NBA,INFO;SYSTEM,DEBUG;VALIDATION,INFO;VISUALFORCE,INFO;WAVE,INFO;WORKFLOW,INFO
13:21:32.4 (4196733)|USER_INFO|[EXTERNAL]|005dM00000bGQNp|pmandy.f7098e8d67c2@agentforce.com|(GMT-07:00) Pacific Daylight Time (America/Los_Angeles)|GMT-07:00
13:21:32.4 (4267188)|EXECUTION_STARTED
13:21:32.4 (4296389)|CODE_UNIT_STARTED|[EXTERNAL]|apex://ObserveTuneController/ACTION$getTuneData
13:21:32.4 (5412529)|CODE_UNIT_STARTED|[EXTERNAL]|01pdM00000WohAb|ObserveTuneController.getTuneData()
13:21:32.4 (8151855)|HEAP_ALLOCATE|[95]|Bytes:3
13:21:32.4 (8281502)|HEAP_ALLOCATE|[100]|Bytes:152
13:21:32.4 (8297472)|HEAP_ALLOCATE|[417]|Bytes:408
13:21:32.4 (8311352)|HEAP_ALLOCATE|[430]|Bytes:408
13:21:32.4 (8339105)|HEAP_ALLOCATE|[317]|Bytes:6
13:21:32.4 (8392568)|HEAP_ALLOCATE|[EXTERNAL]|Bytes:8
13:21:32.4 (8398218)|HEAP_ALLOCATE|[EXTERNAL]|Bytes:22
13:21:32.4 (8429050)|METHOD_ENTRY|[1]|01pdM00000WohAb|ObserveTuneController.ObserveTuneController()
13:21:32.4 (8446841)|STATEMENT_EXECUTE|[1]
13:21:32.4 (8460341)|STATEMENT_EXECUTE|[1]
13:21:32.4 (8480732)|HEAP_ALLOCATE|[68]|Bytes:5
13:21:32.4 (8525455)|HEAP_ALLOCATE|[74]|Bytes:5
13:21:32.4 (8535325)|HEAP_ALLOCATE|[82]|Bytes:7
13:21:32.4 (8710054)|HEAP_ALLOCATE|[EXTERNAL]|Bytes:5
13:21:32.4 (8733736)|METHOD_EXIT|[1]|ObserveTuneController
13:21:32.4 (8747646)|HEAP_ALLOCATE|[5]|Bytes:5
13:21:32.4 (8752877)|STATEMENT_EXECUTE|[4]
13:21:32.4 (8755787)|STATEMENT_EXECUTE|[5]
13:21:32.4 (8757717)|STATEMENT_EXECUTE|[5]
13:21:32.4 (8759737)|STATEMENT_EXECUTE|[6]
13:21:32.4 (8776998)|HEAP_ALLOCATE|[6]|Bytes:4
13:21:32.4 (8793759)|VARIABLE_SCOPE_BEGIN|[6]|data|Map<String,ANY>|true|false
13:21:32.4 (8871213)|VARIABLE_ASSIGNMENT|[6]|data|{}|0x1cb2c694
13:21:32.4 (8877343)|STATEMENT_EXECUTE|[9]
13:21:32.4 (8906105)|HEAP_ALLOCATE|[9]|Bytes:4
13:21:32.4 (8988329)|HEAP_ALLOCATE|[10]|Bytes:4
13:21:32.4 (8995149)|HEAP_ALLOCATE|[11]|Bytes:4
13:21:32.4 (8999500)|HEAP_ALLOCATE|[11]|Bytes:13
13:21:32.4 (9062764)|HEAP_ALLOCATE|[12]|Bytes:6
13:21:32.4 (9068133)|HEAP_ALLOCATE|[12]|Bytes:5
13:21:32.4 (9080474)|HEAP_ALLOCATE|[13]|Bytes:7
13:21:32.4 (9091254)|HEAP_ALLOCATE|[10]|Bytes:4
13:21:32.4 (9114106)|HEAP_ALLOCATE|[14]|Bytes:7
13:21:32.4 (9118306)|HEAP_ALLOCATE|[14]|Bytes:18
13:21:32.4 (9129747)|HEAP_ALLOCATE|[15]|Bytes:9
13:21:32.4 (9134237)|HEAP_ALLOCATE|[15]|Bytes:179
13:21:32.4 (9153998)|HEAP_ALLOCATE|[17]|Bytes:4
13:21:32.4 (9160798)|HEAP_ALLOCATE|[18]|Bytes:11
13:21:32.4 (9184650)|HEAP_ALLOCATE|[19]|Bytes:14
13:21:32.4 (9200840)|HEAP_ALLOCATE|[17]|Bytes:4
13:21:32.4 (9212502)|HEAP_ALLOCATE|[21]|Bytes:9
13:21:32.4 (9223991)|HEAP_ALLOCATE|[22]|Bytes:81
13:21:32.4 (9239143)|VARIABLE_SCOPE_BEGIN|[9]|cohortLeads|List<Map<String,ANY>>|true|false
13:21:32.4 (9278945)|HEAP_ALLOCATE|[EXTERNAL]|Bytes:12
13:21:32.4 (9327058)|VARIABLE_ASSIGNMENT|[9]|cohortLeads|[{"name":"Jennifer Park","status":"Bound","daysAgo":3,"verdict":"Decision Confirmed","reasoning":"Act classified Pursu (159 more) ..."},{"name":"Marcus Reed","status":"Window Timeout","daysAgo":5,"verdict":"No-Signal","reasoning":"Still in nurture win (61 more) ..."}]|0x2ac6a9ed
13:21:32.4 (9334847)|STATEMENT_EXECUTE|[27]
13:21:32.4 (9342349)|HEAP_ALLOCATE|[27]|Bytes:4
13:21:32.4 (9366009)|HEAP_ALLOCATE|[28]|Bytes:4
13:21:32.4 (9372329)|HEAP_ALLOCATE|[29]|Bytes:5
13:21:32.4 (9376510)|HEAP_ALLOCATE|[29]|Bytes:99
13:21:32.4 (9402891)|HEAP_ALLOCATE|[30]|Bytes:6
13:21:32.4 (9407482)|HEAP_ALLOCATE|[30]|Bytes:46
13:21:32.4 (9418503)|HEAP_ALLOCATE|[31]|Bytes:6
13:21:32.4 (9422393)|HEAP_ALLOCATE|[31]|Bytes:24
13:21:32.4 (9437744)|HEAP_ALLOCATE|[33]|Bytes:4
13:21:32.4 (9443524)|HEAP_ALLOCATE|[34]|Bytes:72
13:21:32.4 (9467645)|HEAP_ALLOCATE|[35]|Bytes:21
13:21:32.4 (9483306)|HEAP_ALLOCATE|[36]|Bytes:24
13:21:32.4 (9503696)|HEAP_ALLOCATE|[38]|Bytes:4
13:21:32.4 (9511558)|HEAP_ALLOCATE|[39]|Bytes:78
13:21:32.4 (9541679)|HEAP_ALLOCATE|[40]|Bytes:55
13:21:32.4 (9554470)|HEAP_ALLOCATE|[41]|Bytes:25
13:21:32.4 (9597002)|VARIABLE_SCOPE_BEGIN|[27]|proposals|List<Map<String,ANY>>|true|false
13:21:32.4 (9623222)|HEAP_ALLOCATE|[EXTERNAL]|Bytes:16
13:21:32.4 (9646045)|VARIABLE_ASSIGNMENT|[27]|proposals|[{"title":"EverQuote source · P (79 more) ...","impact":"312 confirmed verdic (26 more) ...","change":"Tighten Pursue thres (4 more) ..."},{"title":"Household-match sign (52 more) ...","impact":"89 verdicts confirme (1 more) ...","change":"Increase weighting + (4 more) ..."},{"title":"New pattern: VINs >  (58 more) ...","impact":"Convert at 6.8% vs 1 (35 more) ...","change":"Recommend Nurture de (5 more) ..."}]|0xe394b6e
13:21:32.4 (9657385)|STATEMENT_EXECUTE|[45]
13:21:32.4 (9665946)|HEAP_ALLOCATE|[45]|Bytes:4
13:21:32.4 (9674316)|HEAP_ALLOCATE|[46]|Bytes:10
13:21:32.4 (9679806)|HEAP_ALLOCATE|[46]|Bytes:10
13:21:32.4 (9711258)|HEAP_ALLOCATE|[47]|Bytes:8
13:21:32.4 (9718118)|HEAP_ALLOCATE|[47]|Bytes:10
13:21:32.4 (9733939)|HEAP_ALLOCATE|[48]|Bytes:12
13:21:32.4 (9742210)|HEAP_ALLOCATE|[45]|Bytes:4
13:21:32.4 (9756010)|HEAP_ALLOCATE|[49]|Bytes:9
13:21:32.4 (9768281)|HEAP_ALLOCATE|[50]|Bytes:12
13:21:32.4 (9774201)|HEAP_ALLOCATE|[50]|Bytes:4
13:21:32.4 (9788912)|HEAP_ALLOCATE|[51]|Bytes:12
13:21:32.4 (9794112)|HEAP_ALLOCATE|[51]|Bytes:4
13:21:32.4 (9805213)|HEAP_ALLOCATE|[52]|Bytes:13
13:21:32.4 (9809143)|HEAP_ALLOCATE|[52]|Bytes:68
13:21:32.4 (9820024)|VARIABLE_SCOPE_BEGIN|[45]|tuneProposal|Map<String,ANY>|true|false
13:21:32.4 (9841655)|VARIABLE_ASSIGNMENT|[45]|tuneProposal|"Map of size 7 too large to display"|0x731fc4e
13:21:32.4 (9849345)|STATEMENT_EXECUTE|[55]
13:21:32.4 (9853836)|HEAP_ALLOCATE|[55]|Bytes:11
13:21:32.4 (9878227)|HEAP_ALLOCATE|[EXTERNAL]|Bytes:-4
13:21:32.4 (9886057)|STATEMENT_EXECUTE|[56]
13:21:32.4 (9888997)|HEAP_ALLOCATE|[56]|Bytes:12
13:21:32.4 (9905948)|HEAP_ALLOCATE|[EXTERNAL]|Bytes:-4
13:21:32.4 (9915539)|STATEMENT_EXECUTE|[57]
13:21:32.4 (9919829)|HEAP_ALLOCATE|[57]|Bytes:7
13:21:32.4 (9948581)|HEAP_ALLOCATE|[57]|Bytes:5
13:21:32.4 (9954141)|HEAP_ALLOCATE|[EXTERNAL]|Bytes:-4
13:21:32.4 (9961771)|STATEMENT_EXECUTE|[59]
13:21:32.10 (10031455)|CUMULATIVE_LIMIT_USAGE
13:21:32.10 (10031455)|LIMIT_USAGE_FOR_NS|(default)|
  Number of SOQL queries: 0 out of 100
  Number of query rows: 0 out of 50000
  Number of SOSL queries: 0 out of 20
  Number of DML statements: 0 out of 150
  Number of Publish Immediate DML: 0 out of 150
  Number of DML rows: 0 out of 10000
  Maximum CPU time: 0 out of 10000
  Maximum heap size: 0 out of 6000000
  Number of callouts: 0 out of 100
  Number of Email Invocations: 0 out of 10
  Number of future calls: 0 out of 50
  Number of queueable jobs added to the queue: 0 out of 50
  Number of Mobile Apex push calls: 0 out of 10

13:21:32.10 (10031455)|CUMULATIVE_LIMIT_USAGE_END

13:21:32.4 (10087528)|CODE_UNIT_FINISHED|ObserveTuneController.getTuneData()
13:21:32.4 (10334232)|CODE_UNIT_FINISHED|apex://ObserveTuneController/ACTION$getTuneData
13:21:32.4 (10345661)|EXECUTION_FINISHED
