66.0 APEX_CODE,FINEST;APEX_PROFILING,INFO;CALLOUT,INFO;DATA_ACCESS,INFO;DB,INFO;NBA,INFO;SYSTEM,DEBUG;VALIDATION,INFO;VISUALFORCE,INFO;WAVE,INFO;WORKFLOW,INFO
12:18:18.2 (2549957)|EXECUTION_STARTED
12:18:18.2 (2728652)|CODE_UNIT_STARTED|[EXTERNAL]|VisualForce View State
12:18:18.2 (23846978)|CODE_UNIT_FINISHED|VisualForce View State
12:18:18.2 (23874108)|EXECUTION_FINISHED
12:18:18.36 (36415586)|SYSTEM_MODE_ENTER|false
12:18:18.96 (96399381)|CUMULATIVE_LIMIT_USAGE
12:18:18.96 (96399381)|LIMIT_USAGE_FOR_NS|(default)|
  Number of SOQL queries: 0 out of 100
  Number of query rows: 0 out of 50000
  Number of SOSL queries: 0 out of 20
  Number of DML statements: 0 out of 150
  Number of Publish Immediate DML: 0 out of 150
  Number of DML rows: 0 out of 10000
  Maximum CPU time: 0 out of 10000
  Maximum heap size: 0 out of 6000000
  Number of callouts: 0 out of 100
  Number of Email Invocations: 0 out of 10
  Number of future calls: 0 out of 50
  Number of queueable jobs added to the queue: 0 out of 50
  Number of Mobile Apex push calls: 0 out of 10

12:18:18.96 (96399381)|CUMULATIVE_LIMIT_USAGE_END

