66.0 APEX_CODE,FINEST;APEX_PROFILING,INFO;CALLOUT,INFO;DATA_ACCESS,INFO;DB,INFO;NBA,INFO;SYSTEM,DEBUG;VALIDATION,INFO;VISUALFORCE,INFO;WAVE,INFO;WORKFLOW,INFO
12:36:02.5 (5257438)|USER_INFO|[EXTERNAL]|005dM00000bGQNp|pmandy.f7098e8d67c2@agentforce.com|(GMT-07:00) Pacific Daylight Time (America/Los_Angeles)|GMT-07:00
12:36:02.5 (5324709)|EXECUTION_STARTED
12:36:02.5 (5350670)|CODE_UNIT_STARTED|[EXTERNAL]|apex://ObserveTuneController/ACTION$getTuneData
12:36:02.5 (6093028)|CODE_UNIT_STARTED|[EXTERNAL]|01pdM00000WohAb|ObserveTuneController.getTuneData()
12:36:02.5 (8473537)|HEAP_ALLOCATE|[95]|Bytes:3
12:36:02.5 (8618230)|HEAP_ALLOCATE|[100]|Bytes:152
12:36:02.5 (8661641)|HEAP_ALLOCATE|[417]|Bytes:408
12:36:02.5 (8680072)|HEAP_ALLOCATE|[430]|Bytes:408
12:36:02.5 (8717742)|HEAP_ALLOCATE|[317]|Bytes:6
12:36:02.5 (8789684)|HEAP_ALLOCATE|[EXTERNAL]|Bytes:8
12:36:02.5 (8822254)|HEAP_ALLOCATE|[EXTERNAL]|Bytes:22
12:36:02.5 (8868066)|METHOD_ENTRY|[1]|01pdM00000WohAb|ObserveTuneController.ObserveTuneController()
12:36:02.5 (9037270)|STATEMENT_EXECUTE|[1]
12:36:02.5 (9066140)|STATEMENT_EXECUTE|[1]
12:36:02.5 (9095161)|HEAP_ALLOCATE|[68]|Bytes:5
12:36:02.5 (9149643)|HEAP_ALLOCATE|[74]|Bytes:5
12:36:02.5 (9166483)|HEAP_ALLOCATE|[82]|Bytes:7
12:36:02.5 (9618924)|HEAP_ALLOCATE|[EXTERNAL]|Bytes:5
12:36:02.5 (9671425)|METHOD_EXIT|[1]|ObserveTuneController
12:36:02.5 (9689256)|HEAP_ALLOCATE|[5]|Bytes:5
12:36:02.5 (9699776)|STATEMENT_EXECUTE|[4]
12:36:02.5 (9704336)|STATEMENT_EXECUTE|[5]
12:36:02.5 (9707276)|STATEMENT_EXECUTE|[5]
12:36:02.5 (9710116)|STATEMENT_EXECUTE|[6]
12:36:02.5 (9732087)|HEAP_ALLOCATE|[6]|Bytes:4
12:36:02.5 (9808509)|VARIABLE_SCOPE_BEGIN|[6]|data|Map<String,ANY>|true|false
12:36:02.5 (10209958)|VARIABLE_ASSIGNMENT|[6]|data|{}|0x5a162aa0
12:36:02.5 (10418233)|STATEMENT_EXECUTE|[9]
12:36:02.5 (10467354)|HEAP_ALLOCATE|[9]|Bytes:4
12:36:02.5 (10616978)|HEAP_ALLOCATE|[10]|Bytes:4
12:36:02.5 (10629798)|HEAP_ALLOCATE|[11]|Bytes:4
12:36:02.5 (10636718)|HEAP_ALLOCATE|[11]|Bytes:13
12:36:02.5 (10728432)|HEAP_ALLOCATE|[12]|Bytes:6
12:36:02.5 (10751451)|HEAP_ALLOCATE|[12]|Bytes:5
12:36:02.5 (10774022)|HEAP_ALLOCATE|[13]|Bytes:7
12:36:02.5 (10800163)|HEAP_ALLOCATE|[10]|Bytes:4
12:36:02.5 (10830343)|HEAP_ALLOCATE|[14]|Bytes:7
12:36:02.5 (10837434)|HEAP_ALLOCATE|[14]|Bytes:18
12:36:02.5 (10854955)|HEAP_ALLOCATE|[15]|Bytes:9
12:36:02.5 (10861814)|HEAP_ALLOCATE|[15]|Bytes:179
12:36:02.5 (10887454)|HEAP_ALLOCATE|[17]|Bytes:4
12:36:02.5 (10897166)|HEAP_ALLOCATE|[18]|Bytes:11
12:36:02.5 (10930735)|HEAP_ALLOCATE|[19]|Bytes:14
12:36:02.5 (10954727)|HEAP_ALLOCATE|[17]|Bytes:4
12:36:02.5 (10972487)|HEAP_ALLOCATE|[21]|Bytes:9
12:36:02.5 (10990777)|HEAP_ALLOCATE|[22]|Bytes:81
12:36:02.5 (11018948)|VARIABLE_SCOPE_BEGIN|[9]|cohortLeads|List<Map<String,ANY>>|true|false
12:36:02.5 (11078440)|HEAP_ALLOCATE|[EXTERNAL]|Bytes:12
12:36:02.5 (11153741)|VARIABLE_ASSIGNMENT|[9]|cohortLeads|[{"name":"Jennifer Park","status":"Bound","daysAgo":3,"verdict":"Decision Confirmed","reasoning":"Act classified Pursu (159 more) ..."},{"name":"Marcus Reed","status":"Window Timeout","daysAgo":5,"verdict":"No-Signal","reasoning":"Still in nurture win (61 more) ..."}]|0x563ad367
12:36:02.5 (11165882)|STATEMENT_EXECUTE|[27]
12:36:02.5 (11178002)|HEAP_ALLOCATE|[27]|Bytes:4
12:36:02.5 (11211902)|HEAP_ALLOCATE|[28]|Bytes:4
12:36:02.5 (11221382)|HEAP_ALLOCATE|[29]|Bytes:5
12:36:02.5 (11228113)|HEAP_ALLOCATE|[29]|Bytes:99
12:36:02.5 (11263273)|HEAP_ALLOCATE|[30]|Bytes:6
12:36:02.5 (11272255)|HEAP_ALLOCATE|[30]|Bytes:46
12:36:02.5 (11290485)|HEAP_ALLOCATE|[31]|Bytes:6
12:36:02.5 (11306594)|HEAP_ALLOCATE|[31]|Bytes:24
12:36:02.5 (11331856)|HEAP_ALLOCATE|[33]|Bytes:4
12:36:02.5 (11342286)|HEAP_ALLOCATE|[34]|Bytes:72
12:36:02.5 (11372596)|HEAP_ALLOCATE|[35]|Bytes:21
12:36:02.5 (11390547)|HEAP_ALLOCATE|[36]|Bytes:24
12:36:02.5 (11414538)|HEAP_ALLOCATE|[38]|Bytes:4
12:36:02.5 (11423197)|HEAP_ALLOCATE|[39]|Bytes:78
12:36:02.5 (11451089)|HEAP_ALLOCATE|[40]|Bytes:55
12:36:02.5 (11470849)|HEAP_ALLOCATE|[41]|Bytes:25
12:36:02.5 (11499210)|VARIABLE_SCOPE_BEGIN|[27]|proposals|List<Map<String,ANY>>|true|false
12:36:02.5 (11531520)|HEAP_ALLOCATE|[EXTERNAL]|Bytes:16
12:36:02.5 (11583392)|VARIABLE_ASSIGNMENT|[27]|proposals|[{"title":"EverQuote source · P (79 more) ...","impact":"312 confirmed verdic (26 more) ...","change":"Tighten Pursue thres (4 more) ..."},{"title":"Household-match sign (52 more) ...","impact":"89 verdicts confirme (1 more) ...","change":"Increase weighting + (4 more) ..."},{"title":"New pattern: VINs >  (58 more) ...","impact":"Convert at 6.8% vs 1 (35 more) ...","change":"Recommend Nurture de (5 more) ..."}]|0x3dc91da1
12:36:02.5 (11622682)|STATEMENT_EXECUTE|[45]
12:36:02.5 (11633522)|HEAP_ALLOCATE|[45]|Bytes:4
12:36:02.5 (11645634)|HEAP_ALLOCATE|[46]|Bytes:10
12:36:02.5 (11652224)|HEAP_ALLOCATE|[46]|Bytes:10
12:36:02.5 (11688515)|HEAP_ALLOCATE|[47]|Bytes:8
12:36:02.5 (11696185)|HEAP_ALLOCATE|[47]|Bytes:10
12:36:02.5 (11712905)|HEAP_ALLOCATE|[48]|Bytes:12
12:36:02.5 (11724275)|HEAP_ALLOCATE|[45]|Bytes:4
12:36:02.5 (11742496)|HEAP_ALLOCATE|[49]|Bytes:9
12:36:02.5 (11761316)|HEAP_ALLOCATE|[50]|Bytes:12
12:36:02.5 (11767846)|HEAP_ALLOCATE|[50]|Bytes:4
12:36:02.5 (11783847)|HEAP_ALLOCATE|[51]|Bytes:12
12:36:02.5 (11790127)|HEAP_ALLOCATE|[51]|Bytes:4
12:36:02.5 (13004956)|HEAP_ALLOCATE|[52]|Bytes:13
12:36:02.5 (13072678)|HEAP_ALLOCATE|[52]|Bytes:68
12:36:02.5 (13097649)|VARIABLE_SCOPE_BEGIN|[45]|tuneProposal|Map<String,ANY>|true|false
12:36:02.5 (13149440)|VARIABLE_ASSIGNMENT|[45]|tuneProposal|"Map of size 7 too large to display"|0x37ffcc3b
12:36:02.5 (13159350)|STATEMENT_EXECUTE|[55]
12:36:02.5 (13165270)|HEAP_ALLOCATE|[55]|Bytes:11
12:36:02.5 (13206621)|HEAP_ALLOCATE|[EXTERNAL]|Bytes:-4
12:36:02.5 (13217711)|STATEMENT_EXECUTE|[56]
12:36:02.5 (13222972)|HEAP_ALLOCATE|[56]|Bytes:12
12:36:02.5 (13245933)|HEAP_ALLOCATE|[EXTERNAL]|Bytes:-4
12:36:02.5 (13255832)|STATEMENT_EXECUTE|[57]
12:36:02.5 (13261493)|HEAP_ALLOCATE|[57]|Bytes:7
12:36:02.5 (13288983)|HEAP_ALLOCATE|[57]|Bytes:5
12:36:02.5 (13296654)|HEAP_ALLOCATE|[EXTERNAL]|Bytes:-4
12:36:02.5 (13305814)|STATEMENT_EXECUTE|[59]
12:36:02.13 (13379376)|CUMULATIVE_LIMIT_USAGE
12:36:02.13 (13379376)|LIMIT_USAGE_FOR_NS|(default)|
  Number of SOQL queries: 0 out of 100
  Number of query rows: 0 out of 50000
  Number of SOSL queries: 0 out of 20
  Number of DML statements: 0 out of 150
  Number of Publish Immediate DML: 0 out of 150
  Number of DML rows: 0 out of 10000
  Maximum CPU time: 0 out of 10000
  Maximum heap size: 0 out of 6000000
  Number of callouts: 0 out of 100
  Number of Email Invocations: 0 out of 10
  Number of future calls: 0 out of 50
  Number of queueable jobs added to the queue: 0 out of 50
  Number of Mobile Apex push calls: 0 out of 10

12:36:02.13 (13379376)|CUMULATIVE_LIMIT_USAGE_END

12:36:02.5 (13426097)|CODE_UNIT_FINISHED|ObserveTuneController.getTuneData()
12:36:02.5 (13658122)|CODE_UNIT_FINISHED|apex://ObserveTuneController/ACTION$getTuneData
12:36:02.5 (13669562)|EXECUTION_FINISHED
