66.0 APEX_CODE,FINEST;APEX_PROFILING,INFO;CALLOUT,INFO;DATA_ACCESS,INFO;DB,INFO;NBA,INFO;SYSTEM,DEBUG;VALIDATION,INFO;VISUALFORCE,INFO;WAVE,INFO;WORKFLOW,INFO
11:13:41.1 (1252907)|USER_INFO|[EXTERNAL]|005dM00000bGQNp|pmandy.f7098e8d67c2@agentforce.com|(GMT-07:00) Pacific Daylight Time (America/Los_Angeles)|GMT-07:00
11:13:41.1 (1316210)|EXECUTION_STARTED
11:13:41.1 (1343662)|CODE_UNIT_STARTED|[EXTERNAL]|apex://ObserveTuneController/ACTION$getTuneData
11:13:41.1 (2839743)|CODE_UNIT_STARTED|[EXTERNAL]|01pdM00000WohAb|ObserveTuneController.getTuneData()
11:13:41.1 (3218023)|HEAP_ALLOCATE|[95]|Bytes:3
11:13:41.1 (3335758)|HEAP_ALLOCATE|[100]|Bytes:152
11:13:41.1 (3353070)|HEAP_ALLOCATE|[417]|Bytes:408
11:13:41.1 (3368031)|HEAP_ALLOCATE|[430]|Bytes:408
11:13:41.1 (3397753)|HEAP_ALLOCATE|[317]|Bytes:6
11:13:41.1 (3451216)|HEAP_ALLOCATE|[EXTERNAL]|Bytes:8
11:13:41.1 (3460436)|HEAP_ALLOCATE|[EXTERNAL]|Bytes:22
11:13:41.1 (3487028)|METHOD_ENTRY|[1]|01pdM00000WohAb|ObserveTuneController.ObserveTuneController()
11:13:41.1 (3504078)|STATEMENT_EXECUTE|[1]
11:13:41.1 (3515349)|STATEMENT_EXECUTE|[1]
11:13:41.1 (3536580)|HEAP_ALLOCATE|[68]|Bytes:5
11:13:41.1 (3571662)|HEAP_ALLOCATE|[74]|Bytes:5
11:13:41.1 (3581012)|HEAP_ALLOCATE|[82]|Bytes:7
11:13:41.1 (3913250)|HEAP_ALLOCATE|[EXTERNAL]|Bytes:5
11:13:41.1 (3969293)|METHOD_EXIT|[1]|ObserveTuneController
11:13:41.1 (3985584)|HEAP_ALLOCATE|[5]|Bytes:5
11:13:41.1 (3990834)|STATEMENT_EXECUTE|[4]
11:13:41.1 (3993255)|STATEMENT_EXECUTE|[5]
11:13:41.1 (3995194)|STATEMENT_EXECUTE|[5]
11:13:41.1 (3997354)|STATEMENT_EXECUTE|[6]
11:13:41.1 (4015966)|HEAP_ALLOCATE|[6]|Bytes:4
11:13:41.1 (4041337)|VARIABLE_SCOPE_BEGIN|[6]|data|Map<String,ANY>|true|false
11:13:41.1 (4140063)|VARIABLE_ASSIGNMENT|[6]|data|{}|0x1d69e69e
11:13:41.1 (4146522)|STATEMENT_EXECUTE|[9]
11:13:41.1 (4181095)|HEAP_ALLOCATE|[9]|Bytes:4
11:13:41.1 (4261419)|HEAP_ALLOCATE|[10]|Bytes:4
11:13:41.1 (4269089)|HEAP_ALLOCATE|[11]|Bytes:4
11:13:41.1 (4273729)|HEAP_ALLOCATE|[11]|Bytes:13
11:13:41.1 (4347584)|HEAP_ALLOCATE|[12]|Bytes:6
11:13:41.1 (4354133)|HEAP_ALLOCATE|[12]|Bytes:5
11:13:41.1 (4367625)|HEAP_ALLOCATE|[13]|Bytes:7
11:13:41.1 (4378665)|HEAP_ALLOCATE|[10]|Bytes:4
11:13:41.1 (4446898)|HEAP_ALLOCATE|[14]|Bytes:7
11:13:41.1 (4451469)|HEAP_ALLOCATE|[14]|Bytes:18
11:13:41.1 (4463830)|HEAP_ALLOCATE|[15]|Bytes:9
11:13:41.1 (4467960)|HEAP_ALLOCATE|[15]|Bytes:179
11:13:41.1 (4490051)|HEAP_ALLOCATE|[17]|Bytes:4
11:13:41.1 (4496922)|HEAP_ALLOCATE|[18]|Bytes:11
11:13:41.1 (4521123)|HEAP_ALLOCATE|[19]|Bytes:14
11:13:41.1 (4538494)|HEAP_ALLOCATE|[17]|Bytes:4
11:13:41.1 (4549775)|HEAP_ALLOCATE|[21]|Bytes:9
11:13:41.1 (4562355)|HEAP_ALLOCATE|[22]|Bytes:81
11:13:41.1 (4575996)|VARIABLE_SCOPE_BEGIN|[9]|cohortLeads|List<Map<String,ANY>>|true|false
11:13:41.1 (4652109)|HEAP_ALLOCATE|[EXTERNAL]|Bytes:12
11:13:41.1 (4694412)|VARIABLE_ASSIGNMENT|[9]|cohortLeads|[{"name":"Jennifer Park","status":"Bound","daysAgo":3,"verdict":"Decision Confirmed","reasoning":"Act classified Pursu (159 more) ..."},{"name":"Marcus Reed","status":"Window Timeout","daysAgo":5,"verdict":"No-Signal","reasoning":"Still in nurture win (61 more) ..."}]|0x351fdc48
11:13:41.1 (4702483)|STATEMENT_EXECUTE|[27]
11:13:41.1 (4710003)|HEAP_ALLOCATE|[27]|Bytes:4
11:13:41.1 (4730174)|HEAP_ALLOCATE|[28]|Bytes:4
11:13:41.1 (4736554)|HEAP_ALLOCATE|[29]|Bytes:5
11:13:41.1 (4740775)|HEAP_ALLOCATE|[29]|Bytes:99
11:13:41.1 (4768326)|HEAP_ALLOCATE|[30]|Bytes:6
11:13:41.1 (4773307)|HEAP_ALLOCATE|[30]|Bytes:46
11:13:41.1 (4784927)|HEAP_ALLOCATE|[31]|Bytes:6
11:13:41.1 (4789098)|HEAP_ALLOCATE|[31]|Bytes:24
11:13:41.1 (4804408)|HEAP_ALLOCATE|[33]|Bytes:4
11:13:41.1 (4810309)|HEAP_ALLOCATE|[34]|Bytes:72
11:13:41.1 (4832359)|HEAP_ALLOCATE|[35]|Bytes:21
11:13:41.1 (4846171)|HEAP_ALLOCATE|[36]|Bytes:24
11:13:41.1 (4864081)|HEAP_ALLOCATE|[38]|Bytes:4
11:13:41.1 (4869912)|HEAP_ALLOCATE|[39]|Bytes:78
11:13:41.1 (4895253)|HEAP_ALLOCATE|[40]|Bytes:55
11:13:41.1 (4908034)|HEAP_ALLOCATE|[41]|Bytes:25
11:13:41.1 (4921884)|VARIABLE_SCOPE_BEGIN|[27]|proposals|List<Map<String,ANY>>|true|false
11:13:41.1 (4941376)|HEAP_ALLOCATE|[EXTERNAL]|Bytes:16
11:13:41.1 (4964057)|VARIABLE_ASSIGNMENT|[27]|proposals|[{"title":"EverQuote source · P (79 more) ...","impact":"312 confirmed verdic (26 more) ...","change":"Tighten Pursue thres (4 more) ..."},{"title":"Household-match sign (52 more) ...","impact":"89 verdicts confirme (1 more) ...","change":"Increase weighting + (4 more) ..."},{"title":"New pattern: VINs >  (58 more) ...","impact":"Convert at 6.8% vs 1 (35 more) ...","change":"Recommend Nurture de (5 more) ..."}]|0xc76ad8b
11:13:41.1 (4972646)|STATEMENT_EXECUTE|[45]
11:13:41.1 (4978247)|HEAP_ALLOCATE|[45]|Bytes:4
11:13:41.1 (4984527)|HEAP_ALLOCATE|[46]|Bytes:10
11:13:41.1 (4988748)|HEAP_ALLOCATE|[46]|Bytes:10
11:13:41.1 (5019769)|HEAP_ALLOCATE|[47]|Bytes:8
11:13:41.1 (5026510)|HEAP_ALLOCATE|[47]|Bytes:10
11:13:41.1 (5038961)|HEAP_ALLOCATE|[48]|Bytes:12
11:13:41.1 (5054522)|HEAP_ALLOCATE|[45]|Bytes:4
11:13:41.1 (5067383)|HEAP_ALLOCATE|[49]|Bytes:9
11:13:41.1 (5079903)|HEAP_ALLOCATE|[50]|Bytes:12
11:13:41.1 (5084143)|HEAP_ALLOCATE|[50]|Bytes:4
11:13:41.1 (5096024)|HEAP_ALLOCATE|[51]|Bytes:12
11:13:41.1 (5100124)|HEAP_ALLOCATE|[51]|Bytes:4
11:13:41.1 (5111025)|HEAP_ALLOCATE|[52]|Bytes:13
11:13:41.1 (5114894)|HEAP_ALLOCATE|[52]|Bytes:68
11:13:41.1 (5125486)|VARIABLE_SCOPE_BEGIN|[45]|tuneProposal|Map<String,ANY>|true|false
11:13:41.1 (5138695)|VARIABLE_ASSIGNMENT|[45]|tuneProposal|"Map of size 7 too large to display"|0x5e79f78d
11:13:41.1 (5143367)|STATEMENT_EXECUTE|[55]
11:13:41.1 (5147127)|HEAP_ALLOCATE|[55]|Bytes:11
11:13:41.1 (5187689)|HEAP_ALLOCATE|[EXTERNAL]|Bytes:-4
11:13:41.1 (5196849)|STATEMENT_EXECUTE|[56]
11:13:41.1 (5200440)|HEAP_ALLOCATE|[56]|Bytes:12
11:13:41.1 (5219660)|HEAP_ALLOCATE|[EXTERNAL]|Bytes:-4
11:13:41.1 (5293504)|STATEMENT_EXECUTE|[57]
11:13:41.1 (5297015)|HEAP_ALLOCATE|[57]|Bytes:7
11:13:41.1 (5328137)|HEAP_ALLOCATE|[57]|Bytes:5
11:13:41.1 (5334167)|HEAP_ALLOCATE|[EXTERNAL]|Bytes:-4
11:13:41.1 (5340577)|STATEMENT_EXECUTE|[59]
11:13:41.5 (5409841)|CUMULATIVE_LIMIT_USAGE
11:13:41.5 (5409841)|LIMIT_USAGE_FOR_NS|(default)|
  Number of SOQL queries: 0 out of 100
  Number of query rows: 0 out of 50000
  Number of SOSL queries: 0 out of 20
  Number of DML statements: 0 out of 150
  Number of Publish Immediate DML: 0 out of 150
  Number of DML rows: 0 out of 10000
  Maximum CPU time: 0 out of 10000
  Maximum heap size: 0 out of 6000000
  Number of callouts: 0 out of 100
  Number of Email Invocations: 0 out of 10
  Number of future calls: 0 out of 50
  Number of queueable jobs added to the queue: 0 out of 50
  Number of Mobile Apex push calls: 0 out of 10

11:13:41.5 (5409841)|CUMULATIVE_LIMIT_USAGE_END

11:13:41.1 (5464184)|CODE_UNIT_FINISHED|ObserveTuneController.getTuneData()
11:13:41.1 (5718338)|CODE_UNIT_FINISHED|apex://ObserveTuneController/ACTION$getTuneData
11:13:41.1 (5730278)|EXECUTION_FINISHED
