66.0 APEX_CODE,FINEST;APEX_PROFILING,INFO;CALLOUT,INFO;DATA_ACCESS,INFO;DB,INFO;NBA,INFO;SYSTEM,DEBUG;VALIDATION,INFO;VISUALFORCE,INFO;WAVE,INFO;WORKFLOW,INFO
13:26:37.4 (4246531)|USER_INFO|[EXTERNAL]|005dM00000bGQNp|pmandy.f7098e8d67c2@agentforce.com|(GMT-07:00) Pacific Daylight Time (America/Los_Angeles)|GMT-07:00
13:26:37.4 (4321834)|EXECUTION_STARTED
13:26:37.4 (4352964)|CODE_UNIT_STARTED|[EXTERNAL]|apex://ObserveTuneController/ACTION$getTuneData
13:26:37.4 (5532089)|CODE_UNIT_STARTED|[EXTERNAL]|01pdM00000WohAb|ObserveTuneController.getTuneData()
13:26:37.4 (5923298)|HEAP_ALLOCATE|[95]|Bytes:3
13:26:37.4 (6039520)|HEAP_ALLOCATE|[100]|Bytes:152
13:26:37.4 (6058480)|HEAP_ALLOCATE|[417]|Bytes:408
13:26:37.4 (6073640)|HEAP_ALLOCATE|[430]|Bytes:408
13:26:37.4 (6102472)|HEAP_ALLOCATE|[317]|Bytes:6
13:26:37.4 (6157292)|HEAP_ALLOCATE|[EXTERNAL]|Bytes:8
13:26:37.4 (6166833)|HEAP_ALLOCATE|[EXTERNAL]|Bytes:22
13:26:37.4 (6190603)|METHOD_ENTRY|[1]|01pdM00000WohAb|ObserveTuneController.ObserveTuneController()
13:26:37.4 (6208523)|STATEMENT_EXECUTE|[1]
13:26:37.4 (6222274)|STATEMENT_EXECUTE|[1]
13:26:37.4 (6242985)|HEAP_ALLOCATE|[68]|Bytes:5
13:26:37.4 (6285786)|HEAP_ALLOCATE|[74]|Bytes:5
13:26:37.4 (6297005)|HEAP_ALLOCATE|[82]|Bytes:7
13:26:37.4 (6636873)|HEAP_ALLOCATE|[EXTERNAL]|Bytes:5
13:26:37.4 (6663124)|METHOD_EXIT|[1]|ObserveTuneController
13:26:37.4 (6677343)|HEAP_ALLOCATE|[5]|Bytes:5
13:26:37.4 (6682094)|STATEMENT_EXECUTE|[4]
13:26:37.4 (6684434)|STATEMENT_EXECUTE|[5]
13:26:37.4 (6686343)|STATEMENT_EXECUTE|[5]
13:26:37.4 (6688383)|STATEMENT_EXECUTE|[6]
13:26:37.4 (6708355)|HEAP_ALLOCATE|[6]|Bytes:4
13:26:37.4 (6734395)|VARIABLE_SCOPE_BEGIN|[6]|data|Map<String,ANY>|true|false
13:26:37.4 (6829546)|VARIABLE_ASSIGNMENT|[6]|data|{}|0x5e714484
13:26:37.4 (6835077)|STATEMENT_EXECUTE|[9]
13:26:37.4 (6872488)|HEAP_ALLOCATE|[9]|Bytes:4
13:26:37.4 (6956840)|HEAP_ALLOCATE|[10]|Bytes:4
13:26:37.4 (6964650)|HEAP_ALLOCATE|[11]|Bytes:4
13:26:37.4 (6968800)|HEAP_ALLOCATE|[11]|Bytes:13
13:26:37.4 (7038671)|HEAP_ALLOCATE|[12]|Bytes:6
13:26:37.4 (7044631)|HEAP_ALLOCATE|[12]|Bytes:5
13:26:37.4 (7057262)|HEAP_ALLOCATE|[13]|Bytes:7
13:26:37.4 (7068612)|HEAP_ALLOCATE|[10]|Bytes:4
13:26:37.4 (7108883)|HEAP_ALLOCATE|[14]|Bytes:7
13:26:37.4 (7113873)|HEAP_ALLOCATE|[14]|Bytes:18
13:26:37.4 (7127033)|HEAP_ALLOCATE|[15]|Bytes:9
13:26:37.4 (7131434)|HEAP_ALLOCATE|[15]|Bytes:179
13:26:37.4 (7155544)|HEAP_ALLOCATE|[17]|Bytes:4
13:26:37.4 (7163414)|HEAP_ALLOCATE|[18]|Bytes:11
13:26:37.4 (7189405)|HEAP_ALLOCATE|[19]|Bytes:14
13:26:37.4 (7207125)|HEAP_ALLOCATE|[17]|Bytes:4
13:26:37.4 (7219955)|HEAP_ALLOCATE|[21]|Bytes:9
13:26:37.4 (7232626)|HEAP_ALLOCATE|[22]|Bytes:81
13:26:37.4 (7247256)|VARIABLE_SCOPE_BEGIN|[9]|cohortLeads|List<Map<String,ANY>>|true|false
13:26:37.4 (7294297)|HEAP_ALLOCATE|[EXTERNAL]|Bytes:12
13:26:37.4 (7338538)|VARIABLE_ASSIGNMENT|[9]|cohortLeads|[{"name":"Jennifer Park","status":"Bound","daysAgo":3,"verdict":"Decision Confirmed","reasoning":"Act classified Pursu (159 more) ..."},{"name":"Marcus Reed","status":"Window Timeout","daysAgo":5,"verdict":"No-Signal","reasoning":"Still in nurture win (61 more) ..."}]|0x4c67f326
13:26:37.4 (7345708)|STATEMENT_EXECUTE|[27]
13:26:37.4 (7354838)|HEAP_ALLOCATE|[27]|Bytes:4
13:26:37.4 (7376029)|HEAP_ALLOCATE|[28]|Bytes:4
13:26:37.4 (7382519)|HEAP_ALLOCATE|[29]|Bytes:5
13:26:37.4 (7386949)|HEAP_ALLOCATE|[29]|Bytes:99
13:26:37.4 (7414159)|HEAP_ALLOCATE|[30]|Bytes:6
13:26:37.4 (7418960)|HEAP_ALLOCATE|[30]|Bytes:46
13:26:37.4 (7430480)|HEAP_ALLOCATE|[31]|Bytes:6
13:26:37.4 (7434980)|HEAP_ALLOCATE|[31]|Bytes:24
13:26:37.4 (7452060)|HEAP_ALLOCATE|[33]|Bytes:4
13:26:37.4 (7458300)|HEAP_ALLOCATE|[34]|Bytes:72
13:26:37.4 (7481751)|HEAP_ALLOCATE|[35]|Bytes:21
13:26:37.4 (7495541)|HEAP_ALLOCATE|[36]|Bytes:24
13:26:37.4 (7511452)|HEAP_ALLOCATE|[38]|Bytes:4
13:26:37.4 (7517772)|HEAP_ALLOCATE|[39]|Bytes:78
13:26:37.4 (7541222)|HEAP_ALLOCATE|[40]|Bytes:55
13:26:37.4 (7554812)|HEAP_ALLOCATE|[41]|Bytes:25
13:26:37.4 (7568423)|VARIABLE_SCOPE_BEGIN|[27]|proposals|List<Map<String,ANY>>|true|false
13:26:37.4 (7590633)|HEAP_ALLOCATE|[EXTERNAL]|Bytes:16
13:26:37.4 (7612084)|VARIABLE_ASSIGNMENT|[27]|proposals|[{"title":"EverQuote source · P (79 more) ...","impact":"312 confirmed verdic (26 more) ...","change":"Tighten Pursue thres (4 more) ..."},{"title":"Household-match sign (52 more) ...","impact":"89 verdicts confirme (1 more) ...","change":"Increase weighting + (4 more) ..."},{"title":"New pattern: VINs >  (58 more) ...","impact":"Convert at 6.8% vs 1 (35 more) ...","change":"Recommend Nurture de (5 more) ..."}]|0x454e2bd8
13:26:37.4 (7621464)|STATEMENT_EXECUTE|[45]
13:26:37.4 (7626844)|HEAP_ALLOCATE|[45]|Bytes:4
13:26:37.4 (7633734)|HEAP_ALLOCATE|[46]|Bytes:10
13:26:37.4 (7637924)|HEAP_ALLOCATE|[46]|Bytes:10
13:26:37.4 (7664235)|HEAP_ALLOCATE|[47]|Bytes:8
13:26:37.4 (7669885)|HEAP_ALLOCATE|[47]|Bytes:10
13:26:37.4 (7681055)|HEAP_ALLOCATE|[48]|Bytes:12
13:26:37.4 (7689045)|HEAP_ALLOCATE|[45]|Bytes:4
13:26:37.4 (7701646)|HEAP_ALLOCATE|[49]|Bytes:9
13:26:37.4 (7713936)|HEAP_ALLOCATE|[50]|Bytes:12
13:26:37.4 (7717896)|HEAP_ALLOCATE|[50]|Bytes:4
13:26:37.4 (7728376)|HEAP_ALLOCATE|[51]|Bytes:12
13:26:37.4 (7732806)|HEAP_ALLOCATE|[51]|Bytes:4
13:26:37.4 (7743626)|HEAP_ALLOCATE|[52]|Bytes:13
13:26:37.4 (7747976)|HEAP_ALLOCATE|[52]|Bytes:68
13:26:37.4 (7759197)|VARIABLE_SCOPE_BEGIN|[45]|tuneProposal|Map<String,ANY>|true|false
13:26:37.4 (7778297)|VARIABLE_ASSIGNMENT|[45]|tuneProposal|"Map of size 7 too large to display"|0x480affd1
13:26:37.4 (7783307)|STATEMENT_EXECUTE|[55]
13:26:37.4 (7787177)|HEAP_ALLOCATE|[55]|Bytes:11
13:26:37.4 (7824718)|HEAP_ALLOCATE|[EXTERNAL]|Bytes:-4
13:26:37.4 (7833708)|STATEMENT_EXECUTE|[56]
13:26:37.4 (7837058)|HEAP_ALLOCATE|[56]|Bytes:12
13:26:37.4 (7892470)|HEAP_ALLOCATE|[EXTERNAL]|Bytes:-4
13:26:37.4 (7901440)|STATEMENT_EXECUTE|[57]
13:26:37.4 (7905180)|HEAP_ALLOCATE|[57]|Bytes:7
13:26:37.4 (7933790)|HEAP_ALLOCATE|[57]|Bytes:5
13:26:37.4 (7939351)|HEAP_ALLOCATE|[EXTERNAL]|Bytes:-4
13:26:37.4 (7946871)|STATEMENT_EXECUTE|[59]
13:26:37.8 (8026042)|CUMULATIVE_LIMIT_USAGE
13:26:37.8 (8026042)|LIMIT_USAGE_FOR_NS|(default)|
  Number of SOQL queries: 0 out of 100
  Number of query rows: 0 out of 50000
  Number of SOSL queries: 0 out of 20
  Number of DML statements: 0 out of 150
  Number of Publish Immediate DML: 0 out of 150
  Number of DML rows: 0 out of 10000
  Maximum CPU time: 0 out of 10000
  Maximum heap size: 0 out of 6000000
  Number of callouts: 0 out of 100
  Number of Email Invocations: 0 out of 10
  Number of future calls: 0 out of 50
  Number of queueable jobs added to the queue: 0 out of 50
  Number of Mobile Apex push calls: 0 out of 10

13:26:37.8 (8026042)|CUMULATIVE_LIMIT_USAGE_END

13:26:37.4 (8078813)|CODE_UNIT_FINISHED|ObserveTuneController.getTuneData()
13:26:37.4 (8332059)|CODE_UNIT_FINISHED|apex://ObserveTuneController/ACTION$getTuneData
13:26:37.4 (8342790)|EXECUTION_FINISHED
