66.0 APEX_CODE,FINEST;APEX_PROFILING,INFO;CALLOUT,INFO;DATA_ACCESS,INFO;DB,INFO;NBA,INFO;SYSTEM,DEBUG;VALIDATION,INFO;VISUALFORCE,INFO;WAVE,INFO;WORKFLOW,INFO
11:03:57.0 (831428)|USER_INFO|[EXTERNAL]|005dM00000bGQNp|pmandy.f7098e8d67c2@agentforce.com|(GMT-07:00) Pacific Daylight Time (America/Los_Angeles)|GMT-07:00
11:03:57.0 (896644)|EXECUTION_STARTED
11:03:57.0 (921106)|CODE_UNIT_STARTED|[EXTERNAL]|apex://ObserveTuneController/ACTION$getTuneData
11:03:57.0 (2056699)|CODE_UNIT_STARTED|[EXTERNAL]|01pdM00000WohAb|ObserveTuneController.getTuneData()
11:03:57.0 (3969076)|HEAP_ALLOCATE|[95]|Bytes:3
11:03:57.0 (4076585)|HEAP_ALLOCATE|[100]|Bytes:152
11:03:57.0 (4096056)|HEAP_ALLOCATE|[417]|Bytes:408
11:03:57.0 (4111108)|HEAP_ALLOCATE|[430]|Bytes:408
11:03:57.0 (4139230)|HEAP_ALLOCATE|[317]|Bytes:6
11:03:57.0 (4154741)|HEAP_ALLOCATE|[EXTERNAL]|Bytes:8
11:03:57.0 (4163302)|HEAP_ALLOCATE|[EXTERNAL]|Bytes:22
11:03:57.0 (4188014)|METHOD_ENTRY|[1]|01pdM00000WohAb|ObserveTuneController.ObserveTuneController()
11:03:57.0 (4209656)|STATEMENT_EXECUTE|[1]
11:03:57.0 (4220147)|STATEMENT_EXECUTE|[1]
11:03:57.0 (4240148)|HEAP_ALLOCATE|[68]|Bytes:5
11:03:57.0 (4280501)|HEAP_ALLOCATE|[74]|Bytes:5
11:03:57.0 (4292192)|HEAP_ALLOCATE|[82]|Bytes:7
11:03:57.0 (4634150)|HEAP_ALLOCATE|[EXTERNAL]|Bytes:5
11:03:57.0 (4664103)|METHOD_EXIT|[1]|ObserveTuneController
11:03:57.0 (4682205)|HEAP_ALLOCATE|[5]|Bytes:5
11:03:57.0 (4687585)|STATEMENT_EXECUTE|[4]
11:03:57.0 (4690065)|STATEMENT_EXECUTE|[5]
11:03:57.0 (4692035)|STATEMENT_EXECUTE|[5]
11:03:57.0 (4694235)|STATEMENT_EXECUTE|[6]
11:03:57.0 (4709778)|HEAP_ALLOCATE|[6]|Bytes:4
11:03:57.0 (4733359)|VARIABLE_SCOPE_BEGIN|[6]|data|Map<String,ANY>|true|false
11:03:57.0 (4836508)|VARIABLE_ASSIGNMENT|[6]|data|{}|0x3420a749
11:03:57.0 (4843197)|STATEMENT_EXECUTE|[9]
11:03:57.0 (4877730)|HEAP_ALLOCATE|[9]|Bytes:4
11:03:57.0 (4968679)|HEAP_ALLOCATE|[10]|Bytes:4
11:03:57.0 (4977830)|HEAP_ALLOCATE|[11]|Bytes:4
11:03:57.0 (4982800)|HEAP_ALLOCATE|[11]|Bytes:13
11:03:57.0 (5054745)|HEAP_ALLOCATE|[12]|Bytes:6
11:03:57.0 (5060406)|HEAP_ALLOCATE|[12]|Bytes:5
11:03:57.0 (5077147)|HEAP_ALLOCATE|[13]|Bytes:7
11:03:57.0 (5087908)|HEAP_ALLOCATE|[10]|Bytes:4
11:03:57.0 (5128002)|HEAP_ALLOCATE|[14]|Bytes:7
11:03:57.0 (5133052)|HEAP_ALLOCATE|[14]|Bytes:18
11:03:57.0 (5146573)|HEAP_ALLOCATE|[15]|Bytes:9
11:03:57.0 (5151214)|HEAP_ALLOCATE|[15]|Bytes:179
11:03:57.0 (5176296)|HEAP_ALLOCATE|[17]|Bytes:4
11:03:57.0 (5182446)|HEAP_ALLOCATE|[18]|Bytes:11
11:03:57.0 (5218489)|HEAP_ALLOCATE|[19]|Bytes:14
11:03:57.0 (5236301)|HEAP_ALLOCATE|[17]|Bytes:4
11:03:57.0 (5247782)|HEAP_ALLOCATE|[21]|Bytes:9
11:03:57.0 (5261583)|HEAP_ALLOCATE|[22]|Bytes:81
11:03:57.0 (5275674)|VARIABLE_SCOPE_BEGIN|[9]|cohortLeads|List<Map<String,ANY>>|true|false
11:03:57.0 (5325918)|HEAP_ALLOCATE|[EXTERNAL]|Bytes:12
11:03:57.0 (5366141)|VARIABLE_ASSIGNMENT|[9]|cohortLeads|[{"name":"Jennifer Park","status":"Bound","daysAgo":3,"verdict":"Decision Confirmed","reasoning":"Act classified Pursu (159 more) ..."},{"name":"Marcus Reed","status":"Window Timeout","daysAgo":5,"verdict":"No-Signal","reasoning":"Still in nurture win (61 more) ..."}]|0x13a6cc00
11:03:57.0 (5373922)|STATEMENT_EXECUTE|[27]
11:03:57.0 (5382772)|HEAP_ALLOCATE|[27]|Bytes:4
11:03:57.0 (5403234)|HEAP_ALLOCATE|[28]|Bytes:4
11:03:57.0 (5409345)|HEAP_ALLOCATE|[29]|Bytes:5
11:03:57.0 (5413605)|HEAP_ALLOCATE|[29]|Bytes:99
11:03:57.0 (5438456)|HEAP_ALLOCATE|[30]|Bytes:6
11:03:57.0 (5443078)|HEAP_ALLOCATE|[30]|Bytes:46
11:03:57.0 (5455149)|HEAP_ALLOCATE|[31]|Bytes:6
11:03:57.0 (5459419)|HEAP_ALLOCATE|[31]|Bytes:24
11:03:57.0 (5478200)|HEAP_ALLOCATE|[33]|Bytes:4
11:03:57.0 (5484531)|HEAP_ALLOCATE|[34]|Bytes:72
11:03:57.0 (5506933)|HEAP_ALLOCATE|[35]|Bytes:21
11:03:57.0 (5519184)|HEAP_ALLOCATE|[36]|Bytes:24
11:03:57.0 (5534405)|HEAP_ALLOCATE|[38]|Bytes:4
11:03:57.0 (5540586)|HEAP_ALLOCATE|[39]|Bytes:78
11:03:57.0 (5561397)|HEAP_ALLOCATE|[40]|Bytes:55
11:03:57.0 (5574608)|HEAP_ALLOCATE|[41]|Bytes:25
11:03:57.0 (5587049)|VARIABLE_SCOPE_BEGIN|[27]|proposals|List<Map<String,ANY>>|true|false
11:03:57.0 (5605521)|HEAP_ALLOCATE|[EXTERNAL]|Bytes:16
11:03:57.0 (5625712)|VARIABLE_ASSIGNMENT|[27]|proposals|[{"title":"EverQuote source · P (79 more) ...","impact":"312 confirmed verdic (26 more) ...","change":"Tighten Pursue thres (4 more) ..."},{"title":"Household-match sign (52 more) ...","impact":"89 verdicts confirme (1 more) ...","change":"Increase weighting + (4 more) ..."},{"title":"New pattern: VINs >  (58 more) ...","impact":"Convert at 6.8% vs 1 (35 more) ...","change":"Recommend Nurture de (5 more) ..."}]|0x404c0d48
11:03:57.0 (5635003)|STATEMENT_EXECUTE|[45]
11:03:57.0 (5640274)|HEAP_ALLOCATE|[45]|Bytes:4
11:03:57.0 (5646474)|HEAP_ALLOCATE|[46]|Bytes:10
11:03:57.0 (5650825)|HEAP_ALLOCATE|[46]|Bytes:10
11:03:57.0 (5675707)|HEAP_ALLOCATE|[47]|Bytes:8
11:03:57.0 (5680567)|HEAP_ALLOCATE|[47]|Bytes:10
11:03:57.0 (5692018)|HEAP_ALLOCATE|[48]|Bytes:12
11:03:57.0 (5705789)|HEAP_ALLOCATE|[45]|Bytes:4
11:03:57.0 (5718200)|HEAP_ALLOCATE|[49]|Bytes:9
11:03:57.0 (5729951)|HEAP_ALLOCATE|[50]|Bytes:12
11:03:57.0 (5734651)|HEAP_ALLOCATE|[50]|Bytes:4
11:03:57.0 (5745832)|HEAP_ALLOCATE|[51]|Bytes:12
11:03:57.0 (5749973)|HEAP_ALLOCATE|[51]|Bytes:4
11:03:57.0 (5760574)|HEAP_ALLOCATE|[52]|Bytes:13
11:03:57.0 (5766074)|HEAP_ALLOCATE|[52]|Bytes:68
11:03:57.0 (5776805)|VARIABLE_SCOPE_BEGIN|[45]|tuneProposal|Map<String,ANY>|true|false
11:03:57.0 (5790916)|VARIABLE_ASSIGNMENT|[45]|tuneProposal|"Map of size 7 too large to display"|0x9aff504
11:03:57.0 (5798547)|STATEMENT_EXECUTE|[55]
11:03:57.0 (5802987)|HEAP_ALLOCATE|[55]|Bytes:11
11:03:57.0 (5844800)|HEAP_ALLOCATE|[EXTERNAL]|Bytes:-4
11:03:57.0 (5855331)|STATEMENT_EXECUTE|[56]
11:03:57.0 (5858662)|HEAP_ALLOCATE|[56]|Bytes:12
11:03:57.0 (5878953)|HEAP_ALLOCATE|[EXTERNAL]|Bytes:-4
11:03:57.0 (5886734)|STATEMENT_EXECUTE|[57]
11:03:57.0 (5890004)|HEAP_ALLOCATE|[57]|Bytes:7
11:03:57.0 (5916626)|HEAP_ALLOCATE|[57]|Bytes:5
11:03:57.0 (5922157)|HEAP_ALLOCATE|[EXTERNAL]|Bytes:-4
11:03:57.0 (5928807)|STATEMENT_EXECUTE|[59]
11:03:57.6 (6032506)|CUMULATIVE_LIMIT_USAGE
11:03:57.6 (6032506)|LIMIT_USAGE_FOR_NS|(default)|
  Number of SOQL queries: 0 out of 100
  Number of query rows: 0 out of 50000
  Number of SOSL queries: 0 out of 20
  Number of DML statements: 0 out of 150
  Number of Publish Immediate DML: 0 out of 150
  Number of DML rows: 0 out of 10000
  Maximum CPU time: 0 out of 10000
  Maximum heap size: 0 out of 6000000
  Number of callouts: 0 out of 100
  Number of Email Invocations: 0 out of 10
  Number of future calls: 0 out of 50
  Number of queueable jobs added to the queue: 0 out of 50
  Number of Mobile Apex push calls: 0 out of 10

11:03:57.6 (6032506)|CUMULATIVE_LIMIT_USAGE_END

11:03:57.0 (6089490)|CODE_UNIT_FINISHED|ObserveTuneController.getTuneData()
11:03:57.0 (6344291)|CODE_UNIT_FINISHED|apex://ObserveTuneController/ACTION$getTuneData
11:03:57.0 (6356012)|EXECUTION_FINISHED
