66.0 APEX_CODE,FINEST;APEX_PROFILING,INFO;CALLOUT,INFO;DATA_ACCESS,INFO;DB,INFO;NBA,INFO;SYSTEM,DEBUG;VALIDATION,INFO;VISUALFORCE,INFO;WAVE,INFO;WORKFLOW,INFO
11:02:34.4 (4327377)|USER_INFO|[EXTERNAL]|005dM00000bGQNp|pmandy.f7098e8d67c2@agentforce.com|(GMT-07:00) Pacific Daylight Time (America/Los_Angeles)|GMT-07:00
11:02:34.4 (4396898)|EXECUTION_STARTED
11:02:34.4 (4420148)|CODE_UNIT_STARTED|[EXTERNAL]|apex://ObserveTuneController/ACTION$getTuneData
11:02:34.4 (5142033)|CODE_UNIT_STARTED|[EXTERNAL]|01pdM00000WohAb|ObserveTuneController.getTuneData()
11:02:34.4 (7468879)|HEAP_ALLOCATE|[95]|Bytes:3
11:02:34.4 (7587152)|HEAP_ALLOCATE|[100]|Bytes:152
11:02:34.4 (7606412)|HEAP_ALLOCATE|[417]|Bytes:408
11:02:34.4 (7624682)|HEAP_ALLOCATE|[430]|Bytes:408
11:02:34.4 (7653864)|HEAP_ALLOCATE|[317]|Bytes:6
11:02:34.4 (7673673)|HEAP_ALLOCATE|[EXTERNAL]|Bytes:8
11:02:34.4 (7680253)|HEAP_ALLOCATE|[EXTERNAL]|Bytes:22
11:02:34.4 (7708534)|METHOD_ENTRY|[1]|01pdM00000WohAb|ObserveTuneController.ObserveTuneController()
11:02:34.4 (7724044)|STATEMENT_EXECUTE|[1]
11:02:34.4 (7743435)|STATEMENT_EXECUTE|[1]
11:02:34.4 (7765855)|HEAP_ALLOCATE|[68]|Bytes:5
11:02:34.4 (7812246)|HEAP_ALLOCATE|[74]|Bytes:5
11:02:34.4 (7823787)|HEAP_ALLOCATE|[82]|Bytes:7
11:02:34.4 (8185235)|HEAP_ALLOCATE|[EXTERNAL]|Bytes:5
11:02:34.4 (8222494)|METHOD_EXIT|[1]|ObserveTuneController
11:02:34.4 (8239545)|HEAP_ALLOCATE|[5]|Bytes:5
11:02:34.4 (8245285)|STATEMENT_EXECUTE|[4]
11:02:34.4 (8248055)|STATEMENT_EXECUTE|[5]
11:02:34.4 (8250255)|STATEMENT_EXECUTE|[5]
11:02:34.4 (8252225)|STATEMENT_EXECUTE|[6]
11:02:34.4 (8268596)|HEAP_ALLOCATE|[6]|Bytes:4
11:02:34.4 (8296666)|VARIABLE_SCOPE_BEGIN|[6]|data|Map<String,ANY>|true|false
11:02:34.4 (8370998)|VARIABLE_ASSIGNMENT|[6]|data|{}|0x49012234
11:02:34.4 (8377718)|STATEMENT_EXECUTE|[9]
11:02:34.4 (8414888)|HEAP_ALLOCATE|[9]|Bytes:4
11:02:34.4 (8499020)|HEAP_ALLOCATE|[10]|Bytes:4
11:02:34.4 (8507670)|HEAP_ALLOCATE|[11]|Bytes:4
11:02:34.4 (8512060)|HEAP_ALLOCATE|[11]|Bytes:13
11:02:34.4 (8574762)|HEAP_ALLOCATE|[12]|Bytes:6
11:02:34.4 (8580192)|HEAP_ALLOCATE|[12]|Bytes:5
11:02:34.4 (8594923)|HEAP_ALLOCATE|[13]|Bytes:7
11:02:34.4 (8606132)|HEAP_ALLOCATE|[10]|Bytes:4
11:02:34.4 (8629112)|HEAP_ALLOCATE|[14]|Bytes:7
11:02:34.4 (8633633)|HEAP_ALLOCATE|[14]|Bytes:18
11:02:34.4 (8646413)|HEAP_ALLOCATE|[15]|Bytes:9
11:02:34.4 (8650913)|HEAP_ALLOCATE|[15]|Bytes:179
11:02:34.4 (8674613)|HEAP_ALLOCATE|[17]|Bytes:4
11:02:34.4 (8681344)|HEAP_ALLOCATE|[18]|Bytes:11
11:02:34.4 (8709085)|HEAP_ALLOCATE|[19]|Bytes:14
11:02:34.4 (8726864)|HEAP_ALLOCATE|[17]|Bytes:4
11:02:34.4 (8740566)|HEAP_ALLOCATE|[21]|Bytes:9
11:02:34.4 (8753985)|HEAP_ALLOCATE|[22]|Bytes:81
11:02:34.4 (8770435)|VARIABLE_SCOPE_BEGIN|[9]|cohortLeads|List<Map<String,ANY>>|true|false
11:02:34.4 (8815356)|HEAP_ALLOCATE|[EXTERNAL]|Bytes:12
11:02:34.4 (8850057)|VARIABLE_ASSIGNMENT|[9]|cohortLeads|[{"name":"Jennifer Park","status":"Bound","daysAgo":3,"verdict":"Decision Confirmed","reasoning":"Act classified Pursu (159 more) ..."},{"name":"Marcus Reed","status":"Window Timeout","daysAgo":5,"verdict":"No-Signal","reasoning":"Still in nurture win (61 more) ..."}]|0x518e0be0
11:02:34.4 (8857357)|STATEMENT_EXECUTE|[27]
11:02:34.4 (8866377)|HEAP_ALLOCATE|[27]|Bytes:4
11:02:34.4 (8886588)|HEAP_ALLOCATE|[28]|Bytes:4
11:02:34.4 (8894538)|HEAP_ALLOCATE|[29]|Bytes:5
11:02:34.4 (8899118)|HEAP_ALLOCATE|[29]|Bytes:99
11:02:34.4 (8925529)|HEAP_ALLOCATE|[30]|Bytes:6
11:02:34.4 (8931229)|HEAP_ALLOCATE|[30]|Bytes:46
11:02:34.4 (8943539)|HEAP_ALLOCATE|[31]|Bytes:6
11:02:34.4 (8947859)|HEAP_ALLOCATE|[31]|Bytes:24
11:02:34.4 (8966370)|HEAP_ALLOCATE|[33]|Bytes:4
11:02:34.4 (8973490)|HEAP_ALLOCATE|[34]|Bytes:72
11:02:34.4 (8998320)|HEAP_ALLOCATE|[35]|Bytes:21
11:02:34.4 (9012100)|HEAP_ALLOCATE|[36]|Bytes:24
11:02:34.4 (9029080)|HEAP_ALLOCATE|[38]|Bytes:4
11:02:34.4 (9036831)|HEAP_ALLOCATE|[39]|Bytes:78
11:02:34.4 (9059471)|HEAP_ALLOCATE|[40]|Bytes:55
11:02:34.4 (9073161)|HEAP_ALLOCATE|[41]|Bytes:25
11:02:34.4 (9087893)|VARIABLE_SCOPE_BEGIN|[27]|proposals|List<Map<String,ANY>>|true|false
11:02:34.4 (9107082)|HEAP_ALLOCATE|[EXTERNAL]|Bytes:16
11:02:34.4 (9127402)|VARIABLE_ASSIGNMENT|[27]|proposals|[{"title":"EverQuote source · P (79 more) ...","impact":"312 confirmed verdic (26 more) ...","change":"Tighten Pursue thres (4 more) ..."},{"title":"Household-match sign (52 more) ...","impact":"89 verdicts confirme (1 more) ...","change":"Increase weighting + (4 more) ..."},{"title":"New pattern: VINs >  (58 more) ...","impact":"Convert at 6.8% vs 1 (35 more) ...","change":"Recommend Nurture de (5 more) ..."}]|0x1085abdf
11:02:34.4 (9136223)|STATEMENT_EXECUTE|[45]
11:02:34.4 (9142713)|HEAP_ALLOCATE|[45]|Bytes:4
11:02:34.4 (9150003)|HEAP_ALLOCATE|[46]|Bytes:10
11:02:34.4 (9154513)|HEAP_ALLOCATE|[46]|Bytes:10
11:02:34.4 (9181815)|HEAP_ALLOCATE|[47]|Bytes:8
11:02:34.4 (9186714)|HEAP_ALLOCATE|[47]|Bytes:10
11:02:34.4 (9200264)|HEAP_ALLOCATE|[48]|Bytes:12
11:02:34.4 (9209935)|HEAP_ALLOCATE|[45]|Bytes:4
11:02:34.4 (9223874)|HEAP_ALLOCATE|[49]|Bytes:9
11:02:34.4 (9237305)|HEAP_ALLOCATE|[50]|Bytes:12
11:02:34.4 (9242376)|HEAP_ALLOCATE|[50]|Bytes:4
11:02:34.4 (9255545)|HEAP_ALLOCATE|[51]|Bytes:12
11:02:34.4 (9259825)|HEAP_ALLOCATE|[51]|Bytes:4
11:02:34.4 (9272216)|HEAP_ALLOCATE|[52]|Bytes:13
11:02:34.4 (9276835)|HEAP_ALLOCATE|[52]|Bytes:68
11:02:34.4 (9289486)|VARIABLE_SCOPE_BEGIN|[45]|tuneProposal|Map<String,ANY>|true|false
11:02:34.4 (9306916)|VARIABLE_ASSIGNMENT|[45]|tuneProposal|"Map of size 7 too large to display"|0x2204b2d7
11:02:34.4 (9312206)|STATEMENT_EXECUTE|[55]
11:02:34.4 (9316076)|HEAP_ALLOCATE|[55]|Bytes:11
11:02:34.4 (9339157)|HEAP_ALLOCATE|[EXTERNAL]|Bytes:-4
11:02:34.4 (9347347)|STATEMENT_EXECUTE|[56]
11:02:34.4 (9350267)|HEAP_ALLOCATE|[56]|Bytes:12
11:02:34.4 (9368467)|HEAP_ALLOCATE|[EXTERNAL]|Bytes:-4
11:02:34.4 (9376477)|STATEMENT_EXECUTE|[57]
11:02:34.4 (9380478)|HEAP_ALLOCATE|[57]|Bytes:7
11:02:34.4 (9402948)|HEAP_ALLOCATE|[57]|Bytes:5
11:02:34.4 (9409448)|HEAP_ALLOCATE|[EXTERNAL]|Bytes:-4
11:02:34.4 (9416328)|STATEMENT_EXECUTE|[59]
11:02:34.9 (9482160)|CUMULATIVE_LIMIT_USAGE
11:02:34.9 (9482160)|LIMIT_USAGE_FOR_NS|(default)|
  Number of SOQL queries: 0 out of 100
  Number of query rows: 0 out of 50000
  Number of SOSL queries: 0 out of 20
  Number of DML statements: 0 out of 150
  Number of Publish Immediate DML: 0 out of 150
  Number of DML rows: 0 out of 10000
  Maximum CPU time: 0 out of 10000
  Maximum heap size: 0 out of 6000000
  Number of callouts: 0 out of 100
  Number of Email Invocations: 0 out of 10
  Number of future calls: 0 out of 50
  Number of queueable jobs added to the queue: 0 out of 50
  Number of Mobile Apex push calls: 0 out of 10

11:02:34.9 (9482160)|CUMULATIVE_LIMIT_USAGE_END

11:02:34.4 (9529671)|CODE_UNIT_FINISHED|ObserveTuneController.getTuneData()
11:02:34.4 (9738165)|CODE_UNIT_FINISHED|apex://ObserveTuneController/ACTION$getTuneData
11:02:34.4 (9749255)|EXECUTION_FINISHED
