66.0 APEX_CODE,FINEST;APEX_PROFILING,INFO;CALLOUT,INFO;DATA_ACCESS,INFO;DB,INFO;NBA,INFO;SYSTEM,DEBUG;VALIDATION,INFO;VISUALFORCE,INFO;WAVE,INFO;WORKFLOW,INFO
12:52:29.1 (1555235)|USER_INFO|[EXTERNAL]|005dM00000bGQNp|pmandy.f7098e8d67c2@agentforce.com|(GMT-07:00) Pacific Daylight Time (America/Los_Angeles)|GMT-07:00
12:52:29.1 (1618868)|EXECUTION_STARTED
12:52:29.1 (1642840)|CODE_UNIT_STARTED|[EXTERNAL]|apex://ObserveTuneController/ACTION$approveTuneAndPromote
12:52:29.1 (3161532)|CODE_UNIT_STARTED|[EXTERNAL]|01pdM00000WohAb|ObserveTuneController.approveTuneAndPromote()
12:52:29.1 (3591615)|HEAP_ALLOCATE|[95]|Bytes:3
12:52:29.1 (3708862)|HEAP_ALLOCATE|[100]|Bytes:152
12:52:29.1 (3725613)|HEAP_ALLOCATE|[417]|Bytes:408
12:52:29.1 (3738833)|HEAP_ALLOCATE|[430]|Bytes:408
12:52:29.1 (3762375)|HEAP_ALLOCATE|[317]|Bytes:6
12:52:29.1 (3776905)|HEAP_ALLOCATE|[EXTERNAL]|Bytes:8
12:52:29.1 (3781436)|HEAP_ALLOCATE|[EXTERNAL]|Bytes:22
12:52:29.1 (3805197)|METHOD_ENTRY|[1]|01pdM00000WohAb|ObserveTuneController.ObserveTuneController()
12:52:29.1 (3825868)|STATEMENT_EXECUTE|[1]
12:52:29.1 (3839009)|STATEMENT_EXECUTE|[1]
12:52:29.1 (3863790)|HEAP_ALLOCATE|[68]|Bytes:5
12:52:29.1 (3907202)|HEAP_ALLOCATE|[74]|Bytes:5
12:52:29.1 (3916643)|HEAP_ALLOCATE|[82]|Bytes:7
12:52:29.1 (4274352)|HEAP_ALLOCATE|[EXTERNAL]|Bytes:5
12:52:29.1 (4302804)|METHOD_EXIT|[1]|ObserveTuneController
12:52:29.1 (4319765)|HEAP_ALLOCATE|[67]|Bytes:5
12:52:29.1 (4326605)|STATEMENT_EXECUTE|[66]
12:52:29.1 (4329905)|STATEMENT_EXECUTE|[67]
12:52:29.1 (4332945)|STATEMENT_EXECUTE|[67]
12:52:29.1 (4336156)|STATEMENT_EXECUTE|[68]
12:52:29.1 (4340886)|HEAP_ALLOCATE|[68]|Bytes:41
12:52:29.1 (4428841)|USER_DEBUG|[68]|DEBUG|===== APPROVE TUNE & PROMOTE v2.8.0 =====
12:52:29.1 (4451582)|STATEMENT_EXECUTE|[71]
12:52:29.1 (4489774)|VARIABLE_SCOPE_BEGIN|[71]|req|System.HttpRequest|true|false
12:52:29.1 (4865044)|VARIABLE_ASSIGNMENT|[71]|req|"System.HttpRequest[Endpoint=null, Method=null]"|0x39327717
12:52:29.1 (4873575)|STATEMENT_EXECUTE|[72]
12:52:29.1 (4878045)|HEAP_ALLOCATE|[72]|Bytes:42
12:52:29.1 (4954269)|STATEMENT_EXECUTE|[73]
12:52:29.1 (4957569)|HEAP_ALLOCATE|[73]|Bytes:4
12:52:29.1 (4982631)|STATEMENT_EXECUTE|[74]
12:52:29.1 (4985731)|HEAP_ALLOCATE|[74]|Bytes:12
12:52:29.1 (4990491)|HEAP_ALLOCATE|[74]|Bytes:16
12:52:29.1 (5050904)|STATEMENT_EXECUTE|[75]
12:52:29.1 (5067015)|HEAP_ALLOCATE|[75]|Bytes:4
12:52:29.1 (5083576)|HEAP_ALLOCATE|[76]|Bytes:12
12:52:29.1 (5088006)|HEAP_ALLOCATE|[76]|Bytes:6
12:52:29.1 (5143799)|HEAP_ALLOCATE|[77]|Bytes:6
12:52:29.1 (5149320)|HEAP_ALLOCATE|[77]|Bytes:45
12:52:29.1 (5191162)|HEAP_ALLOCATE|[75]|Bytes:24
12:52:29.1 (5199792)|SYSTEM_METHOD_ENTRY|[1]|JSON.JSON()
12:52:29.1 (5203493)|STATEMENT_EXECUTE|[1]
12:52:29.1 (5214393)|SYSTEM_METHOD_EXIT|[1]|JSON
12:52:29.1 (5233214)|METHOD_ENTRY|[75]||System.JSON.serialize(Object)
12:52:29.1 (7325218)|METHOD_EXIT|[75]||System.JSON.serialize(Object)
12:52:29.1 (7385301)|STATEMENT_EXECUTE|[80]
12:52:29.1 (7402742)|VARIABLE_SCOPE_BEGIN|[80]|http|System.Http|true|false
12:52:29.1 (7551590)|VARIABLE_ASSIGNMENT|[80]|http|"System.Http[]"|0x6d899158
12:52:29.1 (7557550)|STATEMENT_EXECUTE|[81]
12:52:29.1 (7683197)|CALLOUT_REQUEST|[81]|System.HttpRequest[Endpoint=http://146.190.153.46:9000/update-champion, Method=POST]
12:52:29.1 (657998627)|HEAP_ALLOCATE|[EXTERNAL]|Bytes:292
12:52:29.1 (660476463)|CALLOUT_RESPONSE|[81]|System.HttpResponse[Status=OK, StatusCode=200]
12:52:29.1 (660501163)|HEAP_ALLOCATE|[81]|Bytes:61
12:52:29.1 (660531196)|VARIABLE_SCOPE_BEGIN|[81]|res|System.HttpResponse|true|false
12:52:29.1 (660613300)|VARIABLE_ASSIGNMENT|[81]|res|"System.HttpResponse[Status=OK, StatusCode=200]"|0x569dd330
12:52:29.1 (660620081)|STATEMENT_EXECUTE|[83]
12:52:29.1 (660626650)|HEAP_ALLOCATE|[83]|Bytes:23
12:52:29.1 (660734016)|HEAP_ALLOCATE|[83]|Bytes:3
12:52:29.1 (660755868)|HEAP_ALLOCATE|[83]|Bytes:26
12:52:29.1 (660777178)|USER_DEBUG|[83]|DEBUG|LUMEN Response Status: 200
12:52:29.1 (660785859)|STATEMENT_EXECUTE|[84]
12:52:29.1 (660788910)|HEAP_ALLOCATE|[84]|Bytes:21
12:52:29.1 (660812191)|HEAP_ALLOCATE|[84]|Bytes:55
12:52:29.1 (660821741)|HEAP_ALLOCATE|[84]|Bytes:76
12:52:29.1 (660832092)|USER_DEBUG|[84]|DEBUG|LUMEN Response Body: {"success":false,"error":"champion_model not provided"}
12:52:29.1 (660858204)|STATEMENT_EXECUTE|[86]
12:52:29.1 (660860554)|STATEMENT_EXECUTE|[87]
12:52:29.1 (660863583)|HEAP_ALLOCATE|[87]|Bytes:39
12:52:29.1 (660883565)|USER_DEBUG|[87]|DEBUG|===== v2.8.0 PROMOTED TO CHAMPION =====
12:52:29.1 (660891715)|STATEMENT_EXECUTE|[90]
12:52:29.1 (663020081)|HEAP_ALLOCATE|[90]|Bytes:44
12:52:29.1 (663041682)|VARIABLE_SCOPE_BEGIN|[90]|config|Loom_Config__c|true|false
12:52:29.1 (663260544)|VARIABLE_ASSIGNMENT|[90]|config|{"LastModifiedDate":"2026-05-26T19:51:21.000Z","IsDeleted":false,"CreatedById":"005dM00000bGQNpQAO","CreatedDate":"2026-05-26T14:15:32.000Z","Id":"a0OdM00000QHtsLUAT","LastModifiedById":"005dM00000bGQNpQAO","SetupOwnerId":"00DdM00000wFcrbUAC","Champion_Model_Version__c":"v2.7.0","Name":"a0OdM00000QHtsL","SystemModstamp":"2026-05-26T19:51:21.000Z"}|0x4515d474
12:52:29.1 (663272045)|STATEMENT_EXECUTE|[91]
12:52:29.1 (663403441)|VARIABLE_ASSIGNMENT|[91]|this.Champion_Model_Version__c|"v2.8.0"|0x4515d474
12:52:29.1 (663411372)|STATEMENT_EXECUTE|[92]
12:52:29.1 (663466295)|HEAP_ALLOCATE|[92]|Bytes:8
12:52:29.1 (663492516)|DML_BEGIN|[92]|Op:Upsert|Type:Loom_Config__c|Rows:1
12:52:29.1 (663527498)|HEAP_ALLOCATE|[EXTERNAL]|Bytes:8
12:52:29.1 (711307869)|DML_END|[92]
12:52:29.1 (711567263)|STATEMENT_EXECUTE|[93]
12:52:29.1 (711577973)|HEAP_ALLOCATE|[93]|Bytes:58
12:52:29.1 (711638947)|USER_DEBUG|[93]|DEBUG|Custom setting updated: Champion_Model_Version__c = v2.8.0
12:52:29.1 (711649197)|STATEMENT_EXECUTE|[95]
12:52:29.1 (711666857)|HEAP_ALLOCATE|[95]|Bytes:4
12:52:29.1 (711678018)|HEAP_ALLOCATE|[96]|Bytes:7
12:52:29.1 (711732322)|HEAP_ALLOCATE|[95]|Bytes:5
12:52:29.1 (711746493)|HEAP_ALLOCATE|[97]|Bytes:7
12:52:29.1 (711750982)|HEAP_ALLOCATE|[97]|Bytes:27
12:52:29.1 (711764054)|HEAP_ALLOCATE|[98]|Bytes:8
12:52:29.1 (711775484)|HEAP_ALLOCATE|[99]|Bytes:13
12:52:29.1 (711779534)|HEAP_ALLOCATE|[99]|Bytes:6
12:52:29.730 (730381363)|CUMULATIVE_LIMIT_USAGE
12:52:29.730 (730381363)|LIMIT_USAGE_FOR_NS|(default)|
  Number of SOQL queries: 0 out of 100
  Number of query rows: 0 out of 50000
  Number of SOSL queries: 0 out of 20
  Number of DML statements: 1 out of 150
  Number of Publish Immediate DML: 0 out of 150
  Number of DML rows: 1 out of 10000
  Maximum CPU time: 0 out of 10000
  Maximum heap size: 0 out of 6000000
  Number of callouts: 1 out of 100
  Number of Email Invocations: 0 out of 10
  Number of future calls: 0 out of 50
  Number of queueable jobs added to the queue: 0 out of 50
  Number of Mobile Apex push calls: 0 out of 10

12:52:29.730 (730381363)|CUMULATIVE_LIMIT_USAGE_END

12:52:29.1 (730443876)|CODE_UNIT_FINISHED|ObserveTuneController.approveTuneAndPromote()
12:52:29.1 (730663359)|CODE_UNIT_FINISHED|apex://ObserveTuneController/ACTION$approveTuneAndPromote
12:52:29.1 (730674328)|EXECUTION_FINISHED
