66.0 APEX_CODE,FINEST;APEX_PROFILING,INFO;CALLOUT,INFO;DATA_ACCESS,INFO;DB,INFO;NBA,INFO;SYSTEM,DEBUG;VALIDATION,INFO;VISUALFORCE,INFO;WAVE,INFO;WORKFLOW,INFO
13:10:34.4 (4066682)|USER_INFO|[EXTERNAL]|005dM00000bGQNp|pmandy.f7098e8d67c2@agentforce.com|(GMT-07:00) Pacific Daylight Time (America/Los_Angeles)|GMT-07:00
13:10:34.4 (4133524)|EXECUTION_STARTED
13:10:34.4 (4161715)|CODE_UNIT_STARTED|[EXTERNAL]|apex://ObserveTuneController/ACTION$getTuneData
13:10:34.4 (5113142)|CODE_UNIT_STARTED|[EXTERNAL]|01pdM00000WohAb|ObserveTuneController.getTuneData()
13:10:34.4 (5506449)|HEAP_ALLOCATE|[95]|Bytes:3
13:10:34.4 (5646421)|HEAP_ALLOCATE|[100]|Bytes:152
13:10:34.4 (5663171)|HEAP_ALLOCATE|[417]|Bytes:408
13:10:34.4 (5677832)|HEAP_ALLOCATE|[430]|Bytes:408
13:10:34.4 (5705212)|HEAP_ALLOCATE|[317]|Bytes:6
13:10:34.4 (5767123)|HEAP_ALLOCATE|[EXTERNAL]|Bytes:8
13:10:34.4 (5791504)|HEAP_ALLOCATE|[EXTERNAL]|Bytes:22
13:10:34.4 (5819834)|METHOD_ENTRY|[1]|01pdM00000WohAb|ObserveTuneController.ObserveTuneController()
13:10:34.4 (5846105)|STATEMENT_EXECUTE|[1]
13:10:34.4 (5857735)|STATEMENT_EXECUTE|[1]
13:10:34.4 (5881145)|HEAP_ALLOCATE|[68]|Bytes:5
13:10:34.4 (5922846)|HEAP_ALLOCATE|[74]|Bytes:5
13:10:34.4 (5932626)|HEAP_ALLOCATE|[82]|Bytes:7
13:10:34.4 (6296483)|HEAP_ALLOCATE|[EXTERNAL]|Bytes:5
13:10:34.4 (6324393)|METHOD_EXIT|[1]|ObserveTuneController
13:10:34.4 (6339223)|HEAP_ALLOCATE|[5]|Bytes:5
13:10:34.4 (6344673)|STATEMENT_EXECUTE|[4]
13:10:34.4 (6347063)|STATEMENT_EXECUTE|[5]
13:10:34.4 (6349003)|STATEMENT_EXECUTE|[5]
13:10:34.4 (6351164)|STATEMENT_EXECUTE|[6]
13:10:34.4 (6370594)|HEAP_ALLOCATE|[6]|Bytes:4
13:10:34.4 (6391134)|VARIABLE_SCOPE_BEGIN|[6]|data|Map<String,ANY>|true|false
13:10:34.4 (6527327)|VARIABLE_ASSIGNMENT|[6]|data|{}|0x4a4219c0
13:10:34.4 (6533567)|STATEMENT_EXECUTE|[9]
13:10:34.4 (6569438)|HEAP_ALLOCATE|[9]|Bytes:4
13:10:34.4 (6654200)|HEAP_ALLOCATE|[10]|Bytes:4
13:10:34.4 (6661249)|HEAP_ALLOCATE|[11]|Bytes:4
13:10:34.4 (6665629)|HEAP_ALLOCATE|[11]|Bytes:13
13:10:34.4 (6727610)|HEAP_ALLOCATE|[12]|Bytes:6
13:10:34.4 (6732730)|HEAP_ALLOCATE|[12]|Bytes:5
13:10:34.4 (6744801)|HEAP_ALLOCATE|[13]|Bytes:7
13:10:34.4 (6756251)|HEAP_ALLOCATE|[10]|Bytes:4
13:10:34.4 (6828912)|HEAP_ALLOCATE|[14]|Bytes:7
13:10:34.4 (6835923)|HEAP_ALLOCATE|[14]|Bytes:18
13:10:34.4 (6853652)|HEAP_ALLOCATE|[15]|Bytes:9
13:10:34.4 (6859392)|HEAP_ALLOCATE|[15]|Bytes:179
13:10:34.4 (6882513)|HEAP_ALLOCATE|[17]|Bytes:4
13:10:34.4 (6889273)|HEAP_ALLOCATE|[18]|Bytes:11
13:10:34.4 (6917333)|HEAP_ALLOCATE|[19]|Bytes:14
13:10:34.4 (6935034)|HEAP_ALLOCATE|[17]|Bytes:4
13:10:34.4 (6947034)|HEAP_ALLOCATE|[21]|Bytes:9
13:10:34.4 (6959304)|HEAP_ALLOCATE|[22]|Bytes:81
13:10:34.4 (6975184)|VARIABLE_SCOPE_BEGIN|[9]|cohortLeads|List<Map<String,ANY>>|true|false
13:10:34.4 (7025945)|HEAP_ALLOCATE|[EXTERNAL]|Bytes:12
13:10:34.4 (7065287)|VARIABLE_ASSIGNMENT|[9]|cohortLeads|[{"name":"Jennifer Park","status":"Bound","daysAgo":3,"verdict":"Decision Confirmed","reasoning":"Act classified Pursu (159 more) ..."},{"name":"Marcus Reed","status":"Window Timeout","daysAgo":5,"verdict":"No-Signal","reasoning":"Still in nurture win (61 more) ..."}]|0x4630e0ad
13:10:34.4 (7073276)|STATEMENT_EXECUTE|[27]
13:10:34.4 (7082167)|HEAP_ALLOCATE|[27]|Bytes:4
13:10:34.4 (7104397)|HEAP_ALLOCATE|[28]|Bytes:4
13:10:34.4 (7111448)|HEAP_ALLOCATE|[29]|Bytes:5
13:10:34.4 (7115498)|HEAP_ALLOCATE|[29]|Bytes:99
13:10:34.4 (7139738)|HEAP_ALLOCATE|[30]|Bytes:6
13:10:34.4 (7144248)|HEAP_ALLOCATE|[30]|Bytes:46
13:10:34.4 (7155819)|HEAP_ALLOCATE|[31]|Bytes:6
13:10:34.4 (7160979)|HEAP_ALLOCATE|[31]|Bytes:24
13:10:34.4 (7177038)|HEAP_ALLOCATE|[33]|Bytes:4
13:10:34.4 (7182979)|HEAP_ALLOCATE|[34]|Bytes:72
13:10:34.4 (7204529)|HEAP_ALLOCATE|[35]|Bytes:21
13:10:34.4 (7216980)|HEAP_ALLOCATE|[36]|Bytes:24
13:10:34.4 (7232949)|HEAP_ALLOCATE|[38]|Bytes:4
13:10:34.4 (7240069)|HEAP_ALLOCATE|[39]|Bytes:78
13:10:34.4 (7262100)|HEAP_ALLOCATE|[40]|Bytes:55
13:10:34.4 (7274011)|HEAP_ALLOCATE|[41]|Bytes:25
13:10:34.4 (7288061)|VARIABLE_SCOPE_BEGIN|[27]|proposals|List<Map<String,ANY>>|true|false
13:10:34.4 (7308661)|HEAP_ALLOCATE|[EXTERNAL]|Bytes:16
13:10:34.4 (7329972)|VARIABLE_ASSIGNMENT|[27]|proposals|[{"title":"EverQuote source · P (79 more) ...","impact":"312 confirmed verdic (26 more) ...","change":"Tighten Pursue thres (4 more) ..."},{"title":"Household-match sign (52 more) ...","impact":"89 verdicts confirme (1 more) ...","change":"Increase weighting + (4 more) ..."},{"title":"New pattern: VINs >  (58 more) ...","impact":"Convert at 6.8% vs 1 (35 more) ...","change":"Recommend Nurture de (5 more) ..."}]|0x41e77275
13:10:34.4 (7339321)|STATEMENT_EXECUTE|[45]
13:10:34.4 (7345212)|HEAP_ALLOCATE|[45]|Bytes:4
13:10:34.4 (7351972)|HEAP_ALLOCATE|[46]|Bytes:10
13:10:34.4 (7355822)|HEAP_ALLOCATE|[46]|Bytes:10
13:10:34.4 (7381103)|HEAP_ALLOCATE|[47]|Bytes:8
13:10:34.4 (7385642)|HEAP_ALLOCATE|[47]|Bytes:10
13:10:34.4 (7396802)|HEAP_ALLOCATE|[48]|Bytes:12
13:10:34.4 (7405512)|HEAP_ALLOCATE|[45]|Bytes:4
13:10:34.4 (7417992)|HEAP_ALLOCATE|[49]|Bytes:9
13:10:34.4 (7429743)|HEAP_ALLOCATE|[50]|Bytes:12
13:10:34.4 (7434082)|HEAP_ALLOCATE|[50]|Bytes:4
13:10:34.4 (7445203)|HEAP_ALLOCATE|[51]|Bytes:12
13:10:34.4 (7448923)|HEAP_ALLOCATE|[51]|Bytes:4
13:10:34.4 (7459443)|HEAP_ALLOCATE|[52]|Bytes:13
13:10:34.4 (7463243)|HEAP_ALLOCATE|[52]|Bytes:68
13:10:34.4 (7473523)|VARIABLE_SCOPE_BEGIN|[45]|tuneProposal|Map<String,ANY>|true|false
13:10:34.4 (7486163)|VARIABLE_ASSIGNMENT|[45]|tuneProposal|"Map of size 7 too large to display"|0x296b9cc4
13:10:34.4 (7490894)|STATEMENT_EXECUTE|[55]
13:10:34.4 (7493825)|HEAP_ALLOCATE|[55]|Bytes:11
13:10:34.4 (7529945)|HEAP_ALLOCATE|[EXTERNAL]|Bytes:-4
13:10:34.4 (7538065)|STATEMENT_EXECUTE|[56]
13:10:34.4 (7541364)|HEAP_ALLOCATE|[56]|Bytes:12
13:10:34.4 (7559776)|HEAP_ALLOCATE|[EXTERNAL]|Bytes:-4
13:10:34.4 (7566696)|STATEMENT_EXECUTE|[57]
13:10:34.4 (7569636)|HEAP_ALLOCATE|[57]|Bytes:7
13:10:34.4 (7594906)|HEAP_ALLOCATE|[57]|Bytes:5
13:10:34.4 (7600746)|HEAP_ALLOCATE|[EXTERNAL]|Bytes:-4
13:10:34.4 (7607217)|STATEMENT_EXECUTE|[59]
13:10:34.7 (7700018)|CUMULATIVE_LIMIT_USAGE
13:10:34.7 (7700018)|LIMIT_USAGE_FOR_NS|(default)|
  Number of SOQL queries: 0 out of 100
  Number of query rows: 0 out of 50000
  Number of SOSL queries: 0 out of 20
  Number of DML statements: 0 out of 150
  Number of Publish Immediate DML: 0 out of 150
  Number of DML rows: 0 out of 10000
  Maximum CPU time: 0 out of 10000
  Maximum heap size: 0 out of 6000000
  Number of callouts: 0 out of 100
  Number of Email Invocations: 0 out of 10
  Number of future calls: 0 out of 50
  Number of queueable jobs added to the queue: 0 out of 50
  Number of Mobile Apex push calls: 0 out of 10

13:10:34.7 (7700018)|CUMULATIVE_LIMIT_USAGE_END

13:10:34.4 (7752679)|CODE_UNIT_FINISHED|ObserveTuneController.getTuneData()
13:10:34.4 (8010284)|CODE_UNIT_FINISHED|apex://ObserveTuneController/ACTION$getTuneData
13:10:34.4 (8021604)|EXECUTION_FINISHED
