66.0 APEX_CODE,FINEST;APEX_PROFILING,INFO;CALLOUT,INFO;DATA_ACCESS,INFO;DB,INFO;NBA,INFO;SYSTEM,DEBUG;VALIDATION,INFO;VISUALFORCE,INFO;WAVE,INFO;WORKFLOW,INFO
12:43:32.1 (1208026)|USER_INFO|[EXTERNAL]|005dM00000bGQNp|pmandy.f7098e8d67c2@agentforce.com|(GMT-07:00) Pacific Daylight Time (America/Los_Angeles)|GMT-07:00
12:43:32.1 (1300488)|EXECUTION_STARTED
12:43:32.1 (1334899)|CODE_UNIT_STARTED|[EXTERNAL]|apex://ObserveTuneController/ACTION$approveTuneAndPromote
12:43:32.1 (2631287)|CODE_UNIT_STARTED|[EXTERNAL]|01pdM00000WohAb|ObserveTuneController.approveTuneAndPromote()
12:43:32.1 (4909127)|HEAP_ALLOCATE|[95]|Bytes:3
12:43:32.1 (5097181)|HEAP_ALLOCATE|[100]|Bytes:152
12:43:32.1 (5119591)|HEAP_ALLOCATE|[417]|Bytes:408
12:43:32.1 (5133452)|HEAP_ALLOCATE|[430]|Bytes:408
12:43:32.1 (5161492)|HEAP_ALLOCATE|[317]|Bytes:6
12:43:32.1 (5180853)|HEAP_ALLOCATE|[EXTERNAL]|Bytes:8
12:43:32.1 (5186483)|HEAP_ALLOCATE|[EXTERNAL]|Bytes:22
12:43:32.1 (5215053)|METHOD_ENTRY|[1]|01pdM00000WohAb|ObserveTuneController.ObserveTuneController()
12:43:32.1 (5236904)|STATEMENT_EXECUTE|[1]
12:43:32.1 (5249014)|STATEMENT_EXECUTE|[1]
12:43:32.1 (5271985)|HEAP_ALLOCATE|[68]|Bytes:5
12:43:32.1 (5310895)|HEAP_ALLOCATE|[74]|Bytes:5
12:43:32.1 (5321496)|HEAP_ALLOCATE|[82]|Bytes:7
12:43:32.1 (5722824)|HEAP_ALLOCATE|[EXTERNAL]|Bytes:5
12:43:32.1 (5786476)|METHOD_EXIT|[1]|ObserveTuneController
12:43:32.1 (5806196)|HEAP_ALLOCATE|[67]|Bytes:5
12:43:32.1 (5811806)|STATEMENT_EXECUTE|[66]
12:43:32.1 (5814586)|STATEMENT_EXECUTE|[67]
12:43:32.1 (5816576)|STATEMENT_EXECUTE|[67]
12:43:32.1 (5818756)|STATEMENT_EXECUTE|[68]
12:43:32.1 (5822286)|HEAP_ALLOCATE|[68]|Bytes:41
12:43:32.1 (5918239)|USER_DEBUG|[68]|DEBUG|===== APPROVE TUNE & PROMOTE v2.8.0 =====
12:43:32.1 (5936489)|STATEMENT_EXECUTE|[71]
12:43:32.1 (5967460)|VARIABLE_SCOPE_BEGIN|[71]|req|System.HttpRequest|true|false
12:43:32.1 (6350338)|VARIABLE_ASSIGNMENT|[71]|req|"System.HttpRequest[Endpoint=null, Method=null]"|0x358fc660
12:43:32.1 (6363688)|STATEMENT_EXECUTE|[72]
12:43:32.1 (6370308)|HEAP_ALLOCATE|[72]|Bytes:42
12:43:32.1 (6458220)|STATEMENT_EXECUTE|[73]
12:43:32.1 (6463810)|HEAP_ALLOCATE|[73]|Bytes:4
12:43:32.1 (6490521)|STATEMENT_EXECUTE|[74]
12:43:32.1 (6493641)|HEAP_ALLOCATE|[74]|Bytes:12
12:43:32.1 (6498931)|HEAP_ALLOCATE|[74]|Bytes:16
12:43:32.1 (6524942)|STATEMENT_EXECUTE|[75]
12:43:32.1 (6542602)|HEAP_ALLOCATE|[75]|Bytes:4
12:43:32.1 (6563153)|HEAP_ALLOCATE|[76]|Bytes:12
12:43:32.1 (6567683)|HEAP_ALLOCATE|[76]|Bytes:6
12:43:32.1 (6636944)|HEAP_ALLOCATE|[77]|Bytes:6
12:43:32.1 (6642524)|HEAP_ALLOCATE|[77]|Bytes:45
12:43:32.1 (6704956)|HEAP_ALLOCATE|[75]|Bytes:24
12:43:32.1 (6714766)|SYSTEM_METHOD_ENTRY|[1]|JSON.JSON()
12:43:32.1 (6719726)|STATEMENT_EXECUTE|[1]
12:43:32.1 (6731766)|SYSTEM_METHOD_EXIT|[1]|JSON
12:43:32.1 (6751827)|METHOD_ENTRY|[75]||System.JSON.serialize(Object)
12:43:32.1 (12088162)|METHOD_EXIT|[75]||System.JSON.serialize(Object)
12:43:32.1 (12177094)|STATEMENT_EXECUTE|[80]
12:43:32.1 (12207155)|VARIABLE_SCOPE_BEGIN|[80]|http|System.Http|true|false
12:43:32.1 (12398079)|VARIABLE_ASSIGNMENT|[80]|http|"System.Http[]"|0x31a52a05
12:43:32.1 (12404649)|STATEMENT_EXECUTE|[81]
12:43:32.1 (12518702)|CALLOUT_REQUEST|[81]|System.HttpRequest[Endpoint=http://146.190.153.46:9000/update-champion, Method=POST]
12:43:32.1 (584765671)|HEAP_ALLOCATE|[EXTERNAL]|Bytes:292
12:43:32.1 (587838308)|CALLOUT_RESPONSE|[81]|System.HttpResponse[Status=OK, StatusCode=200]
12:43:32.1 (587866348)|HEAP_ALLOCATE|[81]|Bytes:61
12:43:32.1 (587899909)|VARIABLE_SCOPE_BEGIN|[81]|res|System.HttpResponse|true|false
12:43:32.1 (587996271)|VARIABLE_ASSIGNMENT|[81]|res|"System.HttpResponse[Status=OK, StatusCode=200]"|0x512dec0e
12:43:32.1 (588004130)|STATEMENT_EXECUTE|[83]
12:43:32.1 (588010281)|HEAP_ALLOCATE|[83]|Bytes:23
12:43:32.1 (588136293)|HEAP_ALLOCATE|[83]|Bytes:3
12:43:32.1 (588158293)|HEAP_ALLOCATE|[83]|Bytes:26
12:43:32.1 (588188654)|USER_DEBUG|[83]|DEBUG|LUMEN Response Status: 200
12:43:32.1 (588198715)|STATEMENT_EXECUTE|[84]
12:43:32.1 (588202345)|HEAP_ALLOCATE|[84]|Bytes:21
12:43:32.1 (588234175)|HEAP_ALLOCATE|[84]|Bytes:55
12:43:32.1 (588244226)|HEAP_ALLOCATE|[84]|Bytes:76
12:43:32.1 (588256167)|USER_DEBUG|[84]|DEBUG|LUMEN Response Body: {"success":false,"error":"champion_model not provided"}
12:43:32.1 (588285856)|STATEMENT_EXECUTE|[86]
12:43:32.1 (588288347)|STATEMENT_EXECUTE|[87]
12:43:32.1 (588291477)|HEAP_ALLOCATE|[87]|Bytes:39
12:43:32.1 (588315228)|USER_DEBUG|[87]|DEBUG|===== v2.8.0 PROMOTED TO CHAMPION =====
12:43:32.1 (588323937)|STATEMENT_EXECUTE|[90]
12:43:32.1 (601459603)|HEAP_ALLOCATE|[90]|Bytes:44
12:43:32.1 (601507774)|VARIABLE_SCOPE_BEGIN|[90]|config|Loom_Config__c|true|false
12:43:32.1 (601744668)|VARIABLE_ASSIGNMENT|[90]|config|{"LastModifiedDate":"2026-05-26T19:43:11.000Z","IsDeleted":false,"CreatedById":"005dM00000bGQNpQAO","CreatedDate":"2026-05-26T14:15:32.000Z","Id":"a0OdM00000QHtsLUAT","LastModifiedById":"005dM00000bGQNpQAO","SetupOwnerId":"00DdM00000wFcrbUAC","Champion_Model_Version__c":"v2.8.0","Name":"a0OdM00000QHtsL","SystemModstamp":"2026-05-26T19:43:11.000Z"}|0x43a1b7b3
12:43:32.1 (601788440)|STATEMENT_EXECUTE|[91]
12:43:32.1 (601961854)|VARIABLE_ASSIGNMENT|[91]|this.Champion_Model_Version__c|"v2.8.0"|0x43a1b7b3
12:43:32.1 (601969854)|STATEMENT_EXECUTE|[92]
12:43:32.1 (602031114)|HEAP_ALLOCATE|[92]|Bytes:8
12:43:32.1 (602057835)|DML_BEGIN|[92]|Op:Upsert|Type:Loom_Config__c|Rows:1
12:43:32.1 (602094167)|HEAP_ALLOCATE|[EXTERNAL]|Bytes:8
12:43:32.1 (633301295)|DML_END|[92]
12:43:32.1 (633862437)|STATEMENT_EXECUTE|[93]
12:43:32.1 (633872467)|HEAP_ALLOCATE|[93]|Bytes:58
12:43:32.1 (633947168)|USER_DEBUG|[93]|DEBUG|Custom setting updated: Champion_Model_Version__c = v2.8.0
12:43:32.1 (633959159)|STATEMENT_EXECUTE|[95]
12:43:32.1 (633978480)|HEAP_ALLOCATE|[95]|Bytes:4
12:43:32.1 (633989520)|HEAP_ALLOCATE|[96]|Bytes:7
12:43:32.1 (634046850)|HEAP_ALLOCATE|[95]|Bytes:5
12:43:32.1 (634061261)|HEAP_ALLOCATE|[97]|Bytes:7
12:43:32.1 (634065861)|HEAP_ALLOCATE|[97]|Bytes:27
12:43:32.1 (634080642)|HEAP_ALLOCATE|[98]|Bytes:8
12:43:32.1 (634093771)|HEAP_ALLOCATE|[99]|Bytes:13
12:43:32.1 (634098102)|HEAP_ALLOCATE|[99]|Bytes:6
12:43:32.654 (654424714)|CUMULATIVE_LIMIT_USAGE
12:43:32.654 (654424714)|LIMIT_USAGE_FOR_NS|(default)|
  Number of SOQL queries: 0 out of 100
  Number of query rows: 0 out of 50000
  Number of SOSL queries: 0 out of 20
  Number of DML statements: 1 out of 150
  Number of Publish Immediate DML: 0 out of 150
  Number of DML rows: 1 out of 10000
  Maximum CPU time: 0 out of 10000
  Maximum heap size: 0 out of 6000000
  Number of callouts: 1 out of 100
  Number of Email Invocations: 0 out of 10
  Number of future calls: 0 out of 50
  Number of queueable jobs added to the queue: 0 out of 50
  Number of Mobile Apex push calls: 0 out of 10

12:43:32.654 (654424714)|CUMULATIVE_LIMIT_USAGE_END

12:43:32.1 (654490925)|CODE_UNIT_FINISHED|ObserveTuneController.approveTuneAndPromote()
12:43:32.1 (654734299)|CODE_UNIT_FINISHED|apex://ObserveTuneController/ACTION$approveTuneAndPromote
12:43:32.1 (654747161)|EXECUTION_FINISHED
