66.0 APEX_CODE,FINEST;APEX_PROFILING,INFO;CALLOUT,INFO;DATA_ACCESS,INFO;DB,INFO;NBA,INFO;SYSTEM,DEBUG;VALIDATION,INFO;VISUALFORCE,INFO;WAVE,INFO;WORKFLOW,INFO
12:39:02.1 (1168055)|USER_INFO|[EXTERNAL]|005dM00000bGQNp|pmandy.f7098e8d67c2@agentforce.com|(GMT-07:00) Pacific Daylight Time (America/Los_Angeles)|GMT-07:00
12:39:02.1 (1264929)|EXECUTION_STARTED
12:39:02.1 (1291059)|CODE_UNIT_STARTED|[EXTERNAL]|apex://ObserveTuneController/ACTION$approveTuneAndPromote
12:39:02.1 (2826395)|CODE_UNIT_STARTED|[EXTERNAL]|01pdM00000WohAb|ObserveTuneController.approveTuneAndPromote()
12:39:02.1 (4599189)|HEAP_ALLOCATE|[95]|Bytes:3
12:39:02.1 (4730572)|HEAP_ALLOCATE|[100]|Bytes:152
12:39:02.1 (4756423)|HEAP_ALLOCATE|[417]|Bytes:408
12:39:02.1 (4774674)|HEAP_ALLOCATE|[430]|Bytes:408
12:39:02.1 (4802235)|HEAP_ALLOCATE|[317]|Bytes:6
12:39:02.1 (4819905)|HEAP_ALLOCATE|[EXTERNAL]|Bytes:8
12:39:02.1 (4826005)|HEAP_ALLOCATE|[EXTERNAL]|Bytes:22
12:39:02.1 (4854306)|METHOD_ENTRY|[1]|01pdM00000WohAb|ObserveTuneController.ObserveTuneController()
12:39:02.1 (4866206)|STATEMENT_EXECUTE|[1]
12:39:02.1 (4887307)|STATEMENT_EXECUTE|[1]
12:39:02.1 (4909537)|HEAP_ALLOCATE|[68]|Bytes:5
12:39:02.1 (4970259)|HEAP_ALLOCATE|[74]|Bytes:5
12:39:02.1 (4993801)|HEAP_ALLOCATE|[82]|Bytes:7
12:39:02.1 (5633109)|HEAP_ALLOCATE|[EXTERNAL]|Bytes:5
12:39:02.1 (5666920)|METHOD_EXIT|[1]|ObserveTuneController
12:39:02.1 (5687531)|HEAP_ALLOCATE|[67]|Bytes:5
12:39:02.1 (5699241)|STATEMENT_EXECUTE|[66]
12:39:02.1 (5704711)|STATEMENT_EXECUTE|[67]
12:39:02.1 (5708511)|STATEMENT_EXECUTE|[67]
12:39:02.1 (5712871)|STATEMENT_EXECUTE|[68]
12:39:02.1 (5720103)|HEAP_ALLOCATE|[68]|Bytes:41
12:39:02.1 (5825675)|USER_DEBUG|[68]|DEBUG|===== APPROVE TUNE & PROMOTE v2.8.0 =====
12:39:02.1 (5842285)|STATEMENT_EXECUTE|[71]
12:39:02.1 (5906367)|VARIABLE_SCOPE_BEGIN|[71]|req|System.HttpRequest|true|false
12:39:02.1 (6266748)|VARIABLE_ASSIGNMENT|[71]|req|"System.HttpRequest[Endpoint=null, Method=null]"|0x828bc7f
12:39:02.1 (6277138)|STATEMENT_EXECUTE|[72]
12:39:02.1 (6285068)|HEAP_ALLOCATE|[72]|Bytes:42
12:39:02.1 (6361311)|STATEMENT_EXECUTE|[73]
12:39:02.1 (6367491)|HEAP_ALLOCATE|[73]|Bytes:4
12:39:02.1 (6393652)|STATEMENT_EXECUTE|[74]
12:39:02.1 (6399163)|HEAP_ALLOCATE|[74]|Bytes:12
12:39:02.1 (6405592)|HEAP_ALLOCATE|[74]|Bytes:16
12:39:02.1 (6434313)|STATEMENT_EXECUTE|[75]
12:39:02.1 (6455454)|HEAP_ALLOCATE|[75]|Bytes:4
12:39:02.1 (6475624)|HEAP_ALLOCATE|[76]|Bytes:12
12:39:02.1 (6482864)|HEAP_ALLOCATE|[76]|Bytes:6
12:39:02.1 (6555757)|HEAP_ALLOCATE|[77]|Bytes:6
12:39:02.1 (6563107)|HEAP_ALLOCATE|[77]|Bytes:45
12:39:02.1 (6649099)|HEAP_ALLOCATE|[75]|Bytes:24
12:39:02.1 (6672931)|SYSTEM_METHOD_ENTRY|[1]|JSON.JSON()
12:39:02.1 (6967759)|STATEMENT_EXECUTE|[1]
12:39:02.1 (6984500)|SYSTEM_METHOD_EXIT|[1]|JSON
12:39:02.1 (7010590)|METHOD_ENTRY|[75]||System.JSON.serialize(Object)
12:39:02.1 (10107523)|METHOD_EXIT|[75]||System.JSON.serialize(Object)
12:39:02.1 (10166805)|STATEMENT_EXECUTE|[80]
12:39:02.1 (10205256)|VARIABLE_SCOPE_BEGIN|[80]|http|System.Http|true|false
12:39:02.1 (10874737)|VARIABLE_ASSIGNMENT|[80]|http|"System.Http[]"|0x27577c58
12:39:02.1 (10884836)|STATEMENT_EXECUTE|[81]
12:39:02.1 (11060011)|CALLOUT_REQUEST|[81]|System.HttpRequest[Endpoint=http://146.190.153.46:9000/update-champion, Method=POST]
12:39:02.1 (628190777)|HEAP_ALLOCATE|[EXTERNAL]|Bytes:292
12:39:02.1 (630230908)|CALLOUT_RESPONSE|[81]|System.HttpResponse[Status=OK, StatusCode=200]
12:39:02.1 (630292640)|HEAP_ALLOCATE|[81]|Bytes:61
12:39:02.1 (630362612)|VARIABLE_SCOPE_BEGIN|[81]|res|System.HttpResponse|true|false
12:39:02.1 (630475735)|VARIABLE_ASSIGNMENT|[81]|res|"System.HttpResponse[Status=OK, StatusCode=200]"|0x586ed325
12:39:02.1 (630501216)|STATEMENT_EXECUTE|[83]
12:39:02.1 (630511286)|HEAP_ALLOCATE|[83]|Bytes:23
12:39:02.1 (630614679)|HEAP_ALLOCATE|[83]|Bytes:3
12:39:02.1 (630635560)|HEAP_ALLOCATE|[83]|Bytes:26
12:39:02.1 (630660921)|USER_DEBUG|[83]|DEBUG|LUMEN Response Status: 200
12:39:02.1 (630672311)|STATEMENT_EXECUTE|[84]
12:39:02.1 (630675621)|HEAP_ALLOCATE|[84]|Bytes:21
12:39:02.1 (630705992)|HEAP_ALLOCATE|[84]|Bytes:55
12:39:02.1 (630716852)|HEAP_ALLOCATE|[84]|Bytes:76
12:39:02.1 (630727813)|USER_DEBUG|[84]|DEBUG|LUMEN Response Body: {"success":false,"error":"champion_model not provided"}
12:39:02.1 (630754924)|STATEMENT_EXECUTE|[86]
12:39:02.1 (630758234)|STATEMENT_EXECUTE|[87]
12:39:02.1 (630761314)|HEAP_ALLOCATE|[87]|Bytes:39
12:39:02.1 (630783284)|USER_DEBUG|[87]|DEBUG|===== v2.8.0 PROMOTED TO CHAMPION =====
12:39:02.1 (630793165)|STATEMENT_EXECUTE|[90]
12:39:02.1 (642419683)|HEAP_ALLOCATE|[90]|Bytes:44
12:39:02.1 (642544196)|VARIABLE_SCOPE_BEGIN|[90]|config|Loom_Config__c|true|false
12:39:02.1 (642877656)|VARIABLE_ASSIGNMENT|[90]|config|{"LastModifiedDate":"2026-05-26T19:38:50.000Z","IsDeleted":false,"CreatedById":"005dM00000bGQNpQAO","CreatedDate":"2026-05-26T14:15:32.000Z","Id":"a0OdM00000QHtsLUAT","LastModifiedById":"005dM00000bGQNpQAO","SetupOwnerId":"00DdM00000wFcrbUAC","Champion_Model_Version__c":"v2.8.0","Name":"a0OdM00000QHtsL","SystemModstamp":"2026-05-26T19:38:50.000Z"}|0x2f8cd166
12:39:02.1 (642896477)|STATEMENT_EXECUTE|[91]
12:39:02.1 (643058432)|VARIABLE_ASSIGNMENT|[91]|this.Champion_Model_Version__c|"v2.8.0"|0x2f8cd166
12:39:02.1 (643068022)|STATEMENT_EXECUTE|[92]
12:39:02.1 (643169325)|HEAP_ALLOCATE|[92]|Bytes:8
12:39:02.1 (643196426)|DML_BEGIN|[92]|Op:Upsert|Type:Loom_Config__c|Rows:1
12:39:02.1 (643241697)|HEAP_ALLOCATE|[EXTERNAL]|Bytes:8
12:39:02.1 (674343878)|DML_END|[92]
12:39:02.1 (674955106)|STATEMENT_EXECUTE|[93]
12:39:02.1 (674965706)|HEAP_ALLOCATE|[93]|Bytes:58
12:39:02.1 (675057829)|USER_DEBUG|[93]|DEBUG|Custom setting updated: Champion_Model_Version__c = v2.8.0
12:39:02.1 (675072430)|STATEMENT_EXECUTE|[95]
12:39:02.1 (675102080)|HEAP_ALLOCATE|[95]|Bytes:4
12:39:02.1 (675115171)|HEAP_ALLOCATE|[96]|Bytes:7
12:39:02.1 (675211284)|HEAP_ALLOCATE|[95]|Bytes:5
12:39:02.1 (675228634)|HEAP_ALLOCATE|[97]|Bytes:7
12:39:02.1 (675234204)|HEAP_ALLOCATE|[97]|Bytes:27
12:39:02.1 (675248365)|HEAP_ALLOCATE|[98]|Bytes:8
12:39:02.1 (675260955)|HEAP_ALLOCATE|[99]|Bytes:13
12:39:02.1 (675266025)|HEAP_ALLOCATE|[99]|Bytes:6
12:39:02.694 (694378727)|CUMULATIVE_LIMIT_USAGE
12:39:02.694 (694378727)|LIMIT_USAGE_FOR_NS|(default)|
  Number of SOQL queries: 0 out of 100
  Number of query rows: 0 out of 50000
  Number of SOSL queries: 0 out of 20
  Number of DML statements: 1 out of 150
  Number of Publish Immediate DML: 0 out of 150
  Number of DML rows: 1 out of 10000
  Maximum CPU time: 0 out of 10000
  Maximum heap size: 0 out of 6000000
  Number of callouts: 1 out of 100
  Number of Email Invocations: 0 out of 10
  Number of future calls: 0 out of 50
  Number of queueable jobs added to the queue: 0 out of 50
  Number of Mobile Apex push calls: 0 out of 10

12:39:02.694 (694378727)|CUMULATIVE_LIMIT_USAGE_END

12:39:02.1 (694549942)|CODE_UNIT_FINISHED|ObserveTuneController.approveTuneAndPromote()
12:39:02.1 (694884672)|CODE_UNIT_FINISHED|apex://ObserveTuneController/ACTION$approveTuneAndPromote
12:39:02.1 (694900593)|EXECUTION_FINISHED
