66.0 APEX_CODE,FINEST;APEX_PROFILING,INFO;CALLOUT,INFO;DATA_ACCESS,INFO;DB,INFO;NBA,INFO;SYSTEM,DEBUG;VALIDATION,INFO;VISUALFORCE,INFO;WAVE,INFO;WORKFLOW,INFO
13:21:34.1 (1509272)|USER_INFO|[EXTERNAL]|005dM00000bGQNp|pmandy.f7098e8d67c2@agentforce.com|(GMT-07:00) Pacific Daylight Time (America/Los_Angeles)|GMT-07:00
13:21:34.1 (1584763)|EXECUTION_STARTED
13:21:34.1 (1610124)|CODE_UNIT_STARTED|[EXTERNAL]|apex://ObserveTuneController/ACTION$approveTuneAndPromote
13:21:34.1 (3392971)|CODE_UNIT_STARTED|[EXTERNAL]|01pdM00000WohAb|ObserveTuneController.approveTuneAndPromote()
13:21:34.1 (3783879)|HEAP_ALLOCATE|[95]|Bytes:3
13:21:34.1 (3913182)|HEAP_ALLOCATE|[100]|Bytes:152
13:21:34.1 (3940203)|HEAP_ALLOCATE|[417]|Bytes:408
13:21:34.1 (3958243)|HEAP_ALLOCATE|[430]|Bytes:408
13:21:34.1 (4000354)|HEAP_ALLOCATE|[317]|Bytes:6
13:21:34.1 (4060585)|HEAP_ALLOCATE|[EXTERNAL]|Bytes:8
13:21:34.1 (4067295)|HEAP_ALLOCATE|[EXTERNAL]|Bytes:22
13:21:34.1 (4100066)|METHOD_ENTRY|[1]|01pdM00000WohAb|ObserveTuneController.ObserveTuneController()
13:21:34.1 (4118436)|STATEMENT_EXECUTE|[1]
13:21:34.1 (4129637)|STATEMENT_EXECUTE|[1]
13:21:34.1 (4150137)|HEAP_ALLOCATE|[68]|Bytes:5
13:21:34.1 (4196968)|HEAP_ALLOCATE|[74]|Bytes:5
13:21:34.1 (4207738)|HEAP_ALLOCATE|[82]|Bytes:7
13:21:34.1 (4563906)|HEAP_ALLOCATE|[EXTERNAL]|Bytes:5
13:21:34.1 (4593176)|METHOD_EXIT|[1]|ObserveTuneController
13:21:34.1 (4611457)|HEAP_ALLOCATE|[67]|Bytes:5
13:21:34.1 (4617937)|STATEMENT_EXECUTE|[66]
13:21:34.1 (4620677)|STATEMENT_EXECUTE|[67]
13:21:34.1 (4622787)|STATEMENT_EXECUTE|[67]
13:21:34.1 (4624867)|STATEMENT_EXECUTE|[68]
13:21:34.1 (4628807)|HEAP_ALLOCATE|[68]|Bytes:41
13:21:34.1 (4732709)|USER_DEBUG|[68]|DEBUG|===== APPROVE TUNE & PROMOTE v2.8.0 =====
13:21:34.1 (4755740)|STATEMENT_EXECUTE|[71]
13:21:34.1 (4784590)|VARIABLE_SCOPE_BEGIN|[71]|req|System.HttpRequest|true|false
13:21:34.1 (5127008)|VARIABLE_ASSIGNMENT|[71]|req|"System.HttpRequest[Endpoint=null, Method=null]"|0x3d68f2fb
13:21:34.1 (5135128)|STATEMENT_EXECUTE|[72]
13:21:34.1 (5140658)|HEAP_ALLOCATE|[72]|Bytes:42
13:21:34.1 (5232010)|STATEMENT_EXECUTE|[73]
13:21:34.1 (5235610)|HEAP_ALLOCATE|[73]|Bytes:4
13:21:34.1 (5261940)|STATEMENT_EXECUTE|[74]
13:21:34.1 (5265551)|HEAP_ALLOCATE|[74]|Bytes:12
13:21:34.1 (5271341)|HEAP_ALLOCATE|[74]|Bytes:16
13:21:34.1 (5296821)|STATEMENT_EXECUTE|[75]
13:21:34.1 (5318372)|HEAP_ALLOCATE|[75]|Bytes:4
13:21:34.1 (5337172)|HEAP_ALLOCATE|[76]|Bytes:12
13:21:34.1 (5342212)|HEAP_ALLOCATE|[76]|Bytes:6
13:21:34.1 (5402663)|HEAP_ALLOCATE|[77]|Bytes:6
13:21:34.1 (5408854)|HEAP_ALLOCATE|[77]|Bytes:45
13:21:34.1 (5450204)|HEAP_ALLOCATE|[75]|Bytes:24
13:21:34.1 (5461515)|SYSTEM_METHOD_ENTRY|[1]|JSON.JSON()
13:21:34.1 (5465275)|STATEMENT_EXECUTE|[1]
13:21:34.1 (5476445)|SYSTEM_METHOD_EXIT|[1]|JSON
13:21:34.1 (5492315)|METHOD_ENTRY|[75]||System.JSON.serialize(Object)
13:21:34.1 (7815194)|METHOD_EXIT|[75]||System.JSON.serialize(Object)
13:21:34.1 (7880865)|STATEMENT_EXECUTE|[80]
13:21:34.1 (7902696)|VARIABLE_SCOPE_BEGIN|[80]|http|System.Http|true|false
13:21:34.1 (8024538)|VARIABLE_ASSIGNMENT|[80]|http|"System.Http[]"|0x2e7490c2
13:21:34.1 (8033169)|STATEMENT_EXECUTE|[81]
13:21:34.1 (8131911)|CALLOUT_REQUEST|[81]|System.HttpRequest[Endpoint=http://146.190.153.46:9000/update-champion, Method=POST]
13:21:34.1 (640079181)|HEAP_ALLOCATE|[EXTERNAL]|Bytes:292
13:21:34.1 (642757327)|CALLOUT_RESPONSE|[81]|System.HttpResponse[Status=OK, StatusCode=200]
13:21:34.1 (642792568)|HEAP_ALLOCATE|[81]|Bytes:61
13:21:34.1 (642834439)|VARIABLE_SCOPE_BEGIN|[81]|res|System.HttpResponse|true|false
13:21:34.1 (642911561)|VARIABLE_ASSIGNMENT|[81]|res|"System.HttpResponse[Status=OK, StatusCode=200]"|0x4ce9ff7d
13:21:34.1 (642918671)|STATEMENT_EXECUTE|[83]
13:21:34.1 (642925511)|HEAP_ALLOCATE|[83]|Bytes:23
13:21:34.1 (643032223)|HEAP_ALLOCATE|[83]|Bytes:3
13:21:34.1 (643052313)|HEAP_ALLOCATE|[83]|Bytes:26
13:21:34.1 (643073944)|USER_DEBUG|[83]|DEBUG|LUMEN Response Status: 200
13:21:34.1 (643082944)|STATEMENT_EXECUTE|[84]
13:21:34.1 (643085974)|HEAP_ALLOCATE|[84]|Bytes:21
13:21:34.1 (643113135)|HEAP_ALLOCATE|[84]|Bytes:55
13:21:34.1 (643124565)|HEAP_ALLOCATE|[84]|Bytes:76
13:21:34.1 (643134505)|USER_DEBUG|[84]|DEBUG|LUMEN Response Body: {"success":false,"error":"champion_model not provided"}
13:21:34.1 (643159676)|STATEMENT_EXECUTE|[86]
13:21:34.1 (643162216)|STATEMENT_EXECUTE|[87]
13:21:34.1 (643164926)|HEAP_ALLOCATE|[87]|Bytes:39
13:21:34.1 (643186276)|USER_DEBUG|[87]|DEBUG|===== v2.8.0 PROMOTED TO CHAMPION =====
13:21:34.1 (643194186)|STATEMENT_EXECUTE|[90]
13:21:34.1 (719851520)|HEAP_ALLOCATE|[90]|Bytes:44
13:21:34.1 (719895311)|VARIABLE_SCOPE_BEGIN|[90]|config|Loom_Config__c|true|false
13:21:34.1 (720139716)|VARIABLE_ASSIGNMENT|[90]|config|{"LastModifiedDate":"2026-05-26T20:20:53.000Z","IsDeleted":false,"CreatedById":"005dM00000bGQNpQAO","CreatedDate":"2026-05-26T14:15:32.000Z","Id":"a0OdM00000QHtsLUAT","LastModifiedById":"005dM00000bGQNpQAO","SetupOwnerId":"00DdM00000wFcrbUAC","Champion_Model_Version__c":"v2.8.0","Name":"a0OdM00000QHtsL","SystemModstamp":"2026-05-26T20:20:53.000Z"}|0x12e25c2c
13:21:34.1 (720153796)|STATEMENT_EXECUTE|[91]
13:21:34.1 (720308649)|VARIABLE_ASSIGNMENT|[91]|this.Champion_Model_Version__c|"v2.8.0"|0x12e25c2c
13:21:34.1 (720318319)|STATEMENT_EXECUTE|[92]
13:21:34.1 (720381751)|HEAP_ALLOCATE|[92]|Bytes:8
13:21:34.1 (720406701)|DML_BEGIN|[92]|Op:Upsert|Type:Loom_Config__c|Rows:1
13:21:34.1 (720443572)|HEAP_ALLOCATE|[EXTERNAL]|Bytes:8
13:21:34.1 (758063564)|DML_END|[92]
13:21:34.1 (758239187)|STATEMENT_EXECUTE|[93]
13:21:34.1 (758248208)|HEAP_ALLOCATE|[93]|Bytes:58
13:21:34.1 (758312409)|USER_DEBUG|[93]|DEBUG|Custom setting updated: Champion_Model_Version__c = v2.8.0
13:21:34.1 (758323939)|STATEMENT_EXECUTE|[95]
13:21:34.1 (758343050)|HEAP_ALLOCATE|[95]|Bytes:4
13:21:34.1 (758353340)|HEAP_ALLOCATE|[96]|Bytes:7
13:21:34.1 (758409251)|HEAP_ALLOCATE|[95]|Bytes:5
13:21:34.1 (758422271)|HEAP_ALLOCATE|[97]|Bytes:7
13:21:34.1 (758426451)|HEAP_ALLOCATE|[97]|Bytes:27
13:21:34.1 (758438972)|HEAP_ALLOCATE|[98]|Bytes:8
13:21:34.1 (758451092)|HEAP_ALLOCATE|[99]|Bytes:13
13:21:34.1 (758454972)|HEAP_ALLOCATE|[99]|Bytes:6
13:21:34.782 (782712353)|CUMULATIVE_LIMIT_USAGE
13:21:34.782 (782712353)|LIMIT_USAGE_FOR_NS|(default)|
  Number of SOQL queries: 0 out of 100
  Number of query rows: 0 out of 50000
  Number of SOSL queries: 0 out of 20
  Number of DML statements: 1 out of 150
  Number of Publish Immediate DML: 0 out of 150
  Number of DML rows: 1 out of 10000
  Maximum CPU time: 0 out of 10000
  Maximum heap size: 0 out of 6000000
  Number of callouts: 1 out of 100
  Number of Email Invocations: 0 out of 10
  Number of future calls: 0 out of 50
  Number of queueable jobs added to the queue: 0 out of 50
  Number of Mobile Apex push calls: 0 out of 10

13:21:34.782 (782712353)|CUMULATIVE_LIMIT_USAGE_END

13:21:34.1 (782772784)|CODE_UNIT_FINISHED|ObserveTuneController.approveTuneAndPromote()
13:21:34.1 (783026209)|CODE_UNIT_FINISHED|apex://ObserveTuneController/ACTION$approveTuneAndPromote
13:21:34.1 (783038489)|EXECUTION_FINISHED
