66.0 APEX_CODE,FINEST;APEX_PROFILING,INFO;CALLOUT,INFO;DATA_ACCESS,INFO;DB,INFO;NBA,INFO;SYSTEM,DEBUG;VALIDATION,INFO;VISUALFORCE,INFO;WAVE,INFO;WORKFLOW,INFO
12:17:51.1 (1100664)|USER_INFO|[EXTERNAL]|005dM00000bGQNp|pmandy.f7098e8d67c2@agentforce.com|(GMT-07:00) Pacific Daylight Time (America/Los_Angeles)|GMT-07:00
12:17:51.1 (1172406)|EXECUTION_STARTED
12:17:51.1 (1202287)|CODE_UNIT_STARTED|[EXTERNAL]|apex://ObserveTuneController/ACTION$getTuneData
12:17:51.1 (2422474)|CODE_UNIT_STARTED|[EXTERNAL]|01pdM00000WohAb|ObserveTuneController.getTuneData()
12:17:51.1 (4360596)|HEAP_ALLOCATE|[95]|Bytes:3
12:17:51.1 (4501458)|HEAP_ALLOCATE|[100]|Bytes:152
12:17:51.1 (4523279)|HEAP_ALLOCATE|[417]|Bytes:408
12:17:51.1 (4538069)|HEAP_ALLOCATE|[430]|Bytes:408
12:17:51.1 (4568050)|HEAP_ALLOCATE|[317]|Bytes:6
12:17:51.1 (4631812)|HEAP_ALLOCATE|[EXTERNAL]|Bytes:8
12:17:51.1 (4637221)|HEAP_ALLOCATE|[EXTERNAL]|Bytes:22
12:17:51.1 (4663852)|METHOD_ENTRY|[1]|01pdM00000WohAb|ObserveTuneController.ObserveTuneController()
12:17:51.1 (4688053)|STATEMENT_EXECUTE|[1]
12:17:51.1 (4698763)|STATEMENT_EXECUTE|[1]
12:17:51.1 (4721253)|HEAP_ALLOCATE|[68]|Bytes:5
12:17:51.1 (4761854)|HEAP_ALLOCATE|[74]|Bytes:5
12:17:51.1 (4771984)|HEAP_ALLOCATE|[82]|Bytes:7
12:17:51.1 (5119522)|HEAP_ALLOCATE|[EXTERNAL]|Bytes:5
12:17:51.1 (5154103)|METHOD_EXIT|[1]|ObserveTuneController
12:17:51.1 (5172263)|HEAP_ALLOCATE|[5]|Bytes:5
12:17:51.1 (5177512)|STATEMENT_EXECUTE|[4]
12:17:51.1 (5180043)|STATEMENT_EXECUTE|[5]
12:17:51.1 (5181973)|STATEMENT_EXECUTE|[5]
12:17:51.1 (5183894)|STATEMENT_EXECUTE|[6]
12:17:51.1 (5203184)|HEAP_ALLOCATE|[6]|Bytes:4
12:17:51.1 (5225724)|VARIABLE_SCOPE_BEGIN|[6]|data|Map<String,ANY>|true|false
12:17:51.1 (5313595)|VARIABLE_ASSIGNMENT|[6]|data|{}|0x4fc21db9
12:17:51.1 (5320406)|STATEMENT_EXECUTE|[9]
12:17:51.1 (5357287)|HEAP_ALLOCATE|[9]|Bytes:4
12:17:51.1 (5461319)|HEAP_ALLOCATE|[10]|Bytes:4
12:17:51.1 (5468850)|HEAP_ALLOCATE|[11]|Bytes:4
12:17:51.1 (5473270)|HEAP_ALLOCATE|[11]|Bytes:13
12:17:51.1 (5542571)|HEAP_ALLOCATE|[12]|Bytes:6
12:17:51.1 (5548931)|HEAP_ALLOCATE|[12]|Bytes:5
12:17:51.1 (5562201)|HEAP_ALLOCATE|[13]|Bytes:7
12:17:51.1 (5573401)|HEAP_ALLOCATE|[10]|Bytes:4
12:17:51.1 (5607833)|HEAP_ALLOCATE|[14]|Bytes:7
12:17:51.1 (5613583)|HEAP_ALLOCATE|[14]|Bytes:18
12:17:51.1 (5626633)|HEAP_ALLOCATE|[15]|Bytes:9
12:17:51.1 (5631343)|HEAP_ALLOCATE|[15]|Bytes:179
12:17:51.1 (5652403)|HEAP_ALLOCATE|[17]|Bytes:4
12:17:51.1 (5659634)|HEAP_ALLOCATE|[18]|Bytes:11
12:17:51.1 (5761626)|HEAP_ALLOCATE|[19]|Bytes:14
12:17:51.1 (5783926)|HEAP_ALLOCATE|[17]|Bytes:4
12:17:51.1 (5799947)|HEAP_ALLOCATE|[21]|Bytes:9
12:17:51.1 (5815597)|HEAP_ALLOCATE|[22]|Bytes:81
12:17:51.1 (5835698)|VARIABLE_SCOPE_BEGIN|[9]|cohortLeads|List<Map<String,ANY>>|true|false
12:17:51.1 (5886079)|HEAP_ALLOCATE|[EXTERNAL]|Bytes:12
12:17:51.1 (5931580)|VARIABLE_ASSIGNMENT|[9]|cohortLeads|[{"name":"Jennifer Park","status":"Bound","daysAgo":3,"verdict":"Decision Confirmed","reasoning":"Act classified Pursu (159 more) ..."},{"name":"Marcus Reed","status":"Window Timeout","daysAgo":5,"verdict":"No-Signal","reasoning":"Still in nurture win (61 more) ..."}]|0x18bdffcc
12:17:51.1 (5938880)|STATEMENT_EXECUTE|[27]
12:17:51.1 (5948750)|HEAP_ALLOCATE|[27]|Bytes:4
12:17:51.1 (5979121)|HEAP_ALLOCATE|[28]|Bytes:4
12:17:51.1 (5985581)|HEAP_ALLOCATE|[29]|Bytes:5
12:17:51.1 (5990061)|HEAP_ALLOCATE|[29]|Bytes:99
12:17:51.1 (6020392)|HEAP_ALLOCATE|[30]|Bytes:6
12:17:51.1 (6026451)|HEAP_ALLOCATE|[30]|Bytes:46
12:17:51.1 (6038582)|HEAP_ALLOCATE|[31]|Bytes:6
12:17:51.1 (6043992)|HEAP_ALLOCATE|[31]|Bytes:24
12:17:51.1 (6061083)|HEAP_ALLOCATE|[33]|Bytes:4
12:17:51.1 (6067463)|HEAP_ALLOCATE|[34]|Bytes:72
12:17:51.1 (6092163)|HEAP_ALLOCATE|[35]|Bytes:21
12:17:51.1 (6104783)|HEAP_ALLOCATE|[36]|Bytes:24
12:17:51.1 (6121544)|HEAP_ALLOCATE|[38]|Bytes:4
12:17:51.1 (6127644)|HEAP_ALLOCATE|[39]|Bytes:78
12:17:51.1 (6150554)|HEAP_ALLOCATE|[40]|Bytes:55
12:17:51.1 (6164265)|HEAP_ALLOCATE|[41]|Bytes:25
12:17:51.1 (6178365)|VARIABLE_SCOPE_BEGIN|[27]|proposals|List<Map<String,ANY>>|true|false
12:17:51.1 (6200586)|HEAP_ALLOCATE|[EXTERNAL]|Bytes:16
12:17:51.1 (6224126)|VARIABLE_ASSIGNMENT|[27]|proposals|[{"title":"EverQuote source · P (79 more) ...","impact":"312 confirmed verdic (26 more) ...","change":"Tighten Pursue thres (4 more) ..."},{"title":"Household-match sign (52 more) ...","impact":"89 verdicts confirme (1 more) ...","change":"Increase weighting + (4 more) ..."},{"title":"New pattern: VINs >  (58 more) ...","impact":"Convert at 6.8% vs 1 (35 more) ...","change":"Recommend Nurture de (5 more) ..."}]|0x189b3064
12:17:51.1 (6232276)|STATEMENT_EXECUTE|[45]
12:17:51.1 (6239436)|HEAP_ALLOCATE|[45]|Bytes:4
12:17:51.1 (6246277)|HEAP_ALLOCATE|[46]|Bytes:10
12:17:51.1 (6250467)|HEAP_ALLOCATE|[46]|Bytes:10
12:17:51.1 (6276407)|HEAP_ALLOCATE|[47]|Bytes:8
12:17:51.1 (6281117)|HEAP_ALLOCATE|[47]|Bytes:10
12:17:51.1 (6292908)|HEAP_ALLOCATE|[48]|Bytes:12
12:17:51.1 (6302608)|HEAP_ALLOCATE|[45]|Bytes:4
12:17:51.1 (6317448)|HEAP_ALLOCATE|[49]|Bytes:9
12:17:51.1 (6329417)|HEAP_ALLOCATE|[50]|Bytes:12
12:17:51.1 (6334688)|HEAP_ALLOCATE|[50]|Bytes:4
12:17:51.1 (6345849)|HEAP_ALLOCATE|[51]|Bytes:12
12:17:51.1 (6350658)|HEAP_ALLOCATE|[51]|Bytes:4
12:17:51.1 (6362909)|HEAP_ALLOCATE|[52]|Bytes:13
12:17:51.1 (6367919)|HEAP_ALLOCATE|[52]|Bytes:68
12:17:51.1 (6379559)|VARIABLE_SCOPE_BEGIN|[45]|tuneProposal|Map<String,ANY>|true|false
12:17:51.1 (6393280)|VARIABLE_ASSIGNMENT|[45]|tuneProposal|"Map of size 7 too large to display"|0x14ebaf41
12:17:51.1 (6398230)|STATEMENT_EXECUTE|[55]
12:17:51.1 (6402099)|HEAP_ALLOCATE|[55]|Bytes:11
12:17:51.1 (6440220)|HEAP_ALLOCATE|[EXTERNAL]|Bytes:-4
12:17:51.1 (6449700)|STATEMENT_EXECUTE|[56]
12:17:51.1 (6452700)|HEAP_ALLOCATE|[56]|Bytes:12
12:17:51.1 (6473071)|HEAP_ALLOCATE|[EXTERNAL]|Bytes:-4
12:17:51.1 (6480472)|STATEMENT_EXECUTE|[57]
12:17:51.1 (6483522)|HEAP_ALLOCATE|[57]|Bytes:7
12:17:51.1 (6514181)|HEAP_ALLOCATE|[57]|Bytes:5
12:17:51.1 (6520061)|HEAP_ALLOCATE|[EXTERNAL]|Bytes:-4
12:17:51.1 (6528262)|STATEMENT_EXECUTE|[59]
12:17:51.6 (6622165)|CUMULATIVE_LIMIT_USAGE
12:17:51.6 (6622165)|LIMIT_USAGE_FOR_NS|(default)|
  Number of SOQL queries: 0 out of 100
  Number of query rows: 0 out of 50000
  Number of SOSL queries: 0 out of 20
  Number of DML statements: 0 out of 150
  Number of Publish Immediate DML: 0 out of 150
  Number of DML rows: 0 out of 10000
  Maximum CPU time: 0 out of 10000
  Maximum heap size: 0 out of 6000000
  Number of callouts: 0 out of 100
  Number of Email Invocations: 0 out of 10
  Number of future calls: 0 out of 50
  Number of queueable jobs added to the queue: 0 out of 50
  Number of Mobile Apex push calls: 0 out of 10

12:17:51.6 (6622165)|CUMULATIVE_LIMIT_USAGE_END

12:17:51.1 (6676376)|CODE_UNIT_FINISHED|ObserveTuneController.getTuneData()
12:17:51.1 (6945342)|CODE_UNIT_FINISHED|apex://ObserveTuneController/ACTION$getTuneData
12:17:51.1 (6957591)|EXECUTION_FINISHED
