66.0 APEX_CODE,FINEST;APEX_PROFILING,INFO;CALLOUT,INFO;DATA_ACCESS,INFO;DB,INFO;NBA,INFO;SYSTEM,DEBUG;VALIDATION,INFO;VISUALFORCE,INFO;WAVE,INFO;WORKFLOW,INFO
11:16:37.1 (1516162)|USER_INFO|[EXTERNAL]|005dM00000bGQNp|pmandy.f7098e8d67c2@agentforce.com|(GMT-07:00) Pacific Daylight Time (America/Los_Angeles)|GMT-07:00
11:16:37.1 (1614004)|EXECUTION_STARTED
11:16:37.1 (1648295)|CODE_UNIT_STARTED|[EXTERNAL]|apex://ObserveTuneController/ACTION$getTuneData
11:16:37.1 (3177998)|CODE_UNIT_STARTED|[EXTERNAL]|01pdM00000WohAb|ObserveTuneController.getTuneData()
11:16:37.1 (3766411)|HEAP_ALLOCATE|[95]|Bytes:3
11:16:37.1 (3935184)|HEAP_ALLOCATE|[100]|Bytes:152
11:16:37.1 (3954985)|HEAP_ALLOCATE|[417]|Bytes:408
11:16:37.1 (3975405)|HEAP_ALLOCATE|[430]|Bytes:408
11:16:37.1 (4026796)|HEAP_ALLOCATE|[317]|Bytes:6
11:16:37.1 (4127868)|HEAP_ALLOCATE|[EXTERNAL]|Bytes:8
11:16:37.1 (4135849)|HEAP_ALLOCATE|[EXTERNAL]|Bytes:22
11:16:37.1 (4171519)|METHOD_ENTRY|[1]|01pdM00000WohAb|ObserveTuneController.ObserveTuneController()
11:16:37.1 (4190910)|STATEMENT_EXECUTE|[1]
11:16:37.1 (4201790)|STATEMENT_EXECUTE|[1]
11:16:37.1 (4232501)|HEAP_ALLOCATE|[68]|Bytes:5
11:16:37.1 (4285002)|HEAP_ALLOCATE|[74]|Bytes:5
11:16:37.1 (4293702)|HEAP_ALLOCATE|[82]|Bytes:7
11:16:37.1 (4707651)|HEAP_ALLOCATE|[EXTERNAL]|Bytes:5
11:16:37.1 (4749371)|METHOD_EXIT|[1]|ObserveTuneController
11:16:37.1 (4764452)|HEAP_ALLOCATE|[5]|Bytes:5
11:16:37.1 (4769583)|STATEMENT_EXECUTE|[4]
11:16:37.1 (4771832)|STATEMENT_EXECUTE|[5]
11:16:37.1 (4773802)|STATEMENT_EXECUTE|[5]
11:16:37.1 (4775842)|STATEMENT_EXECUTE|[6]
11:16:37.1 (4797572)|HEAP_ALLOCATE|[6]|Bytes:4
11:16:37.1 (4823464)|VARIABLE_SCOPE_BEGIN|[6]|data|Map<String,ANY>|true|false
11:16:37.1 (4928245)|VARIABLE_ASSIGNMENT|[6]|data|{}|0x645314f4
11:16:37.1 (4934005)|STATEMENT_EXECUTE|[9]
11:16:37.1 (4990697)|HEAP_ALLOCATE|[9]|Bytes:4
11:16:37.1 (5108519)|HEAP_ALLOCATE|[10]|Bytes:4
11:16:37.1 (5117849)|HEAP_ALLOCATE|[11]|Bytes:4
11:16:37.1 (5122739)|HEAP_ALLOCATE|[11]|Bytes:13
11:16:37.1 (5203561)|HEAP_ALLOCATE|[12]|Bytes:6
11:16:37.1 (5211321)|HEAP_ALLOCATE|[12]|Bytes:5
11:16:37.1 (5229982)|HEAP_ALLOCATE|[13]|Bytes:7
11:16:37.1 (5246553)|HEAP_ALLOCATE|[10]|Bytes:4
11:16:37.1 (5302133)|HEAP_ALLOCATE|[14]|Bytes:7
11:16:37.1 (5308754)|HEAP_ALLOCATE|[14]|Bytes:18
11:16:37.1 (5327595)|HEAP_ALLOCATE|[15]|Bytes:9
11:16:37.1 (5333965)|HEAP_ALLOCATE|[15]|Bytes:179
11:16:37.1 (5365515)|HEAP_ALLOCATE|[17]|Bytes:4
11:16:37.1 (5374215)|HEAP_ALLOCATE|[18]|Bytes:11
11:16:37.1 (5456607)|HEAP_ALLOCATE|[19]|Bytes:14
11:16:37.1 (5482558)|HEAP_ALLOCATE|[17]|Bytes:4
11:16:37.1 (5503547)|HEAP_ALLOCATE|[21]|Bytes:9
11:16:37.1 (5521009)|HEAP_ALLOCATE|[22]|Bytes:81
11:16:37.1 (5545828)|VARIABLE_SCOPE_BEGIN|[9]|cohortLeads|List<Map<String,ANY>>|true|false
11:16:37.1 (5618980)|HEAP_ALLOCATE|[EXTERNAL]|Bytes:12
11:16:37.1 (5675892)|VARIABLE_ASSIGNMENT|[9]|cohortLeads|[{"name":"Jennifer Park","status":"Bound","daysAgo":3,"verdict":"Decision Confirmed","reasoning":"Act classified Pursu (159 more) ..."},{"name":"Marcus Reed","status":"Window Timeout","daysAgo":5,"verdict":"No-Signal","reasoning":"Still in nurture win (61 more) ..."}]|0x59023c52
11:16:37.1 (5689332)|STATEMENT_EXECUTE|[27]
11:16:37.1 (5703422)|HEAP_ALLOCATE|[27]|Bytes:4
11:16:37.1 (5734283)|HEAP_ALLOCATE|[28]|Bytes:4
11:16:37.1 (5742443)|HEAP_ALLOCATE|[29]|Bytes:5
11:16:37.1 (5747774)|HEAP_ALLOCATE|[29]|Bytes:99
11:16:37.1 (5777844)|HEAP_ALLOCATE|[30]|Bytes:6
11:16:37.1 (5783193)|HEAP_ALLOCATE|[30]|Bytes:46
11:16:37.1 (5795514)|HEAP_ALLOCATE|[31]|Bytes:6
11:16:37.1 (5800705)|HEAP_ALLOCATE|[31]|Bytes:24
11:16:37.1 (5827965)|HEAP_ALLOCATE|[33]|Bytes:4
11:16:37.1 (5837895)|HEAP_ALLOCATE|[34]|Bytes:72
11:16:37.1 (5878266)|HEAP_ALLOCATE|[35]|Bytes:21
11:16:37.1 (5895497)|HEAP_ALLOCATE|[36]|Bytes:24
11:16:37.1 (5916627)|HEAP_ALLOCATE|[38]|Bytes:4
11:16:37.1 (5923817)|HEAP_ALLOCATE|[39]|Bytes:78
11:16:37.1 (5951098)|HEAP_ALLOCATE|[40]|Bytes:55
11:16:37.1 (5965637)|HEAP_ALLOCATE|[41]|Bytes:25
11:16:37.1 (5982469)|VARIABLE_SCOPE_BEGIN|[27]|proposals|List<Map<String,ANY>>|true|false
11:16:37.1 (6018979)|HEAP_ALLOCATE|[EXTERNAL]|Bytes:16
11:16:37.1 (6053079)|VARIABLE_ASSIGNMENT|[27]|proposals|[{"title":"EverQuote source · P (79 more) ...","impact":"312 confirmed verdic (26 more) ...","change":"Tighten Pursue thres (4 more) ..."},{"title":"Household-match sign (52 more) ...","impact":"89 verdicts confirme (1 more) ...","change":"Increase weighting + (4 more) ..."},{"title":"New pattern: VINs >  (58 more) ...","impact":"Convert at 6.8% vs 1 (35 more) ...","change":"Recommend Nurture de (5 more) ..."}]|0x7dd6863
11:16:37.1 (6066140)|STATEMENT_EXECUTE|[45]
11:16:37.1 (6074079)|HEAP_ALLOCATE|[45]|Bytes:4
11:16:37.1 (6081871)|HEAP_ALLOCATE|[46]|Bytes:10
11:16:37.1 (6087320)|HEAP_ALLOCATE|[46]|Bytes:10
11:16:37.1 (6117800)|HEAP_ALLOCATE|[47]|Bytes:8
11:16:37.1 (6124921)|HEAP_ALLOCATE|[47]|Bytes:10
11:16:37.1 (6139462)|HEAP_ALLOCATE|[48]|Bytes:12
11:16:37.1 (6150561)|HEAP_ALLOCATE|[45]|Bytes:4
11:16:37.1 (6168702)|HEAP_ALLOCATE|[49]|Bytes:9
11:16:37.1 (6184623)|HEAP_ALLOCATE|[50]|Bytes:12
11:16:37.1 (6190583)|HEAP_ALLOCATE|[50]|Bytes:4
11:16:37.1 (6204393)|HEAP_ALLOCATE|[51]|Bytes:12
11:16:37.1 (6209873)|HEAP_ALLOCATE|[51]|Bytes:4
11:16:37.1 (6223594)|HEAP_ALLOCATE|[52]|Bytes:13
11:16:37.1 (6230144)|HEAP_ALLOCATE|[52]|Bytes:68
11:16:37.1 (6244754)|VARIABLE_SCOPE_BEGIN|[45]|tuneProposal|Map<String,ANY>|true|false
11:16:37.1 (6268795)|VARIABLE_ASSIGNMENT|[45]|tuneProposal|"Map of size 7 too large to display"|0x7bd538d8
11:16:37.1 (6275635)|STATEMENT_EXECUTE|[55]
11:16:37.1 (6280445)|HEAP_ALLOCATE|[55]|Bytes:11
11:16:37.1 (6326096)|HEAP_ALLOCATE|[EXTERNAL]|Bytes:-4
11:16:37.1 (6337186)|STATEMENT_EXECUTE|[56]
11:16:37.1 (6341616)|HEAP_ALLOCATE|[56]|Bytes:12
11:16:37.1 (6367927)|HEAP_ALLOCATE|[EXTERNAL]|Bytes:-4
11:16:37.1 (6378097)|STATEMENT_EXECUTE|[57]
11:16:37.1 (6382057)|HEAP_ALLOCATE|[57]|Bytes:7
11:16:37.1 (6423768)|HEAP_ALLOCATE|[57]|Bytes:5
11:16:37.1 (6431628)|HEAP_ALLOCATE|[EXTERNAL]|Bytes:-4
11:16:37.1 (6444048)|STATEMENT_EXECUTE|[59]
11:16:37.6 (6569281)|CUMULATIVE_LIMIT_USAGE
11:16:37.6 (6569281)|LIMIT_USAGE_FOR_NS|(default)|
  Number of SOQL queries: 0 out of 100
  Number of query rows: 0 out of 50000
  Number of SOSL queries: 0 out of 20
  Number of DML statements: 0 out of 150
  Number of Publish Immediate DML: 0 out of 150
  Number of DML rows: 0 out of 10000
  Maximum CPU time: 0 out of 10000
  Maximum heap size: 0 out of 6000000
  Number of callouts: 0 out of 100
  Number of Email Invocations: 0 out of 10
  Number of future calls: 0 out of 50
  Number of queueable jobs added to the queue: 0 out of 50
  Number of Mobile Apex push calls: 0 out of 10

11:16:37.6 (6569281)|CUMULATIVE_LIMIT_USAGE_END

11:16:37.1 (6672793)|CODE_UNIT_FINISHED|ObserveTuneController.getTuneData()
11:16:37.1 (7057821)|CODE_UNIT_FINISHED|apex://ObserveTuneController/ACTION$getTuneData
11:16:37.1 (7076342)|EXECUTION_FINISHED
