66.0 APEX_CODE,FINEST;APEX_PROFILING,INFO;CALLOUT,INFO;DATA_ACCESS,INFO;DB,INFO;NBA,INFO;SYSTEM,DEBUG;VALIDATION,INFO;VISUALFORCE,INFO;WAVE,INFO;WORKFLOW,INFO
11:12:04.1 (1168451)|USER_INFO|[EXTERNAL]|005dM00000bGQNp|pmandy.f7098e8d67c2@agentforce.com|(GMT-07:00) Pacific Daylight Time (America/Los_Angeles)|GMT-07:00
11:12:04.1 (1242302)|EXECUTION_STARTED
11:12:04.1 (1267843)|CODE_UNIT_STARTED|[EXTERNAL]|apex://ObserveTuneController/ACTION$getTuneData
11:12:04.1 (2181249)|CODE_UNIT_STARTED|[EXTERNAL]|01pdM00000WohAb|ObserveTuneController.getTuneData()
11:12:04.1 (4758406)|HEAP_ALLOCATE|[95]|Bytes:3
11:12:04.1 (4926748)|HEAP_ALLOCATE|[100]|Bytes:152
11:12:04.1 (4947220)|HEAP_ALLOCATE|[417]|Bytes:408
11:12:04.1 (4964759)|HEAP_ALLOCATE|[430]|Bytes:408
11:12:04.1 (4998000)|HEAP_ALLOCATE|[317]|Bytes:6
11:12:04.1 (5063041)|HEAP_ALLOCATE|[EXTERNAL]|Bytes:8
11:12:04.1 (5074412)|HEAP_ALLOCATE|[EXTERNAL]|Bytes:22
11:12:04.1 (5101962)|METHOD_ENTRY|[1]|01pdM00000WohAb|ObserveTuneController.ObserveTuneController()
11:12:04.1 (5119653)|STATEMENT_EXECUTE|[1]
11:12:04.1 (5137762)|STATEMENT_EXECUTE|[1]
11:12:04.1 (5162584)|HEAP_ALLOCATE|[68]|Bytes:5
11:12:04.1 (5200574)|HEAP_ALLOCATE|[74]|Bytes:5
11:12:04.1 (5213404)|HEAP_ALLOCATE|[82]|Bytes:7
11:12:04.1 (5673113)|HEAP_ALLOCATE|[EXTERNAL]|Bytes:5
11:12:04.1 (5703273)|METHOD_EXIT|[1]|ObserveTuneController
11:12:04.1 (5721764)|HEAP_ALLOCATE|[5]|Bytes:5
11:12:04.1 (5726813)|STATEMENT_EXECUTE|[4]
11:12:04.1 (5729373)|STATEMENT_EXECUTE|[5]
11:12:04.1 (5731354)|STATEMENT_EXECUTE|[5]
11:12:04.1 (5734053)|STATEMENT_EXECUTE|[6]
11:12:04.1 (5757114)|HEAP_ALLOCATE|[6]|Bytes:4
11:12:04.1 (5784565)|VARIABLE_SCOPE_BEGIN|[6]|data|Map<String,ANY>|true|false
11:12:04.1 (5878586)|VARIABLE_ASSIGNMENT|[6]|data|{}|0x307ad75b
11:12:04.1 (5885076)|STATEMENT_EXECUTE|[9]
11:12:04.1 (5924207)|HEAP_ALLOCATE|[9]|Bytes:4
11:12:04.1 (6031949)|HEAP_ALLOCATE|[10]|Bytes:4
11:12:04.1 (6045179)|HEAP_ALLOCATE|[11]|Bytes:4
11:12:04.1 (6052279)|HEAP_ALLOCATE|[11]|Bytes:13
11:12:04.1 (6138271)|HEAP_ALLOCATE|[12]|Bytes:6
11:12:04.1 (6143641)|HEAP_ALLOCATE|[12]|Bytes:5
11:12:04.1 (6156831)|HEAP_ALLOCATE|[13]|Bytes:7
11:12:04.1 (6167771)|HEAP_ALLOCATE|[10]|Bytes:4
11:12:04.1 (6198742)|HEAP_ALLOCATE|[14]|Bytes:7
11:12:04.1 (6203832)|HEAP_ALLOCATE|[14]|Bytes:18
11:12:04.1 (6218342)|HEAP_ALLOCATE|[15]|Bytes:9
11:12:04.1 (6223742)|HEAP_ALLOCATE|[15]|Bytes:179
11:12:04.1 (6252543)|HEAP_ALLOCATE|[17]|Bytes:4
11:12:04.1 (6262023)|HEAP_ALLOCATE|[18]|Bytes:11
11:12:04.1 (6293864)|HEAP_ALLOCATE|[19]|Bytes:14
11:12:04.1 (6312334)|HEAP_ALLOCATE|[17]|Bytes:4
11:12:04.1 (6326804)|HEAP_ALLOCATE|[21]|Bytes:9
11:12:04.1 (6342445)|HEAP_ALLOCATE|[22]|Bytes:81
11:12:04.1 (6363675)|VARIABLE_SCOPE_BEGIN|[9]|cohortLeads|List<Map<String,ANY>>|true|false
11:12:04.1 (6427936)|HEAP_ALLOCATE|[EXTERNAL]|Bytes:12
11:12:04.1 (6473577)|VARIABLE_ASSIGNMENT|[9]|cohortLeads|[{"name":"Jennifer Park","status":"Bound","daysAgo":3,"verdict":"Decision Confirmed","reasoning":"Act classified Pursu (159 more) ..."},{"name":"Marcus Reed","status":"Window Timeout","daysAgo":5,"verdict":"No-Signal","reasoning":"Still in nurture win (61 more) ..."}]|0x3343aa06
11:12:04.1 (6481117)|STATEMENT_EXECUTE|[27]
11:12:04.1 (6491077)|HEAP_ALLOCATE|[27]|Bytes:4
11:12:04.1 (6518408)|HEAP_ALLOCATE|[28]|Bytes:4
11:12:04.1 (6526338)|HEAP_ALLOCATE|[29]|Bytes:5
11:12:04.1 (6530738)|HEAP_ALLOCATE|[29]|Bytes:99
11:12:04.1 (6561818)|HEAP_ALLOCATE|[30]|Bytes:6
11:12:04.1 (6566499)|HEAP_ALLOCATE|[30]|Bytes:46
11:12:04.1 (6579469)|HEAP_ALLOCATE|[31]|Bytes:6
11:12:04.1 (6583719)|HEAP_ALLOCATE|[31]|Bytes:24
11:12:04.1 (6601099)|HEAP_ALLOCATE|[33]|Bytes:4
11:12:04.1 (6607359)|HEAP_ALLOCATE|[34]|Bytes:72
11:12:04.1 (6632650)|HEAP_ALLOCATE|[35]|Bytes:21
11:12:04.1 (6645820)|HEAP_ALLOCATE|[36]|Bytes:24
11:12:04.1 (6662170)|HEAP_ALLOCATE|[38]|Bytes:4
11:12:04.1 (6668960)|HEAP_ALLOCATE|[39]|Bytes:78
11:12:04.1 (6693121)|HEAP_ALLOCATE|[40]|Bytes:55
11:12:04.1 (6706491)|HEAP_ALLOCATE|[41]|Bytes:25
11:12:04.1 (6721721)|VARIABLE_SCOPE_BEGIN|[27]|proposals|List<Map<String,ANY>>|true|false
11:12:04.1 (6748182)|HEAP_ALLOCATE|[EXTERNAL]|Bytes:16
11:12:04.1 (6782692)|VARIABLE_ASSIGNMENT|[27]|proposals|[{"title":"EverQuote source · P (79 more) ...","impact":"312 confirmed verdic (26 more) ...","change":"Tighten Pursue thres (4 more) ..."},{"title":"Household-match sign (52 more) ...","impact":"89 verdicts confirme (1 more) ...","change":"Increase weighting + (4 more) ..."},{"title":"New pattern: VINs >  (58 more) ...","impact":"Convert at 6.8% vs 1 (35 more) ...","change":"Recommend Nurture de (5 more) ..."}]|0x391ae4a4
11:12:04.1 (6797083)|STATEMENT_EXECUTE|[45]
11:12:04.1 (6805623)|HEAP_ALLOCATE|[45]|Bytes:4
11:12:04.1 (6813603)|HEAP_ALLOCATE|[46]|Bytes:10
11:12:04.1 (6817803)|HEAP_ALLOCATE|[46]|Bytes:10
11:12:04.1 (6848364)|HEAP_ALLOCATE|[47]|Bytes:8
11:12:04.1 (6853094)|HEAP_ALLOCATE|[47]|Bytes:10
11:12:04.1 (6864824)|HEAP_ALLOCATE|[48]|Bytes:12
11:12:04.1 (6874204)|HEAP_ALLOCATE|[45]|Bytes:4
11:12:04.1 (6888814)|HEAP_ALLOCATE|[49]|Bytes:9
11:12:04.1 (6902025)|HEAP_ALLOCATE|[50]|Bytes:12
11:12:04.1 (6906255)|HEAP_ALLOCATE|[50]|Bytes:4
11:12:04.1 (6916835)|HEAP_ALLOCATE|[51]|Bytes:12
11:12:04.1 (6920935)|HEAP_ALLOCATE|[51]|Bytes:4
11:12:04.1 (6964436)|HEAP_ALLOCATE|[52]|Bytes:13
11:12:04.1 (6970106)|HEAP_ALLOCATE|[52]|Bytes:68
11:12:04.1 (6982156)|VARIABLE_SCOPE_BEGIN|[45]|tuneProposal|Map<String,ANY>|true|false
11:12:04.1 (6997396)|VARIABLE_ASSIGNMENT|[45]|tuneProposal|"Map of size 7 too large to display"|0x5bcc23d9
11:12:04.1 (7002246)|STATEMENT_EXECUTE|[55]
11:12:04.1 (7005656)|HEAP_ALLOCATE|[55]|Bytes:11
11:12:04.1 (7048457)|HEAP_ALLOCATE|[EXTERNAL]|Bytes:-4
11:12:04.1 (7056637)|STATEMENT_EXECUTE|[56]
11:12:04.1 (7060667)|HEAP_ALLOCATE|[56]|Bytes:12
11:12:04.1 (7080358)|HEAP_ALLOCATE|[EXTERNAL]|Bytes:-4
11:12:04.1 (7087858)|STATEMENT_EXECUTE|[57]
11:12:04.1 (7091978)|HEAP_ALLOCATE|[57]|Bytes:7
11:12:04.1 (7120938)|HEAP_ALLOCATE|[57]|Bytes:5
11:12:04.1 (7126148)|HEAP_ALLOCATE|[EXTERNAL]|Bytes:-4
11:12:04.1 (7132679)|STATEMENT_EXECUTE|[59]
11:12:04.7 (7216920)|CUMULATIVE_LIMIT_USAGE
11:12:04.7 (7216920)|LIMIT_USAGE_FOR_NS|(default)|
  Number of SOQL queries: 0 out of 100
  Number of query rows: 0 out of 50000
  Number of SOSL queries: 0 out of 20
  Number of DML statements: 0 out of 150
  Number of Publish Immediate DML: 0 out of 150
  Number of DML rows: 0 out of 10000
  Maximum CPU time: 0 out of 10000
  Maximum heap size: 0 out of 6000000
  Number of callouts: 0 out of 100
  Number of Email Invocations: 0 out of 10
  Number of future calls: 0 out of 50
  Number of queueable jobs added to the queue: 0 out of 50
  Number of Mobile Apex push calls: 0 out of 10

11:12:04.7 (7216920)|CUMULATIVE_LIMIT_USAGE_END

11:12:04.1 (7270812)|CODE_UNIT_FINISHED|ObserveTuneController.getTuneData()
11:12:04.1 (7479685)|CODE_UNIT_FINISHED|apex://ObserveTuneController/ACTION$getTuneData
11:12:04.1 (7491576)|EXECUTION_FINISHED
