66.0 APEX_CODE,FINEST;APEX_PROFILING,INFO;CALLOUT,INFO;DATA_ACCESS,INFO;DB,INFO;NBA,INFO;SYSTEM,DEBUG;VALIDATION,INFO;VISUALFORCE,INFO;WAVE,INFO;WORKFLOW,INFO
13:19:12.1 (1365259)|USER_INFO|[EXTERNAL]|005dM00000bGQNp|pmandy.f7098e8d67c2@agentforce.com|(GMT-07:00) Pacific Daylight Time (America/Los_Angeles)|GMT-07:00
13:19:12.1 (1441891)|EXECUTION_STARTED
13:19:12.1 (1470822)|CODE_UNIT_STARTED|[EXTERNAL]|apex://ObserveTuneController/ACTION$approveTuneAndPromote
13:19:12.1 (2835321)|CODE_UNIT_STARTED|[EXTERNAL]|01pdM00000WohAb|ObserveTuneController.approveTuneAndPromote()
13:19:12.1 (5013358)|HEAP_ALLOCATE|[95]|Bytes:3
13:19:12.1 (5141421)|HEAP_ALLOCATE|[100]|Bytes:152
13:19:12.1 (5161082)|HEAP_ALLOCATE|[417]|Bytes:408
13:19:12.1 (5176352)|HEAP_ALLOCATE|[430]|Bytes:408
13:19:12.1 (5203042)|HEAP_ALLOCATE|[317]|Bytes:6
13:19:12.1 (5261494)|HEAP_ALLOCATE|[EXTERNAL]|Bytes:8
13:19:12.1 (5269974)|HEAP_ALLOCATE|[EXTERNAL]|Bytes:22
13:19:12.1 (5295524)|METHOD_ENTRY|[1]|01pdM00000WohAb|ObserveTuneController.ObserveTuneController()
13:19:12.1 (5317005)|STATEMENT_EXECUTE|[1]
13:19:12.1 (5327715)|STATEMENT_EXECUTE|[1]
13:19:12.1 (5348476)|HEAP_ALLOCATE|[68]|Bytes:5
13:19:12.1 (5389566)|HEAP_ALLOCATE|[74]|Bytes:5
13:19:12.1 (5399737)|HEAP_ALLOCATE|[82]|Bytes:7
13:19:12.1 (5741634)|HEAP_ALLOCATE|[EXTERNAL]|Bytes:5
13:19:12.1 (5776145)|METHOD_EXIT|[1]|ObserveTuneController
13:19:12.1 (5794415)|HEAP_ALLOCATE|[67]|Bytes:5
13:19:12.1 (5801365)|STATEMENT_EXECUTE|[66]
13:19:12.1 (5804665)|STATEMENT_EXECUTE|[67]
13:19:12.1 (5807395)|STATEMENT_EXECUTE|[67]
13:19:12.1 (5810436)|STATEMENT_EXECUTE|[68]
13:19:12.1 (5814566)|HEAP_ALLOCATE|[68]|Bytes:41
13:19:12.1 (5919828)|USER_DEBUG|[68]|DEBUG|===== APPROVE TUNE & PROMOTE v2.8.0 =====
13:19:12.1 (5944588)|STATEMENT_EXECUTE|[71]
13:19:12.1 (5997010)|VARIABLE_SCOPE_BEGIN|[71]|req|System.HttpRequest|true|false
13:19:12.1 (6255705)|VARIABLE_ASSIGNMENT|[71]|req|"System.HttpRequest[Endpoint=null, Method=null]"|0x1c5412c1
13:19:12.1 (6263065)|STATEMENT_EXECUTE|[72]
13:19:12.1 (6267265)|HEAP_ALLOCATE|[72]|Bytes:42
13:19:12.1 (6337687)|STATEMENT_EXECUTE|[73]
13:19:12.1 (6340967)|HEAP_ALLOCATE|[73]|Bytes:4
13:19:12.1 (6366468)|STATEMENT_EXECUTE|[74]
13:19:12.1 (6369238)|HEAP_ALLOCATE|[74]|Bytes:12
13:19:12.1 (6374908)|HEAP_ALLOCATE|[74]|Bytes:16
13:19:12.1 (6406648)|STATEMENT_EXECUTE|[75]
13:19:12.1 (6424339)|HEAP_ALLOCATE|[75]|Bytes:4
13:19:12.1 (6439419)|HEAP_ALLOCATE|[76]|Bytes:12
13:19:12.1 (6443969)|HEAP_ALLOCATE|[76]|Bytes:6
13:19:12.1 (6505551)|HEAP_ALLOCATE|[77]|Bytes:6
13:19:12.1 (6510491)|HEAP_ALLOCATE|[77]|Bytes:45
13:19:12.1 (6545751)|HEAP_ALLOCATE|[75]|Bytes:24
13:19:12.1 (6554322)|SYSTEM_METHOD_ENTRY|[1]|JSON.JSON()
13:19:12.1 (6557882)|STATEMENT_EXECUTE|[1]
13:19:12.1 (6568362)|SYSTEM_METHOD_EXIT|[1]|JSON
13:19:12.1 (6588562)|METHOD_ENTRY|[75]||System.JSON.serialize(Object)
13:19:12.1 (9971616)|METHOD_EXIT|[75]||System.JSON.serialize(Object)
13:19:12.1 (10102008)|STATEMENT_EXECUTE|[80]
13:19:12.1 (10139319)|VARIABLE_SCOPE_BEGIN|[80]|http|System.Http|true|false
13:19:12.1 (10356674)|VARIABLE_ASSIGNMENT|[80]|http|"System.Http[]"|0x46b4eb65
13:19:12.1 (10366644)|STATEMENT_EXECUTE|[81]
13:19:12.1 (10594059)|CALLOUT_REQUEST|[81]|System.HttpRequest[Endpoint=http://146.190.153.46:9000/update-champion, Method=POST]
13:19:12.1 (634203510)|HEAP_ALLOCATE|[EXTERNAL]|Bytes:292
13:19:12.1 (636101911)|CALLOUT_RESPONSE|[81]|System.HttpResponse[Status=OK, StatusCode=200]
13:19:12.1 (636130592)|HEAP_ALLOCATE|[81]|Bytes:61
13:19:12.1 (636159422)|VARIABLE_SCOPE_BEGIN|[81]|res|System.HttpResponse|true|false
13:19:12.1 (636228854)|VARIABLE_ASSIGNMENT|[81]|res|"System.HttpResponse[Status=OK, StatusCode=200]"|0xeb904f5
13:19:12.1 (636236054)|STATEMENT_EXECUTE|[83]
13:19:12.1 (636242604)|HEAP_ALLOCATE|[83]|Bytes:23
13:19:12.1 (636355797)|HEAP_ALLOCATE|[83]|Bytes:3
13:19:12.1 (636375927)|HEAP_ALLOCATE|[83]|Bytes:26
13:19:12.1 (636402598)|USER_DEBUG|[83]|DEBUG|LUMEN Response Status: 200
13:19:12.1 (636412628)|STATEMENT_EXECUTE|[84]
13:19:12.1 (636416338)|HEAP_ALLOCATE|[84]|Bytes:21
13:19:12.1 (636453279)|HEAP_ALLOCATE|[84]|Bytes:55
13:19:12.1 (636463159)|HEAP_ALLOCATE|[84]|Bytes:76
13:19:12.1 (636474039)|USER_DEBUG|[84]|DEBUG|LUMEN Response Body: {"success":false,"error":"champion_model not provided"}
13:19:12.1 (636520100)|STATEMENT_EXECUTE|[86]
13:19:12.1 (636522820)|STATEMENT_EXECUTE|[87]
13:19:12.1 (636525860)|HEAP_ALLOCATE|[87]|Bytes:39
13:19:12.1 (636551971)|USER_DEBUG|[87]|DEBUG|===== v2.8.0 PROMOTED TO CHAMPION =====
13:19:12.1 (636560711)|STATEMENT_EXECUTE|[90]
13:19:12.1 (658804523)|HEAP_ALLOCATE|[90]|Bytes:44
13:19:12.1 (658854134)|VARIABLE_SCOPE_BEGIN|[90]|config|Loom_Config__c|true|false
13:19:12.1 (659098619)|VARIABLE_ASSIGNMENT|[90]|config|{"LastModifiedDate":"2026-05-26T20:17:28.000Z","IsDeleted":false,"CreatedById":"005dM00000bGQNpQAO","CreatedDate":"2026-05-26T14:15:32.000Z","Id":"a0OdM00000QHtsLUAT","LastModifiedById":"005dM00000bGQNpQAO","SetupOwnerId":"00DdM00000wFcrbUAC","Champion_Model_Version__c":"v2.8.0","Name":"a0OdM00000QHtsL","SystemModstamp":"2026-05-26T20:17:28.000Z"}|0x16205544
13:19:12.1 (659113230)|STATEMENT_EXECUTE|[91]
13:19:12.1 (659290123)|VARIABLE_ASSIGNMENT|[91]|this.Champion_Model_Version__c|"v2.8.0"|0x16205544
13:19:12.1 (659298964)|STATEMENT_EXECUTE|[92]
13:19:12.1 (659383895)|HEAP_ALLOCATE|[92]|Bytes:8
13:19:12.1 (659414676)|DML_BEGIN|[92]|Op:Upsert|Type:Loom_Config__c|Rows:1
13:19:12.1 (659451417)|HEAP_ALLOCATE|[EXTERNAL]|Bytes:8
13:19:12.1 (713198681)|DML_END|[92]
13:19:12.1 (713760514)|STATEMENT_EXECUTE|[93]
13:19:12.1 (713769654)|HEAP_ALLOCATE|[93]|Bytes:58
13:19:12.1 (713843235)|USER_DEBUG|[93]|DEBUG|Custom setting updated: Champion_Model_Version__c = v2.8.0
13:19:12.1 (713853936)|STATEMENT_EXECUTE|[95]
13:19:12.1 (713874016)|HEAP_ALLOCATE|[95]|Bytes:4
13:19:12.1 (713884976)|HEAP_ALLOCATE|[96]|Bytes:7
13:19:12.1 (713947838)|HEAP_ALLOCATE|[95]|Bytes:5
13:19:12.1 (713962758)|HEAP_ALLOCATE|[97]|Bytes:7
13:19:12.1 (713967458)|HEAP_ALLOCATE|[97]|Bytes:27
13:19:12.1 (713982188)|HEAP_ALLOCATE|[98]|Bytes:8
13:19:12.1 (713996739)|HEAP_ALLOCATE|[99]|Bytes:13
13:19:12.1 (714001269)|HEAP_ALLOCATE|[99]|Bytes:6
13:19:12.751 (751537412)|CUMULATIVE_LIMIT_USAGE
13:19:12.751 (751537412)|LIMIT_USAGE_FOR_NS|(default)|
  Number of SOQL queries: 0 out of 100
  Number of query rows: 0 out of 50000
  Number of SOSL queries: 0 out of 20
  Number of DML statements: 1 out of 150
  Number of Publish Immediate DML: 0 out of 150
  Number of DML rows: 1 out of 10000
  Maximum CPU time: 0 out of 10000
  Maximum heap size: 0 out of 6000000
  Number of callouts: 1 out of 100
  Number of Email Invocations: 0 out of 10
  Number of future calls: 0 out of 50
  Number of queueable jobs added to the queue: 0 out of 50
  Number of Mobile Apex push calls: 0 out of 10

13:19:12.751 (751537412)|CUMULATIVE_LIMIT_USAGE_END

13:19:12.1 (751625854)|CODE_UNIT_FINISHED|ObserveTuneController.approveTuneAndPromote()
13:19:12.1 (751975012)|CODE_UNIT_FINISHED|apex://ObserveTuneController/ACTION$approveTuneAndPromote
13:19:12.1 (751991572)|EXECUTION_FINISHED
