66.0 APEX_CODE,FINEST;APEX_PROFILING,INFO;CALLOUT,INFO;DATA_ACCESS,INFO;DB,INFO;NBA,INFO;SYSTEM,DEBUG;VALIDATION,INFO;VISUALFORCE,INFO;WAVE,INFO;WORKFLOW,INFO
13:31:58.6 (6704932)|USER_INFO|[EXTERNAL]|005dM00000bGQNp|pmandy.f7098e8d67c2@agentforce.com|(GMT-07:00) Pacific Daylight Time (America/Los_Angeles)|GMT-07:00
13:31:58.6 (6771955)|EXECUTION_STARTED
13:31:58.6 (6795967)|CODE_UNIT_STARTED|[EXTERNAL]|apex://ObserveTuneController/ACTION$getTuneData
13:31:58.6 (8260836)|CODE_UNIT_STARTED|[EXTERNAL]|01pdM00000WohAb|ObserveTuneController.getTuneData()
13:31:58.6 (8513629)|HEAP_ALLOCATE|[95]|Bytes:3
13:31:58.6 (8627496)|HEAP_ALLOCATE|[100]|Bytes:152
13:31:58.6 (8643725)|HEAP_ALLOCATE|[417]|Bytes:408
13:31:58.6 (8658726)|HEAP_ALLOCATE|[430]|Bytes:408
13:31:58.6 (8682047)|HEAP_ALLOCATE|[317]|Bytes:6
13:31:58.6 (8732061)|HEAP_ALLOCATE|[EXTERNAL]|Bytes:8
13:31:58.6 (8737481)|HEAP_ALLOCATE|[EXTERNAL]|Bytes:22
13:31:58.6 (8764673)|METHOD_ENTRY|[1]|01pdM00000WohAb|ObserveTuneController.ObserveTuneController()
13:31:58.6 (8779464)|STATEMENT_EXECUTE|[1]
13:31:58.6 (8789834)|STATEMENT_EXECUTE|[1]
13:31:58.6 (8809265)|HEAP_ALLOCATE|[68]|Bytes:5
13:31:58.6 (8846776)|HEAP_ALLOCATE|[74]|Bytes:5
13:31:58.6 (8855758)|HEAP_ALLOCATE|[82]|Bytes:7
13:31:58.6 (9021717)|HEAP_ALLOCATE|[EXTERNAL]|Bytes:5
13:31:58.6 (9045458)|METHOD_EXIT|[1]|ObserveTuneController
13:31:58.6 (9058639)|HEAP_ALLOCATE|[5]|Bytes:5
13:31:58.6 (9062819)|STATEMENT_EXECUTE|[4]
13:31:58.6 (9065289)|STATEMENT_EXECUTE|[5]
13:31:58.6 (9067289)|STATEMENT_EXECUTE|[5]
13:31:58.6 (9069329)|STATEMENT_EXECUTE|[6]
13:31:58.6 (9086509)|HEAP_ALLOCATE|[6]|Bytes:4
13:31:58.6 (9108471)|VARIABLE_SCOPE_BEGIN|[6]|data|Map<String,ANY>|true|false
13:31:58.6 (9208977)|VARIABLE_ASSIGNMENT|[6]|data|{}|0x4bfa384b
13:31:58.6 (9215667)|STATEMENT_EXECUTE|[9]
13:31:58.6 (9244309)|HEAP_ALLOCATE|[9]|Bytes:4
13:31:58.6 (9329282)|HEAP_ALLOCATE|[10]|Bytes:4
13:31:58.6 (9336654)|HEAP_ALLOCATE|[11]|Bytes:4
13:31:58.6 (9341283)|HEAP_ALLOCATE|[11]|Bytes:13
13:31:58.6 (9395717)|HEAP_ALLOCATE|[12]|Bytes:6
13:31:58.6 (9401017)|HEAP_ALLOCATE|[12]|Bytes:5
13:31:58.6 (9412758)|HEAP_ALLOCATE|[13]|Bytes:7
13:31:58.6 (9422807)|HEAP_ALLOCATE|[10]|Bytes:4
13:31:58.6 (9454640)|HEAP_ALLOCATE|[14]|Bytes:7
13:31:58.6 (9459260)|HEAP_ALLOCATE|[14]|Bytes:18
13:31:58.6 (9471071)|HEAP_ALLOCATE|[15]|Bytes:9
13:31:58.6 (9475401)|HEAP_ALLOCATE|[15]|Bytes:179
13:31:58.6 (9497543)|HEAP_ALLOCATE|[17]|Bytes:4
13:31:58.6 (9505873)|HEAP_ALLOCATE|[18]|Bytes:11
13:31:58.6 (9529333)|HEAP_ALLOCATE|[19]|Bytes:14
13:31:58.6 (9545065)|HEAP_ALLOCATE|[17]|Bytes:4
13:31:58.6 (9557215)|HEAP_ALLOCATE|[21]|Bytes:9
13:31:58.6 (9569516)|HEAP_ALLOCATE|[22]|Bytes:81
13:31:58.6 (9584917)|VARIABLE_SCOPE_BEGIN|[9]|cohortLeads|List<Map<String,ANY>>|true|false
13:31:58.6 (9627360)|HEAP_ALLOCATE|[EXTERNAL]|Bytes:12
13:31:58.6 (9670981)|VARIABLE_ASSIGNMENT|[9]|cohortLeads|[{"name":"Jennifer Park","status":"Bound","daysAgo":3,"verdict":"Decision Confirmed","reasoning":"Act classified Pursu (159 more) ..."},{"name":"Marcus Reed","status":"Window Timeout","daysAgo":5,"verdict":"No-Signal","reasoning":"Still in nurture win (61 more) ..."}]|0x291afe5e
13:31:58.6 (9677932)|STATEMENT_EXECUTE|[27]
13:31:58.6 (9686123)|HEAP_ALLOCATE|[27]|Bytes:4
13:31:58.6 (9707364)|HEAP_ALLOCATE|[28]|Bytes:4
13:31:58.6 (9714014)|HEAP_ALLOCATE|[29]|Bytes:5
13:31:58.6 (9719303)|HEAP_ALLOCATE|[29]|Bytes:99
13:31:58.6 (9770527)|HEAP_ALLOCATE|[30]|Bytes:6
13:31:58.6 (9775968)|HEAP_ALLOCATE|[30]|Bytes:46
13:31:58.6 (9787968)|HEAP_ALLOCATE|[31]|Bytes:6
13:31:58.6 (9791938)|HEAP_ALLOCATE|[31]|Bytes:24
13:31:58.6 (9809529)|HEAP_ALLOCATE|[33]|Bytes:4
13:31:58.6 (9816380)|HEAP_ALLOCATE|[34]|Bytes:72
13:31:58.6 (9841251)|HEAP_ALLOCATE|[35]|Bytes:21
13:31:58.6 (9854172)|HEAP_ALLOCATE|[36]|Bytes:24
13:31:58.6 (9870013)|HEAP_ALLOCATE|[38]|Bytes:4
13:31:58.6 (9876163)|HEAP_ALLOCATE|[39]|Bytes:78
13:31:58.6 (9899694)|HEAP_ALLOCATE|[40]|Bytes:55
13:31:58.6 (9911935)|HEAP_ALLOCATE|[41]|Bytes:25
13:31:58.6 (9925755)|VARIABLE_SCOPE_BEGIN|[27]|proposals|List<Map<String,ANY>>|true|false
13:31:58.6 (9946507)|HEAP_ALLOCATE|[EXTERNAL]|Bytes:16
13:31:58.6 (9967298)|VARIABLE_ASSIGNMENT|[27]|proposals|[{"title":"EverQuote source · P (79 more) ...","impact":"312 confirmed verdic (26 more) ...","change":"Tighten Pursue thres (4 more) ..."},{"title":"Household-match sign (52 more) ...","impact":"89 verdicts confirme (1 more) ...","change":"Increase weighting + (4 more) ..."},{"title":"New pattern: VINs >  (58 more) ...","impact":"Convert at 6.8% vs 1 (35 more) ...","change":"Recommend Nurture de (5 more) ..."}]|0x4411482b
13:31:58.6 (9976618)|STATEMENT_EXECUTE|[45]
13:31:58.6 (9981699)|HEAP_ALLOCATE|[45]|Bytes:4
13:31:58.6 (9987878)|HEAP_ALLOCATE|[46]|Bytes:10
13:31:58.6 (9991649)|HEAP_ALLOCATE|[46]|Bytes:10
13:31:58.6 (10016701)|HEAP_ALLOCATE|[47]|Bytes:8
13:31:58.6 (10021661)|HEAP_ALLOCATE|[47]|Bytes:10
13:31:58.6 (10032791)|HEAP_ALLOCATE|[48]|Bytes:12
13:31:58.6 (10042081)|HEAP_ALLOCATE|[45]|Bytes:4
13:31:58.6 (10053802)|HEAP_ALLOCATE|[49]|Bytes:9
13:31:58.6 (10066173)|HEAP_ALLOCATE|[50]|Bytes:12
13:31:58.6 (10070282)|HEAP_ALLOCATE|[50]|Bytes:4
13:31:58.6 (10081954)|HEAP_ALLOCATE|[51]|Bytes:12
13:31:58.6 (10086064)|HEAP_ALLOCATE|[51]|Bytes:4
13:31:58.6 (10096895)|HEAP_ALLOCATE|[52]|Bytes:13
13:31:58.6 (10101195)|HEAP_ALLOCATE|[52]|Bytes:68
13:31:58.6 (10112925)|VARIABLE_SCOPE_BEGIN|[45]|tuneProposal|Map<String,ANY>|true|false
13:31:58.6 (10199329)|VARIABLE_ASSIGNMENT|[45]|tuneProposal|"Map of size 7 too large to display"|0x5f827f28
13:31:58.6 (10205941)|STATEMENT_EXECUTE|[55]
13:31:58.6 (10209231)|HEAP_ALLOCATE|[55]|Bytes:11
13:31:58.6 (10243483)|HEAP_ALLOCATE|[EXTERNAL]|Bytes:-4
13:31:58.6 (10252743)|STATEMENT_EXECUTE|[56]
13:31:58.6 (10255793)|HEAP_ALLOCATE|[56]|Bytes:12
13:31:58.6 (10275425)|HEAP_ALLOCATE|[EXTERNAL]|Bytes:-4
13:31:58.6 (10283285)|STATEMENT_EXECUTE|[57]
13:31:58.6 (10286205)|HEAP_ALLOCATE|[57]|Bytes:7
13:31:58.6 (10311396)|HEAP_ALLOCATE|[57]|Bytes:5
13:31:58.6 (10317197)|HEAP_ALLOCATE|[EXTERNAL]|Bytes:-4
13:31:58.6 (10337318)|STATEMENT_EXECUTE|[59]
13:31:58.10 (10406192)|CUMULATIVE_LIMIT_USAGE
13:31:58.10 (10406192)|LIMIT_USAGE_FOR_NS|(default)|
  Number of SOQL queries: 0 out of 100
  Number of query rows: 0 out of 50000
  Number of SOSL queries: 0 out of 20
  Number of DML statements: 0 out of 150
  Number of Publish Immediate DML: 0 out of 150
  Number of DML rows: 0 out of 10000
  Maximum CPU time: 0 out of 10000
  Maximum heap size: 0 out of 6000000
  Number of callouts: 0 out of 100
  Number of Email Invocations: 0 out of 10
  Number of future calls: 0 out of 50
  Number of queueable jobs added to the queue: 0 out of 50
  Number of Mobile Apex push calls: 0 out of 10

13:31:58.10 (10406192)|CUMULATIVE_LIMIT_USAGE_END

13:31:58.6 (10463575)|CODE_UNIT_FINISHED|ObserveTuneController.getTuneData()
13:31:58.6 (10675176)|CODE_UNIT_FINISHED|apex://ObserveTuneController/ACTION$getTuneData
13:31:58.6 (10686257)|EXECUTION_FINISHED
