66.0 APEX_CODE,FINEST;APEX_PROFILING,INFO;CALLOUT,INFO;DATA_ACCESS,INFO;DB,INFO;NBA,INFO;SYSTEM,DEBUG;VALIDATION,INFO;VISUALFORCE,INFO;WAVE,INFO;WORKFLOW,INFO
13:14:23.1 (1236628)|USER_INFO|[EXTERNAL]|005dM00000bGQNp|pmandy.f7098e8d67c2@agentforce.com|(GMT-07:00) Pacific Daylight Time (America/Los_Angeles)|GMT-07:00
13:14:23.1 (1328510)|EXECUTION_STARTED
13:14:23.1 (1368119)|CODE_UNIT_STARTED|[EXTERNAL]|apex://ObserveTuneController/ACTION$approveTuneAndPromote
13:14:23.1 (2623877)|CODE_UNIT_STARTED|[EXTERNAL]|01pdM00000WohAb|ObserveTuneController.approveTuneAndPromote()
13:14:23.1 (3391985)|HEAP_ALLOCATE|[95]|Bytes:3
13:14:23.1 (3654950)|HEAP_ALLOCATE|[100]|Bytes:152
13:14:23.1 (3694570)|HEAP_ALLOCATE|[417]|Bytes:408
13:14:23.1 (3716481)|HEAP_ALLOCATE|[430]|Bytes:408
13:14:23.1 (3762383)|HEAP_ALLOCATE|[317]|Bytes:6
13:14:23.1 (3886035)|HEAP_ALLOCATE|[EXTERNAL]|Bytes:8
13:14:23.1 (3896695)|HEAP_ALLOCATE|[EXTERNAL]|Bytes:22
13:14:23.1 (3950847)|METHOD_ENTRY|[1]|01pdM00000WohAb|ObserveTuneController.ObserveTuneController()
13:14:23.1 (3966597)|STATEMENT_EXECUTE|[1]
13:14:23.1 (3981367)|STATEMENT_EXECUTE|[1]
13:14:23.1 (4043098)|HEAP_ALLOCATE|[68]|Bytes:5
13:14:23.1 (4148980)|HEAP_ALLOCATE|[74]|Bytes:5
13:14:23.1 (4192322)|HEAP_ALLOCATE|[82]|Bytes:7
13:14:23.1 (4727853)|HEAP_ALLOCATE|[EXTERNAL]|Bytes:5
13:14:23.1 (4768904)|METHOD_EXIT|[1]|ObserveTuneController
13:14:23.1 (4803805)|HEAP_ALLOCATE|[67]|Bytes:5
13:14:23.1 (4809495)|STATEMENT_EXECUTE|[66]
13:14:23.1 (4812115)|STATEMENT_EXECUTE|[67]
13:14:23.1 (4814035)|STATEMENT_EXECUTE|[67]
13:14:23.1 (4815925)|STATEMENT_EXECUTE|[68]
13:14:23.1 (4823976)|HEAP_ALLOCATE|[68]|Bytes:41
13:14:23.1 (4981709)|USER_DEBUG|[68]|DEBUG|===== APPROVE TUNE & PROMOTE v2.8.0 =====
13:14:23.1 (4998799)|STATEMENT_EXECUTE|[71]
13:14:23.1 (5089151)|VARIABLE_SCOPE_BEGIN|[71]|req|System.HttpRequest|true|false
13:14:23.1 (5485760)|VARIABLE_ASSIGNMENT|[71]|req|"System.HttpRequest[Endpoint=null, Method=null]"|0x311bb3b5
13:14:23.1 (5493701)|STATEMENT_EXECUTE|[72]
13:14:23.1 (5497520)|HEAP_ALLOCATE|[72]|Bytes:42
13:14:23.1 (5688924)|STATEMENT_EXECUTE|[73]
13:14:23.1 (5692894)|HEAP_ALLOCATE|[73]|Bytes:4
13:14:23.1 (5724155)|STATEMENT_EXECUTE|[74]
13:14:23.1 (5727045)|HEAP_ALLOCATE|[74]|Bytes:12
13:14:23.1 (5733335)|HEAP_ALLOCATE|[74]|Bytes:16
13:14:23.1 (5789307)|STATEMENT_EXECUTE|[75]
13:14:23.1 (5853829)|HEAP_ALLOCATE|[75]|Bytes:4
13:14:23.1 (5885928)|HEAP_ALLOCATE|[76]|Bytes:12
13:14:23.1 (5890679)|HEAP_ALLOCATE|[76]|Bytes:6
13:14:23.1 (6008301)|HEAP_ALLOCATE|[77]|Bytes:6
13:14:23.1 (6014912)|HEAP_ALLOCATE|[77]|Bytes:45
13:14:23.1 (6064372)|HEAP_ALLOCATE|[75]|Bytes:24
13:14:23.1 (6087213)|SYSTEM_METHOD_ENTRY|[1]|JSON.JSON()
13:14:23.1 (6092914)|STATEMENT_EXECUTE|[1]
13:14:23.1 (6108594)|SYSTEM_METHOD_EXIT|[1]|JSON
13:14:23.1 (6125383)|METHOD_ENTRY|[75]||System.JSON.serialize(Object)
13:14:23.1 (10339036)|METHOD_EXIT|[75]||System.JSON.serialize(Object)
13:14:23.1 (10419718)|STATEMENT_EXECUTE|[80]
13:14:23.1 (10440928)|VARIABLE_SCOPE_BEGIN|[80]|http|System.Http|true|false
13:14:23.1 (10557781)|VARIABLE_ASSIGNMENT|[80]|http|"System.Http[]"|0x2130718
13:14:23.1 (10564411)|STATEMENT_EXECUTE|[81]
13:14:23.1 (10757496)|CALLOUT_REQUEST|[81]|System.HttpRequest[Endpoint=http://146.190.153.46:9000/update-champion, Method=POST]
13:14:23.1 (575079749)|HEAP_ALLOCATE|[EXTERNAL]|Bytes:292
13:14:23.1 (577015702)|CALLOUT_RESPONSE|[81]|System.HttpResponse[Status=OK, StatusCode=200]
13:14:23.1 (577048131)|HEAP_ALLOCATE|[81]|Bytes:61
13:14:23.1 (577083783)|VARIABLE_SCOPE_BEGIN|[81]|res|System.HttpResponse|true|false
13:14:23.1 (577164255)|VARIABLE_ASSIGNMENT|[81]|res|"System.HttpResponse[Status=OK, StatusCode=200]"|0x1c6913b5
13:14:23.1 (577171375)|STATEMENT_EXECUTE|[83]
13:14:23.1 (577178025)|HEAP_ALLOCATE|[83]|Bytes:23
13:14:23.1 (577287557)|HEAP_ALLOCATE|[83]|Bytes:3
13:14:23.1 (577308678)|HEAP_ALLOCATE|[83]|Bytes:26
13:14:23.1 (577330938)|USER_DEBUG|[83]|DEBUG|LUMEN Response Status: 200
13:14:23.1 (577340589)|STATEMENT_EXECUTE|[84]
13:14:23.1 (577343499)|HEAP_ALLOCATE|[84]|Bytes:21
13:14:23.1 (577381179)|HEAP_ALLOCATE|[84]|Bytes:55
13:14:23.1 (577391990)|HEAP_ALLOCATE|[84]|Bytes:76
13:14:23.1 (577401610)|USER_DEBUG|[84]|DEBUG|LUMEN Response Body: {"success":false,"error":"champion_model not provided"}
13:14:23.1 (577433951)|STATEMENT_EXECUTE|[86]
13:14:23.1 (577436221)|STATEMENT_EXECUTE|[87]
13:14:23.1 (577439181)|HEAP_ALLOCATE|[87]|Bytes:39
13:14:23.1 (577459161)|USER_DEBUG|[87]|DEBUG|===== v2.8.0 PROMOTED TO CHAMPION =====
13:14:23.1 (577467901)|STATEMENT_EXECUTE|[90]
13:14:23.1 (633437423)|HEAP_ALLOCATE|[90]|Bytes:44
13:14:23.1 (633491294)|VARIABLE_SCOPE_BEGIN|[90]|config|Loom_Config__c|true|false
13:14:23.1 (633837862)|VARIABLE_ASSIGNMENT|[90]|config|{"LastModifiedDate":"2026-05-26T20:12:06.000Z","IsDeleted":false,"CreatedById":"005dM00000bGQNpQAO","CreatedDate":"2026-05-26T14:15:32.000Z","Id":"a0OdM00000QHtsLUAT","LastModifiedById":"005dM00000bGQNpQAO","SetupOwnerId":"00DdM00000wFcrbUAC","Champion_Model_Version__c":"v2.8.0","Name":"a0OdM00000QHtsL","SystemModstamp":"2026-05-26T20:12:06.000Z"}|0x1a152f6
13:14:23.1 (633854442)|STATEMENT_EXECUTE|[91]
13:14:23.1 (634067287)|VARIABLE_ASSIGNMENT|[91]|this.Champion_Model_Version__c|"v2.8.0"|0x1a152f6
13:14:23.1 (634077727)|STATEMENT_EXECUTE|[92]
13:14:23.1 (634174919)|HEAP_ALLOCATE|[92]|Bytes:8
13:14:23.1 (634217160)|DML_BEGIN|[92]|Op:Upsert|Type:Loom_Config__c|Rows:1
13:14:23.1 (634264432)|HEAP_ALLOCATE|[EXTERNAL]|Bytes:8
13:14:23.1 (710922426)|DML_END|[92]
13:14:23.1 (711981989)|STATEMENT_EXECUTE|[93]
13:14:23.1 (711994049)|HEAP_ALLOCATE|[93]|Bytes:58
13:14:23.1 (712079051)|USER_DEBUG|[93]|DEBUG|Custom setting updated: Champion_Model_Version__c = v2.8.0
13:14:23.1 (712099542)|STATEMENT_EXECUTE|[95]
13:14:23.1 (712137521)|HEAP_ALLOCATE|[95]|Bytes:4
13:14:23.1 (712156053)|HEAP_ALLOCATE|[96]|Bytes:7
13:14:23.1 (712246735)|HEAP_ALLOCATE|[95]|Bytes:5
13:14:23.1 (712273795)|HEAP_ALLOCATE|[97]|Bytes:7
13:14:23.1 (712281004)|HEAP_ALLOCATE|[97]|Bytes:27
13:14:23.1 (712299156)|HEAP_ALLOCATE|[98]|Bytes:8
13:14:23.1 (712315146)|HEAP_ALLOCATE|[99]|Bytes:13
13:14:23.1 (712320666)|HEAP_ALLOCATE|[99]|Bytes:6
13:14:23.747 (747201218)|CUMULATIVE_LIMIT_USAGE
13:14:23.747 (747201218)|LIMIT_USAGE_FOR_NS|(default)|
  Number of SOQL queries: 0 out of 100
  Number of query rows: 0 out of 50000
  Number of SOSL queries: 0 out of 20
  Number of DML statements: 1 out of 150
  Number of Publish Immediate DML: 0 out of 150
  Number of DML rows: 1 out of 10000
  Maximum CPU time: 0 out of 10000
  Maximum heap size: 0 out of 6000000
  Number of callouts: 1 out of 100
  Number of Email Invocations: 0 out of 10
  Number of future calls: 0 out of 50
  Number of queueable jobs added to the queue: 0 out of 50
  Number of Mobile Apex push calls: 0 out of 10

13:14:23.747 (747201218)|CUMULATIVE_LIMIT_USAGE_END

13:14:23.1 (747288530)|CODE_UNIT_FINISHED|ObserveTuneController.approveTuneAndPromote()
13:14:23.1 (747535425)|CODE_UNIT_FINISHED|apex://ObserveTuneController/ACTION$approveTuneAndPromote
13:14:23.1 (747549755)|EXECUTION_FINISHED
