66.0 APEX_CODE,FINEST;APEX_PROFILING,INFO;CALLOUT,INFO;DATA_ACCESS,INFO;DB,INFO;NBA,INFO;SYSTEM,DEBUG;VALIDATION,INFO;VISUALFORCE,INFO;WAVE,INFO;WORKFLOW,INFO
12:12:41.5 (5331681)|USER_INFO|[EXTERNAL]|005dM00000bGQNp|pmandy.f7098e8d67c2@agentforce.com|(GMT-07:00) Pacific Daylight Time (America/Los_Angeles)|GMT-07:00
12:12:41.5 (5394195)|EXECUTION_STARTED
12:12:41.5 (5425317)|CODE_UNIT_STARTED|[EXTERNAL]|apex://ObserveTuneController/ACTION$getTuneData
12:12:41.5 (6889708)|CODE_UNIT_STARTED|[EXTERNAL]|01pdM00000WohAb|ObserveTuneController.getTuneData()
12:12:41.5 (7312993)|HEAP_ALLOCATE|[95]|Bytes:3
12:12:41.5 (7425060)|HEAP_ALLOCATE|[100]|Bytes:152
12:12:41.5 (7441341)|HEAP_ALLOCATE|[417]|Bytes:408
12:12:41.5 (7456632)|HEAP_ALLOCATE|[430]|Bytes:408
12:12:41.5 (7483464)|HEAP_ALLOCATE|[317]|Bytes:6
12:12:41.5 (7498015)|HEAP_ALLOCATE|[EXTERNAL]|Bytes:8
12:12:41.5 (7508155)|HEAP_ALLOCATE|[EXTERNAL]|Bytes:22
12:12:41.5 (7536147)|METHOD_ENTRY|[1]|01pdM00000WohAb|ObserveTuneController.ObserveTuneController()
12:12:41.5 (7553838)|STATEMENT_EXECUTE|[1]
12:12:41.5 (7565579)|STATEMENT_EXECUTE|[1]
12:12:41.5 (7586260)|HEAP_ALLOCATE|[68]|Bytes:5
12:12:41.5 (7627463)|HEAP_ALLOCATE|[74]|Bytes:5
12:12:41.5 (7637763)|HEAP_ALLOCATE|[82]|Bytes:7
12:12:41.5 (7979485)|HEAP_ALLOCATE|[EXTERNAL]|Bytes:5
12:12:41.5 (8008247)|METHOD_EXIT|[1]|ObserveTuneController
12:12:41.5 (8022337)|HEAP_ALLOCATE|[5]|Bytes:5
12:12:41.5 (8027758)|STATEMENT_EXECUTE|[4]
12:12:41.5 (8030288)|STATEMENT_EXECUTE|[5]
12:12:41.5 (8032297)|STATEMENT_EXECUTE|[5]
12:12:41.5 (8034228)|STATEMENT_EXECUTE|[6]
12:12:41.5 (8048289)|HEAP_ALLOCATE|[6]|Bytes:4
12:12:41.5 (8077190)|VARIABLE_SCOPE_BEGIN|[6]|data|Map<String,ANY>|true|false
12:12:41.5 (8180527)|VARIABLE_ASSIGNMENT|[6]|data|{}|0x12635361
12:12:41.5 (8186298)|STATEMENT_EXECUTE|[9]
12:12:41.5 (8224210)|HEAP_ALLOCATE|[9]|Bytes:4
12:12:41.5 (8311906)|HEAP_ALLOCATE|[10]|Bytes:4
12:12:41.5 (8318996)|HEAP_ALLOCATE|[11]|Bytes:4
12:12:41.5 (8323336)|HEAP_ALLOCATE|[11]|Bytes:13
12:12:41.5 (8396911)|HEAP_ALLOCATE|[12]|Bytes:6
12:12:41.5 (8403370)|HEAP_ALLOCATE|[12]|Bytes:5
12:12:41.5 (8416672)|HEAP_ALLOCATE|[13]|Bytes:7
12:12:41.5 (8427593)|HEAP_ALLOCATE|[10]|Bytes:4
12:12:41.5 (8463735)|HEAP_ALLOCATE|[14]|Bytes:7
12:12:41.5 (8468125)|HEAP_ALLOCATE|[14]|Bytes:18
12:12:41.5 (8479516)|HEAP_ALLOCATE|[15]|Bytes:9
12:12:41.5 (8483716)|HEAP_ALLOCATE|[15]|Bytes:179
12:12:41.5 (8503867)|HEAP_ALLOCATE|[17]|Bytes:4
12:12:41.5 (8510338)|HEAP_ALLOCATE|[18]|Bytes:11
12:12:41.5 (8606304)|HEAP_ALLOCATE|[19]|Bytes:14
12:12:41.5 (8625905)|HEAP_ALLOCATE|[17]|Bytes:4
12:12:41.5 (8638816)|HEAP_ALLOCATE|[21]|Bytes:9
12:12:41.5 (8652036)|HEAP_ALLOCATE|[22]|Bytes:81
12:12:41.5 (8667387)|VARIABLE_SCOPE_BEGIN|[9]|cohortLeads|List<Map<String,ANY>>|true|false
12:12:41.5 (8716040)|HEAP_ALLOCATE|[EXTERNAL]|Bytes:12
12:12:41.5 (8757073)|VARIABLE_ASSIGNMENT|[9]|cohortLeads|[{"name":"Jennifer Park","status":"Bound","daysAgo":3,"verdict":"Decision Confirmed","reasoning":"Act classified Pursu (159 more) ..."},{"name":"Marcus Reed","status":"Window Timeout","daysAgo":5,"verdict":"No-Signal","reasoning":"Still in nurture win (61 more) ..."}]|0x30923f40
12:12:41.5 (8764613)|STATEMENT_EXECUTE|[27]
12:12:41.5 (8772764)|HEAP_ALLOCATE|[27]|Bytes:4
12:12:41.5 (8793955)|HEAP_ALLOCATE|[28]|Bytes:4
12:12:41.5 (8799675)|HEAP_ALLOCATE|[29]|Bytes:5
12:12:41.5 (8803766)|HEAP_ALLOCATE|[29]|Bytes:99
12:12:41.5 (8830607)|HEAP_ALLOCATE|[30]|Bytes:6
12:12:41.5 (8835198)|HEAP_ALLOCATE|[30]|Bytes:46
12:12:41.5 (8847758)|HEAP_ALLOCATE|[31]|Bytes:6
12:12:41.5 (8852249)|HEAP_ALLOCATE|[31]|Bytes:24
12:12:41.5 (8868370)|HEAP_ALLOCATE|[33]|Bytes:4
12:12:41.5 (8874950)|HEAP_ALLOCATE|[34]|Bytes:72
12:12:41.5 (8899311)|HEAP_ALLOCATE|[35]|Bytes:21
12:12:41.5 (8912792)|HEAP_ALLOCATE|[36]|Bytes:24
12:12:41.5 (8928383)|HEAP_ALLOCATE|[38]|Bytes:4
12:12:41.5 (8934074)|HEAP_ALLOCATE|[39]|Bytes:78
12:12:41.5 (8958485)|HEAP_ALLOCATE|[40]|Bytes:55
12:12:41.5 (8972216)|HEAP_ALLOCATE|[41]|Bytes:25
12:12:41.5 (8985207)|VARIABLE_SCOPE_BEGIN|[27]|proposals|List<Map<String,ANY>>|true|false
12:12:41.5 (9005328)|HEAP_ALLOCATE|[EXTERNAL]|Bytes:16
12:12:41.5 (9027039)|VARIABLE_ASSIGNMENT|[27]|proposals|[{"title":"EverQuote source · P (79 more) ...","impact":"312 confirmed verdic (26 more) ...","change":"Tighten Pursue thres (4 more) ..."},{"title":"Household-match sign (52 more) ...","impact":"89 verdicts confirme (1 more) ...","change":"Increase weighting + (4 more) ..."},{"title":"New pattern: VINs >  (58 more) ...","impact":"Convert at 6.8% vs 1 (35 more) ...","change":"Recommend Nurture de (5 more) ..."}]|0x1c96b3a
12:12:41.5 (9034990)|STATEMENT_EXECUTE|[45]
12:12:41.5 (9039880)|HEAP_ALLOCATE|[45]|Bytes:4
12:12:41.5 (9046880)|HEAP_ALLOCATE|[46]|Bytes:10
12:12:41.5 (9051091)|HEAP_ALLOCATE|[46]|Bytes:10
12:12:41.5 (9077012)|HEAP_ALLOCATE|[47]|Bytes:8
12:12:41.5 (9081773)|HEAP_ALLOCATE|[47]|Bytes:10
12:12:41.5 (9094153)|HEAP_ALLOCATE|[48]|Bytes:12
12:12:41.5 (9102214)|HEAP_ALLOCATE|[45]|Bytes:4
12:12:41.5 (9115175)|HEAP_ALLOCATE|[49]|Bytes:9
12:12:41.5 (9126855)|HEAP_ALLOCATE|[50]|Bytes:12
12:12:41.5 (9131027)|HEAP_ALLOCATE|[50]|Bytes:4
12:12:41.5 (9141856)|HEAP_ALLOCATE|[51]|Bytes:12
12:12:41.5 (9145737)|HEAP_ALLOCATE|[51]|Bytes:4
12:12:41.5 (9157717)|HEAP_ALLOCATE|[52]|Bytes:13
12:12:41.5 (9161918)|HEAP_ALLOCATE|[52]|Bytes:68
12:12:41.5 (9172718)|VARIABLE_SCOPE_BEGIN|[45]|tuneProposal|Map<String,ANY>|true|false
12:12:41.5 (9185129)|VARIABLE_ASSIGNMENT|[45]|tuneProposal|"Map of size 7 too large to display"|0x1734a5fc
12:12:41.5 (9189969)|STATEMENT_EXECUTE|[55]
12:12:41.5 (9192969)|HEAP_ALLOCATE|[55]|Bytes:11
12:12:41.5 (9229142)|HEAP_ALLOCATE|[EXTERNAL]|Bytes:-4
12:12:41.5 (9237353)|STATEMENT_EXECUTE|[56]
12:12:41.5 (9240212)|HEAP_ALLOCATE|[56]|Bytes:12
12:12:41.5 (9260094)|HEAP_ALLOCATE|[EXTERNAL]|Bytes:-4
12:12:41.5 (9267195)|STATEMENT_EXECUTE|[57]
12:12:41.5 (9270204)|HEAP_ALLOCATE|[57]|Bytes:7
12:12:41.5 (9299306)|HEAP_ALLOCATE|[57]|Bytes:5
12:12:41.5 (9324528)|HEAP_ALLOCATE|[EXTERNAL]|Bytes:-4
12:12:41.5 (9332978)|STATEMENT_EXECUTE|[59]
12:12:41.9 (9466767)|CUMULATIVE_LIMIT_USAGE
12:12:41.9 (9466767)|LIMIT_USAGE_FOR_NS|(default)|
  Number of SOQL queries: 0 out of 100
  Number of query rows: 0 out of 50000
  Number of SOSL queries: 0 out of 20
  Number of DML statements: 0 out of 150
  Number of Publish Immediate DML: 0 out of 150
  Number of DML rows: 0 out of 10000
  Maximum CPU time: 0 out of 10000
  Maximum heap size: 0 out of 6000000
  Number of callouts: 0 out of 100
  Number of Email Invocations: 0 out of 10
  Number of future calls: 0 out of 50
  Number of queueable jobs added to the queue: 0 out of 50
  Number of Mobile Apex push calls: 0 out of 10

12:12:41.9 (9466767)|CUMULATIVE_LIMIT_USAGE_END

12:12:41.5 (9523181)|CODE_UNIT_FINISHED|ObserveTuneController.getTuneData()
12:12:41.5 (9770935)|CODE_UNIT_FINISHED|apex://ObserveTuneController/ACTION$getTuneData
12:12:41.5 (9782876)|EXECUTION_FINISHED
