66.0 APEX_CODE,FINEST;APEX_PROFILING,INFO;CALLOUT,INFO;DATA_ACCESS,INFO;DB,INFO;NBA,INFO;SYSTEM,DEBUG;VALIDATION,INFO;VISUALFORCE,INFO;WAVE,INFO;WORKFLOW,INFO
13:30:32.4 (4060563)|USER_INFO|[EXTERNAL]|005dM00000bGQNp|pmandy.f7098e8d67c2@agentforce.com|(GMT-07:00) Pacific Daylight Time (America/Los_Angeles)|GMT-07:00
13:30:32.4 (4098434)|EXECUTION_STARTED
13:30:32.4 (4110563)|CODE_UNIT_STARTED|[EXTERNAL]|apex://ObserveTuneController/ACTION$getTuneData
13:30:32.4 (4963449)|CODE_UNIT_STARTED|[EXTERNAL]|01pdM00000WohAb|ObserveTuneController.getTuneData()
13:30:32.4 (7815980)|HEAP_ALLOCATE|[95]|Bytes:3
13:30:32.4 (7925602)|HEAP_ALLOCATE|[100]|Bytes:152
13:30:32.4 (7942903)|HEAP_ALLOCATE|[417]|Bytes:408
13:30:32.4 (7958853)|HEAP_ALLOCATE|[430]|Bytes:408
13:30:32.4 (7986913)|HEAP_ALLOCATE|[317]|Bytes:6
13:30:32.4 (8054425)|HEAP_ALLOCATE|[EXTERNAL]|Bytes:8
13:30:32.4 (8061395)|HEAP_ALLOCATE|[EXTERNAL]|Bytes:22
13:30:32.4 (8091015)|METHOD_ENTRY|[1]|01pdM00000WohAb|ObserveTuneController.ObserveTuneController()
13:30:32.4 (8108376)|STATEMENT_EXECUTE|[1]
13:30:32.4 (8116986)|STATEMENT_EXECUTE|[1]
13:30:32.4 (8138786)|HEAP_ALLOCATE|[68]|Bytes:5
13:30:32.4 (8180227)|HEAP_ALLOCATE|[74]|Bytes:5
13:30:32.4 (8191147)|HEAP_ALLOCATE|[82]|Bytes:7
13:30:32.4 (8529374)|HEAP_ALLOCATE|[EXTERNAL]|Bytes:5
13:30:32.4 (8560823)|METHOD_EXIT|[1]|ObserveTuneController
13:30:32.4 (8577104)|HEAP_ALLOCATE|[5]|Bytes:5
13:30:32.4 (8583095)|STATEMENT_EXECUTE|[4]
13:30:32.4 (8585535)|STATEMENT_EXECUTE|[5]
13:30:32.4 (8587484)|STATEMENT_EXECUTE|[5]
13:30:32.4 (8589684)|STATEMENT_EXECUTE|[6]
13:30:32.4 (8610175)|HEAP_ALLOCATE|[6]|Bytes:4
13:30:32.4 (8629345)|VARIABLE_SCOPE_BEGIN|[6]|data|Map<String,ANY>|true|false
13:30:32.4 (8707027)|VARIABLE_ASSIGNMENT|[6]|data|{}|0x1497b2c2
13:30:32.4 (8712667)|STATEMENT_EXECUTE|[9]
13:30:32.4 (8751708)|HEAP_ALLOCATE|[9]|Bytes:4
13:30:32.4 (8801168)|HEAP_ALLOCATE|[10]|Bytes:4
13:30:32.4 (8808979)|HEAP_ALLOCATE|[11]|Bytes:4
13:30:32.4 (8813328)|HEAP_ALLOCATE|[11]|Bytes:13
13:30:32.4 (8874729)|HEAP_ALLOCATE|[12]|Bytes:6
13:30:32.4 (8879479)|HEAP_ALLOCATE|[12]|Bytes:5
13:30:32.4 (8892519)|HEAP_ALLOCATE|[13]|Bytes:7
13:30:32.4 (8903559)|HEAP_ALLOCATE|[10]|Bytes:4
13:30:32.4 (8927050)|HEAP_ALLOCATE|[14]|Bytes:7
13:30:32.4 (8931301)|HEAP_ALLOCATE|[14]|Bytes:18
13:30:32.4 (8943111)|HEAP_ALLOCATE|[15]|Bytes:9
13:30:32.4 (8947490)|HEAP_ALLOCATE|[15]|Bytes:179
13:30:32.4 (8969712)|HEAP_ALLOCATE|[17]|Bytes:4
13:30:32.4 (8976091)|HEAP_ALLOCATE|[18]|Bytes:11
13:30:32.4 (9002731)|HEAP_ALLOCATE|[19]|Bytes:14
13:30:32.4 (9020412)|HEAP_ALLOCATE|[17]|Bytes:4
13:30:32.4 (9032743)|HEAP_ALLOCATE|[21]|Bytes:9
13:30:32.4 (9046482)|HEAP_ALLOCATE|[22]|Bytes:81
13:30:32.4 (9061242)|VARIABLE_SCOPE_BEGIN|[9]|cohortLeads|List<Map<String,ANY>>|true|false
13:30:32.4 (9101453)|HEAP_ALLOCATE|[EXTERNAL]|Bytes:12
13:30:32.4 (9144355)|VARIABLE_ASSIGNMENT|[9]|cohortLeads|[{"name":"Jennifer Park","status":"Bound","daysAgo":3,"verdict":"Decision Confirmed","reasoning":"Act classified Pursu (159 more) ..."},{"name":"Marcus Reed","status":"Window Timeout","daysAgo":5,"verdict":"No-Signal","reasoning":"Still in nurture win (61 more) ..."}]|0x71a8ce23
13:30:32.4 (9151284)|STATEMENT_EXECUTE|[27]
13:30:32.4 (9160065)|HEAP_ALLOCATE|[27]|Bytes:4
13:30:32.4 (9181054)|HEAP_ALLOCATE|[28]|Bytes:4
13:30:32.4 (9187725)|HEAP_ALLOCATE|[29]|Bytes:5
13:30:32.4 (9191946)|HEAP_ALLOCATE|[29]|Bytes:99
13:30:32.4 (9217276)|HEAP_ALLOCATE|[30]|Bytes:6
13:30:32.4 (9221806)|HEAP_ALLOCATE|[30]|Bytes:46
13:30:32.4 (9233746)|HEAP_ALLOCATE|[31]|Bytes:6
13:30:32.4 (9237716)|HEAP_ALLOCATE|[31]|Bytes:24
13:30:32.4 (9254507)|HEAP_ALLOCATE|[33]|Bytes:4
13:30:32.4 (9260856)|HEAP_ALLOCATE|[34]|Bytes:72
13:30:32.4 (9283576)|HEAP_ALLOCATE|[35]|Bytes:21
13:30:32.4 (9296267)|HEAP_ALLOCATE|[36]|Bytes:24
13:30:32.4 (9312577)|HEAP_ALLOCATE|[38]|Bytes:4
13:30:32.4 (9318588)|HEAP_ALLOCATE|[39]|Bytes:78
13:30:32.4 (9341398)|HEAP_ALLOCATE|[40]|Bytes:55
13:30:32.4 (9353657)|HEAP_ALLOCATE|[41]|Bytes:25
13:30:32.4 (9367209)|VARIABLE_SCOPE_BEGIN|[27]|proposals|List<Map<String,ANY>>|true|false
13:30:32.4 (9385959)|HEAP_ALLOCATE|[EXTERNAL]|Bytes:16
13:30:32.4 (9406239)|VARIABLE_ASSIGNMENT|[27]|proposals|[{"title":"EverQuote source · P (79 more) ...","impact":"312 confirmed verdic (26 more) ...","change":"Tighten Pursue thres (4 more) ..."},{"title":"Household-match sign (52 more) ...","impact":"89 verdicts confirme (1 more) ...","change":"Increase weighting + (4 more) ..."},{"title":"New pattern: VINs >  (58 more) ...","impact":"Convert at 6.8% vs 1 (35 more) ...","change":"Recommend Nurture de (5 more) ..."}]|0x164a260c
13:30:32.4 (9415769)|STATEMENT_EXECUTE|[45]
13:30:32.4 (9421630)|HEAP_ALLOCATE|[45]|Bytes:4
13:30:32.4 (9428810)|HEAP_ALLOCATE|[46]|Bytes:10
13:30:32.4 (9432840)|HEAP_ALLOCATE|[46]|Bytes:10
13:30:32.4 (9458350)|HEAP_ALLOCATE|[47]|Bytes:8
13:30:32.4 (9462770)|HEAP_ALLOCATE|[47]|Bytes:10
13:30:32.4 (9474600)|HEAP_ALLOCATE|[48]|Bytes:12
13:30:32.4 (9484011)|HEAP_ALLOCATE|[45]|Bytes:4
13:30:32.4 (9496441)|HEAP_ALLOCATE|[49]|Bytes:9
13:30:32.4 (9508500)|HEAP_ALLOCATE|[50]|Bytes:12
13:30:32.4 (9512671)|HEAP_ALLOCATE|[50]|Bytes:4
13:30:32.4 (9524711)|HEAP_ALLOCATE|[51]|Bytes:12
13:30:32.4 (9528491)|HEAP_ALLOCATE|[51]|Bytes:4
13:30:32.4 (9539632)|HEAP_ALLOCATE|[52]|Bytes:13
13:30:32.4 (9543362)|HEAP_ALLOCATE|[52]|Bytes:68
13:30:32.4 (9555042)|VARIABLE_SCOPE_BEGIN|[45]|tuneProposal|Map<String,ANY>|true|false
13:30:32.4 (9568652)|VARIABLE_ASSIGNMENT|[45]|tuneProposal|"Map of size 7 too large to display"|0x72e8bdb7
13:30:32.4 (9573512)|STATEMENT_EXECUTE|[55]
13:30:32.4 (9576621)|HEAP_ALLOCATE|[55]|Bytes:11
13:30:32.4 (9620043)|HEAP_ALLOCATE|[EXTERNAL]|Bytes:-4
13:30:32.4 (9628313)|STATEMENT_EXECUTE|[56]
13:30:32.4 (9631453)|HEAP_ALLOCATE|[56]|Bytes:12
13:30:32.4 (9651254)|HEAP_ALLOCATE|[EXTERNAL]|Bytes:-4
13:30:32.4 (9658414)|STATEMENT_EXECUTE|[57]
13:30:32.4 (9661334)|HEAP_ALLOCATE|[57]|Bytes:7
13:30:32.4 (9684324)|HEAP_ALLOCATE|[57]|Bytes:5
13:30:32.4 (9689464)|HEAP_ALLOCATE|[EXTERNAL]|Bytes:-4
13:30:32.4 (9697304)|STATEMENT_EXECUTE|[59]
13:30:32.9 (9749485)|CUMULATIVE_LIMIT_USAGE
13:30:32.9 (9749485)|LIMIT_USAGE_FOR_NS|(default)|
  Number of SOQL queries: 0 out of 100
  Number of query rows: 0 out of 50000
  Number of SOSL queries: 0 out of 20
  Number of DML statements: 0 out of 150
  Number of Publish Immediate DML: 0 out of 150
  Number of DML rows: 0 out of 10000
  Maximum CPU time: 0 out of 10000
  Maximum heap size: 0 out of 6000000
  Number of callouts: 0 out of 100
  Number of Email Invocations: 0 out of 10
  Number of future calls: 0 out of 50
  Number of queueable jobs added to the queue: 0 out of 50
  Number of Mobile Apex push calls: 0 out of 10

13:30:32.9 (9749485)|CUMULATIVE_LIMIT_USAGE_END

13:30:32.4 (9786666)|CODE_UNIT_FINISHED|ObserveTuneController.getTuneData()
13:30:32.4 (9991610)|CODE_UNIT_FINISHED|apex://ObserveTuneController/ACTION$getTuneData
13:30:32.4 (9998690)|EXECUTION_FINISHED
