66.0 APEX_CODE,FINEST;APEX_PROFILING,INFO;CALLOUT,INFO;DATA_ACCESS,INFO;DB,INFO;NBA,INFO;SYSTEM,DEBUG;VALIDATION,INFO;VISUALFORCE,INFO;WAVE,INFO;WORKFLOW,INFO
11:07:20.1 (1124353)|USER_INFO|[EXTERNAL]|005dM00000bGQNp|pmandy.f7098e8d67c2@agentforce.com|(GMT-07:00) Pacific Daylight Time (America/Los_Angeles)|GMT-07:00
11:07:20.1 (1195304)|EXECUTION_STARTED
11:07:20.1 (1220635)|CODE_UNIT_STARTED|[EXTERNAL]|apex://ObserveTuneController/ACTION$getTuneData
11:07:20.1 (1957179)|CODE_UNIT_STARTED|[EXTERNAL]|01pdM00000WohAb|ObserveTuneController.getTuneData()
11:07:20.1 (4394558)|HEAP_ALLOCATE|[95]|Bytes:3
11:07:20.1 (4513401)|HEAP_ALLOCATE|[100]|Bytes:152
11:07:20.1 (4532141)|HEAP_ALLOCATE|[417]|Bytes:408
11:07:20.1 (4546661)|HEAP_ALLOCATE|[430]|Bytes:408
11:07:20.1 (4572902)|HEAP_ALLOCATE|[317]|Bytes:6
11:07:20.1 (4629593)|HEAP_ALLOCATE|[EXTERNAL]|Bytes:8
11:07:20.1 (4635843)|HEAP_ALLOCATE|[EXTERNAL]|Bytes:22
11:07:20.1 (4663154)|METHOD_ENTRY|[1]|01pdM00000WohAb|ObserveTuneController.ObserveTuneController()
11:07:20.1 (4681214)|STATEMENT_EXECUTE|[1]
11:07:20.1 (4702764)|STATEMENT_EXECUTE|[1]
11:07:20.1 (4724395)|HEAP_ALLOCATE|[68]|Bytes:5
11:07:20.1 (4768416)|HEAP_ALLOCATE|[74]|Bytes:5
11:07:20.1 (4779216)|HEAP_ALLOCATE|[82]|Bytes:7
11:07:20.1 (5211565)|HEAP_ALLOCATE|[EXTERNAL]|Bytes:5
11:07:20.1 (5240305)|METHOD_EXIT|[1]|ObserveTuneController
11:07:20.1 (5255896)|HEAP_ALLOCATE|[5]|Bytes:5
11:07:20.1 (5262636)|STATEMENT_EXECUTE|[4]
11:07:20.1 (5266126)|STATEMENT_EXECUTE|[5]
11:07:20.1 (5269006)|STATEMENT_EXECUTE|[5]
11:07:20.1 (5271886)|STATEMENT_EXECUTE|[6]
11:07:20.1 (5296686)|HEAP_ALLOCATE|[6]|Bytes:4
11:07:20.1 (5325427)|VARIABLE_SCOPE_BEGIN|[6]|data|Map<String,ANY>|true|false
11:07:20.1 (5408319)|VARIABLE_ASSIGNMENT|[6]|data|{}|0x5cbc8b21
11:07:20.1 (5414199)|STATEMENT_EXECUTE|[9]
11:07:20.1 (5449949)|HEAP_ALLOCATE|[9]|Bytes:4
11:07:20.1 (5532701)|HEAP_ALLOCATE|[10]|Bytes:4
11:07:20.1 (5541231)|HEAP_ALLOCATE|[11]|Bytes:4
11:07:20.1 (5545681)|HEAP_ALLOCATE|[11]|Bytes:13
11:07:20.1 (5612923)|HEAP_ALLOCATE|[12]|Bytes:6
11:07:20.1 (5618943)|HEAP_ALLOCATE|[12]|Bytes:5
11:07:20.1 (5632613)|HEAP_ALLOCATE|[13]|Bytes:7
11:07:20.1 (5643453)|HEAP_ALLOCATE|[10]|Bytes:4
11:07:20.1 (5664814)|HEAP_ALLOCATE|[14]|Bytes:7
11:07:20.1 (5668974)|HEAP_ALLOCATE|[14]|Bytes:18
11:07:20.1 (5680314)|HEAP_ALLOCATE|[15]|Bytes:9
11:07:20.1 (5684584)|HEAP_ALLOCATE|[15]|Bytes:179
11:07:20.1 (5707194)|HEAP_ALLOCATE|[17]|Bytes:4
11:07:20.1 (5714205)|HEAP_ALLOCATE|[18]|Bytes:11
11:07:20.1 (5741005)|HEAP_ALLOCATE|[19]|Bytes:14
11:07:20.1 (5757925)|HEAP_ALLOCATE|[17]|Bytes:4
11:07:20.1 (5768756)|HEAP_ALLOCATE|[21]|Bytes:9
11:07:20.1 (5780736)|HEAP_ALLOCATE|[22]|Bytes:81
11:07:20.1 (5796046)|VARIABLE_SCOPE_BEGIN|[9]|cohortLeads|List<Map<String,ANY>>|true|false
11:07:20.1 (5842057)|HEAP_ALLOCATE|[EXTERNAL]|Bytes:12
11:07:20.1 (5881868)|VARIABLE_ASSIGNMENT|[9]|cohortLeads|[{"name":"Jennifer Park","status":"Bound","daysAgo":3,"verdict":"Decision Confirmed","reasoning":"Act classified Pursu (159 more) ..."},{"name":"Marcus Reed","status":"Window Timeout","daysAgo":5,"verdict":"No-Signal","reasoning":"Still in nurture win (61 more) ..."}]|0x1da6394c
11:07:20.1 (5888818)|STATEMENT_EXECUTE|[27]
11:07:20.1 (5897578)|HEAP_ALLOCATE|[27]|Bytes:4
11:07:20.1 (5921689)|HEAP_ALLOCATE|[28]|Bytes:4
11:07:20.1 (5928439)|HEAP_ALLOCATE|[29]|Bytes:5
11:07:20.1 (5932669)|HEAP_ALLOCATE|[29]|Bytes:99
11:07:20.1 (5960260)|HEAP_ALLOCATE|[30]|Bytes:6
11:07:20.1 (5964950)|HEAP_ALLOCATE|[30]|Bytes:46
11:07:20.1 (5975960)|HEAP_ALLOCATE|[31]|Bytes:6
11:07:20.1 (5980040)|HEAP_ALLOCATE|[31]|Bytes:24
11:07:20.1 (5996650)|HEAP_ALLOCATE|[33]|Bytes:4
11:07:20.1 (6002710)|HEAP_ALLOCATE|[34]|Bytes:72
11:07:20.1 (6026221)|HEAP_ALLOCATE|[35]|Bytes:21
11:07:20.1 (6039001)|HEAP_ALLOCATE|[36]|Bytes:24
11:07:20.1 (6054341)|HEAP_ALLOCATE|[38]|Bytes:4
11:07:20.1 (6060232)|HEAP_ALLOCATE|[39]|Bytes:78
11:07:20.1 (6084182)|HEAP_ALLOCATE|[40]|Bytes:55
11:07:20.1 (6095992)|HEAP_ALLOCATE|[41]|Bytes:25
11:07:20.1 (6109582)|VARIABLE_SCOPE_BEGIN|[27]|proposals|List<Map<String,ANY>>|true|false
11:07:20.1 (6130443)|HEAP_ALLOCATE|[EXTERNAL]|Bytes:16
11:07:20.1 (6152193)|VARIABLE_ASSIGNMENT|[27]|proposals|[{"title":"EverQuote source · P (79 more) ...","impact":"312 confirmed verdic (26 more) ...","change":"Tighten Pursue thres (4 more) ..."},{"title":"Household-match sign (52 more) ...","impact":"89 verdicts confirme (1 more) ...","change":"Increase weighting + (4 more) ..."},{"title":"New pattern: VINs >  (58 more) ...","impact":"Convert at 6.8% vs 1 (35 more) ...","change":"Recommend Nurture de (5 more) ..."}]|0x7b7fd9c6
11:07:20.1 (6160584)|STATEMENT_EXECUTE|[45]
11:07:20.1 (6165834)|HEAP_ALLOCATE|[45]|Bytes:4
11:07:20.1 (6172384)|HEAP_ALLOCATE|[46]|Bytes:10
11:07:20.1 (6177964)|HEAP_ALLOCATE|[46]|Bytes:10
11:07:20.1 (6203824)|HEAP_ALLOCATE|[47]|Bytes:8
11:07:20.1 (6208834)|HEAP_ALLOCATE|[47]|Bytes:10
11:07:20.1 (6220745)|HEAP_ALLOCATE|[48]|Bytes:12
11:07:20.1 (6229465)|HEAP_ALLOCATE|[45]|Bytes:4
11:07:20.1 (6305466)|HEAP_ALLOCATE|[49]|Bytes:9
11:07:20.1 (6319787)|HEAP_ALLOCATE|[50]|Bytes:12
11:07:20.1 (6324027)|HEAP_ALLOCATE|[50]|Bytes:4
11:07:20.1 (6335627)|HEAP_ALLOCATE|[51]|Bytes:12
11:07:20.1 (6339777)|HEAP_ALLOCATE|[51]|Bytes:4
11:07:20.1 (6350497)|HEAP_ALLOCATE|[52]|Bytes:13
11:07:20.1 (6354427)|HEAP_ALLOCATE|[52]|Bytes:68
11:07:20.1 (6365718)|VARIABLE_SCOPE_BEGIN|[45]|tuneProposal|Map<String,ANY>|true|false
11:07:20.1 (6383548)|VARIABLE_ASSIGNMENT|[45]|tuneProposal|"Map of size 7 too large to display"|0x6515e0f9
11:07:20.1 (6389638)|STATEMENT_EXECUTE|[55]
11:07:20.1 (6392908)|HEAP_ALLOCATE|[55]|Bytes:11
11:07:20.1 (6418409)|HEAP_ALLOCATE|[EXTERNAL]|Bytes:-4
11:07:20.1 (6426279)|STATEMENT_EXECUTE|[56]
11:07:20.1 (6429239)|HEAP_ALLOCATE|[56]|Bytes:12
11:07:20.1 (6446869)|HEAP_ALLOCATE|[EXTERNAL]|Bytes:-4
11:07:20.1 (6455369)|STATEMENT_EXECUTE|[57]
11:07:20.1 (6458459)|HEAP_ALLOCATE|[57]|Bytes:7
11:07:20.1 (6482190)|HEAP_ALLOCATE|[57]|Bytes:5
11:07:20.1 (6487760)|HEAP_ALLOCATE|[EXTERNAL]|Bytes:-4
11:07:20.1 (6494350)|STATEMENT_EXECUTE|[59]
11:07:20.6 (6563202)|CUMULATIVE_LIMIT_USAGE
11:07:20.6 (6563202)|LIMIT_USAGE_FOR_NS|(default)|
  Number of SOQL queries: 0 out of 100
  Number of query rows: 0 out of 50000
  Number of SOSL queries: 0 out of 20
  Number of DML statements: 0 out of 150
  Number of Publish Immediate DML: 0 out of 150
  Number of DML rows: 0 out of 10000
  Maximum CPU time: 0 out of 10000
  Maximum heap size: 0 out of 6000000
  Number of callouts: 0 out of 100
  Number of Email Invocations: 0 out of 10
  Number of future calls: 0 out of 50
  Number of queueable jobs added to the queue: 0 out of 50
  Number of Mobile Apex push calls: 0 out of 10

11:07:20.6 (6563202)|CUMULATIVE_LIMIT_USAGE_END

11:07:20.1 (6611682)|CODE_UNIT_FINISHED|ObserveTuneController.getTuneData()
11:07:20.1 (6815877)|CODE_UNIT_FINISHED|apex://ObserveTuneController/ACTION$getTuneData
11:07:20.1 (6827687)|EXECUTION_FINISHED
