66.0 APEX_CODE,FINEST;APEX_PROFILING,INFO;CALLOUT,INFO;DATA_ACCESS,INFO;DB,INFO;NBA,INFO;SYSTEM,DEBUG;VALIDATION,INFO;VISUALFORCE,INFO;WAVE,INFO;WORKFLOW,INFO
12:45:09.2 (2154360)|USER_INFO|[EXTERNAL]|005dM00000bGQNp|pmandy.f7098e8d67c2@agentforce.com|(GMT-07:00) Pacific Daylight Time (America/Los_Angeles)|GMT-07:00
12:45:09.2 (2237361)|EXECUTION_STARTED
12:45:09.2 (2268922)|CODE_UNIT_STARTED|[EXTERNAL]|apex://ObserveTuneController/ACTION$approveTuneAndPromote
12:45:09.2 (3130456)|CODE_UNIT_STARTED|[EXTERNAL]|01pdM00000WohAb|ObserveTuneController.approveTuneAndPromote()
12:45:09.2 (3683337)|HEAP_ALLOCATE|[95]|Bytes:3
12:45:09.2 (3857400)|HEAP_ALLOCATE|[100]|Bytes:152
12:45:09.2 (3934202)|HEAP_ALLOCATE|[417]|Bytes:408
12:45:09.2 (3993992)|HEAP_ALLOCATE|[430]|Bytes:408
12:45:09.2 (4078144)|HEAP_ALLOCATE|[317]|Bytes:6
12:45:09.2 (4102565)|HEAP_ALLOCATE|[EXTERNAL]|Bytes:8
12:45:09.2 (4110125)|HEAP_ALLOCATE|[EXTERNAL]|Bytes:22
12:45:09.2 (4153675)|METHOD_ENTRY|[1]|01pdM00000WohAb|ObserveTuneController.ObserveTuneController()
12:45:09.2 (4180607)|STATEMENT_EXECUTE|[1]
12:45:09.2 (4203276)|STATEMENT_EXECUTE|[1]
12:45:09.2 (4234608)|HEAP_ALLOCATE|[68]|Bytes:5
12:45:09.2 (4307188)|HEAP_ALLOCATE|[74]|Bytes:5
12:45:09.2 (4333708)|HEAP_ALLOCATE|[82]|Bytes:7
12:45:09.2 (4722426)|HEAP_ALLOCATE|[EXTERNAL]|Bytes:5
12:45:09.2 (4779107)|METHOD_EXIT|[1]|ObserveTuneController
12:45:09.2 (4803057)|HEAP_ALLOCATE|[67]|Bytes:5
12:45:09.2 (4846618)|STATEMENT_EXECUTE|[66]
12:45:09.2 (4855078)|STATEMENT_EXECUTE|[67]
12:45:09.2 (4858598)|STATEMENT_EXECUTE|[67]
12:45:09.2 (4862118)|STATEMENT_EXECUTE|[68]
12:45:09.2 (4869079)|HEAP_ALLOCATE|[68]|Bytes:41
12:45:09.2 (4969530)|USER_DEBUG|[68]|DEBUG|===== APPROVE TUNE & PROMOTE v2.8.0 =====
12:45:09.2 (4995321)|STATEMENT_EXECUTE|[71]
12:45:09.2 (5042442)|VARIABLE_SCOPE_BEGIN|[71]|req|System.HttpRequest|true|false
12:45:09.2 (5449099)|VARIABLE_ASSIGNMENT|[71]|req|"System.HttpRequest[Endpoint=null, Method=null]"|0x370a54aa
12:45:09.2 (5465110)|STATEMENT_EXECUTE|[72]
12:45:09.2 (5476539)|HEAP_ALLOCATE|[72]|Bytes:42
12:45:09.2 (5573261)|STATEMENT_EXECUTE|[73]
12:45:09.2 (5594421)|HEAP_ALLOCATE|[73]|Bytes:4
12:45:09.2 (5654673)|STATEMENT_EXECUTE|[74]
12:45:09.2 (5664993)|HEAP_ALLOCATE|[74]|Bytes:12
12:45:09.2 (5677903)|HEAP_ALLOCATE|[74]|Bytes:16
12:45:09.2 (5726794)|STATEMENT_EXECUTE|[75]
12:45:09.2 (5754405)|HEAP_ALLOCATE|[75]|Bytes:4
12:45:09.2 (5781935)|HEAP_ALLOCATE|[76]|Bytes:12
12:45:09.2 (5793286)|HEAP_ALLOCATE|[76]|Bytes:6
12:45:09.2 (5887077)|HEAP_ALLOCATE|[77]|Bytes:6
12:45:09.2 (5952947)|HEAP_ALLOCATE|[77]|Bytes:45
12:45:09.2 (6032380)|HEAP_ALLOCATE|[75]|Bytes:24
12:45:09.2 (6068790)|SYSTEM_METHOD_ENTRY|[1]|JSON.JSON()
12:45:09.2 (6077440)|STATEMENT_EXECUTE|[1]
12:45:09.2 (6093771)|SYSTEM_METHOD_EXIT|[1]|JSON
12:45:09.2 (6117151)|METHOD_ENTRY|[75]||System.JSON.serialize(Object)
12:45:09.2 (10599563)|METHOD_EXIT|[75]||System.JSON.serialize(Object)
12:45:09.2 (10712834)|STATEMENT_EXECUTE|[80]
12:45:09.2 (10789175)|VARIABLE_SCOPE_BEGIN|[80]|http|System.Http|true|false
12:45:09.2 (11055511)|VARIABLE_ASSIGNMENT|[80]|http|"System.Http[]"|0x518b1a11
12:45:09.2 (11069440)|STATEMENT_EXECUTE|[81]
12:45:09.2 (11211873)|CALLOUT_REQUEST|[81]|System.HttpRequest[Endpoint=http://146.190.153.46:9000/update-champion, Method=POST]
12:45:09.2 (654553949)|HEAP_ALLOCATE|[EXTERNAL]|Bytes:292
12:45:09.2 (656119817)|CALLOUT_RESPONSE|[81]|System.HttpResponse[Status=OK, StatusCode=200]
12:45:09.2 (656166898)|HEAP_ALLOCATE|[81]|Bytes:61
12:45:09.2 (656270411)|VARIABLE_SCOPE_BEGIN|[81]|res|System.HttpResponse|true|false
12:45:09.2 (656401392)|VARIABLE_ASSIGNMENT|[81]|res|"System.HttpResponse[Status=OK, StatusCode=200]"|0x558298b0
12:45:09.2 (656414553)|STATEMENT_EXECUTE|[83]
12:45:09.2 (656428353)|HEAP_ALLOCATE|[83]|Bytes:23
12:45:09.2 (656544806)|HEAP_ALLOCATE|[83]|Bytes:3
12:45:09.2 (656616487)|HEAP_ALLOCATE|[83]|Bytes:26
12:45:09.2 (656641337)|USER_DEBUG|[83]|DEBUG|LUMEN Response Status: 200
12:45:09.2 (656654108)|STATEMENT_EXECUTE|[84]
12:45:09.2 (656673328)|HEAP_ALLOCATE|[84]|Bytes:21
12:45:09.2 (656708379)|HEAP_ALLOCATE|[84]|Bytes:55
12:45:09.2 (656724279)|HEAP_ALLOCATE|[84]|Bytes:76
12:45:09.2 (656737459)|USER_DEBUG|[84]|DEBUG|LUMEN Response Body: {"success":false,"error":"champion_model not provided"}
12:45:09.2 (656768000)|STATEMENT_EXECUTE|[86]
12:45:09.2 (656772320)|STATEMENT_EXECUTE|[87]
12:45:09.2 (656779130)|HEAP_ALLOCATE|[87]|Bytes:39
12:45:09.2 (656801790)|USER_DEBUG|[87]|DEBUG|===== v2.8.0 PROMOTED TO CHAMPION =====
12:45:09.2 (656812830)|STATEMENT_EXECUTE|[90]
12:45:09.2 (688458773)|HEAP_ALLOCATE|[90]|Bytes:44
12:45:09.2 (688581165)|VARIABLE_SCOPE_BEGIN|[90]|config|Loom_Config__c|true|false
12:45:09.2 (688916401)|VARIABLE_ASSIGNMENT|[90]|config|{"LastModifiedDate":"2026-05-26T19:43:33.000Z","IsDeleted":false,"CreatedById":"005dM00000bGQNpQAO","CreatedDate":"2026-05-26T14:15:32.000Z","Id":"a0OdM00000QHtsLUAT","LastModifiedById":"005dM00000bGQNpQAO","SetupOwnerId":"00DdM00000wFcrbUAC","Champion_Model_Version__c":"v2.8.0","Name":"a0OdM00000QHtsL","SystemModstamp":"2026-05-26T19:43:33.000Z"}|0x199da782
12:45:09.2 (688936011)|STATEMENT_EXECUTE|[91]
12:45:09.2 (689117555)|VARIABLE_ASSIGNMENT|[91]|this.Champion_Model_Version__c|"v2.8.0"|0x199da782
12:45:09.2 (689128774)|STATEMENT_EXECUTE|[92]
12:45:09.2 (689223346)|HEAP_ALLOCATE|[92]|Bytes:8
12:45:09.2 (689250497)|DML_BEGIN|[92]|Op:Upsert|Type:Loom_Config__c|Rows:1
12:45:09.2 (689294667)|HEAP_ALLOCATE|[EXTERNAL]|Bytes:8
12:45:09.2 (755740890)|DML_END|[92]
12:45:09.2 (756578365)|STATEMENT_EXECUTE|[93]
12:45:09.2 (756620725)|HEAP_ALLOCATE|[93]|Bytes:58
12:45:09.2 (756707858)|USER_DEBUG|[93]|DEBUG|Custom setting updated: Champion_Model_Version__c = v2.8.0
12:45:09.2 (756752899)|STATEMENT_EXECUTE|[95]
12:45:09.2 (757202956)|HEAP_ALLOCATE|[95]|Bytes:4
12:45:09.2 (757233327)|HEAP_ALLOCATE|[96]|Bytes:7
12:45:09.2 (757309888)|HEAP_ALLOCATE|[95]|Bytes:5
12:45:09.2 (757349209)|HEAP_ALLOCATE|[97]|Bytes:7
12:45:09.2 (757356089)|HEAP_ALLOCATE|[97]|Bytes:27
12:45:09.2 (757373179)|HEAP_ALLOCATE|[98]|Bytes:8
12:45:09.2 (757390370)|HEAP_ALLOCATE|[99]|Bytes:13
12:45:09.2 (757406670)|HEAP_ALLOCATE|[99]|Bytes:6
12:45:09.791 (791857923)|CUMULATIVE_LIMIT_USAGE
12:45:09.791 (791857923)|LIMIT_USAGE_FOR_NS|(default)|
  Number of SOQL queries: 0 out of 100
  Number of query rows: 0 out of 50000
  Number of SOSL queries: 0 out of 20
  Number of DML statements: 1 out of 150
  Number of Publish Immediate DML: 0 out of 150
  Number of DML rows: 1 out of 10000
  Maximum CPU time: 0 out of 10000
  Maximum heap size: 0 out of 6000000
  Number of callouts: 1 out of 100
  Number of Email Invocations: 0 out of 10
  Number of future calls: 0 out of 50
  Number of queueable jobs added to the queue: 0 out of 50
  Number of Mobile Apex push calls: 0 out of 10

12:45:09.791 (791857923)|CUMULATIVE_LIMIT_USAGE_END

12:45:09.2 (791935164)|CODE_UNIT_FINISHED|ObserveTuneController.approveTuneAndPromote()
12:45:09.2 (792167238)|CODE_UNIT_FINISHED|apex://ObserveTuneController/ACTION$approveTuneAndPromote
12:45:09.2 (792180629)|EXECUTION_FINISHED
