66.0 APEX_CODE,FINEST;APEX_PROFILING,INFO;CALLOUT,INFO;DATA_ACCESS,INFO;DB,INFO;NBA,INFO;SYSTEM,DEBUG;VALIDATION,INFO;VISUALFORCE,INFO;WAVE,INFO;WORKFLOW,INFO
11:02:36.1 (1583769)|USER_INFO|[EXTERNAL]|005dM00000bGQNp|pmandy.f7098e8d67c2@agentforce.com|(GMT-07:00) Pacific Daylight Time (America/Los_Angeles)|GMT-07:00
11:02:36.1 (1667473)|EXECUTION_STARTED
11:02:36.1 (1712025)|CODE_UNIT_STARTED|[EXTERNAL]|apex://ObserveTuneController/ACTION$getTuneData
11:02:36.1 (3504145)|CODE_UNIT_STARTED|[EXTERNAL]|01pdM00000WohAb|ObserveTuneController.getTuneData()
11:02:36.1 (5918016)|HEAP_ALLOCATE|[95]|Bytes:3
11:02:36.1 (6141027)|HEAP_ALLOCATE|[100]|Bytes:152
11:02:36.1 (6176709)|HEAP_ALLOCATE|[417]|Bytes:408
11:02:36.1 (6195330)|HEAP_ALLOCATE|[430]|Bytes:408
11:02:36.1 (6230431)|HEAP_ALLOCATE|[317]|Bytes:6
11:02:36.1 (6251112)|HEAP_ALLOCATE|[EXTERNAL]|Bytes:8
11:02:36.1 (6259313)|HEAP_ALLOCATE|[EXTERNAL]|Bytes:22
11:02:36.1 (6288584)|METHOD_ENTRY|[1]|01pdM00000WohAb|ObserveTuneController.ObserveTuneController()
11:02:36.1 (6307945)|STATEMENT_EXECUTE|[1]
11:02:36.1 (6319146)|STATEMENT_EXECUTE|[1]
11:02:36.1 (6372028)|HEAP_ALLOCATE|[68]|Bytes:5
11:02:36.1 (6436562)|HEAP_ALLOCATE|[74]|Bytes:5
11:02:36.1 (6446512)|HEAP_ALLOCATE|[82]|Bytes:7
11:02:36.1 (6951497)|HEAP_ALLOCATE|[EXTERNAL]|Bytes:5
11:02:36.1 (6982569)|METHOD_EXIT|[1]|ObserveTuneController
11:02:36.1 (7012770)|HEAP_ALLOCATE|[5]|Bytes:5
11:02:36.1 (7019131)|STATEMENT_EXECUTE|[4]
11:02:36.1 (7021671)|STATEMENT_EXECUTE|[5]
11:02:36.1 (7023731)|STATEMENT_EXECUTE|[5]
11:02:36.1 (7025881)|STATEMENT_EXECUTE|[6]
11:02:36.1 (7070633)|HEAP_ALLOCATE|[6]|Bytes:4
11:02:36.1 (7115806)|VARIABLE_SCOPE_BEGIN|[6]|data|Map<String,ANY>|true|false
11:02:36.1 (7229191)|VARIABLE_ASSIGNMENT|[6]|data|{}|0x30421b96
11:02:36.1 (7235422)|STATEMENT_EXECUTE|[9]
11:02:36.1 (7293475)|HEAP_ALLOCATE|[9]|Bytes:4
11:02:36.1 (7413951)|HEAP_ALLOCATE|[10]|Bytes:4
11:02:36.1 (7422211)|HEAP_ALLOCATE|[11]|Bytes:4
11:02:36.1 (7427101)|HEAP_ALLOCATE|[11]|Bytes:13
11:02:36.1 (7545047)|HEAP_ALLOCATE|[12]|Bytes:6
11:02:36.1 (7550717)|HEAP_ALLOCATE|[12]|Bytes:5
11:02:36.1 (7563548)|HEAP_ALLOCATE|[13]|Bytes:7
11:02:36.1 (7585309)|HEAP_ALLOCATE|[10]|Bytes:4
11:02:36.1 (7675054)|HEAP_ALLOCATE|[14]|Bytes:7
11:02:36.1 (7680224)|HEAP_ALLOCATE|[14]|Bytes:18
11:02:36.1 (7693215)|HEAP_ALLOCATE|[15]|Bytes:9
11:02:36.1 (7697735)|HEAP_ALLOCATE|[15]|Bytes:179
11:02:36.1 (7728056)|HEAP_ALLOCATE|[17]|Bytes:4
11:02:36.1 (7734727)|HEAP_ALLOCATE|[18]|Bytes:11
11:02:36.1 (7758958)|HEAP_ALLOCATE|[19]|Bytes:14
11:02:36.1 (7774829)|HEAP_ALLOCATE|[17]|Bytes:4
11:02:36.1 (7787709)|HEAP_ALLOCATE|[21]|Bytes:9
11:02:36.1 (7801300)|HEAP_ALLOCATE|[22]|Bytes:81
11:02:36.1 (7816891)|VARIABLE_SCOPE_BEGIN|[9]|cohortLeads|List<Map<String,ANY>>|true|false
11:02:36.1 (7946767)|HEAP_ALLOCATE|[EXTERNAL]|Bytes:12
11:02:36.1 (7994580)|VARIABLE_ASSIGNMENT|[9]|cohortLeads|[{"name":"Jennifer Park","status":"Bound","daysAgo":3,"verdict":"Decision Confirmed","reasoning":"Act classified Pursu (159 more) ..."},{"name":"Marcus Reed","status":"Window Timeout","daysAgo":5,"verdict":"No-Signal","reasoning":"Still in nurture win (61 more) ..."}]|0x220eb39c
11:02:36.1 (8002600)|STATEMENT_EXECUTE|[27]
11:02:36.1 (8013431)|HEAP_ALLOCATE|[27]|Bytes:4
11:02:36.1 (8036102)|HEAP_ALLOCATE|[28]|Bytes:4
11:02:36.1 (8042542)|HEAP_ALLOCATE|[29]|Bytes:5
11:02:36.1 (8047042)|HEAP_ALLOCATE|[29]|Bytes:99
11:02:36.1 (8071913)|HEAP_ALLOCATE|[30]|Bytes:6
11:02:36.1 (8077154)|HEAP_ALLOCATE|[30]|Bytes:46
11:02:36.1 (8089174)|HEAP_ALLOCATE|[31]|Bytes:6
11:02:36.1 (8093365)|HEAP_ALLOCATE|[31]|Bytes:24
11:02:36.1 (8113716)|HEAP_ALLOCATE|[33]|Bytes:4
11:02:36.1 (8120046)|HEAP_ALLOCATE|[34]|Bytes:72
11:02:36.1 (8145707)|HEAP_ALLOCATE|[35]|Bytes:21
11:02:36.1 (8158488)|HEAP_ALLOCATE|[36]|Bytes:24
11:02:36.1 (8176479)|HEAP_ALLOCATE|[38]|Bytes:4
11:02:36.1 (8182609)|HEAP_ALLOCATE|[39]|Bytes:78
11:02:36.1 (8204580)|HEAP_ALLOCATE|[40]|Bytes:55
11:02:36.1 (8218371)|HEAP_ALLOCATE|[41]|Bytes:25
11:02:36.1 (8232102)|VARIABLE_SCOPE_BEGIN|[27]|proposals|List<Map<String,ANY>>|true|false
11:02:36.1 (8249032)|HEAP_ALLOCATE|[EXTERNAL]|Bytes:16
11:02:36.1 (8269283)|VARIABLE_ASSIGNMENT|[27]|proposals|[{"title":"EverQuote source · P (79 more) ...","impact":"312 confirmed verdic (26 more) ...","change":"Tighten Pursue thres (4 more) ..."},{"title":"Household-match sign (52 more) ...","impact":"89 verdicts confirme (1 more) ...","change":"Increase weighting + (4 more) ..."},{"title":"New pattern: VINs >  (58 more) ...","impact":"Convert at 6.8% vs 1 (35 more) ...","change":"Recommend Nurture de (5 more) ..."}]|0x5af598c5
11:02:36.1 (8277934)|STATEMENT_EXECUTE|[45]
11:02:36.1 (8283674)|HEAP_ALLOCATE|[45]|Bytes:4
11:02:36.1 (8290834)|HEAP_ALLOCATE|[46]|Bytes:10
11:02:36.1 (8295045)|HEAP_ALLOCATE|[46]|Bytes:10
11:02:36.1 (8318616)|HEAP_ALLOCATE|[47]|Bytes:8
11:02:36.1 (8323206)|HEAP_ALLOCATE|[47]|Bytes:10
11:02:36.1 (8334537)|HEAP_ALLOCATE|[48]|Bytes:12
11:02:36.1 (8348457)|HEAP_ALLOCATE|[45]|Bytes:4
11:02:36.1 (8361358)|HEAP_ALLOCATE|[49]|Bytes:9
11:02:36.1 (8373809)|HEAP_ALLOCATE|[50]|Bytes:12
11:02:36.1 (8378229)|HEAP_ALLOCATE|[50]|Bytes:4
11:02:36.1 (8389359)|HEAP_ALLOCATE|[51]|Bytes:12
11:02:36.1 (8394110)|HEAP_ALLOCATE|[51]|Bytes:4
11:02:36.1 (8404980)|HEAP_ALLOCATE|[52]|Bytes:13
11:02:36.1 (8409310)|HEAP_ALLOCATE|[52]|Bytes:68
11:02:36.1 (8420351)|VARIABLE_SCOPE_BEGIN|[45]|tuneProposal|Map<String,ANY>|true|false
11:02:36.1 (8435862)|VARIABLE_ASSIGNMENT|[45]|tuneProposal|"Map of size 7 too large to display"|0x54ed29a1
11:02:36.1 (8441052)|STATEMENT_EXECUTE|[55]
11:02:36.1 (8443972)|HEAP_ALLOCATE|[55]|Bytes:11
11:02:36.1 (8476944)|HEAP_ALLOCATE|[EXTERNAL]|Bytes:-4
11:02:36.1 (8484824)|STATEMENT_EXECUTE|[56]
11:02:36.1 (8487704)|HEAP_ALLOCATE|[56]|Bytes:12
11:02:36.1 (8505935)|HEAP_ALLOCATE|[EXTERNAL]|Bytes:-4
11:02:36.1 (8513026)|STATEMENT_EXECUTE|[57]
11:02:36.1 (8516156)|HEAP_ALLOCATE|[57]|Bytes:7
11:02:36.1 (8545267)|HEAP_ALLOCATE|[57]|Bytes:5
11:02:36.1 (8618061)|HEAP_ALLOCATE|[EXTERNAL]|Bytes:-4
11:02:36.1 (8627831)|STATEMENT_EXECUTE|[59]
11:02:36.8 (8760358)|CUMULATIVE_LIMIT_USAGE
11:02:36.8 (8760358)|LIMIT_USAGE_FOR_NS|(default)|
  Number of SOQL queries: 0 out of 100
  Number of query rows: 0 out of 50000
  Number of SOSL queries: 0 out of 20
  Number of DML statements: 0 out of 150
  Number of Publish Immediate DML: 0 out of 150
  Number of DML rows: 0 out of 10000
  Maximum CPU time: 0 out of 10000
  Maximum heap size: 0 out of 6000000
  Number of callouts: 0 out of 100
  Number of Email Invocations: 0 out of 10
  Number of future calls: 0 out of 50
  Number of queueable jobs added to the queue: 0 out of 50
  Number of Mobile Apex push calls: 0 out of 10

11:02:36.8 (8760358)|CUMULATIVE_LIMIT_USAGE_END

11:02:36.1 (8840552)|CODE_UNIT_FINISHED|ObserveTuneController.getTuneData()
11:02:36.1 (9117596)|CODE_UNIT_FINISHED|apex://ObserveTuneController/ACTION$getTuneData
11:02:36.1 (9129396)|EXECUTION_FINISHED
