66.0 APEX_CODE,FINEST;APEX_PROFILING,INFO;CALLOUT,INFO;DATA_ACCESS,INFO;DB,INFO;NBA,INFO;SYSTEM,DEBUG;VALIDATION,INFO;VISUALFORCE,INFO;WAVE,INFO;WORKFLOW,INFO
13:22:36.1 (1189127)|USER_INFO|[EXTERNAL]|005dM00000bGQNp|pmandy.f7098e8d67c2@agentforce.com|(GMT-07:00) Pacific Daylight Time (America/Los_Angeles)|GMT-07:00
13:22:36.1 (1308669)|EXECUTION_STARTED
13:22:36.1 (1328731)|CODE_UNIT_STARTED|[EXTERNAL]|apex://ObserveTuneController/ACTION$approveTuneAndPromote
13:22:36.1 (2631139)|CODE_UNIT_STARTED|[EXTERNAL]|01pdM00000WohAb|ObserveTuneController.approveTuneAndPromote()
13:22:36.1 (2984959)|HEAP_ALLOCATE|[95]|Bytes:3
13:22:36.1 (3094273)|HEAP_ALLOCATE|[100]|Bytes:152
13:22:36.1 (3114793)|HEAP_ALLOCATE|[417]|Bytes:408
13:22:36.1 (3131905)|HEAP_ALLOCATE|[430]|Bytes:408
13:22:36.1 (3156015)|HEAP_ALLOCATE|[317]|Bytes:6
13:22:36.1 (3203147)|HEAP_ALLOCATE|[EXTERNAL]|Bytes:8
13:22:36.1 (3208656)|HEAP_ALLOCATE|[EXTERNAL]|Bytes:22
13:22:36.1 (3235797)|METHOD_ENTRY|[1]|01pdM00000WohAb|ObserveTuneController.ObserveTuneController()
13:22:36.1 (3249417)|STATEMENT_EXECUTE|[1]
13:22:36.1 (3261018)|STATEMENT_EXECUTE|[1]
13:22:36.1 (3280258)|HEAP_ALLOCATE|[68]|Bytes:5
13:22:36.1 (3313430)|HEAP_ALLOCATE|[74]|Bytes:5
13:22:36.1 (3322760)|HEAP_ALLOCATE|[82]|Bytes:7
13:22:36.1 (3686540)|HEAP_ALLOCATE|[EXTERNAL]|Bytes:5
13:22:36.1 (3708231)|METHOD_EXIT|[1]|ObserveTuneController
13:22:36.1 (3723622)|HEAP_ALLOCATE|[67]|Bytes:5
13:22:36.1 (3728702)|STATEMENT_EXECUTE|[66]
13:22:36.1 (3730862)|STATEMENT_EXECUTE|[67]
13:22:36.1 (3732752)|STATEMENT_EXECUTE|[67]
13:22:36.1 (3734763)|STATEMENT_EXECUTE|[68]
13:22:36.1 (3737992)|HEAP_ALLOCATE|[68]|Bytes:41
13:22:36.1 (3817405)|USER_DEBUG|[68]|DEBUG|===== APPROVE TUNE & PROMOTE v2.8.0 =====
13:22:36.1 (3827366)|STATEMENT_EXECUTE|[71]
13:22:36.1 (3918368)|VARIABLE_SCOPE_BEGIN|[71]|req|System.HttpRequest|true|false
13:22:36.1 (4413892)|VARIABLE_ASSIGNMENT|[71]|req|"System.HttpRequest[Endpoint=null, Method=null]"|0x7c4cffe5
13:22:36.1 (4425464)|STATEMENT_EXECUTE|[72]
13:22:36.1 (4429773)|HEAP_ALLOCATE|[72]|Bytes:42
13:22:36.1 (4495845)|STATEMENT_EXECUTE|[73]
13:22:36.1 (4499045)|HEAP_ALLOCATE|[73]|Bytes:4
13:22:36.1 (4521695)|STATEMENT_EXECUTE|[74]
13:22:36.1 (4569188)|HEAP_ALLOCATE|[74]|Bytes:12
13:22:36.1 (4576337)|HEAP_ALLOCATE|[74]|Bytes:16
13:22:36.1 (4605528)|STATEMENT_EXECUTE|[75]
13:22:36.1 (4625879)|HEAP_ALLOCATE|[75]|Bytes:4
13:22:36.1 (4641699)|HEAP_ALLOCATE|[76]|Bytes:12
13:22:36.1 (4646279)|HEAP_ALLOCATE|[76]|Bytes:6
13:22:36.1 (4699312)|HEAP_ALLOCATE|[77]|Bytes:6
13:22:36.1 (4704601)|HEAP_ALLOCATE|[77]|Bytes:45
13:22:36.1 (4743132)|HEAP_ALLOCATE|[75]|Bytes:24
13:22:36.1 (4756714)|SYSTEM_METHOD_ENTRY|[1]|JSON.JSON()
13:22:36.1 (4761773)|STATEMENT_EXECUTE|[1]
13:22:36.1 (4770394)|SYSTEM_METHOD_EXIT|[1]|JSON
13:22:36.1 (4787093)|METHOD_ENTRY|[75]||System.JSON.serialize(Object)
13:22:36.1 (7391952)|METHOD_EXIT|[75]||System.JSON.serialize(Object)
13:22:36.1 (7436173)|STATEMENT_EXECUTE|[80]
13:22:36.1 (7491094)|VARIABLE_SCOPE_BEGIN|[80]|http|System.Http|true|false
13:22:36.1 (7615218)|VARIABLE_ASSIGNMENT|[80]|http|"System.Http[]"|0x24bdbd65
13:22:36.1 (7624048)|STATEMENT_EXECUTE|[81]
13:22:36.1 (7741523)|CALLOUT_REQUEST|[81]|System.HttpRequest[Endpoint=http://146.190.153.46:9000/update-champion, Method=POST]
13:22:36.1 (616327776)|HEAP_ALLOCATE|[EXTERNAL]|Bytes:292
13:22:36.1 (619454099)|CALLOUT_RESPONSE|[81]|System.HttpResponse[Status=OK, StatusCode=200]
13:22:36.1 (619487550)|HEAP_ALLOCATE|[81]|Bytes:61
13:22:36.1 (619518431)|VARIABLE_SCOPE_BEGIN|[81]|res|System.HttpResponse|true|false
13:22:36.1 (619601174)|VARIABLE_ASSIGNMENT|[81]|res|"System.HttpResponse[Status=OK, StatusCode=200]"|0x53ff8a93
13:22:36.1 (619607944)|STATEMENT_EXECUTE|[83]
13:22:36.1 (619615024)|HEAP_ALLOCATE|[83]|Bytes:23
13:22:36.1 (619725918)|HEAP_ALLOCATE|[83]|Bytes:3
13:22:36.1 (619745688)|HEAP_ALLOCATE|[83]|Bytes:26
13:22:36.1 (619768609)|USER_DEBUG|[83]|DEBUG|LUMEN Response Status: 200
13:22:36.1 (619778099)|STATEMENT_EXECUTE|[84]
13:22:36.1 (619781059)|HEAP_ALLOCATE|[84]|Bytes:21
13:22:36.1 (619812330)|HEAP_ALLOCATE|[84]|Bytes:55
13:22:36.1 (619821840)|HEAP_ALLOCATE|[84]|Bytes:76
13:22:36.1 (619830681)|USER_DEBUG|[84]|DEBUG|LUMEN Response Body: {"success":false,"error":"champion_model not provided"}
13:22:36.1 (619855441)|STATEMENT_EXECUTE|[86]
13:22:36.1 (619857891)|STATEMENT_EXECUTE|[87]
13:22:36.1 (619860462)|HEAP_ALLOCATE|[87]|Bytes:39
13:22:36.1 (619879562)|USER_DEBUG|[87]|DEBUG|===== v2.8.0 PROMOTED TO CHAMPION =====
13:22:36.1 (619888312)|STATEMENT_EXECUTE|[90]
13:22:36.1 (640768057)|HEAP_ALLOCATE|[90]|Bytes:44
13:22:36.1 (640849930)|VARIABLE_SCOPE_BEGIN|[90]|config|Loom_Config__c|true|false
13:22:36.1 (641139638)|VARIABLE_ASSIGNMENT|[90]|config|{"LastModifiedDate":"2026-05-26T20:21:35.000Z","IsDeleted":false,"CreatedById":"005dM00000bGQNpQAO","CreatedDate":"2026-05-26T14:15:32.000Z","Id":"a0OdM00000QHtsLUAT","LastModifiedById":"005dM00000bGQNpQAO","SetupOwnerId":"00DdM00000wFcrbUAC","Champion_Model_Version__c":"v2.8.0","Name":"a0OdM00000QHtsL","SystemModstamp":"2026-05-26T20:21:35.000Z"}|0x65abf63d
13:22:36.1 (641153059)|STATEMENT_EXECUTE|[91]
13:22:36.1 (641313343)|VARIABLE_ASSIGNMENT|[91]|this.Champion_Model_Version__c|"v2.8.0"|0x65abf63d
13:22:36.1 (641321734)|STATEMENT_EXECUTE|[92]
13:22:36.1 (641396486)|HEAP_ALLOCATE|[92]|Bytes:8
13:22:36.1 (641421237)|DML_BEGIN|[92]|Op:Upsert|Type:Loom_Config__c|Rows:1
13:22:36.1 (641462838)|HEAP_ALLOCATE|[EXTERNAL]|Bytes:8
13:22:36.1 (713978728)|DML_END|[92]
13:22:36.1 (714559506)|STATEMENT_EXECUTE|[93]
13:22:36.1 (714569836)|HEAP_ALLOCATE|[93]|Bytes:58
13:22:36.1 (714662109)|USER_DEBUG|[93]|DEBUG|Custom setting updated: Champion_Model_Version__c = v2.8.0
13:22:36.1 (714675189)|STATEMENT_EXECUTE|[95]
13:22:36.1 (714697350)|HEAP_ALLOCATE|[95]|Bytes:4
13:22:36.1 (714708690)|HEAP_ALLOCATE|[96]|Bytes:7
13:22:36.1 (714771132)|HEAP_ALLOCATE|[95]|Bytes:5
13:22:36.1 (714785942)|HEAP_ALLOCATE|[97]|Bytes:7
13:22:36.1 (714790042)|HEAP_ALLOCATE|[97]|Bytes:27
13:22:36.1 (714803993)|HEAP_ALLOCATE|[98]|Bytes:8
13:22:36.1 (714816483)|HEAP_ALLOCATE|[99]|Bytes:13
13:22:36.1 (714820773)|HEAP_ALLOCATE|[99]|Bytes:6
13:22:36.739 (739597045)|CUMULATIVE_LIMIT_USAGE
13:22:36.739 (739597045)|LIMIT_USAGE_FOR_NS|(default)|
  Number of SOQL queries: 0 out of 100
  Number of query rows: 0 out of 50000
  Number of SOSL queries: 0 out of 20
  Number of DML statements: 1 out of 150
  Number of Publish Immediate DML: 0 out of 150
  Number of DML rows: 1 out of 10000
  Maximum CPU time: 0 out of 10000
  Maximum heap size: 0 out of 6000000
  Number of callouts: 1 out of 100
  Number of Email Invocations: 0 out of 10
  Number of future calls: 0 out of 50
  Number of queueable jobs added to the queue: 0 out of 50
  Number of Mobile Apex push calls: 0 out of 10

13:22:36.739 (739597045)|CUMULATIVE_LIMIT_USAGE_END

13:22:36.1 (739698668)|CODE_UNIT_FINISHED|ObserveTuneController.approveTuneAndPromote()
13:22:36.1 (739941445)|CODE_UNIT_FINISHED|apex://ObserveTuneController/ACTION$approveTuneAndPromote
13:22:36.1 (739956775)|EXECUTION_FINISHED
