66.0 APEX_CODE,FINEST;APEX_PROFILING,INFO;CALLOUT,INFO;DATA_ACCESS,INFO;DB,INFO;NBA,INFO;SYSTEM,DEBUG;VALIDATION,INFO;VISUALFORCE,INFO;WAVE,INFO;WORKFLOW,INFO
11:07:35.1 (1388513)|USER_INFO|[EXTERNAL]|005dM00000bGQNp|pmandy.f7098e8d67c2@agentforce.com|(GMT-07:00) Pacific Daylight Time (America/Los_Angeles)|GMT-07:00
11:07:35.1 (1465684)|EXECUTION_STARTED
11:07:35.1 (1495936)|CODE_UNIT_STARTED|[EXTERNAL]|apex://ObserveTuneController/ACTION$getTuneData
11:07:35.1 (3048973)|CODE_UNIT_STARTED|[EXTERNAL]|01pdM00000WohAb|ObserveTuneController.getTuneData()
11:07:35.1 (3567105)|HEAP_ALLOCATE|[95]|Bytes:3
11:07:35.1 (3707618)|HEAP_ALLOCATE|[100]|Bytes:152
11:07:35.1 (3730498)|HEAP_ALLOCATE|[417]|Bytes:408
11:07:35.1 (3746310)|HEAP_ALLOCATE|[430]|Bytes:408
11:07:35.1 (3770320)|HEAP_ALLOCATE|[317]|Bytes:6
11:07:35.1 (3785881)|HEAP_ALLOCATE|[EXTERNAL]|Bytes:8
11:07:35.1 (3794191)|HEAP_ALLOCATE|[EXTERNAL]|Bytes:22
11:07:35.1 (3825002)|METHOD_ENTRY|[1]|01pdM00000WohAb|ObserveTuneController.ObserveTuneController()
11:07:35.1 (3841912)|STATEMENT_EXECUTE|[1]
11:07:35.1 (3856701)|STATEMENT_EXECUTE|[1]
11:07:35.1 (3877673)|HEAP_ALLOCATE|[68]|Bytes:5
11:07:35.1 (3920084)|HEAP_ALLOCATE|[74]|Bytes:5
11:07:35.1 (3931364)|HEAP_ALLOCATE|[82]|Bytes:7
11:07:35.1 (4270182)|HEAP_ALLOCATE|[EXTERNAL]|Bytes:5
11:07:35.1 (4299103)|METHOD_EXIT|[1]|ObserveTuneController
11:07:35.1 (4313893)|HEAP_ALLOCATE|[5]|Bytes:5
11:07:35.1 (4319464)|STATEMENT_EXECUTE|[4]
11:07:35.1 (4322353)|STATEMENT_EXECUTE|[5]
11:07:35.1 (4324393)|STATEMENT_EXECUTE|[5]
11:07:35.1 (4326614)|STATEMENT_EXECUTE|[6]
11:07:35.1 (4344793)|HEAP_ALLOCATE|[6]|Bytes:4
11:07:35.1 (4365505)|VARIABLE_SCOPE_BEGIN|[6]|data|Map<String,ANY>|true|false
11:07:35.1 (4465067)|VARIABLE_ASSIGNMENT|[6]|data|{}|0x560989b1
11:07:35.1 (4471287)|STATEMENT_EXECUTE|[9]
11:07:35.1 (4510968)|HEAP_ALLOCATE|[9]|Bytes:4
11:07:35.1 (4590180)|HEAP_ALLOCATE|[10]|Bytes:4
11:07:35.1 (4598079)|HEAP_ALLOCATE|[11]|Bytes:4
11:07:35.1 (4603060)|HEAP_ALLOCATE|[11]|Bytes:13
11:07:35.1 (4670942)|HEAP_ALLOCATE|[12]|Bytes:6
11:07:35.1 (4676192)|HEAP_ALLOCATE|[12]|Bytes:5
11:07:35.1 (4689262)|HEAP_ALLOCATE|[13]|Bytes:7
11:07:35.1 (4701063)|HEAP_ALLOCATE|[10]|Bytes:4
11:07:35.1 (4723543)|HEAP_ALLOCATE|[14]|Bytes:7
11:07:35.1 (4728322)|HEAP_ALLOCATE|[14]|Bytes:18
11:07:35.1 (4740294)|HEAP_ALLOCATE|[15]|Bytes:9
11:07:35.1 (4744794)|HEAP_ALLOCATE|[15]|Bytes:179
11:07:35.1 (4767184)|HEAP_ALLOCATE|[17]|Bytes:4
11:07:35.1 (4774815)|HEAP_ALLOCATE|[18]|Bytes:11
11:07:35.1 (4799575)|HEAP_ALLOCATE|[19]|Bytes:14
11:07:35.1 (4816004)|HEAP_ALLOCATE|[17]|Bytes:4
11:07:35.1 (4829436)|HEAP_ALLOCATE|[21]|Bytes:9
11:07:35.1 (4843245)|HEAP_ALLOCATE|[22]|Bytes:81
11:07:35.1 (4858547)|VARIABLE_SCOPE_BEGIN|[9]|cohortLeads|List<Map<String,ANY>>|true|false
11:07:35.1 (4898397)|HEAP_ALLOCATE|[EXTERNAL]|Bytes:12
11:07:35.1 (4939487)|VARIABLE_ASSIGNMENT|[9]|cohortLeads|[{"name":"Jennifer Park","status":"Bound","daysAgo":3,"verdict":"Decision Confirmed","reasoning":"Act classified Pursu (159 more) ..."},{"name":"Marcus Reed","status":"Window Timeout","daysAgo":5,"verdict":"No-Signal","reasoning":"Still in nurture win (61 more) ..."}]|0x1c63ec3f
11:07:35.1 (4946839)|STATEMENT_EXECUTE|[27]
11:07:35.1 (4954488)|HEAP_ALLOCATE|[27]|Bytes:4
11:07:35.1 (4977099)|HEAP_ALLOCATE|[28]|Bytes:4
11:07:35.1 (4984329)|HEAP_ALLOCATE|[29]|Bytes:5
11:07:35.1 (4988750)|HEAP_ALLOCATE|[29]|Bytes:99
11:07:35.1 (5018569)|HEAP_ALLOCATE|[30]|Bytes:6
11:07:35.1 (5024381)|HEAP_ALLOCATE|[30]|Bytes:46
11:07:35.1 (5037271)|HEAP_ALLOCATE|[31]|Bytes:6
11:07:35.1 (5041730)|HEAP_ALLOCATE|[31]|Bytes:24
11:07:35.1 (5057490)|HEAP_ALLOCATE|[33]|Bytes:4
11:07:35.1 (5064681)|HEAP_ALLOCATE|[34]|Bytes:72
11:07:35.1 (5090062)|HEAP_ALLOCATE|[35]|Bytes:21
11:07:35.1 (5103811)|HEAP_ALLOCATE|[36]|Bytes:24
11:07:35.1 (5120143)|HEAP_ALLOCATE|[38]|Bytes:4
11:07:35.1 (5126532)|HEAP_ALLOCATE|[39]|Bytes:78
11:07:35.1 (5150674)|HEAP_ALLOCATE|[40]|Bytes:55
11:07:35.1 (5165573)|HEAP_ALLOCATE|[41]|Bytes:25
11:07:35.1 (5179604)|VARIABLE_SCOPE_BEGIN|[27]|proposals|List<Map<String,ANY>>|true|false
11:07:35.1 (5198585)|HEAP_ALLOCATE|[EXTERNAL]|Bytes:16
11:07:35.1 (5218905)|VARIABLE_ASSIGNMENT|[27]|proposals|[{"title":"EverQuote source · P (79 more) ...","impact":"312 confirmed verdic (26 more) ...","change":"Tighten Pursue thres (4 more) ..."},{"title":"Household-match sign (52 more) ...","impact":"89 verdicts confirme (1 more) ...","change":"Increase weighting + (4 more) ..."},{"title":"New pattern: VINs >  (58 more) ...","impact":"Convert at 6.8% vs 1 (35 more) ...","change":"Recommend Nurture de (5 more) ..."}]|0x795a489
11:07:35.1 (5227974)|STATEMENT_EXECUTE|[45]
11:07:35.1 (5233815)|HEAP_ALLOCATE|[45]|Bytes:4
11:07:35.1 (5240316)|HEAP_ALLOCATE|[46]|Bytes:10
11:07:35.1 (5246046)|HEAP_ALLOCATE|[46]|Bytes:10
11:07:35.1 (5272886)|HEAP_ALLOCATE|[47]|Bytes:8
11:07:35.1 (5277936)|HEAP_ALLOCATE|[47]|Bytes:10
11:07:35.1 (5290807)|HEAP_ALLOCATE|[48]|Bytes:12
11:07:35.1 (5299517)|HEAP_ALLOCATE|[45]|Bytes:4
11:07:35.1 (5313867)|HEAP_ALLOCATE|[49]|Bytes:9
11:07:35.1 (5328017)|HEAP_ALLOCATE|[50]|Bytes:12
11:07:35.1 (5332337)|HEAP_ALLOCATE|[50]|Bytes:4
11:07:35.1 (5343248)|HEAP_ALLOCATE|[51]|Bytes:12
11:07:35.1 (5347208)|HEAP_ALLOCATE|[51]|Bytes:4
11:07:35.1 (5359509)|HEAP_ALLOCATE|[52]|Bytes:13
11:07:35.1 (5363999)|HEAP_ALLOCATE|[52]|Bytes:68
11:07:35.1 (5374909)|VARIABLE_SCOPE_BEGIN|[45]|tuneProposal|Map<String,ANY>|true|false
11:07:35.1 (5388449)|VARIABLE_ASSIGNMENT|[45]|tuneProposal|"Map of size 7 too large to display"|0x672d58c8
11:07:35.1 (5393569)|STATEMENT_EXECUTE|[55]
11:07:35.1 (5396709)|HEAP_ALLOCATE|[55]|Bytes:11
11:07:35.1 (5418430)|HEAP_ALLOCATE|[EXTERNAL]|Bytes:-4
11:07:35.1 (5427350)|STATEMENT_EXECUTE|[56]
11:07:35.1 (5430270)|HEAP_ALLOCATE|[56]|Bytes:12
11:07:35.1 (5449611)|HEAP_ALLOCATE|[EXTERNAL]|Bytes:-4
11:07:35.1 (5456891)|STATEMENT_EXECUTE|[57]
11:07:35.1 (5459911)|HEAP_ALLOCATE|[57]|Bytes:7
11:07:35.1 (5485602)|HEAP_ALLOCATE|[57]|Bytes:5
11:07:35.1 (5491272)|HEAP_ALLOCATE|[EXTERNAL]|Bytes:-4
11:07:35.1 (5499421)|STATEMENT_EXECUTE|[59]
11:07:35.5 (5581854)|CUMULATIVE_LIMIT_USAGE
11:07:35.5 (5581854)|LIMIT_USAGE_FOR_NS|(default)|
  Number of SOQL queries: 0 out of 100
  Number of query rows: 0 out of 50000
  Number of SOSL queries: 0 out of 20
  Number of DML statements: 0 out of 150
  Number of Publish Immediate DML: 0 out of 150
  Number of DML rows: 0 out of 10000
  Maximum CPU time: 0 out of 10000
  Maximum heap size: 0 out of 6000000
  Number of callouts: 0 out of 100
  Number of Email Invocations: 0 out of 10
  Number of future calls: 0 out of 50
  Number of queueable jobs added to the queue: 0 out of 50
  Number of Mobile Apex push calls: 0 out of 10

11:07:35.5 (5581854)|CUMULATIVE_LIMIT_USAGE_END

11:07:35.1 (5726666)|CODE_UNIT_FINISHED|ObserveTuneController.getTuneData()
11:07:35.1 (6067936)|CODE_UNIT_FINISHED|apex://ObserveTuneController/ACTION$getTuneData
11:07:35.1 (6082416)|EXECUTION_FINISHED
