66.0 APEX_CODE,FINEST;APEX_PROFILING,INFO;CALLOUT,INFO;DATA_ACCESS,INFO;DB,INFO;NBA,INFO;SYSTEM,DEBUG;VALIDATION,INFO;VISUALFORCE,INFO;WAVE,INFO;WORKFLOW,INFO
13:27:26.5 (5324962)|USER_INFO|[EXTERNAL]|005dM00000bGQNp|pmandy.f7098e8d67c2@agentforce.com|(GMT-07:00) Pacific Daylight Time (America/Los_Angeles)|GMT-07:00
13:27:26.5 (5387554)|EXECUTION_STARTED
13:27:26.5 (5412315)|CODE_UNIT_STARTED|[EXTERNAL]|apex://ObserveTuneController/ACTION$getTuneData
13:27:26.5 (6675896)|CODE_UNIT_STARTED|[EXTERNAL]|01pdM00000WohAb|ObserveTuneController.getTuneData()
13:27:26.5 (9212440)|HEAP_ALLOCATE|[95]|Bytes:3
13:27:26.5 (9361553)|HEAP_ALLOCATE|[100]|Bytes:152
13:27:26.5 (9383604)|HEAP_ALLOCATE|[417]|Bytes:408
13:27:26.5 (9401364)|HEAP_ALLOCATE|[430]|Bytes:408
13:27:26.5 (9429704)|HEAP_ALLOCATE|[317]|Bytes:6
13:27:26.5 (9498597)|HEAP_ALLOCATE|[EXTERNAL]|Bytes:8
13:27:26.5 (9507057)|HEAP_ALLOCATE|[EXTERNAL]|Bytes:22
13:27:26.5 (9547808)|METHOD_ENTRY|[1]|01pdM00000WohAb|ObserveTuneController.ObserveTuneController()
13:27:26.5 (9573929)|STATEMENT_EXECUTE|[1]
13:27:26.5 (9604708)|STATEMENT_EXECUTE|[1]
13:27:26.5 (9630240)|HEAP_ALLOCATE|[68]|Bytes:5
13:27:26.5 (9684521)|HEAP_ALLOCATE|[74]|Bytes:5
13:27:26.5 (9702302)|HEAP_ALLOCATE|[82]|Bytes:7
13:27:26.5 (10066931)|HEAP_ALLOCATE|[EXTERNAL]|Bytes:5
13:27:26.5 (10105342)|METHOD_EXIT|[1]|ObserveTuneController
13:27:26.5 (10122742)|HEAP_ALLOCATE|[5]|Bytes:5
13:27:26.5 (10132092)|STATEMENT_EXECUTE|[4]
13:27:26.5 (10137573)|STATEMENT_EXECUTE|[5]
13:27:26.5 (10140663)|STATEMENT_EXECUTE|[5]
13:27:26.5 (10143933)|STATEMENT_EXECUTE|[6]
13:27:26.5 (10162253)|HEAP_ALLOCATE|[6]|Bytes:4
13:27:26.5 (10210824)|VARIABLE_SCOPE_BEGIN|[6]|data|Map<String,ANY>|true|false
13:27:26.5 (10401669)|VARIABLE_ASSIGNMENT|[6]|data|{}|0x4a0767f7
13:27:26.5 (10421230)|STATEMENT_EXECUTE|[9]
13:27:26.5 (10472391)|HEAP_ALLOCATE|[9]|Bytes:4
13:27:26.5 (10611404)|HEAP_ALLOCATE|[10]|Bytes:4
13:27:26.5 (10628065)|HEAP_ALLOCATE|[11]|Bytes:4
13:27:26.5 (10638225)|HEAP_ALLOCATE|[11]|Bytes:13
13:27:26.5 (10753528)|HEAP_ALLOCATE|[12]|Bytes:6
13:27:26.5 (10763897)|HEAP_ALLOCATE|[12]|Bytes:5
13:27:26.5 (10783018)|HEAP_ALLOCATE|[13]|Bytes:7
13:27:26.5 (10811898)|HEAP_ALLOCATE|[10]|Bytes:4
13:27:26.5 (11525497)|HEAP_ALLOCATE|[14]|Bytes:7
13:27:26.5 (11537236)|HEAP_ALLOCATE|[14]|Bytes:18
13:27:26.5 (11559048)|HEAP_ALLOCATE|[15]|Bytes:9
13:27:26.5 (11568688)|HEAP_ALLOCATE|[15]|Bytes:179
13:27:26.5 (11604389)|HEAP_ALLOCATE|[17]|Bytes:4
13:27:26.5 (11620370)|HEAP_ALLOCATE|[18]|Bytes:11
13:27:26.5 (11807854)|HEAP_ALLOCATE|[19]|Bytes:14
13:27:26.5 (11840095)|HEAP_ALLOCATE|[17]|Bytes:4
13:27:26.5 (11863916)|HEAP_ALLOCATE|[21]|Bytes:9
13:27:26.5 (11887186)|HEAP_ALLOCATE|[22]|Bytes:81
13:27:26.5 (11922757)|VARIABLE_SCOPE_BEGIN|[9]|cohortLeads|List<Map<String,ANY>>|true|false
13:27:26.5 (11999919)|HEAP_ALLOCATE|[EXTERNAL]|Bytes:12
13:27:26.5 (12107851)|VARIABLE_ASSIGNMENT|[9]|cohortLeads|[{"name":"Jennifer Park","status":"Bound","daysAgo":3,"verdict":"Decision Confirmed","reasoning":"Act classified Pursu (159 more) ..."},{"name":"Marcus Reed","status":"Window Timeout","daysAgo":5,"verdict":"No-Signal","reasoning":"Still in nurture win (61 more) ..."}]|0x4210f38
13:27:26.5 (12125272)|STATEMENT_EXECUTE|[27]
13:27:26.5 (12143092)|HEAP_ALLOCATE|[27]|Bytes:4
13:27:26.5 (12205813)|HEAP_ALLOCATE|[28]|Bytes:4
13:27:26.5 (12217044)|HEAP_ALLOCATE|[29]|Bytes:5
13:27:26.5 (12223585)|HEAP_ALLOCATE|[29]|Bytes:99
13:27:26.5 (12261335)|HEAP_ALLOCATE|[30]|Bytes:6
13:27:26.5 (12272396)|HEAP_ALLOCATE|[30]|Bytes:46
13:27:26.5 (12295966)|HEAP_ALLOCATE|[31]|Bytes:6
13:27:26.5 (12306696)|HEAP_ALLOCATE|[31]|Bytes:24
13:27:26.5 (12340687)|HEAP_ALLOCATE|[33]|Bytes:4
13:27:26.5 (12353518)|HEAP_ALLOCATE|[34]|Bytes:72
13:27:26.5 (12398329)|HEAP_ALLOCATE|[35]|Bytes:21
13:27:26.5 (12424070)|HEAP_ALLOCATE|[36]|Bytes:24
13:27:26.5 (12452730)|HEAP_ALLOCATE|[38]|Bytes:4
13:27:26.5 (12464420)|HEAP_ALLOCATE|[39]|Bytes:78
13:27:26.5 (12504381)|HEAP_ALLOCATE|[40]|Bytes:55
13:27:26.5 (12528152)|HEAP_ALLOCATE|[41]|Bytes:25
13:27:26.5 (12567302)|VARIABLE_SCOPE_BEGIN|[27]|proposals|List<Map<String,ANY>>|true|false
13:27:26.5 (12611194)|HEAP_ALLOCATE|[EXTERNAL]|Bytes:16
13:27:26.5 (12669865)|VARIABLE_ASSIGNMENT|[27]|proposals|[{"title":"EverQuote source · P (79 more) ...","impact":"312 confirmed verdic (26 more) ...","change":"Tighten Pursue thres (4 more) ..."},{"title":"Household-match sign (52 more) ...","impact":"89 verdicts confirme (1 more) ...","change":"Increase weighting + (4 more) ..."},{"title":"New pattern: VINs >  (58 more) ...","impact":"Convert at 6.8% vs 1 (35 more) ...","change":"Recommend Nurture de (5 more) ..."}]|0x3ec25e7b
13:27:26.5 (12688236)|STATEMENT_EXECUTE|[45]
13:27:26.5 (12701065)|HEAP_ALLOCATE|[45]|Bytes:4
13:27:26.5 (12730167)|HEAP_ALLOCATE|[46]|Bytes:10
13:27:26.5 (12740337)|HEAP_ALLOCATE|[46]|Bytes:10
13:27:26.5 (12789039)|HEAP_ALLOCATE|[47]|Bytes:8
13:27:26.5 (12800089)|HEAP_ALLOCATE|[47]|Bytes:10
13:27:26.5 (12821329)|HEAP_ALLOCATE|[48]|Bytes:12
13:27:26.5 (12836730)|HEAP_ALLOCATE|[45]|Bytes:4
13:27:26.5 (12858869)|HEAP_ALLOCATE|[49]|Bytes:9
13:27:26.5 (12881281)|HEAP_ALLOCATE|[50]|Bytes:12
13:27:26.5 (12891101)|HEAP_ALLOCATE|[50]|Bytes:4
13:27:26.5 (12911742)|HEAP_ALLOCATE|[51]|Bytes:12
13:27:26.5 (12920652)|HEAP_ALLOCATE|[51]|Bytes:4
13:27:26.5 (12946272)|HEAP_ALLOCATE|[52]|Bytes:13
13:27:26.5 (12955733)|HEAP_ALLOCATE|[52]|Bytes:68
13:27:26.5 (12992673)|VARIABLE_SCOPE_BEGIN|[45]|tuneProposal|Map<String,ANY>|true|false
13:27:26.5 (13039925)|VARIABLE_ASSIGNMENT|[45]|tuneProposal|"Map of size 7 too large to display"|0x3e788ad2
13:27:26.5 (13052925)|STATEMENT_EXECUTE|[55]
13:27:26.5 (13061805)|HEAP_ALLOCATE|[55]|Bytes:11
13:27:26.5 (13121627)|HEAP_ALLOCATE|[EXTERNAL]|Bytes:-4
13:27:26.5 (13140767)|STATEMENT_EXECUTE|[56]
13:27:26.5 (13149848)|HEAP_ALLOCATE|[56]|Bytes:12
13:27:26.5 (13193598)|HEAP_ALLOCATE|[EXTERNAL]|Bytes:-4
13:27:26.5 (13208669)|STATEMENT_EXECUTE|[57]
13:27:26.5 (13217419)|HEAP_ALLOCATE|[57]|Bytes:7
13:27:26.5 (13264760)|HEAP_ALLOCATE|[57]|Bytes:5
13:27:26.5 (13286160)|HEAP_ALLOCATE|[EXTERNAL]|Bytes:-4
13:27:26.5 (13302451)|STATEMENT_EXECUTE|[59]
13:27:26.13 (13414083)|CUMULATIVE_LIMIT_USAGE
13:27:26.13 (13414083)|LIMIT_USAGE_FOR_NS|(default)|
  Number of SOQL queries: 0 out of 100
  Number of query rows: 0 out of 50000
  Number of SOSL queries: 0 out of 20
  Number of DML statements: 0 out of 150
  Number of Publish Immediate DML: 0 out of 150
  Number of DML rows: 0 out of 10000
  Maximum CPU time: 0 out of 10000
  Maximum heap size: 0 out of 6000000
  Number of callouts: 0 out of 100
  Number of Email Invocations: 0 out of 10
  Number of future calls: 0 out of 50
  Number of queueable jobs added to the queue: 0 out of 50
  Number of Mobile Apex push calls: 0 out of 10

13:27:26.13 (13414083)|CUMULATIVE_LIMIT_USAGE_END

13:27:26.5 (13475216)|CODE_UNIT_FINISHED|ObserveTuneController.getTuneData()
13:27:26.5 (13723531)|CODE_UNIT_FINISHED|apex://ObserveTuneController/ACTION$getTuneData
13:27:26.5 (13734152)|EXECUTION_FINISHED
