66.0 APEX_CODE,FINEST;APEX_PROFILING,INFO;CALLOUT,INFO;DATA_ACCESS,INFO;DB,INFO;NBA,INFO;SYSTEM,DEBUG;VALIDATION,INFO;VISUALFORCE,INFO;WAVE,INFO;WORKFLOW,INFO
13:32:00.1 (1595785)|USER_INFO|[EXTERNAL]|005dM00000bGQNp|pmandy.f7098e8d67c2@agentforce.com|(GMT-07:00) Pacific Daylight Time (America/Los_Angeles)|GMT-07:00
13:32:00.1 (1662660)|EXECUTION_STARTED
13:32:00.1 (1690621)|CODE_UNIT_STARTED|[EXTERNAL]|apex://ObserveTuneController/ACTION$approveTuneAndPromote
13:32:00.1 (3261846)|CODE_UNIT_STARTED|[EXTERNAL]|01pdM00000WohAb|ObserveTuneController.approveTuneAndPromote()
13:32:00.1 (4743347)|HEAP_ALLOCATE|[95]|Bytes:3
13:32:00.1 (4860873)|HEAP_ALLOCATE|[100]|Bytes:152
13:32:00.1 (4877773)|HEAP_ALLOCATE|[417]|Bytes:408
13:32:00.1 (4893875)|HEAP_ALLOCATE|[430]|Bytes:408
13:32:00.1 (4922085)|HEAP_ALLOCATE|[317]|Bytes:6
13:32:00.1 (4985150)|HEAP_ALLOCATE|[EXTERNAL]|Bytes:8
13:32:00.1 (4993440)|HEAP_ALLOCATE|[EXTERNAL]|Bytes:22
13:32:00.1 (5035531)|METHOD_ENTRY|[1]|01pdM00000WohAb|ObserveTuneController.ObserveTuneController()
13:32:00.1 (5051313)|STATEMENT_EXECUTE|[1]
13:32:00.1 (5066284)|STATEMENT_EXECUTE|[1]
13:32:00.1 (5086085)|HEAP_ALLOCATE|[68]|Bytes:5
13:32:00.1 (5133408)|HEAP_ALLOCATE|[74]|Bytes:5
13:32:00.1 (5143787)|HEAP_ALLOCATE|[82]|Bytes:7
13:32:00.1 (5485676)|HEAP_ALLOCATE|[EXTERNAL]|Bytes:5
13:32:00.1 (5510738)|METHOD_EXIT|[1]|ObserveTuneController
13:32:00.1 (5525648)|HEAP_ALLOCATE|[67]|Bytes:5
13:32:00.1 (5531419)|STATEMENT_EXECUTE|[66]
13:32:00.1 (5533798)|STATEMENT_EXECUTE|[67]
13:32:00.1 (5535759)|STATEMENT_EXECUTE|[67]
13:32:00.1 (5537959)|STATEMENT_EXECUTE|[68]
13:32:00.1 (5544439)|HEAP_ALLOCATE|[68]|Bytes:41
13:32:00.1 (5679557)|USER_DEBUG|[68]|DEBUG|===== APPROVE TUNE & PROMOTE v2.8.0 =====
13:32:00.1 (5697337)|STATEMENT_EXECUTE|[71]
13:32:00.1 (5755041)|VARIABLE_SCOPE_BEGIN|[71]|req|System.HttpRequest|true|false
13:32:00.1 (6000144)|VARIABLE_ASSIGNMENT|[71]|req|"System.HttpRequest[Endpoint=null, Method=null]"|0x4b223054
13:32:00.1 (6007605)|STATEMENT_EXECUTE|[72]
13:32:00.1 (6012704)|HEAP_ALLOCATE|[72]|Bytes:42
13:32:00.1 (6147893)|STATEMENT_EXECUTE|[73]
13:32:00.1 (6151453)|HEAP_ALLOCATE|[73]|Bytes:4
13:32:00.1 (6177953)|STATEMENT_EXECUTE|[74]
13:32:00.1 (6181193)|HEAP_ALLOCATE|[74]|Bytes:12
13:32:00.1 (6187164)|HEAP_ALLOCATE|[74]|Bytes:16
13:32:00.1 (6217725)|STATEMENT_EXECUTE|[75]
13:32:00.1 (6235867)|HEAP_ALLOCATE|[75]|Bytes:4
13:32:00.1 (6251258)|HEAP_ALLOCATE|[76]|Bytes:12
13:32:00.1 (6255389)|HEAP_ALLOCATE|[76]|Bytes:6
13:32:00.1 (6328491)|HEAP_ALLOCATE|[77]|Bytes:6
13:32:00.1 (6333682)|HEAP_ALLOCATE|[77]|Bytes:45
13:32:00.1 (6367484)|HEAP_ALLOCATE|[75]|Bytes:24
13:32:00.1 (6381745)|SYSTEM_METHOD_ENTRY|[1]|JSON.JSON()
13:32:00.1 (6387546)|STATEMENT_EXECUTE|[1]
13:32:00.1 (6401735)|SYSTEM_METHOD_EXIT|[1]|JSON
13:32:00.1 (6417576)|METHOD_ENTRY|[75]||System.JSON.serialize(Object)
13:32:00.1 (9378447)|METHOD_EXIT|[75]||System.JSON.serialize(Object)
13:32:00.1 (9449081)|STATEMENT_EXECUTE|[80]
13:32:00.1 (9466672)|VARIABLE_SCOPE_BEGIN|[80]|http|System.Http|true|false
13:32:00.1 (9539926)|VARIABLE_ASSIGNMENT|[80]|http|"System.Http[]"|0x158c0906
13:32:00.1 (9545936)|STATEMENT_EXECUTE|[81]
13:32:00.1 (9676524)|CALLOUT_REQUEST|[81]|System.HttpRequest[Endpoint=http://146.190.153.46:9000/update-champion, Method=POST]
13:32:00.1 (597182629)|HEAP_ALLOCATE|[EXTERNAL]|Bytes:292
13:32:00.1 (601875683)|CALLOUT_RESPONSE|[81]|System.HttpResponse[Status=OK, StatusCode=200]
13:32:00.1 (601920937)|HEAP_ALLOCATE|[81]|Bytes:61
13:32:00.1 (601954928)|VARIABLE_SCOPE_BEGIN|[81]|res|System.HttpResponse|true|false
13:32:00.1 (602048834)|VARIABLE_ASSIGNMENT|[81]|res|"System.HttpResponse[Status=OK, StatusCode=200]"|0x29e9a323
13:32:00.1 (602056883)|STATEMENT_EXECUTE|[83]
13:32:00.1 (602063683)|HEAP_ALLOCATE|[83]|Bytes:23
13:32:00.1 (602186791)|HEAP_ALLOCATE|[83]|Bytes:3
13:32:00.1 (602208181)|HEAP_ALLOCATE|[83]|Bytes:26
13:32:00.1 (602240173)|USER_DEBUG|[83]|DEBUG|LUMEN Response Status: 200
13:32:00.1 (602250934)|STATEMENT_EXECUTE|[84]
13:32:00.1 (602254064)|HEAP_ALLOCATE|[84]|Bytes:21
13:32:00.1 (602309817)|HEAP_ALLOCATE|[84]|Bytes:55
13:32:00.1 (602321038)|HEAP_ALLOCATE|[84]|Bytes:76
13:32:00.1 (602332538)|USER_DEBUG|[84]|DEBUG|LUMEN Response Body: {"success":false,"error":"champion_model not provided"}
13:32:00.1 (602368281)|STATEMENT_EXECUTE|[86]
13:32:00.1 (602370860)|STATEMENT_EXECUTE|[87]
13:32:00.1 (602373851)|HEAP_ALLOCATE|[87]|Bytes:39
13:32:00.1 (602395762)|USER_DEBUG|[87]|DEBUG|===== v2.8.0 PROMOTED TO CHAMPION =====
13:32:00.1 (602404933)|STATEMENT_EXECUTE|[90]
13:32:00.1 (621668784)|HEAP_ALLOCATE|[90]|Bytes:44
13:32:00.1 (621718408)|VARIABLE_SCOPE_BEGIN|[90]|config|Loom_Config__c|true|false
13:32:00.1 (621941719)|VARIABLE_ASSIGNMENT|[90]|config|{"LastModifiedDate":"2026-05-26T20:30:35.000Z","IsDeleted":false,"CreatedById":"005dM00000bGQNpQAO","CreatedDate":"2026-05-26T14:15:32.000Z","Id":"a0OdM00000QHtsLUAT","LastModifiedById":"005dM00000bGQNpQAO","SetupOwnerId":"00DdM00000wFcrbUAC","Champion_Model_Version__c":"v2.8.0","Name":"a0OdM00000QHtsL","SystemModstamp":"2026-05-26T20:30:35.000Z"}|0x433b073f
13:32:00.1 (621955581)|STATEMENT_EXECUTE|[91]
13:32:00.1 (622117960)|VARIABLE_ASSIGNMENT|[91]|this.Champion_Model_Version__c|"v2.8.0"|0x433b073f
13:32:00.1 (622128179)|STATEMENT_EXECUTE|[92]
13:32:00.1 (622229865)|HEAP_ALLOCATE|[92]|Bytes:8
13:32:00.1 (622255346)|DML_BEGIN|[92]|Op:Upsert|Type:Loom_Config__c|Rows:1
13:32:00.1 (622293239)|HEAP_ALLOCATE|[EXTERNAL]|Bytes:8
13:32:00.1 (670328519)|DML_END|[92]
13:32:00.1 (670519998)|STATEMENT_EXECUTE|[93]
13:32:00.1 (670529589)|HEAP_ALLOCATE|[93]|Bytes:58
13:32:00.1 (670609203)|USER_DEBUG|[93]|DEBUG|Custom setting updated: Champion_Model_Version__c = v2.8.0
13:32:00.1 (670621465)|STATEMENT_EXECUTE|[95]
13:32:00.1 (670640666)|HEAP_ALLOCATE|[95]|Bytes:4
13:32:00.1 (670651346)|HEAP_ALLOCATE|[96]|Bytes:7
13:32:00.1 (670714500)|HEAP_ALLOCATE|[95]|Bytes:5
13:32:00.1 (670730480)|HEAP_ALLOCATE|[97]|Bytes:7
13:32:00.1 (670735181)|HEAP_ALLOCATE|[97]|Bytes:27
13:32:00.1 (670749742)|HEAP_ALLOCATE|[98]|Bytes:8
13:32:00.1 (670763081)|HEAP_ALLOCATE|[99]|Bytes:13
13:32:00.1 (670767783)|HEAP_ALLOCATE|[99]|Bytes:6
13:32:00.693 (693249219)|CUMULATIVE_LIMIT_USAGE
13:32:00.693 (693249219)|LIMIT_USAGE_FOR_NS|(default)|
  Number of SOQL queries: 0 out of 100
  Number of query rows: 0 out of 50000
  Number of SOSL queries: 0 out of 20
  Number of DML statements: 1 out of 150
  Number of Publish Immediate DML: 0 out of 150
  Number of DML rows: 1 out of 10000
  Maximum CPU time: 0 out of 10000
  Maximum heap size: 0 out of 6000000
  Number of callouts: 1 out of 100
  Number of Email Invocations: 0 out of 10
  Number of future calls: 0 out of 50
  Number of queueable jobs added to the queue: 0 out of 50
  Number of Mobile Apex push calls: 0 out of 10

13:32:00.693 (693249219)|CUMULATIVE_LIMIT_USAGE_END

13:32:00.1 (693330414)|CODE_UNIT_FINISHED|ObserveTuneController.approveTuneAndPromote()
13:32:00.1 (693591348)|CODE_UNIT_FINISHED|apex://ObserveTuneController/ACTION$approveTuneAndPromote
13:32:00.1 (693603488)|EXECUTION_FINISHED
