66.0 APEX_CODE,FINEST;APEX_PROFILING,INFO;CALLOUT,INFO;DATA_ACCESS,INFO;DB,INFO;NBA,INFO;SYSTEM,DEBUG;VALIDATION,INFO;VISUALFORCE,INFO;WAVE,INFO;WORKFLOW,INFO
11:30:51.0 (861521)|USER_INFO|[EXTERNAL]|005dM00000bGQNp|pmandy.f7098e8d67c2@agentforce.com|(GMT-07:00) Pacific Daylight Time (America/Los_Angeles)|GMT-07:00
11:30:51.0 (922603)|EXECUTION_STARTED
11:30:51.0 (948783)|CODE_UNIT_STARTED|[EXTERNAL]|apex://ObserveTuneController/ACTION$getTuneData
11:30:51.0 (2088272)|CODE_UNIT_STARTED|[EXTERNAL]|01pdM00000WohAb|ObserveTuneController.getTuneData()
11:30:51.0 (4293147)|HEAP_ALLOCATE|[95]|Bytes:3
11:30:51.0 (4408440)|HEAP_ALLOCATE|[100]|Bytes:152
11:30:51.0 (4425770)|HEAP_ALLOCATE|[417]|Bytes:408
11:30:51.0 (4439461)|HEAP_ALLOCATE|[430]|Bytes:408
11:30:51.0 (4464771)|HEAP_ALLOCATE|[317]|Bytes:6
11:30:51.0 (4521053)|HEAP_ALLOCATE|[EXTERNAL]|Bytes:8
11:30:51.0 (4530753)|HEAP_ALLOCATE|[EXTERNAL]|Bytes:22
11:30:51.0 (4558374)|METHOD_ENTRY|[1]|01pdM00000WohAb|ObserveTuneController.ObserveTuneController()
11:30:51.0 (4575564)|STATEMENT_EXECUTE|[1]
11:30:51.0 (4588334)|STATEMENT_EXECUTE|[1]
11:30:51.0 (4608765)|HEAP_ALLOCATE|[68]|Bytes:5
11:30:51.0 (4645536)|HEAP_ALLOCATE|[74]|Bytes:5
11:30:51.0 (4655326)|HEAP_ALLOCATE|[82]|Bytes:7
11:30:51.0 (5021415)|HEAP_ALLOCATE|[EXTERNAL]|Bytes:5
11:30:51.0 (5048676)|METHOD_EXIT|[1]|ObserveTuneController
11:30:51.0 (5062936)|HEAP_ALLOCATE|[5]|Bytes:5
11:30:51.0 (5068236)|STATEMENT_EXECUTE|[4]
11:30:51.0 (5070797)|STATEMENT_EXECUTE|[5]
11:30:51.0 (5072977)|STATEMENT_EXECUTE|[5]
11:30:51.0 (5075217)|STATEMENT_EXECUTE|[6]
11:30:51.0 (5091197)|HEAP_ALLOCATE|[6]|Bytes:4
11:30:51.0 (5122298)|VARIABLE_SCOPE_BEGIN|[6]|data|Map<String,ANY>|true|false
11:30:51.0 (5212960)|VARIABLE_ASSIGNMENT|[6]|data|{}|0x5ced0ed9
11:30:51.0 (5219260)|STATEMENT_EXECUTE|[9]
11:30:51.0 (5254791)|HEAP_ALLOCATE|[9]|Bytes:4
11:30:51.0 (5326723)|HEAP_ALLOCATE|[10]|Bytes:4
11:30:51.0 (5333823)|HEAP_ALLOCATE|[11]|Bytes:4
11:30:51.0 (5338363)|HEAP_ALLOCATE|[11]|Bytes:13
11:30:51.0 (5405255)|HEAP_ALLOCATE|[12]|Bytes:6
11:30:51.0 (5410655)|HEAP_ALLOCATE|[12]|Bytes:5
11:30:51.0 (5423285)|HEAP_ALLOCATE|[13]|Bytes:7
11:30:51.0 (5434426)|HEAP_ALLOCATE|[10]|Bytes:4
11:30:51.0 (5457496)|HEAP_ALLOCATE|[14]|Bytes:7
11:30:51.0 (5462146)|HEAP_ALLOCATE|[14]|Bytes:18
11:30:51.0 (5473267)|HEAP_ALLOCATE|[15]|Bytes:9
11:30:51.0 (5477457)|HEAP_ALLOCATE|[15]|Bytes:179
11:30:51.0 (5498377)|HEAP_ALLOCATE|[17]|Bytes:4
11:30:51.0 (5505227)|HEAP_ALLOCATE|[18]|Bytes:11
11:30:51.0 (5529248)|HEAP_ALLOCATE|[19]|Bytes:14
11:30:51.0 (5546138)|HEAP_ALLOCATE|[17]|Bytes:4
11:30:51.0 (5558109)|HEAP_ALLOCATE|[21]|Bytes:9
11:30:51.0 (5569419)|HEAP_ALLOCATE|[22]|Bytes:81
11:30:51.0 (5583209)|VARIABLE_SCOPE_BEGIN|[9]|cohortLeads|List<Map<String,ANY>>|true|false
11:30:51.0 (5627040)|HEAP_ALLOCATE|[EXTERNAL]|Bytes:12
11:30:51.0 (5672262)|VARIABLE_ASSIGNMENT|[9]|cohortLeads|[{"name":"Jennifer Park","status":"Bound","daysAgo":3,"verdict":"Decision Confirmed","reasoning":"Act classified Pursu (159 more) ..."},{"name":"Marcus Reed","status":"Window Timeout","daysAgo":5,"verdict":"No-Signal","reasoning":"Still in nurture win (61 more) ..."}]|0x426a52ef
11:30:51.0 (5679672)|STATEMENT_EXECUTE|[27]
11:30:51.0 (5687232)|HEAP_ALLOCATE|[27]|Bytes:4
11:30:51.0 (5707122)|HEAP_ALLOCATE|[28]|Bytes:4
11:30:51.0 (5714443)|HEAP_ALLOCATE|[29]|Bytes:5
11:30:51.0 (5718423)|HEAP_ALLOCATE|[29]|Bytes:99
11:30:51.0 (5742623)|HEAP_ALLOCATE|[30]|Bytes:6
11:30:51.0 (5747103)|HEAP_ALLOCATE|[30]|Bytes:46
11:30:51.0 (5758804)|HEAP_ALLOCATE|[31]|Bytes:6
11:30:51.0 (5763074)|HEAP_ALLOCATE|[31]|Bytes:24
11:30:51.0 (5781184)|HEAP_ALLOCATE|[33]|Bytes:4
11:30:51.0 (5787564)|HEAP_ALLOCATE|[34]|Bytes:72
11:30:51.0 (5810035)|HEAP_ALLOCATE|[35]|Bytes:21
11:30:51.0 (5823525)|HEAP_ALLOCATE|[36]|Bytes:24
11:30:51.0 (5838376)|HEAP_ALLOCATE|[38]|Bytes:4
11:30:51.0 (5844546)|HEAP_ALLOCATE|[39]|Bytes:78
11:30:51.0 (5867676)|HEAP_ALLOCATE|[40]|Bytes:55
11:30:51.0 (5881067)|HEAP_ALLOCATE|[41]|Bytes:25
11:30:51.0 (5894167)|VARIABLE_SCOPE_BEGIN|[27]|proposals|List<Map<String,ANY>>|true|false
11:30:51.0 (5910198)|HEAP_ALLOCATE|[EXTERNAL]|Bytes:16
11:30:51.0 (5930188)|VARIABLE_ASSIGNMENT|[27]|proposals|[{"title":"EverQuote source · P (79 more) ...","impact":"312 confirmed verdic (26 more) ...","change":"Tighten Pursue thres (4 more) ..."},{"title":"Household-match sign (52 more) ...","impact":"89 verdicts confirme (1 more) ...","change":"Increase weighting + (4 more) ..."},{"title":"New pattern: VINs >  (58 more) ...","impact":"Convert at 6.8% vs 1 (35 more) ...","change":"Recommend Nurture de (5 more) ..."}]|0xe00a81
11:30:51.0 (5938938)|STATEMENT_EXECUTE|[45]
11:30:51.0 (5948298)|HEAP_ALLOCATE|[45]|Bytes:4
11:30:51.0 (5955679)|HEAP_ALLOCATE|[46]|Bytes:10
11:30:51.0 (5959909)|HEAP_ALLOCATE|[46]|Bytes:10
11:30:51.0 (5984169)|HEAP_ALLOCATE|[47]|Bytes:8
11:30:51.0 (5989249)|HEAP_ALLOCATE|[47]|Bytes:10
11:30:51.0 (6000520)|HEAP_ALLOCATE|[48]|Bytes:12
11:30:51.0 (6009750)|HEAP_ALLOCATE|[45]|Bytes:4
11:30:51.0 (6022140)|HEAP_ALLOCATE|[49]|Bytes:9
11:30:51.0 (6034941)|HEAP_ALLOCATE|[50]|Bytes:12
11:30:51.0 (6039031)|HEAP_ALLOCATE|[50]|Bytes:4
11:30:51.0 (6049381)|HEAP_ALLOCATE|[51]|Bytes:12
11:30:51.0 (6053791)|HEAP_ALLOCATE|[51]|Bytes:4
11:30:51.0 (6065321)|HEAP_ALLOCATE|[52]|Bytes:13
11:30:51.0 (6069472)|HEAP_ALLOCATE|[52]|Bytes:68
11:30:51.0 (6080712)|VARIABLE_SCOPE_BEGIN|[45]|tuneProposal|Map<String,ANY>|true|false
11:30:51.0 (6098562)|VARIABLE_ASSIGNMENT|[45]|tuneProposal|"Map of size 7 too large to display"|0x6364c7d6
11:30:51.0 (6103532)|STATEMENT_EXECUTE|[55]
11:30:51.0 (6106362)|HEAP_ALLOCATE|[55]|Bytes:11
11:30:51.0 (6139543)|HEAP_ALLOCATE|[EXTERNAL]|Bytes:-4
11:30:51.0 (6147943)|STATEMENT_EXECUTE|[56]
11:30:51.0 (6151884)|HEAP_ALLOCATE|[56]|Bytes:12
11:30:51.0 (6170804)|HEAP_ALLOCATE|[EXTERNAL]|Bytes:-4
11:30:51.0 (6178074)|STATEMENT_EXECUTE|[57]
11:30:51.0 (6181084)|HEAP_ALLOCATE|[57]|Bytes:7
11:30:51.0 (6204195)|HEAP_ALLOCATE|[57]|Bytes:5
11:30:51.0 (6210645)|HEAP_ALLOCATE|[EXTERNAL]|Bytes:-4
11:30:51.0 (6218085)|STATEMENT_EXECUTE|[59]
11:30:51.6 (6275727)|CUMULATIVE_LIMIT_USAGE
11:30:51.6 (6275727)|LIMIT_USAGE_FOR_NS|(default)|
  Number of SOQL queries: 0 out of 100
  Number of query rows: 0 out of 50000
  Number of SOSL queries: 0 out of 20
  Number of DML statements: 0 out of 150
  Number of Publish Immediate DML: 0 out of 150
  Number of DML rows: 0 out of 10000
  Maximum CPU time: 0 out of 10000
  Maximum heap size: 0 out of 6000000
  Number of callouts: 0 out of 100
  Number of Email Invocations: 0 out of 10
  Number of future calls: 0 out of 50
  Number of queueable jobs added to the queue: 0 out of 50
  Number of Mobile Apex push calls: 0 out of 10

11:30:51.6 (6275727)|CUMULATIVE_LIMIT_USAGE_END

11:30:51.0 (6322708)|CODE_UNIT_FINISHED|ObserveTuneController.getTuneData()
11:30:51.0 (6520993)|CODE_UNIT_FINISHED|apex://ObserveTuneController/ACTION$getTuneData
11:30:51.0 (6532783)|EXECUTION_FINISHED
