66.0 APEX_CODE,FINEST;APEX_PROFILING,INFO;CALLOUT,INFO;DATA_ACCESS,INFO;DB,INFO;NBA,INFO;SYSTEM,DEBUG;VALIDATION,INFO;VISUALFORCE,INFO;WAVE,INFO;WORKFLOW,INFO
11:20:38.1 (1231636)|USER_INFO|[EXTERNAL]|005dM00000bGQNp|pmandy.f7098e8d67c2@agentforce.com|(GMT-07:00) Pacific Daylight Time (America/Los_Angeles)|GMT-07:00
11:20:38.1 (1329161)|EXECUTION_STARTED
11:20:38.1 (1364733)|CODE_UNIT_STARTED|[EXTERNAL]|apex://ObserveTuneController/ACTION$getTuneData
11:20:38.1 (4061457)|CODE_UNIT_STARTED|[EXTERNAL]|01pdM00000WohAb|ObserveTuneController.getTuneData()
11:20:38.1 (8256501)|HEAP_ALLOCATE|[95]|Bytes:3
11:20:38.1 (8419901)|HEAP_ALLOCATE|[100]|Bytes:152
11:20:38.1 (8441152)|HEAP_ALLOCATE|[417]|Bytes:408
11:20:38.1 (8458602)|HEAP_ALLOCATE|[430]|Bytes:408
11:20:38.1 (8493334)|HEAP_ALLOCATE|[317]|Bytes:6
11:20:38.1 (8565968)|HEAP_ALLOCATE|[EXTERNAL]|Bytes:8
11:20:38.1 (8576938)|HEAP_ALLOCATE|[EXTERNAL]|Bytes:22
11:20:38.1 (8615050)|METHOD_ENTRY|[1]|01pdM00000WohAb|ObserveTuneController.ObserveTuneController()
11:20:38.1 (8641132)|STATEMENT_EXECUTE|[1]
11:20:38.1 (8656303)|STATEMENT_EXECUTE|[1]
11:20:38.1 (8683595)|HEAP_ALLOCATE|[68]|Bytes:5
11:20:38.1 (8748008)|HEAP_ALLOCATE|[74]|Bytes:5
11:20:38.1 (8759689)|HEAP_ALLOCATE|[82]|Bytes:7
11:20:38.1 (9181221)|HEAP_ALLOCATE|[EXTERNAL]|Bytes:5
11:20:38.1 (9213123)|METHOD_EXIT|[1]|ObserveTuneController
11:20:38.1 (9229704)|HEAP_ALLOCATE|[5]|Bytes:5
11:20:38.1 (9235144)|STATEMENT_EXECUTE|[4]
11:20:38.1 (9237504)|STATEMENT_EXECUTE|[5]
11:20:38.1 (9239484)|STATEMENT_EXECUTE|[5]
11:20:38.1 (9241504)|STATEMENT_EXECUTE|[6]
11:20:38.1 (9260295)|HEAP_ALLOCATE|[6]|Bytes:4
11:20:38.1 (9278226)|VARIABLE_SCOPE_BEGIN|[6]|data|Map<String,ANY>|true|false
11:20:38.1 (9353220)|VARIABLE_ASSIGNMENT|[6]|data|{}|0x2fb6d409
11:20:38.1 (9359391)|STATEMENT_EXECUTE|[9]
11:20:38.1 (9397583)|HEAP_ALLOCATE|[9]|Bytes:4
11:20:38.1 (9474577)|HEAP_ALLOCATE|[10]|Bytes:4
11:20:38.1 (9482907)|HEAP_ALLOCATE|[11]|Bytes:4
11:20:38.1 (9487257)|HEAP_ALLOCATE|[11]|Bytes:13
11:20:38.1 (9556511)|HEAP_ALLOCATE|[12]|Bytes:6
11:20:38.1 (9561842)|HEAP_ALLOCATE|[12]|Bytes:5
11:20:38.1 (9575022)|HEAP_ALLOCATE|[13]|Bytes:7
11:20:38.1 (9585532)|HEAP_ALLOCATE|[10]|Bytes:4
11:20:38.1 (9629625)|HEAP_ALLOCATE|[14]|Bytes:7
11:20:38.1 (9634535)|HEAP_ALLOCATE|[14]|Bytes:18
11:20:38.1 (9646216)|HEAP_ALLOCATE|[15]|Bytes:9
11:20:38.1 (9650896)|HEAP_ALLOCATE|[15]|Bytes:179
11:20:38.1 (9672107)|HEAP_ALLOCATE|[17]|Bytes:4
11:20:38.1 (9678877)|HEAP_ALLOCATE|[18]|Bytes:11
11:20:38.1 (9707730)|HEAP_ALLOCATE|[19]|Bytes:14
11:20:38.1 (9723870)|HEAP_ALLOCATE|[17]|Bytes:4
11:20:38.1 (9735331)|HEAP_ALLOCATE|[21]|Bytes:9
11:20:38.1 (9747052)|HEAP_ALLOCATE|[22]|Bytes:81
11:20:38.1 (9762063)|VARIABLE_SCOPE_BEGIN|[9]|cohortLeads|List<Map<String,ANY>>|true|false
11:20:38.1 (9808964)|HEAP_ALLOCATE|[EXTERNAL]|Bytes:12
11:20:38.1 (9845836)|VARIABLE_ASSIGNMENT|[9]|cohortLeads|[{"name":"Jennifer Park","status":"Bound","daysAgo":3,"verdict":"Decision Confirmed","reasoning":"Act classified Pursu (159 more) ..."},{"name":"Marcus Reed","status":"Window Timeout","daysAgo":5,"verdict":"No-Signal","reasoning":"Still in nurture win (61 more) ..."}]|0x1c657f97
11:20:38.1 (9854127)|STATEMENT_EXECUTE|[27]
11:20:38.1 (9861727)|HEAP_ALLOCATE|[27]|Bytes:4
11:20:38.1 (9883758)|HEAP_ALLOCATE|[28]|Bytes:4
11:20:38.1 (9889929)|HEAP_ALLOCATE|[29]|Bytes:5
11:20:38.1 (9894620)|HEAP_ALLOCATE|[29]|Bytes:99
11:20:38.1 (9921080)|HEAP_ALLOCATE|[30]|Bytes:6
11:20:38.1 (9925760)|HEAP_ALLOCATE|[30]|Bytes:46
11:20:38.1 (9937632)|HEAP_ALLOCATE|[31]|Bytes:6
11:20:38.1 (9941712)|HEAP_ALLOCATE|[31]|Bytes:24
11:20:38.1 (9957162)|HEAP_ALLOCATE|[33]|Bytes:4
11:20:38.1 (9962772)|HEAP_ALLOCATE|[34]|Bytes:72
11:20:38.1 (9987494)|HEAP_ALLOCATE|[35]|Bytes:21
11:20:38.1 (10000165)|HEAP_ALLOCATE|[36]|Bytes:24
11:20:38.1 (10015406)|HEAP_ALLOCATE|[38]|Bytes:4
11:20:38.1 (10021746)|HEAP_ALLOCATE|[39]|Bytes:78
11:20:38.1 (10046768)|HEAP_ALLOCATE|[40]|Bytes:55
11:20:38.1 (10059198)|HEAP_ALLOCATE|[41]|Bytes:25
11:20:38.1 (10071919)|VARIABLE_SCOPE_BEGIN|[27]|proposals|List<Map<String,ANY>>|true|false
11:20:38.1 (10092280)|HEAP_ALLOCATE|[EXTERNAL]|Bytes:16
11:20:38.1 (10113780)|VARIABLE_ASSIGNMENT|[27]|proposals|[{"title":"EverQuote source · P (79 more) ...","impact":"312 confirmed verdic (26 more) ...","change":"Tighten Pursue thres (4 more) ..."},{"title":"Household-match sign (52 more) ...","impact":"89 verdicts confirme (1 more) ...","change":"Increase weighting + (4 more) ..."},{"title":"New pattern: VINs >  (58 more) ...","impact":"Convert at 6.8% vs 1 (35 more) ...","change":"Recommend Nurture de (5 more) ..."}]|0x6e36b2f9
11:20:38.1 (10122852)|STATEMENT_EXECUTE|[45]
11:20:38.1 (10128272)|HEAP_ALLOCATE|[45]|Bytes:4
11:20:38.1 (10135452)|HEAP_ALLOCATE|[46]|Bytes:10
11:20:38.1 (10139493)|HEAP_ALLOCATE|[46]|Bytes:10
11:20:38.1 (10165164)|HEAP_ALLOCATE|[47]|Bytes:8
11:20:38.1 (10169954)|HEAP_ALLOCATE|[47]|Bytes:10
11:20:38.1 (10180975)|HEAP_ALLOCATE|[48]|Bytes:12
11:20:38.1 (10189835)|HEAP_ALLOCATE|[45]|Bytes:4
11:20:38.1 (10201896)|HEAP_ALLOCATE|[49]|Bytes:9
11:20:38.1 (10213537)|HEAP_ALLOCATE|[50]|Bytes:12
11:20:38.1 (10217567)|HEAP_ALLOCATE|[50]|Bytes:4
11:20:38.1 (10227887)|HEAP_ALLOCATE|[51]|Bytes:12
11:20:38.1 (10231878)|HEAP_ALLOCATE|[51]|Bytes:4
11:20:38.1 (10242158)|HEAP_ALLOCATE|[52]|Bytes:13
11:20:38.1 (10246178)|HEAP_ALLOCATE|[52]|Bytes:68
11:20:38.1 (10256559)|VARIABLE_SCOPE_BEGIN|[45]|tuneProposal|Map<String,ANY>|true|false
11:20:38.1 (10276710)|VARIABLE_ASSIGNMENT|[45]|tuneProposal|"Map of size 7 too large to display"|0x7515d9a8
11:20:38.1 (10281860)|STATEMENT_EXECUTE|[55]
11:20:38.1 (10284770)|HEAP_ALLOCATE|[55]|Bytes:11
11:20:38.1 (10349744)|HEAP_ALLOCATE|[EXTERNAL]|Bytes:-4
11:20:38.1 (10361874)|STATEMENT_EXECUTE|[56]
11:20:38.1 (10364955)|HEAP_ALLOCATE|[56]|Bytes:12
11:20:38.1 (10387076)|HEAP_ALLOCATE|[EXTERNAL]|Bytes:-4
11:20:38.1 (10394766)|STATEMENT_EXECUTE|[57]
11:20:38.1 (10397846)|HEAP_ALLOCATE|[57]|Bytes:7
11:20:38.1 (10426618)|HEAP_ALLOCATE|[57]|Bytes:5
11:20:38.1 (10432368)|HEAP_ALLOCATE|[EXTERNAL]|Bytes:-4
11:20:38.1 (10439978)|STATEMENT_EXECUTE|[59]
11:20:38.10 (10517733)|CUMULATIVE_LIMIT_USAGE
11:20:38.10 (10517733)|LIMIT_USAGE_FOR_NS|(default)|
  Number of SOQL queries: 0 out of 100
  Number of query rows: 0 out of 50000
  Number of SOSL queries: 0 out of 20
  Number of DML statements: 0 out of 150
  Number of Publish Immediate DML: 0 out of 150
  Number of DML rows: 0 out of 10000
  Maximum CPU time: 0 out of 10000
  Maximum heap size: 0 out of 6000000
  Number of callouts: 0 out of 100
  Number of Email Invocations: 0 out of 10
  Number of future calls: 0 out of 50
  Number of queueable jobs added to the queue: 0 out of 50
  Number of Mobile Apex push calls: 0 out of 10

11:20:38.10 (10517733)|CUMULATIVE_LIMIT_USAGE_END

11:20:38.1 (10572455)|CODE_UNIT_FINISHED|ObserveTuneController.getTuneData()
11:20:38.1 (10803778)|CODE_UNIT_FINISHED|apex://ObserveTuneController/ACTION$getTuneData
11:20:38.1 (10815869)|EXECUTION_FINISHED
