66.0 APEX_CODE,FINEST;APEX_PROFILING,INFO;CALLOUT,INFO;DATA_ACCESS,INFO;DB,INFO;NBA,INFO;SYSTEM,DEBUG;VALIDATION,INFO;VISUALFORCE,INFO;WAVE,INFO;WORKFLOW,INFO
12:17:35.0 (379280)|USER_INFO|[EXTERNAL]|005dM00000bGQNp|pmandy.f7098e8d67c2@agentforce.com|(GMT-07:00) Pacific Daylight Time (America/Los_Angeles)|GMT-07:00
12:17:35.0 (446634)|EXECUTION_STARTED
12:17:35.0 (485426)|CODE_UNIT_STARTED|[EXTERNAL]|apex://ObserveTuneController/ACTION$approveTuneAndPromote
12:17:35.0 (2201849)|CODE_UNIT_STARTED|[EXTERNAL]|01pdM00000WohAb|ObserveTuneController.approveTuneAndPromote()
12:17:35.0 (2590270)|HEAP_ALLOCATE|[95]|Bytes:3
12:17:35.0 (2762470)|HEAP_ALLOCATE|[100]|Bytes:152
12:17:35.0 (2781751)|HEAP_ALLOCATE|[417]|Bytes:408
12:17:35.0 (2807032)|HEAP_ALLOCATE|[430]|Bytes:408
12:17:35.0 (2843484)|HEAP_ALLOCATE|[317]|Bytes:6
12:17:35.0 (2909498)|HEAP_ALLOCATE|[EXTERNAL]|Bytes:8
12:17:35.0 (2915558)|HEAP_ALLOCATE|[EXTERNAL]|Bytes:22
12:17:35.0 (2993112)|METHOD_ENTRY|[1]|01pdM00000WohAb|ObserveTuneController.ObserveTuneController()
12:17:35.0 (3013383)|STATEMENT_EXECUTE|[1]
12:17:35.0 (3028524)|STATEMENT_EXECUTE|[1]
12:17:35.0 (3065126)|HEAP_ALLOCATE|[68]|Bytes:5
12:17:35.0 (3112439)|HEAP_ALLOCATE|[74]|Bytes:5
12:17:35.0 (3122649)|HEAP_ALLOCATE|[82]|Bytes:7
12:17:35.0 (3332310)|HEAP_ALLOCATE|[EXTERNAL]|Bytes:5
12:17:35.0 (3649408)|METHOD_EXIT|[1]|ObserveTuneController
12:17:35.0 (3667189)|HEAP_ALLOCATE|[67]|Bytes:5
12:17:35.0 (3672829)|STATEMENT_EXECUTE|[66]
12:17:35.0 (3675279)|STATEMENT_EXECUTE|[67]
12:17:35.0 (3677269)|STATEMENT_EXECUTE|[67]
12:17:35.0 (3679509)|STATEMENT_EXECUTE|[68]
12:17:35.0 (3686480)|HEAP_ALLOCATE|[68]|Bytes:41
12:17:35.0 (3788745)|USER_DEBUG|[68]|DEBUG|===== APPROVE TUNE & PROMOTE v2.8.0 =====
12:17:35.0 (3808426)|STATEMENT_EXECUTE|[71]
12:17:35.0 (3857479)|VARIABLE_SCOPE_BEGIN|[71]|req|System.HttpRequest|true|false
12:17:35.0 (4163376)|VARIABLE_ASSIGNMENT|[71]|req|"System.HttpRequest[Endpoint=null, Method=null]"|0x7e5a476e
12:17:35.0 (4183167)|STATEMENT_EXECUTE|[72]
12:17:35.0 (4189007)|HEAP_ALLOCATE|[72]|Bytes:42
12:17:35.0 (4295703)|STATEMENT_EXECUTE|[73]
12:17:35.0 (4298963)|HEAP_ALLOCATE|[73]|Bytes:4
12:17:35.0 (4328254)|STATEMENT_EXECUTE|[74]
12:17:35.0 (4331575)|HEAP_ALLOCATE|[74]|Bytes:12
12:17:35.0 (4338075)|HEAP_ALLOCATE|[74]|Bytes:16
12:17:35.0 (4371037)|STATEMENT_EXECUTE|[75]
12:17:35.0 (4391008)|HEAP_ALLOCATE|[75]|Bytes:4
12:17:35.0 (4407489)|HEAP_ALLOCATE|[76]|Bytes:12
12:17:35.0 (4412189)|HEAP_ALLOCATE|[76]|Bytes:6
12:17:35.0 (4513815)|HEAP_ALLOCATE|[77]|Bytes:6
12:17:35.0 (4519045)|HEAP_ALLOCATE|[77]|Bytes:45
12:17:35.0 (4566477)|HEAP_ALLOCATE|[75]|Bytes:24
12:17:35.0 (4587049)|SYSTEM_METHOD_ENTRY|[1]|JSON.JSON()
12:17:35.0 (4593869)|STATEMENT_EXECUTE|[1]
12:17:35.0 (4610960)|SYSTEM_METHOD_EXIT|[1]|JSON
12:17:35.0 (4653802)|METHOD_ENTRY|[75]||System.JSON.serialize(Object)
12:17:35.0 (9774190)|METHOD_EXIT|[75]||System.JSON.serialize(Object)
12:17:35.0 (9859934)|STATEMENT_EXECUTE|[80]
12:17:35.0 (9884206)|VARIABLE_SCOPE_BEGIN|[80]|http|System.Http|true|false
12:17:35.0 (9975421)|VARIABLE_ASSIGNMENT|[80]|http|"System.Http[]"|0x6c47c0fe
12:17:35.0 (9982791)|STATEMENT_EXECUTE|[81]
12:17:35.0 (10186902)|CALLOUT_REQUEST|[81]|System.HttpRequest[Endpoint=http://146.190.153.46:9000/update-champion, Method=POST]
12:17:35.0 (633136259)|HEAP_ALLOCATE|[EXTERNAL]|Bytes:292
12:17:35.0 (636258048)|CALLOUT_RESPONSE|[81]|System.HttpResponse[Status=OK, StatusCode=200]
12:17:35.0 (636290690)|HEAP_ALLOCATE|[81]|Bytes:61
12:17:35.0 (636324181)|VARIABLE_SCOPE_BEGIN|[81]|res|System.HttpResponse|true|false
12:17:35.0 (636408186)|VARIABLE_ASSIGNMENT|[81]|res|"System.HttpResponse[Status=OK, StatusCode=200]"|0xb562522
12:17:35.0 (636415566)|STATEMENT_EXECUTE|[83]
12:17:35.0 (636421957)|HEAP_ALLOCATE|[83]|Bytes:23
12:17:35.0 (636556084)|HEAP_ALLOCATE|[83]|Bytes:3
12:17:35.0 (636582065)|HEAP_ALLOCATE|[83]|Bytes:26
12:17:35.0 (636612897)|USER_DEBUG|[83]|DEBUG|LUMEN Response Status: 200
12:17:35.0 (636622977)|STATEMENT_EXECUTE|[84]
12:17:35.0 (636626138)|HEAP_ALLOCATE|[84]|Bytes:21
12:17:35.0 (636670300)|HEAP_ALLOCATE|[84]|Bytes:55
12:17:35.0 (636681161)|HEAP_ALLOCATE|[84]|Bytes:76
12:17:35.0 (636693811)|USER_DEBUG|[84]|DEBUG|LUMEN Response Body: {"success":false,"error":"champion_model not provided"}
12:17:35.0 (636726553)|STATEMENT_EXECUTE|[86]
12:17:35.0 (636729083)|STATEMENT_EXECUTE|[87]
12:17:35.0 (636732153)|HEAP_ALLOCATE|[87]|Bytes:39
12:17:35.0 (636755625)|USER_DEBUG|[87]|DEBUG|===== v2.8.0 PROMOTED TO CHAMPION =====
12:17:35.0 (636764365)|STATEMENT_EXECUTE|[90]
12:17:35.0 (659775222)|HEAP_ALLOCATE|[90]|Bytes:44
12:17:35.0 (659824575)|VARIABLE_SCOPE_BEGIN|[90]|config|Loom_Config__c|true|false
12:17:35.0 (660183264)|VARIABLE_ASSIGNMENT|[90]|config|{"LastModifiedDate":"2026-05-26T18:03:51.000Z","IsDeleted":false,"CreatedById":"005dM00000bGQNpQAO","CreatedDate":"2026-05-26T14:15:32.000Z","Id":"a0OdM00000QHtsLUAT","LastModifiedById":"005dM00000bGQNpQAO","SetupOwnerId":"00DdM00000wFcrbUAC","Champion_Model_Version__c":"v2.7.0","Name":"a0OdM00000QHtsL","SystemModstamp":"2026-05-26T18:03:51.000Z"}|0x48765d07
12:17:35.0 (660200335)|STATEMENT_EXECUTE|[91]
12:17:35.0 (660627208)|VARIABLE_ASSIGNMENT|[91]|this.Champion_Model_Version__c|"v2.8.0"|0x48765d07
12:17:35.0 (660654530)|STATEMENT_EXECUTE|[92]
12:17:35.0 (660806708)|HEAP_ALLOCATE|[92]|Bytes:8
12:17:35.0 (660859581)|DML_BEGIN|[92]|Op:Upsert|Type:Loom_Config__c|Rows:1
12:17:35.0 (660936705)|HEAP_ALLOCATE|[EXTERNAL]|Bytes:8
12:17:35.0 (702057143)|DML_END|[92]
12:17:35.0 (702246174)|STATEMENT_EXECUTE|[93]
12:17:35.0 (702256544)|HEAP_ALLOCATE|[93]|Bytes:58
12:17:35.0 (702335038)|USER_DEBUG|[93]|DEBUG|Custom setting updated: Champion_Model_Version__c = v2.8.0
12:17:35.0 (702347599)|STATEMENT_EXECUTE|[95]
12:17:35.0 (702367600)|HEAP_ALLOCATE|[95]|Bytes:4
12:17:35.0 (702379071)|HEAP_ALLOCATE|[96]|Bytes:7
12:17:35.0 (702448155)|HEAP_ALLOCATE|[95]|Bytes:5
12:17:35.0 (702465816)|HEAP_ALLOCATE|[97]|Bytes:7
12:17:35.0 (702470506)|HEAP_ALLOCATE|[97]|Bytes:27
12:17:35.0 (702484227)|HEAP_ALLOCATE|[98]|Bytes:8
12:17:35.0 (702497597)|HEAP_ALLOCATE|[99]|Bytes:13
12:17:35.0 (702501747)|HEAP_ALLOCATE|[99]|Bytes:6
12:17:35.720 (720760717)|CUMULATIVE_LIMIT_USAGE
12:17:35.720 (720760717)|LIMIT_USAGE_FOR_NS|(default)|
  Number of SOQL queries: 0 out of 100
  Number of query rows: 0 out of 50000
  Number of SOSL queries: 0 out of 20
  Number of DML statements: 1 out of 150
  Number of Publish Immediate DML: 0 out of 150
  Number of DML rows: 1 out of 10000
  Maximum CPU time: 0 out of 10000
  Maximum heap size: 0 out of 6000000
  Number of callouts: 1 out of 100
  Number of Email Invocations: 0 out of 10
  Number of future calls: 0 out of 50
  Number of queueable jobs added to the queue: 0 out of 50
  Number of Mobile Apex push calls: 0 out of 10

12:17:35.720 (720760717)|CUMULATIVE_LIMIT_USAGE_END

12:17:35.0 (720871913)|CODE_UNIT_FINISHED|ObserveTuneController.approveTuneAndPromote()
12:17:35.0 (721230993)|CODE_UNIT_FINISHED|apex://ObserveTuneController/ACTION$approveTuneAndPromote
12:17:35.0 (721245963)|EXECUTION_FINISHED
