66.0 APEX_CODE,FINEST;APEX_PROFILING,INFO;CALLOUT,INFO;DATA_ACCESS,INFO;DB,INFO;NBA,INFO;SYSTEM,DEBUG;VALIDATION,INFO;VISUALFORCE,INFO;WAVE,INFO;WORKFLOW,INFO
13:19:34.1 (1469971)|USER_INFO|[EXTERNAL]|005dM00000bGQNp|pmandy.f7098e8d67c2@agentforce.com|(GMT-07:00) Pacific Daylight Time (America/Los_Angeles)|GMT-07:00
13:19:34.1 (1555332)|EXECUTION_STARTED
13:19:34.1 (1586003)|CODE_UNIT_STARTED|[EXTERNAL]|apex://ObserveTuneController/ACTION$approveTuneAndPromote
13:19:34.1 (3190037)|CODE_UNIT_STARTED|[EXTERNAL]|01pdM00000WohAb|ObserveTuneController.approveTuneAndPromote()
13:19:34.1 (4697379)|HEAP_ALLOCATE|[95]|Bytes:3
13:19:34.1 (4830341)|HEAP_ALLOCATE|[100]|Bytes:152
13:19:34.1 (4852222)|HEAP_ALLOCATE|[417]|Bytes:408
13:19:34.1 (4867802)|HEAP_ALLOCATE|[430]|Bytes:408
13:19:34.1 (4895713)|HEAP_ALLOCATE|[317]|Bytes:6
13:19:34.1 (4946734)|HEAP_ALLOCATE|[EXTERNAL]|Bytes:8
13:19:34.1 (4960394)|HEAP_ALLOCATE|[EXTERNAL]|Bytes:22
13:19:34.1 (4994555)|METHOD_ENTRY|[1]|01pdM00000WohAb|ObserveTuneController.ObserveTuneController()
13:19:34.1 (5015705)|STATEMENT_EXECUTE|[1]
13:19:34.1 (5027636)|STATEMENT_EXECUTE|[1]
13:19:34.1 (5049986)|HEAP_ALLOCATE|[68]|Bytes:5
13:19:34.1 (5098527)|HEAP_ALLOCATE|[74]|Bytes:5
13:19:34.1 (5109767)|HEAP_ALLOCATE|[82]|Bytes:7
13:19:34.1 (5459205)|HEAP_ALLOCATE|[EXTERNAL]|Bytes:5
13:19:34.1 (5489545)|METHOD_EXIT|[1]|ObserveTuneController
13:19:34.1 (5506516)|HEAP_ALLOCATE|[67]|Bytes:5
13:19:34.1 (5511896)|STATEMENT_EXECUTE|[66]
13:19:34.1 (5514416)|STATEMENT_EXECUTE|[67]
13:19:34.1 (5516356)|STATEMENT_EXECUTE|[67]
13:19:34.1 (5518786)|STATEMENT_EXECUTE|[68]
13:19:34.1 (5522236)|HEAP_ALLOCATE|[68]|Bytes:41
13:19:34.1 (5606668)|USER_DEBUG|[68]|DEBUG|===== APPROVE TUNE & PROMOTE v2.8.0 =====
13:19:34.1 (5625178)|STATEMENT_EXECUTE|[71]
13:19:34.1 (5694820)|VARIABLE_SCOPE_BEGIN|[71]|req|System.HttpRequest|true|false
13:19:34.1 (6070518)|VARIABLE_ASSIGNMENT|[71]|req|"System.HttpRequest[Endpoint=null, Method=null]"|0x40cbcb84
13:19:34.1 (6079548)|STATEMENT_EXECUTE|[72]
13:19:34.1 (6084168)|HEAP_ALLOCATE|[72]|Bytes:42
13:19:34.1 (6179280)|STATEMENT_EXECUTE|[73]
13:19:34.1 (6182670)|HEAP_ALLOCATE|[73]|Bytes:4
13:19:34.1 (6215541)|STATEMENT_EXECUTE|[74]
13:19:34.1 (6218631)|HEAP_ALLOCATE|[74]|Bytes:12
13:19:34.1 (6223591)|HEAP_ALLOCATE|[74]|Bytes:16
13:19:34.1 (6260862)|STATEMENT_EXECUTE|[75]
13:19:34.1 (6277592)|HEAP_ALLOCATE|[75]|Bytes:4
13:19:34.1 (6293822)|HEAP_ALLOCATE|[76]|Bytes:12
13:19:34.1 (6298152)|HEAP_ALLOCATE|[76]|Bytes:6
13:19:34.1 (6355774)|HEAP_ALLOCATE|[77]|Bytes:6
13:19:34.1 (6360974)|HEAP_ALLOCATE|[77]|Bytes:45
13:19:34.1 (6405005)|HEAP_ALLOCATE|[75]|Bytes:24
13:19:34.1 (6416535)|SYSTEM_METHOD_ENTRY|[1]|JSON.JSON()
13:19:34.1 (6420085)|STATEMENT_EXECUTE|[1]
13:19:34.1 (6430475)|SYSTEM_METHOD_EXIT|[1]|JSON
13:19:34.1 (6445826)|METHOD_ENTRY|[75]||System.JSON.serialize(Object)
13:19:34.1 (8958899)|METHOD_EXIT|[75]||System.JSON.serialize(Object)
13:19:34.1 (9060831)|STATEMENT_EXECUTE|[80]
13:19:34.1 (9100942)|VARIABLE_SCOPE_BEGIN|[80]|http|System.Http|true|false
13:19:34.1 (9281665)|VARIABLE_ASSIGNMENT|[80]|http|"System.Http[]"|0x198f5566
13:19:34.1 (9288506)|STATEMENT_EXECUTE|[81]
13:19:34.1 (9461049)|CALLOUT_REQUEST|[81]|System.HttpRequest[Endpoint=http://146.190.153.46:9000/update-champion, Method=POST]
13:19:34.1 (640937383)|HEAP_ALLOCATE|[EXTERNAL]|Bytes:292
13:19:34.1 (644022268)|CALLOUT_RESPONSE|[81]|System.HttpResponse[Status=OK, StatusCode=200]
13:19:34.1 (644054528)|HEAP_ALLOCATE|[81]|Bytes:61
13:19:34.1 (644090849)|VARIABLE_SCOPE_BEGIN|[81]|res|System.HttpResponse|true|false
13:19:34.1 (644157811)|VARIABLE_ASSIGNMENT|[81]|res|"System.HttpResponse[Status=OK, StatusCode=200]"|0x61060776
13:19:34.1 (644165671)|STATEMENT_EXECUTE|[83]
13:19:34.1 (644172241)|HEAP_ALLOCATE|[83]|Bytes:23
13:19:34.1 (644277793)|HEAP_ALLOCATE|[83]|Bytes:3
13:19:34.1 (644297233)|HEAP_ALLOCATE|[83]|Bytes:26
13:19:34.1 (644320943)|USER_DEBUG|[83]|DEBUG|LUMEN Response Status: 200
13:19:34.1 (644330314)|STATEMENT_EXECUTE|[84]
13:19:34.1 (644333263)|HEAP_ALLOCATE|[84]|Bytes:21
13:19:34.1 (644380235)|HEAP_ALLOCATE|[84]|Bytes:55
13:19:34.1 (644390535)|HEAP_ALLOCATE|[84]|Bytes:76
13:19:34.1 (644400856)|USER_DEBUG|[84]|DEBUG|LUMEN Response Body: {"success":false,"error":"champion_model not provided"}
13:19:34.1 (644426705)|STATEMENT_EXECUTE|[86]
13:19:34.1 (644429145)|STATEMENT_EXECUTE|[87]
13:19:34.1 (644431985)|HEAP_ALLOCATE|[87]|Bytes:39
13:19:34.1 (644453746)|USER_DEBUG|[87]|DEBUG|===== v2.8.0 PROMOTED TO CHAMPION =====
13:19:34.1 (644462557)|STATEMENT_EXECUTE|[90]
13:19:34.1 (646565191)|HEAP_ALLOCATE|[90]|Bytes:44
13:19:34.1 (646593982)|VARIABLE_SCOPE_BEGIN|[90]|config|Loom_Config__c|true|false
13:19:34.1 (646815596)|VARIABLE_ASSIGNMENT|[90]|config|{"LastModifiedDate":"2026-05-26T20:19:13.000Z","IsDeleted":false,"CreatedById":"005dM00000bGQNpQAO","CreatedDate":"2026-05-26T14:15:32.000Z","Id":"a0OdM00000QHtsLUAT","LastModifiedById":"005dM00000bGQNpQAO","SetupOwnerId":"00DdM00000wFcrbUAC","Champion_Model_Version__c":"v2.8.0","Name":"a0OdM00000QHtsL","SystemModstamp":"2026-05-26T20:19:13.000Z"}|0x17560bca
13:19:34.1 (646827497)|STATEMENT_EXECUTE|[91]
13:19:34.1 (646987650)|VARIABLE_ASSIGNMENT|[91]|this.Champion_Model_Version__c|"v2.8.0"|0x17560bca
13:19:34.1 (646996261)|STATEMENT_EXECUTE|[92]
13:19:34.1 (647055972)|HEAP_ALLOCATE|[92]|Bytes:8
13:19:34.1 (647082412)|DML_BEGIN|[92]|Op:Upsert|Type:Loom_Config__c|Rows:1
13:19:34.1 (647120903)|HEAP_ALLOCATE|[EXTERNAL]|Bytes:8
13:19:34.1 (675914431)|DML_END|[92]
13:19:34.1 (676144606)|STATEMENT_EXECUTE|[93]
13:19:34.1 (676158877)|HEAP_ALLOCATE|[93]|Bytes:58
13:19:34.1 (676247777)|USER_DEBUG|[93]|DEBUG|Custom setting updated: Champion_Model_Version__c = v2.8.0
13:19:34.1 (676264978)|STATEMENT_EXECUTE|[95]
13:19:34.1 (676286809)|HEAP_ALLOCATE|[95]|Bytes:4
13:19:34.1 (676302960)|HEAP_ALLOCATE|[96]|Bytes:7
13:19:34.1 (676397952)|HEAP_ALLOCATE|[95]|Bytes:5
13:19:34.1 (676414212)|HEAP_ALLOCATE|[97]|Bytes:7
13:19:34.1 (676418901)|HEAP_ALLOCATE|[97]|Bytes:27
13:19:34.1 (676434292)|HEAP_ALLOCATE|[98]|Bytes:8
13:19:34.1 (676448222)|HEAP_ALLOCATE|[99]|Bytes:13
13:19:34.1 (676452453)|HEAP_ALLOCATE|[99]|Bytes:6
13:19:34.690 (690596431)|CUMULATIVE_LIMIT_USAGE
13:19:34.690 (690596431)|LIMIT_USAGE_FOR_NS|(default)|
  Number of SOQL queries: 0 out of 100
  Number of query rows: 0 out of 50000
  Number of SOSL queries: 0 out of 20
  Number of DML statements: 1 out of 150
  Number of Publish Immediate DML: 0 out of 150
  Number of DML rows: 1 out of 10000
  Maximum CPU time: 0 out of 10000
  Maximum heap size: 0 out of 6000000
  Number of callouts: 1 out of 100
  Number of Email Invocations: 0 out of 10
  Number of future calls: 0 out of 50
  Number of queueable jobs added to the queue: 0 out of 50
  Number of Mobile Apex push calls: 0 out of 10

13:19:34.690 (690596431)|CUMULATIVE_LIMIT_USAGE_END

13:19:34.1 (690691743)|CODE_UNIT_FINISHED|ObserveTuneController.approveTuneAndPromote()
13:19:34.1 (691024160)|CODE_UNIT_FINISHED|apex://ObserveTuneController/ACTION$approveTuneAndPromote
13:19:34.1 (691044770)|EXECUTION_FINISHED
