66.0 APEX_CODE,FINEST;APEX_PROFILING,INFO;CALLOUT,INFO;DATA_ACCESS,INFO;DB,INFO;NBA,INFO;SYSTEM,DEBUG;VALIDATION,INFO;VISUALFORCE,INFO;WAVE,INFO;WORKFLOW,INFO
12:38:50.1 (1440532)|USER_INFO|[EXTERNAL]|005dM00000bGQNp|pmandy.f7098e8d67c2@agentforce.com|(GMT-07:00) Pacific Daylight Time (America/Los_Angeles)|GMT-07:00
12:38:50.1 (1500765)|EXECUTION_STARTED
12:38:50.1 (1528077)|CODE_UNIT_STARTED|[EXTERNAL]|apex://ObserveTuneController/ACTION$approveTuneAndPromote
12:38:50.1 (2954959)|CODE_UNIT_STARTED|[EXTERNAL]|01pdM00000WohAb|ObserveTuneController.approveTuneAndPromote()
12:38:50.1 (3335688)|HEAP_ALLOCATE|[95]|Bytes:3
12:38:50.1 (3442434)|HEAP_ALLOCATE|[100]|Bytes:152
12:38:50.1 (3460715)|HEAP_ALLOCATE|[417]|Bytes:408
12:38:50.1 (3475075)|HEAP_ALLOCATE|[430]|Bytes:408
12:38:50.1 (3499206)|HEAP_ALLOCATE|[317]|Bytes:6
12:38:50.1 (3514547)|HEAP_ALLOCATE|[EXTERNAL]|Bytes:8
12:38:50.1 (3530568)|HEAP_ALLOCATE|[EXTERNAL]|Bytes:22
12:38:50.1 (3556919)|METHOD_ENTRY|[1]|01pdM00000WohAb|ObserveTuneController.ObserveTuneController()
12:38:50.1 (3574850)|STATEMENT_EXECUTE|[1]
12:38:50.1 (3585181)|STATEMENT_EXECUTE|[1]
12:38:50.1 (3603652)|HEAP_ALLOCATE|[68]|Bytes:5
12:38:50.1 (3641284)|HEAP_ALLOCATE|[74]|Bytes:5
12:38:50.1 (3652894)|HEAP_ALLOCATE|[82]|Bytes:7
12:38:50.1 (4036564)|HEAP_ALLOCATE|[EXTERNAL]|Bytes:5
12:38:50.1 (4064785)|METHOD_EXIT|[1]|ObserveTuneController
12:38:50.1 (4078286)|HEAP_ALLOCATE|[67]|Bytes:5
12:38:50.1 (4084386)|STATEMENT_EXECUTE|[66]
12:38:50.1 (4086746)|STATEMENT_EXECUTE|[67]
12:38:50.1 (4088716)|STATEMENT_EXECUTE|[67]
12:38:50.1 (4090906)|STATEMENT_EXECUTE|[68]
12:38:50.1 (4094237)|HEAP_ALLOCATE|[68]|Bytes:41
12:38:50.1 (4188491)|USER_DEBUG|[68]|DEBUG|===== APPROVE TUNE & PROMOTE v2.8.0 =====
12:38:50.1 (4216703)|STATEMENT_EXECUTE|[71]
12:38:50.1 (4258925)|VARIABLE_SCOPE_BEGIN|[71]|req|System.HttpRequest|true|false
12:38:50.1 (4486796)|VARIABLE_ASSIGNMENT|[71]|req|"System.HttpRequest[Endpoint=null, Method=null]"|0x496e3dd
12:38:50.1 (4502307)|STATEMENT_EXECUTE|[72]
12:38:50.1 (4506657)|HEAP_ALLOCATE|[72]|Bytes:42
12:38:50.1 (4602462)|STATEMENT_EXECUTE|[73]
12:38:50.1 (4605812)|HEAP_ALLOCATE|[73]|Bytes:4
12:38:50.1 (4634104)|STATEMENT_EXECUTE|[74]
12:38:50.1 (4637164)|HEAP_ALLOCATE|[74]|Bytes:12
12:38:50.1 (4643224)|HEAP_ALLOCATE|[74]|Bytes:16
12:38:50.1 (4699497)|STATEMENT_EXECUTE|[75]
12:38:50.1 (4715418)|HEAP_ALLOCATE|[75]|Bytes:4
12:38:50.1 (4732179)|HEAP_ALLOCATE|[76]|Bytes:12
12:38:50.1 (4738749)|HEAP_ALLOCATE|[76]|Bytes:6
12:38:50.1 (4803492)|HEAP_ALLOCATE|[77]|Bytes:6
12:38:50.1 (4810473)|HEAP_ALLOCATE|[77]|Bytes:45
12:38:50.1 (4846595)|HEAP_ALLOCATE|[75]|Bytes:24
12:38:50.1 (4857035)|SYSTEM_METHOD_ENTRY|[1]|JSON.JSON()
12:38:50.1 (4860475)|STATEMENT_EXECUTE|[1]
12:38:50.1 (4870106)|SYSTEM_METHOD_EXIT|[1]|JSON
12:38:50.1 (4880116)|METHOD_ENTRY|[75]||System.JSON.serialize(Object)
12:38:50.1 (7446996)|METHOD_EXIT|[75]||System.JSON.serialize(Object)
12:38:50.1 (7517890)|STATEMENT_EXECUTE|[80]
12:38:50.1 (7545131)|VARIABLE_SCOPE_BEGIN|[80]|http|System.Http|true|false
12:38:50.1 (7609644)|VARIABLE_ASSIGNMENT|[80]|http|"System.Http[]"|0x755fe2a6
12:38:50.1 (7618155)|STATEMENT_EXECUTE|[81]
12:38:50.1 (7725060)|CALLOUT_REQUEST|[81]|System.HttpRequest[Endpoint=http://146.190.153.46:9000/update-champion, Method=POST]
12:38:50.1 (616411934)|HEAP_ALLOCATE|[EXTERNAL]|Bytes:292
12:38:50.1 (618486069)|CALLOUT_RESPONSE|[81]|System.HttpResponse[Status=OK, StatusCode=200]
12:38:50.1 (618518961)|HEAP_ALLOCATE|[81]|Bytes:61
12:38:50.1 (618610705)|VARIABLE_SCOPE_BEGIN|[81]|res|System.HttpResponse|true|false
12:38:50.1 (618693229)|VARIABLE_ASSIGNMENT|[81]|res|"System.HttpResponse[Status=OK, StatusCode=200]"|0x135d6a45
12:38:50.1 (618700380)|STATEMENT_EXECUTE|[83]
12:38:50.1 (618706530)|HEAP_ALLOCATE|[83]|Bytes:23
12:38:50.1 (618845276)|HEAP_ALLOCATE|[83]|Bytes:3
12:38:50.1 (618868289)|HEAP_ALLOCATE|[83]|Bytes:26
12:38:50.1 (618895940)|USER_DEBUG|[83]|DEBUG|LUMEN Response Status: 200
12:38:50.1 (618906190)|STATEMENT_EXECUTE|[84]
12:38:50.1 (618909781)|HEAP_ALLOCATE|[84]|Bytes:21
12:38:50.1 (618947463)|HEAP_ALLOCATE|[84]|Bytes:55
12:38:50.1 (618958553)|HEAP_ALLOCATE|[84]|Bytes:76
12:38:50.1 (618969354)|USER_DEBUG|[84]|DEBUG|LUMEN Response Body: {"success":false,"error":"champion_model not provided"}
12:38:50.1 (618995324)|STATEMENT_EXECUTE|[86]
12:38:50.1 (618997625)|STATEMENT_EXECUTE|[87]
12:38:50.1 (619001815)|HEAP_ALLOCATE|[87]|Bytes:39
12:38:50.1 (619029237)|USER_DEBUG|[87]|DEBUG|===== v2.8.0 PROMOTED TO CHAMPION =====
12:38:50.1 (619041917)|STATEMENT_EXECUTE|[90]
12:38:50.1 (638239508)|HEAP_ALLOCATE|[90]|Bytes:44
12:38:50.1 (638350603)|VARIABLE_SCOPE_BEGIN|[90]|config|Loom_Config__c|true|false
12:38:50.1 (638665339)|VARIABLE_ASSIGNMENT|[90]|config|{"LastModifiedDate":"2026-05-26T19:36:05.000Z","IsDeleted":false,"CreatedById":"005dM00000bGQNpQAO","CreatedDate":"2026-05-26T14:15:32.000Z","Id":"a0OdM00000QHtsLUAT","LastModifiedById":"005dM00000bGQNpQAO","SetupOwnerId":"00DdM00000wFcrbUAC","Champion_Model_Version__c":"v2.8.0","Name":"a0OdM00000QHtsL","SystemModstamp":"2026-05-26T19:36:05.000Z"}|0x69e8a619
12:38:50.1 (638681500)|STATEMENT_EXECUTE|[91]
12:38:50.1 (638877449)|VARIABLE_ASSIGNMENT|[91]|this.Champion_Model_Version__c|"v2.8.0"|0x69e8a619
12:38:50.1 (638886670)|STATEMENT_EXECUTE|[92]
12:38:50.1 (638967264)|HEAP_ALLOCATE|[92]|Bytes:8
12:38:50.1 (638993146)|DML_BEGIN|[92]|Op:Upsert|Type:Loom_Config__c|Rows:1
12:38:50.1 (639036558)|HEAP_ALLOCATE|[EXTERNAL]|Bytes:8
12:38:50.1 (693877980)|DML_END|[92]
12:38:50.1 (694077300)|STATEMENT_EXECUTE|[93]
12:38:50.1 (694089060)|HEAP_ALLOCATE|[93]|Bytes:58
12:38:50.1 (694174975)|USER_DEBUG|[93]|DEBUG|Custom setting updated: Champion_Model_Version__c = v2.8.0
12:38:50.1 (694192725)|STATEMENT_EXECUTE|[95]
12:38:50.1 (694216827)|HEAP_ALLOCATE|[95]|Bytes:4
12:38:50.1 (694228337)|HEAP_ALLOCATE|[96]|Bytes:7
12:38:50.1 (694291241)|HEAP_ALLOCATE|[95]|Bytes:5
12:38:50.1 (694309322)|HEAP_ALLOCATE|[97]|Bytes:7
12:38:50.1 (694314682)|HEAP_ALLOCATE|[97]|Bytes:27
12:38:50.1 (694330023)|HEAP_ALLOCATE|[98]|Bytes:8
12:38:50.1 (694344363)|HEAP_ALLOCATE|[99]|Bytes:13
12:38:50.1 (694349144)|HEAP_ALLOCATE|[99]|Bytes:6
12:38:50.721 (721221762)|CUMULATIVE_LIMIT_USAGE
12:38:50.721 (721221762)|LIMIT_USAGE_FOR_NS|(default)|
  Number of SOQL queries: 0 out of 100
  Number of query rows: 0 out of 50000
  Number of SOSL queries: 0 out of 20
  Number of DML statements: 1 out of 150
  Number of Publish Immediate DML: 0 out of 150
  Number of DML rows: 1 out of 10000
  Maximum CPU time: 0 out of 10000
  Maximum heap size: 0 out of 6000000
  Number of callouts: 1 out of 100
  Number of Email Invocations: 0 out of 10
  Number of future calls: 0 out of 50
  Number of queueable jobs added to the queue: 0 out of 50
  Number of Mobile Apex push calls: 0 out of 10

12:38:50.721 (721221762)|CUMULATIVE_LIMIT_USAGE_END

12:38:50.1 (721334056)|CODE_UNIT_FINISHED|ObserveTuneController.approveTuneAndPromote()
12:38:50.1 (721617591)|CODE_UNIT_FINISHED|apex://ObserveTuneController/ACTION$approveTuneAndPromote
12:38:50.1 (721631722)|EXECUTION_FINISHED
