66.0 APEX_CODE,FINEST;APEX_PROFILING,INFO;CALLOUT,INFO;DATA_ACCESS,INFO;DB,INFO;NBA,INFO;SYSTEM,DEBUG;VALIDATION,INFO;VISUALFORCE,INFO;WAVE,INFO;WORKFLOW,INFO
11:08:40.0 (901480)|USER_INFO|[EXTERNAL]|005dM00000bGQNp|pmandy.f7098e8d67c2@agentforce.com|(GMT-07:00) Pacific Daylight Time (America/Los_Angeles)|GMT-07:00
11:08:40.0 (973660)|EXECUTION_STARTED
11:08:40.0 (1005112)|CODE_UNIT_STARTED|[EXTERNAL]|apex://ObserveTuneController/ACTION$getTuneData
11:08:40.0 (2087285)|CODE_UNIT_STARTED|[EXTERNAL]|01pdM00000WohAb|ObserveTuneController.getTuneData()
11:08:40.0 (3958305)|HEAP_ALLOCATE|[95]|Bytes:3
11:08:40.0 (4086247)|HEAP_ALLOCATE|[100]|Bytes:152
11:08:40.0 (4107998)|HEAP_ALLOCATE|[417]|Bytes:408
11:08:40.0 (4135008)|HEAP_ALLOCATE|[430]|Bytes:408
11:08:40.0 (4177300)|HEAP_ALLOCATE|[317]|Bytes:6
11:08:40.0 (4236511)|HEAP_ALLOCATE|[EXTERNAL]|Bytes:8
11:08:40.0 (4243421)|HEAP_ALLOCATE|[EXTERNAL]|Bytes:22
11:08:40.0 (4273522)|METHOD_ENTRY|[1]|01pdM00000WohAb|ObserveTuneController.ObserveTuneController()
11:08:40.0 (4292152)|STATEMENT_EXECUTE|[1]
11:08:40.0 (4307463)|STATEMENT_EXECUTE|[1]
11:08:40.0 (4330123)|HEAP_ALLOCATE|[68]|Bytes:5
11:08:40.0 (4373724)|HEAP_ALLOCATE|[74]|Bytes:5
11:08:40.0 (4385054)|HEAP_ALLOCATE|[82]|Bytes:7
11:08:40.0 (4773952)|HEAP_ALLOCATE|[EXTERNAL]|Bytes:5
11:08:40.0 (4802203)|METHOD_EXIT|[1]|ObserveTuneController
11:08:40.0 (4817093)|HEAP_ALLOCATE|[5]|Bytes:5
11:08:40.0 (4823333)|STATEMENT_EXECUTE|[4]
11:08:40.0 (4826484)|STATEMENT_EXECUTE|[5]
11:08:40.0 (4829234)|STATEMENT_EXECUTE|[5]
11:08:40.0 (4831984)|STATEMENT_EXECUTE|[6]
11:08:40.0 (4854384)|HEAP_ALLOCATE|[6]|Bytes:4
11:08:40.0 (4906975)|VARIABLE_SCOPE_BEGIN|[6]|data|Map<String,ANY>|true|false
11:08:40.0 (5031098)|VARIABLE_ASSIGNMENT|[6]|data|{}|0x721e72b5
11:08:40.0 (5039388)|STATEMENT_EXECUTE|[9]
11:08:40.0 (5077269)|HEAP_ALLOCATE|[9]|Bytes:4
11:08:40.0 (5172271)|HEAP_ALLOCATE|[10]|Bytes:4
11:08:40.0 (5180901)|HEAP_ALLOCATE|[11]|Bytes:4
11:08:40.0 (5186751)|HEAP_ALLOCATE|[11]|Bytes:13
11:08:40.0 (5260253)|HEAP_ALLOCATE|[12]|Bytes:6
11:08:40.0 (5266973)|HEAP_ALLOCATE|[12]|Bytes:5
11:08:40.0 (5282873)|HEAP_ALLOCATE|[13]|Bytes:7
11:08:40.0 (5295253)|HEAP_ALLOCATE|[10]|Bytes:4
11:08:40.0 (5322484)|HEAP_ALLOCATE|[14]|Bytes:7
11:08:40.0 (5328634)|HEAP_ALLOCATE|[14]|Bytes:18
11:08:40.0 (5342885)|HEAP_ALLOCATE|[15]|Bytes:9
11:08:40.0 (5348726)|HEAP_ALLOCATE|[15]|Bytes:179
11:08:40.0 (5374735)|HEAP_ALLOCATE|[17]|Bytes:4
11:08:40.0 (5382515)|HEAP_ALLOCATE|[18]|Bytes:11
11:08:40.0 (5413316)|HEAP_ALLOCATE|[19]|Bytes:14
11:08:40.0 (5432656)|HEAP_ALLOCATE|[17]|Bytes:4
11:08:40.0 (5445657)|HEAP_ALLOCATE|[21]|Bytes:9
11:08:40.0 (5459577)|HEAP_ALLOCATE|[22]|Bytes:81
11:08:40.0 (5539549)|VARIABLE_SCOPE_BEGIN|[9]|cohortLeads|List<Map<String,ANY>>|true|false
11:08:40.0 (5591350)|HEAP_ALLOCATE|[EXTERNAL]|Bytes:12
11:08:40.0 (5635281)|VARIABLE_ASSIGNMENT|[9]|cohortLeads|[{"name":"Jennifer Park","status":"Bound","daysAgo":3,"verdict":"Decision Confirmed","reasoning":"Act classified Pursu (159 more) ..."},{"name":"Marcus Reed","status":"Window Timeout","daysAgo":5,"verdict":"No-Signal","reasoning":"Still in nurture win (61 more) ..."}]|0x1a53c5f7
11:08:40.0 (5645021)|STATEMENT_EXECUTE|[27]
11:08:40.0 (5655581)|HEAP_ALLOCATE|[27]|Bytes:4
11:08:40.0 (5681332)|HEAP_ALLOCATE|[28]|Bytes:4
11:08:40.0 (5688922)|HEAP_ALLOCATE|[29]|Bytes:5
11:08:40.0 (5694442)|HEAP_ALLOCATE|[29]|Bytes:99
11:08:40.0 (5725373)|HEAP_ALLOCATE|[30]|Bytes:6
11:08:40.0 (5731353)|HEAP_ALLOCATE|[30]|Bytes:46
11:08:40.0 (5746433)|HEAP_ALLOCATE|[31]|Bytes:6
11:08:40.0 (5751953)|HEAP_ALLOCATE|[31]|Bytes:24
11:08:40.0 (5772983)|HEAP_ALLOCATE|[33]|Bytes:4
11:08:40.0 (5780884)|HEAP_ALLOCATE|[34]|Bytes:72
11:08:40.0 (5808674)|HEAP_ALLOCATE|[35]|Bytes:21
11:08:40.0 (5824624)|HEAP_ALLOCATE|[36]|Bytes:24
11:08:40.0 (5844275)|HEAP_ALLOCATE|[38]|Bytes:4
11:08:40.0 (5852035)|HEAP_ALLOCATE|[39]|Bytes:78
11:08:40.0 (5879566)|HEAP_ALLOCATE|[40]|Bytes:55
11:08:40.0 (5895246)|HEAP_ALLOCATE|[41]|Bytes:25
11:08:40.0 (5911606)|VARIABLE_SCOPE_BEGIN|[27]|proposals|List<Map<String,ANY>>|true|false
11:08:40.0 (5948818)|HEAP_ALLOCATE|[EXTERNAL]|Bytes:16
11:08:40.0 (5974638)|VARIABLE_ASSIGNMENT|[27]|proposals|[{"title":"EverQuote source · P (79 more) ...","impact":"312 confirmed verdic (26 more) ...","change":"Tighten Pursue thres (4 more) ..."},{"title":"Household-match sign (52 more) ...","impact":"89 verdicts confirme (1 more) ...","change":"Increase weighting + (4 more) ..."},{"title":"New pattern: VINs >  (58 more) ...","impact":"Convert at 6.8% vs 1 (35 more) ...","change":"Recommend Nurture de (5 more) ..."}]|0x368b24a8
11:08:40.0 (5987659)|STATEMENT_EXECUTE|[45]
11:08:40.0 (5995158)|HEAP_ALLOCATE|[45]|Bytes:4
11:08:40.0 (6002848)|HEAP_ALLOCATE|[46]|Bytes:10
11:08:40.0 (6008869)|HEAP_ALLOCATE|[46]|Bytes:10
11:08:40.0 (6038540)|HEAP_ALLOCATE|[47]|Bytes:8
11:08:40.0 (6044969)|HEAP_ALLOCATE|[47]|Bytes:10
11:08:40.0 (6059830)|HEAP_ALLOCATE|[48]|Bytes:12
11:08:40.0 (6070080)|HEAP_ALLOCATE|[45]|Bytes:4
11:08:40.0 (6084760)|HEAP_ALLOCATE|[49]|Bytes:9
11:08:40.0 (6099621)|HEAP_ALLOCATE|[50]|Bytes:12
11:08:40.0 (6105061)|HEAP_ALLOCATE|[50]|Bytes:4
11:08:40.0 (6119401)|HEAP_ALLOCATE|[51]|Bytes:12
11:08:40.0 (6124531)|HEAP_ALLOCATE|[51]|Bytes:4
11:08:40.0 (6138681)|HEAP_ALLOCATE|[52]|Bytes:13
11:08:40.0 (6143851)|HEAP_ALLOCATE|[52]|Bytes:68
11:08:40.0 (6158001)|VARIABLE_SCOPE_BEGIN|[45]|tuneProposal|Map<String,ANY>|true|false
11:08:40.0 (6360616)|VARIABLE_ASSIGNMENT|[45]|tuneProposal|"Map of size 7 too large to display"|0x1be1105e
11:08:40.0 (6367847)|STATEMENT_EXECUTE|[55]
11:08:40.0 (6372167)|HEAP_ALLOCATE|[55]|Bytes:11
11:08:40.0 (6402657)|HEAP_ALLOCATE|[EXTERNAL]|Bytes:-4
11:08:40.0 (6412577)|STATEMENT_EXECUTE|[56]
11:08:40.0 (6416697)|HEAP_ALLOCATE|[56]|Bytes:12
11:08:40.0 (6438598)|HEAP_ALLOCATE|[EXTERNAL]|Bytes:-4
11:08:40.0 (6447898)|STATEMENT_EXECUTE|[57]
11:08:40.0 (6452049)|HEAP_ALLOCATE|[57]|Bytes:7
11:08:40.0 (6479578)|HEAP_ALLOCATE|[57]|Bytes:5
11:08:40.0 (6486498)|HEAP_ALLOCATE|[EXTERNAL]|Bytes:-4
11:08:40.0 (6495720)|STATEMENT_EXECUTE|[59]
11:08:40.6 (6590981)|CUMULATIVE_LIMIT_USAGE
11:08:40.6 (6590981)|LIMIT_USAGE_FOR_NS|(default)|
  Number of SOQL queries: 0 out of 100
  Number of query rows: 0 out of 50000
  Number of SOSL queries: 0 out of 20
  Number of DML statements: 0 out of 150
  Number of Publish Immediate DML: 0 out of 150
  Number of DML rows: 0 out of 10000
  Maximum CPU time: 0 out of 10000
  Maximum heap size: 0 out of 6000000
  Number of callouts: 0 out of 100
  Number of Email Invocations: 0 out of 10
  Number of future calls: 0 out of 50
  Number of queueable jobs added to the queue: 0 out of 50
  Number of Mobile Apex push calls: 0 out of 10

11:08:40.6 (6590981)|CUMULATIVE_LIMIT_USAGE_END

11:08:40.0 (6655173)|CODE_UNIT_FINISHED|ObserveTuneController.getTuneData()
11:08:40.0 (6928039)|CODE_UNIT_FINISHED|apex://ObserveTuneController/ACTION$getTuneData
11:08:40.0 (6942409)|EXECUTION_FINISHED
