66.0 APEX_CODE,FINEST;APEX_PROFILING,INFO;CALLOUT,INFO;DATA_ACCESS,INFO;DB,INFO;NBA,INFO;SYSTEM,DEBUG;VALIDATION,INFO;VISUALFORCE,INFO;WAVE,INFO;WORKFLOW,INFO
11:30:51.0 (866292)|USER_INFO|[EXTERNAL]|005dM00000bGQNp|pmandy.f7098e8d67c2@agentforce.com|(GMT-07:00) Pacific Daylight Time (America/Los_Angeles)|GMT-07:00
11:30:51.0 (927527)|EXECUTION_STARTED
11:30:51.0 (954999)|CODE_UNIT_STARTED|[EXTERNAL]|apex://ObserveTuneController/ACTION$getTuneData
11:30:51.0 (2001645)|CODE_UNIT_STARTED|[EXTERNAL]|01pdM00000WohAb|ObserveTuneController.getTuneData()
11:30:51.0 (3765801)|HEAP_ALLOCATE|[95]|Bytes:3
11:30:51.0 (3900182)|HEAP_ALLOCATE|[100]|Bytes:152
11:30:51.0 (3918143)|HEAP_ALLOCATE|[417]|Bytes:408
11:30:51.0 (3932923)|HEAP_ALLOCATE|[430]|Bytes:408
11:30:51.0 (3962657)|HEAP_ALLOCATE|[317]|Bytes:6
11:30:51.0 (4021652)|HEAP_ALLOCATE|[EXTERNAL]|Bytes:8
11:30:51.0 (4027552)|HEAP_ALLOCATE|[EXTERNAL]|Bytes:22
11:30:51.0 (4054064)|METHOD_ENTRY|[1]|01pdM00000WohAb|ObserveTuneController.ObserveTuneController()
11:30:51.0 (4076406)|STATEMENT_EXECUTE|[1]
11:30:51.0 (4089207)|STATEMENT_EXECUTE|[1]
11:30:51.0 (4110239)|HEAP_ALLOCATE|[68]|Bytes:5
11:30:51.0 (4153042)|HEAP_ALLOCATE|[74]|Bytes:5
11:30:51.0 (4162433)|HEAP_ALLOCATE|[82]|Bytes:7
11:30:51.0 (4555795)|HEAP_ALLOCATE|[EXTERNAL]|Bytes:5
11:30:51.0 (4582998)|METHOD_EXIT|[1]|ObserveTuneController
11:30:51.0 (4599149)|HEAP_ALLOCATE|[5]|Bytes:5
11:30:51.0 (4604309)|STATEMENT_EXECUTE|[4]
11:30:51.0 (4606960)|STATEMENT_EXECUTE|[5]
11:30:51.0 (4608900)|STATEMENT_EXECUTE|[5]
11:30:51.0 (4611140)|STATEMENT_EXECUTE|[6]
11:30:51.0 (4632522)|HEAP_ALLOCATE|[6]|Bytes:4
11:30:51.0 (4656224)|VARIABLE_SCOPE_BEGIN|[6]|data|Map<String,ANY>|true|false
11:30:51.0 (4749121)|VARIABLE_ASSIGNMENT|[6]|data|{}|0x6677338d
11:30:51.0 (4755262)|STATEMENT_EXECUTE|[9]
11:30:51.0 (4795135)|HEAP_ALLOCATE|[9]|Bytes:4
11:30:51.0 (4907014)|HEAP_ALLOCATE|[10]|Bytes:4
11:30:51.0 (4915395)|HEAP_ALLOCATE|[11]|Bytes:4
11:30:51.0 (4919995)|HEAP_ALLOCATE|[11]|Bytes:13
11:30:51.0 (4991991)|HEAP_ALLOCATE|[12]|Bytes:6
11:30:51.0 (4998682)|HEAP_ALLOCATE|[12]|Bytes:5
11:30:51.0 (5012383)|HEAP_ALLOCATE|[13]|Bytes:7
11:30:51.0 (5032424)|HEAP_ALLOCATE|[10]|Bytes:4
11:30:51.0 (5063237)|HEAP_ALLOCATE|[14]|Bytes:7
11:30:51.0 (5067777)|HEAP_ALLOCATE|[14]|Bytes:18
11:30:51.0 (5080798)|HEAP_ALLOCATE|[15]|Bytes:9
11:30:51.0 (5084949)|HEAP_ALLOCATE|[15]|Bytes:179
11:30:51.0 (5106280)|HEAP_ALLOCATE|[17]|Bytes:4
11:30:51.0 (5112531)|HEAP_ALLOCATE|[18]|Bytes:11
11:30:51.0 (5138143)|HEAP_ALLOCATE|[19]|Bytes:14
11:30:51.0 (5154534)|HEAP_ALLOCATE|[17]|Bytes:4
11:30:51.0 (5165636)|HEAP_ALLOCATE|[21]|Bytes:9
11:30:51.0 (5176906)|HEAP_ALLOCATE|[22]|Bytes:81
11:30:51.0 (5190337)|VARIABLE_SCOPE_BEGIN|[9]|cohortLeads|List<Map<String,ANY>>|true|false
11:30:51.0 (5258924)|HEAP_ALLOCATE|[EXTERNAL]|Bytes:12
11:30:51.0 (5303737)|VARIABLE_ASSIGNMENT|[9]|cohortLeads|[{"name":"Jennifer Park","status":"Bound","daysAgo":3,"verdict":"Decision Confirmed","reasoning":"Act classified Pursu (159 more) ..."},{"name":"Marcus Reed","status":"Window Timeout","daysAgo":5,"verdict":"No-Signal","reasoning":"Still in nurture win (61 more) ..."}]|0x69e40a38
11:30:51.0 (5311368)|STATEMENT_EXECUTE|[27]
11:30:51.0 (5319708)|HEAP_ALLOCATE|[27]|Bytes:4
11:30:51.0 (5340200)|HEAP_ALLOCATE|[28]|Bytes:4
11:30:51.0 (5347470)|HEAP_ALLOCATE|[29]|Bytes:5
11:30:51.0 (5351990)|HEAP_ALLOCATE|[29]|Bytes:99
11:30:51.0 (5377753)|HEAP_ALLOCATE|[30]|Bytes:6
11:30:51.0 (5382263)|HEAP_ALLOCATE|[30]|Bytes:46
11:30:51.0 (5398415)|HEAP_ALLOCATE|[31]|Bytes:6
11:30:51.0 (5403125)|HEAP_ALLOCATE|[31]|Bytes:24
11:30:51.0 (5420417)|HEAP_ALLOCATE|[33]|Bytes:4
11:30:51.0 (5425997)|HEAP_ALLOCATE|[34]|Bytes:72
11:30:51.0 (5449208)|HEAP_ALLOCATE|[35]|Bytes:21
11:30:51.0 (5460900)|HEAP_ALLOCATE|[36]|Bytes:24
11:30:51.0 (5475991)|HEAP_ALLOCATE|[38]|Bytes:4
11:30:51.0 (5481601)|HEAP_ALLOCATE|[39]|Bytes:78
11:30:51.0 (5504993)|HEAP_ALLOCATE|[40]|Bytes:55
11:30:51.0 (5518034)|HEAP_ALLOCATE|[41]|Bytes:25
11:30:51.0 (5531335)|VARIABLE_SCOPE_BEGIN|[27]|proposals|List<Map<String,ANY>>|true|false
11:30:51.0 (5555407)|HEAP_ALLOCATE|[EXTERNAL]|Bytes:16
11:30:51.0 (5577199)|VARIABLE_ASSIGNMENT|[27]|proposals|[{"title":"EverQuote source · P (79 more) ...","impact":"312 confirmed verdic (26 more) ...","change":"Tighten Pursue thres (4 more) ..."},{"title":"Household-match sign (52 more) ...","impact":"89 verdicts confirme (1 more) ...","change":"Increase weighting + (4 more) ..."},{"title":"New pattern: VINs >  (58 more) ...","impact":"Convert at 6.8% vs 1 (35 more) ...","change":"Recommend Nurture de (5 more) ..."}]|0x1fa36163
11:30:51.0 (5586111)|STATEMENT_EXECUTE|[45]
11:30:51.0 (5591640)|HEAP_ALLOCATE|[45]|Bytes:4
11:30:51.0 (5597931)|HEAP_ALLOCATE|[46]|Bytes:10
11:30:51.0 (5602001)|HEAP_ALLOCATE|[46]|Bytes:10
11:30:51.0 (5626523)|HEAP_ALLOCATE|[47]|Bytes:8
11:30:51.0 (5631173)|HEAP_ALLOCATE|[47]|Bytes:10
11:30:51.0 (5642315)|HEAP_ALLOCATE|[48]|Bytes:12
11:30:51.0 (5650436)|HEAP_ALLOCATE|[45]|Bytes:4
11:30:51.0 (5662717)|HEAP_ALLOCATE|[49]|Bytes:9
11:30:51.0 (5674617)|HEAP_ALLOCATE|[50]|Bytes:12
11:30:51.0 (5678638)|HEAP_ALLOCATE|[50]|Bytes:4
11:30:51.0 (5688879)|HEAP_ALLOCATE|[51]|Bytes:12
11:30:51.0 (5692999)|HEAP_ALLOCATE|[51]|Bytes:4
11:30:51.0 (5704240)|HEAP_ALLOCATE|[52]|Bytes:13
11:30:51.0 (5708321)|HEAP_ALLOCATE|[52]|Bytes:68
11:30:51.0 (5719002)|VARIABLE_SCOPE_BEGIN|[45]|tuneProposal|Map<String,ANY>|true|false
11:30:51.0 (5734582)|VARIABLE_ASSIGNMENT|[45]|tuneProposal|"Map of size 7 too large to display"|0x1fe59cb
11:30:51.0 (5739712)|STATEMENT_EXECUTE|[55]
11:30:51.0 (5742752)|HEAP_ALLOCATE|[55]|Bytes:11
11:30:51.0 (5778715)|HEAP_ALLOCATE|[EXTERNAL]|Bytes:-4
11:30:51.0 (5786607)|STATEMENT_EXECUTE|[56]
11:30:51.0 (5789807)|HEAP_ALLOCATE|[56]|Bytes:12
11:30:51.0 (5808619)|HEAP_ALLOCATE|[EXTERNAL]|Bytes:-4
11:30:51.0 (5815539)|STATEMENT_EXECUTE|[57]
11:30:51.0 (5818610)|HEAP_ALLOCATE|[57]|Bytes:7
11:30:51.0 (5842991)|HEAP_ALLOCATE|[57]|Bytes:5
11:30:51.0 (5848311)|HEAP_ALLOCATE|[EXTERNAL]|Bytes:-4
11:30:51.0 (5854533)|STATEMENT_EXECUTE|[59]
11:30:51.5 (5950079)|CUMULATIVE_LIMIT_USAGE
11:30:51.5 (5950079)|LIMIT_USAGE_FOR_NS|(default)|
  Number of SOQL queries: 0 out of 100
  Number of query rows: 0 out of 50000
  Number of SOSL queries: 0 out of 20
  Number of DML statements: 0 out of 150
  Number of Publish Immediate DML: 0 out of 150
  Number of DML rows: 0 out of 10000
  Maximum CPU time: 0 out of 10000
  Maximum heap size: 0 out of 6000000
  Number of callouts: 0 out of 100
  Number of Email Invocations: 0 out of 10
  Number of future calls: 0 out of 50
  Number of queueable jobs added to the queue: 0 out of 50
  Number of Mobile Apex push calls: 0 out of 10

11:30:51.5 (5950079)|CUMULATIVE_LIMIT_USAGE_END

11:30:51.0 (6007334)|CODE_UNIT_FINISHED|ObserveTuneController.getTuneData()
11:30:51.0 (6259046)|CODE_UNIT_FINISHED|apex://ObserveTuneController/ACTION$getTuneData
11:30:51.0 (6271057)|EXECUTION_FINISHED
