66.0 APEX_CODE,FINEST;APEX_PROFILING,INFO;CALLOUT,INFO;DATA_ACCESS,INFO;DB,INFO;NBA,INFO;SYSTEM,DEBUG;VALIDATION,INFO;VISUALFORCE,INFO;WAVE,INFO;WORKFLOW,INFO
13:07:43.1 (1308623)|USER_INFO|[EXTERNAL]|005dM00000bGQNp|pmandy.f7098e8d67c2@agentforce.com|(GMT-07:00) Pacific Daylight Time (America/Los_Angeles)|GMT-07:00
13:07:43.1 (1395974)|EXECUTION_STARTED
13:07:43.1 (1425295)|CODE_UNIT_STARTED|[EXTERNAL]|apex://ObserveTuneController/ACTION$approveTuneAndPromote
13:07:43.1 (2851779)|CODE_UNIT_STARTED|[EXTERNAL]|01pdM00000WohAb|ObserveTuneController.approveTuneAndPromote()
13:07:43.1 (3429469)|HEAP_ALLOCATE|[95]|Bytes:3
13:07:43.1 (3632882)|HEAP_ALLOCATE|[100]|Bytes:152
13:07:43.1 (3705933)|HEAP_ALLOCATE|[417]|Bytes:408
13:07:43.1 (3807224)|HEAP_ALLOCATE|[430]|Bytes:408
13:07:43.1 (3887886)|HEAP_ALLOCATE|[317]|Bytes:6
13:07:43.1 (3941817)|HEAP_ALLOCATE|[EXTERNAL]|Bytes:8
13:07:43.1 (3969038)|HEAP_ALLOCATE|[EXTERNAL]|Bytes:22
13:07:43.1 (3997888)|METHOD_ENTRY|[1]|01pdM00000WohAb|ObserveTuneController.ObserveTuneController()
13:07:43.1 (4015749)|STATEMENT_EXECUTE|[1]
13:07:43.1 (4033599)|STATEMENT_EXECUTE|[1]
13:07:43.1 (4082020)|HEAP_ALLOCATE|[68]|Bytes:5
13:07:43.1 (4158521)|HEAP_ALLOCATE|[74]|Bytes:5
13:07:43.1 (4198772)|HEAP_ALLOCATE|[82]|Bytes:7
13:07:43.1 (4595268)|HEAP_ALLOCATE|[EXTERNAL]|Bytes:5
13:07:43.1 (4634289)|METHOD_EXIT|[1]|ObserveTuneController
13:07:43.1 (4666049)|HEAP_ALLOCATE|[67]|Bytes:5
13:07:43.1 (4683100)|STATEMENT_EXECUTE|[66]
13:07:43.1 (4691020)|STATEMENT_EXECUTE|[67]
13:07:43.1 (4697840)|STATEMENT_EXECUTE|[67]
13:07:43.1 (4704270)|STATEMENT_EXECUTE|[68]
13:07:43.1 (4715200)|HEAP_ALLOCATE|[68]|Bytes:41
13:07:43.1 (4858592)|USER_DEBUG|[68]|DEBUG|===== APPROVE TUNE & PROMOTE v2.8.0 =====
13:07:43.1 (4930934)|STATEMENT_EXECUTE|[71]
13:07:43.1 (5013335)|VARIABLE_SCOPE_BEGIN|[71]|req|System.HttpRequest|true|false
13:07:43.1 (5328360)|VARIABLE_ASSIGNMENT|[71]|req|"System.HttpRequest[Endpoint=null, Method=null]"|0x2e82fe27
13:07:43.1 (5349891)|STATEMENT_EXECUTE|[72]
13:07:43.1 (5364111)|HEAP_ALLOCATE|[72]|Bytes:42
13:07:43.1 (5483693)|STATEMENT_EXECUTE|[73]
13:07:43.1 (5497784)|HEAP_ALLOCATE|[73]|Bytes:4
13:07:43.1 (5565564)|STATEMENT_EXECUTE|[74]
13:07:43.1 (5577585)|HEAP_ALLOCATE|[74]|Bytes:12
13:07:43.1 (5594276)|HEAP_ALLOCATE|[74]|Bytes:16
13:07:43.1 (5672637)|STATEMENT_EXECUTE|[75]
13:07:43.1 (5702147)|HEAP_ALLOCATE|[75]|Bytes:4
13:07:43.1 (5737727)|HEAP_ALLOCATE|[76]|Bytes:12
13:07:43.1 (5752897)|HEAP_ALLOCATE|[76]|Bytes:6
13:07:43.1 (5867979)|HEAP_ALLOCATE|[77]|Bytes:6
13:07:43.1 (5885200)|HEAP_ALLOCATE|[77]|Bytes:45
13:07:43.1 (5979992)|HEAP_ALLOCATE|[75]|Bytes:24
13:07:43.1 (6013012)|SYSTEM_METHOD_ENTRY|[1]|JSON.JSON()
13:07:43.1 (6024563)|STATEMENT_EXECUTE|[1]
13:07:43.1 (6045403)|SYSTEM_METHOD_EXIT|[1]|JSON
13:07:43.1 (6077754)|METHOD_ENTRY|[75]||System.JSON.serialize(Object)
13:07:43.1 (9602403)|METHOD_EXIT|[75]||System.JSON.serialize(Object)
13:07:43.1 (9740405)|STATEMENT_EXECUTE|[80]
13:07:43.1 (9808566)|VARIABLE_SCOPE_BEGIN|[80]|http|System.Http|true|false
13:07:43.1 (9919898)|VARIABLE_ASSIGNMENT|[80]|http|"System.Http[]"|0x45dcb6be
13:07:43.1 (9937429)|STATEMENT_EXECUTE|[81]
13:07:43.1 (10175293)|CALLOUT_REQUEST|[81]|System.HttpRequest[Endpoint=http://146.190.153.46:9000/update-champion, Method=POST]
13:07:43.1 (622400949)|HEAP_ALLOCATE|[EXTERNAL]|Bytes:292
13:07:43.1 (623928804)|CALLOUT_RESPONSE|[81]|System.HttpResponse[Status=OK, StatusCode=200]
13:07:43.1 (624000006)|HEAP_ALLOCATE|[81]|Bytes:61
13:07:43.1 (624122858)|VARIABLE_SCOPE_BEGIN|[81]|res|System.HttpResponse|true|false
13:07:43.1 (624245391)|VARIABLE_ASSIGNMENT|[81]|res|"System.HttpResponse[Status=OK, StatusCode=200]"|0x68e6fc3c
13:07:43.1 (624268671)|STATEMENT_EXECUTE|[83]
13:07:43.1 (624315442)|HEAP_ALLOCATE|[83]|Bytes:23
13:07:43.1 (624561076)|HEAP_ALLOCATE|[83]|Bytes:3
13:07:43.1 (624625617)|HEAP_ALLOCATE|[83]|Bytes:26
13:07:43.1 (624676528)|USER_DEBUG|[83]|DEBUG|LUMEN Response Status: 200
13:07:43.1 (624724538)|STATEMENT_EXECUTE|[84]
13:07:43.1 (624742549)|HEAP_ALLOCATE|[84]|Bytes:21
13:07:43.1 (624825030)|HEAP_ALLOCATE|[84]|Bytes:55
13:07:43.1 (624856211)|HEAP_ALLOCATE|[84]|Bytes:76
13:07:43.1 (624899121)|USER_DEBUG|[84]|DEBUG|LUMEN Response Body: {"success":false,"error":"champion_model not provided"}
13:07:43.1 (624977623)|STATEMENT_EXECUTE|[86]
13:07:43.1 (624986663)|STATEMENT_EXECUTE|[87]
13:07:43.1 (624997473)|HEAP_ALLOCATE|[87]|Bytes:39
13:07:43.1 (625080304)|USER_DEBUG|[87]|DEBUG|===== v2.8.0 PROMOTED TO CHAMPION =====
13:07:43.1 (625107175)|STATEMENT_EXECUTE|[90]
13:07:43.1 (636409136)|HEAP_ALLOCATE|[90]|Bytes:44
13:07:43.1 (636549388)|VARIABLE_SCOPE_BEGIN|[90]|config|Loom_Config__c|true|false
13:07:43.1 (636850134)|VARIABLE_ASSIGNMENT|[90]|config|{"LastModifiedDate":"2026-05-26T20:07:39.000Z","IsDeleted":false,"CreatedById":"005dM00000bGQNpQAO","CreatedDate":"2026-05-26T14:15:32.000Z","Id":"a0OdM00000QHtsLUAT","LastModifiedById":"005dM00000bGQNpQAO","SetupOwnerId":"00DdM00000wFcrbUAC","Champion_Model_Version__c":"v2.8.0","Name":"a0OdM00000QHtsL","SystemModstamp":"2026-05-26T20:07:39.000Z"}|0x71bdca2a
13:07:43.1 (636888394)|STATEMENT_EXECUTE|[91]
13:07:43.1 (637245831)|VARIABLE_ASSIGNMENT|[91]|this.Champion_Model_Version__c|"v2.8.0"|0x71bdca2a
13:07:43.1 (637270011)|STATEMENT_EXECUTE|[92]
13:07:43.1 (637426883)|HEAP_ALLOCATE|[92]|Bytes:8
13:07:43.1 (637530666)|DML_BEGIN|[92]|Op:Upsert|Type:Loom_Config__c|Rows:1
13:07:43.1 (637646748)|HEAP_ALLOCATE|[EXTERNAL]|Bytes:8
13:07:43.1 (668615023)|DML_END|[92]
13:07:43.1 (669219902)|STATEMENT_EXECUTE|[93]
13:07:43.1 (669269394)|HEAP_ALLOCATE|[93]|Bytes:58
13:07:43.1 (669439345)|USER_DEBUG|[93]|DEBUG|Custom setting updated: Champion_Model_Version__c = v2.8.0
13:07:43.1 (669470777)|STATEMENT_EXECUTE|[95]
13:07:43.1 (669501897)|HEAP_ALLOCATE|[95]|Bytes:4
13:07:43.1 (669535778)|HEAP_ALLOCATE|[96]|Bytes:7
13:07:43.1 (669654040)|HEAP_ALLOCATE|[95]|Bytes:5
13:07:43.1 (669715301)|HEAP_ALLOCATE|[97]|Bytes:7
13:07:43.1 (669732831)|HEAP_ALLOCATE|[97]|Bytes:27
13:07:43.1 (669775032)|HEAP_ALLOCATE|[98]|Bytes:8
13:07:43.1 (669816413)|HEAP_ALLOCATE|[99]|Bytes:13
13:07:43.1 (669831573)|HEAP_ALLOCATE|[99]|Bytes:6
13:07:43.692 (692160591)|CUMULATIVE_LIMIT_USAGE
13:07:43.692 (692160591)|LIMIT_USAGE_FOR_NS|(default)|
  Number of SOQL queries: 0 out of 100
  Number of query rows: 0 out of 50000
  Number of SOSL queries: 0 out of 20
  Number of DML statements: 1 out of 150
  Number of Publish Immediate DML: 0 out of 150
  Number of DML rows: 1 out of 10000
  Maximum CPU time: 0 out of 10000
  Maximum heap size: 0 out of 6000000
  Number of callouts: 1 out of 100
  Number of Email Invocations: 0 out of 10
  Number of future calls: 0 out of 50
  Number of queueable jobs added to the queue: 0 out of 50
  Number of Mobile Apex push calls: 0 out of 10

13:07:43.692 (692160591)|CUMULATIVE_LIMIT_USAGE_END

13:07:43.1 (692245203)|CODE_UNIT_FINISHED|ObserveTuneController.approveTuneAndPromote()
13:07:43.1 (692696871)|CODE_UNIT_FINISHED|apex://ObserveTuneController/ACTION$approveTuneAndPromote
13:07:43.1 (692716931)|EXECUTION_FINISHED
