66.0 APEX_CODE,FINEST;APEX_PROFILING,INFO;CALLOUT,INFO;DATA_ACCESS,INFO;DB,INFO;NBA,INFO;SYSTEM,DEBUG;VALIDATION,INFO;VISUALFORCE,INFO;WAVE,INFO;WORKFLOW,INFO
11:11:24.1 (1109477)|USER_INFO|[EXTERNAL]|005dM00000bGQNp|pmandy.f7098e8d67c2@agentforce.com|(GMT-07:00) Pacific Daylight Time (America/Los_Angeles)|GMT-07:00
11:11:24.1 (1143458)|EXECUTION_STARTED
11:11:24.1 (1156529)|CODE_UNIT_STARTED|[EXTERNAL]|apex://ObserveTuneController/ACTION$getTuneData
11:11:24.1 (2044840)|CODE_UNIT_STARTED|[EXTERNAL]|01pdM00000WohAb|ObserveTuneController.getTuneData()
11:11:24.1 (4456011)|HEAP_ALLOCATE|[95]|Bytes:3
11:11:24.1 (4577804)|HEAP_ALLOCATE|[100]|Bytes:152
11:11:24.1 (4597424)|HEAP_ALLOCATE|[417]|Bytes:408
11:11:24.1 (4612845)|HEAP_ALLOCATE|[430]|Bytes:408
11:11:24.1 (4646106)|HEAP_ALLOCATE|[317]|Bytes:6
11:11:24.1 (4702478)|HEAP_ALLOCATE|[EXTERNAL]|Bytes:8
11:11:24.1 (4711107)|HEAP_ALLOCATE|[EXTERNAL]|Bytes:22
11:11:24.1 (4739048)|METHOD_ENTRY|[1]|01pdM00000WohAb|ObserveTuneController.ObserveTuneController()
11:11:24.1 (4757428)|STATEMENT_EXECUTE|[1]
11:11:24.1 (4768400)|STATEMENT_EXECUTE|[1]
11:11:24.1 (4790249)|HEAP_ALLOCATE|[68]|Bytes:5
11:11:24.1 (4836490)|HEAP_ALLOCATE|[74]|Bytes:5
11:11:24.1 (4847802)|HEAP_ALLOCATE|[82]|Bytes:7
11:11:24.1 (5327893)|HEAP_ALLOCATE|[EXTERNAL]|Bytes:5
11:11:24.1 (5358913)|METHOD_EXIT|[1]|ObserveTuneController
11:11:24.1 (5373524)|HEAP_ALLOCATE|[5]|Bytes:5
11:11:24.1 (5378314)|STATEMENT_EXECUTE|[4]
11:11:24.1 (5380874)|STATEMENT_EXECUTE|[5]
11:11:24.1 (5382785)|STATEMENT_EXECUTE|[5]
11:11:24.1 (5384964)|STATEMENT_EXECUTE|[6]
11:11:24.1 (5405065)|HEAP_ALLOCATE|[6]|Bytes:4
11:11:24.1 (5422965)|VARIABLE_SCOPE_BEGIN|[6]|data|Map<String,ANY>|true|false
11:11:24.1 (5521127)|VARIABLE_ASSIGNMENT|[6]|data|{}|0x2802f7a0
11:11:24.1 (5527247)|STATEMENT_EXECUTE|[9]
11:11:24.1 (5568019)|HEAP_ALLOCATE|[9]|Bytes:4
11:11:24.1 (5654490)|HEAP_ALLOCATE|[10]|Bytes:4
11:11:24.1 (5662112)|HEAP_ALLOCATE|[11]|Bytes:4
11:11:24.1 (5666552)|HEAP_ALLOCATE|[11]|Bytes:13
11:11:24.1 (5732212)|HEAP_ALLOCATE|[12]|Bytes:6
11:11:24.1 (5737172)|HEAP_ALLOCATE|[12]|Bytes:5
11:11:24.1 (5749314)|HEAP_ALLOCATE|[13]|Bytes:7
11:11:24.1 (5759973)|HEAP_ALLOCATE|[10]|Bytes:4
11:11:24.1 (5814305)|HEAP_ALLOCATE|[14]|Bytes:7
11:11:24.1 (5818906)|HEAP_ALLOCATE|[14]|Bytes:18
11:11:24.1 (5857286)|HEAP_ALLOCATE|[15]|Bytes:9
11:11:24.1 (5862096)|HEAP_ALLOCATE|[15]|Bytes:179
11:11:24.1 (5885807)|HEAP_ALLOCATE|[17]|Bytes:4
11:11:24.1 (5893537)|HEAP_ALLOCATE|[18]|Bytes:11
11:11:24.1 (5922058)|HEAP_ALLOCATE|[19]|Bytes:14
11:11:24.1 (5938328)|HEAP_ALLOCATE|[17]|Bytes:4
11:11:24.1 (5951779)|HEAP_ALLOCATE|[21]|Bytes:9
11:11:24.1 (5964289)|HEAP_ALLOCATE|[22]|Bytes:81
11:11:24.1 (5978349)|VARIABLE_SCOPE_BEGIN|[9]|cohortLeads|List<Map<String,ANY>>|true|false
11:11:24.1 (6028741)|HEAP_ALLOCATE|[EXTERNAL]|Bytes:12
11:11:24.1 (6072202)|VARIABLE_ASSIGNMENT|[9]|cohortLeads|[{"name":"Jennifer Park","status":"Bound","daysAgo":3,"verdict":"Decision Confirmed","reasoning":"Act classified Pursu (159 more) ..."},{"name":"Marcus Reed","status":"Window Timeout","daysAgo":5,"verdict":"No-Signal","reasoning":"Still in nurture win (61 more) ..."}]|0x173a7cf8
11:11:24.1 (6079632)|STATEMENT_EXECUTE|[27]
11:11:24.1 (6087882)|HEAP_ALLOCATE|[27]|Bytes:4
11:11:24.1 (6109833)|HEAP_ALLOCATE|[28]|Bytes:4
11:11:24.1 (6116273)|HEAP_ALLOCATE|[29]|Bytes:5
11:11:24.1 (6120603)|HEAP_ALLOCATE|[29]|Bytes:99
11:11:24.1 (6144864)|HEAP_ALLOCATE|[30]|Bytes:6
11:11:24.1 (6149514)|HEAP_ALLOCATE|[30]|Bytes:46
11:11:24.1 (6162334)|HEAP_ALLOCATE|[31]|Bytes:6
11:11:24.1 (6168084)|HEAP_ALLOCATE|[31]|Bytes:24
11:11:24.1 (6190605)|HEAP_ALLOCATE|[33]|Bytes:4
11:11:24.1 (6199385)|HEAP_ALLOCATE|[34]|Bytes:72
11:11:24.1 (6229836)|HEAP_ALLOCATE|[35]|Bytes:21
11:11:24.1 (6241836)|HEAP_ALLOCATE|[36]|Bytes:24
11:11:24.1 (6259406)|HEAP_ALLOCATE|[38]|Bytes:4
11:11:24.1 (6266387)|HEAP_ALLOCATE|[39]|Bytes:78
11:11:24.1 (6294967)|HEAP_ALLOCATE|[40]|Bytes:55
11:11:24.1 (6307748)|HEAP_ALLOCATE|[41]|Bytes:25
11:11:24.1 (6321908)|VARIABLE_SCOPE_BEGIN|[27]|proposals|List<Map<String,ANY>>|true|false
11:11:24.1 (6345538)|HEAP_ALLOCATE|[EXTERNAL]|Bytes:16
11:11:24.1 (6371869)|VARIABLE_ASSIGNMENT|[27]|proposals|[{"title":"EverQuote source · P (79 more) ...","impact":"312 confirmed verdic (26 more) ...","change":"Tighten Pursue thres (4 more) ..."},{"title":"Household-match sign (52 more) ...","impact":"89 verdicts confirme (1 more) ...","change":"Increase weighting + (4 more) ..."},{"title":"New pattern: VINs >  (58 more) ...","impact":"Convert at 6.8% vs 1 (35 more) ...","change":"Recommend Nurture de (5 more) ..."}]|0x7190406e
11:11:24.1 (6380729)|STATEMENT_EXECUTE|[45]
11:11:24.1 (6386509)|HEAP_ALLOCATE|[45]|Bytes:4
11:11:24.1 (6393300)|HEAP_ALLOCATE|[46]|Bytes:10
11:11:24.1 (6397420)|HEAP_ALLOCATE|[46]|Bytes:10
11:11:24.1 (6420660)|HEAP_ALLOCATE|[47]|Bytes:8
11:11:24.1 (6425540)|HEAP_ALLOCATE|[47]|Bytes:10
11:11:24.1 (6437991)|HEAP_ALLOCATE|[48]|Bytes:12
11:11:24.1 (6446081)|HEAP_ALLOCATE|[45]|Bytes:4
11:11:24.1 (6460061)|HEAP_ALLOCATE|[49]|Bytes:9
11:11:24.1 (6471432)|HEAP_ALLOCATE|[50]|Bytes:12
11:11:24.1 (6475562)|HEAP_ALLOCATE|[50]|Bytes:4
11:11:24.1 (6485642)|HEAP_ALLOCATE|[51]|Bytes:12
11:11:24.1 (6489512)|HEAP_ALLOCATE|[51]|Bytes:4
11:11:24.1 (6501072)|HEAP_ALLOCATE|[52]|Bytes:13
11:11:24.1 (6505142)|HEAP_ALLOCATE|[52]|Bytes:68
11:11:24.1 (6515073)|VARIABLE_SCOPE_BEGIN|[45]|tuneProposal|Map<String,ANY>|true|false
11:11:24.1 (6536133)|VARIABLE_ASSIGNMENT|[45]|tuneProposal|"Map of size 7 too large to display"|0x21c1c231
11:11:24.1 (6541053)|STATEMENT_EXECUTE|[55]
11:11:24.1 (6544203)|HEAP_ALLOCATE|[55]|Bytes:11
11:11:24.1 (6576904)|HEAP_ALLOCATE|[EXTERNAL]|Bytes:-4
11:11:24.1 (6584644)|STATEMENT_EXECUTE|[56]
11:11:24.1 (6587534)|HEAP_ALLOCATE|[56]|Bytes:12
11:11:24.1 (6604875)|HEAP_ALLOCATE|[EXTERNAL]|Bytes:-4
11:11:24.1 (6611635)|STATEMENT_EXECUTE|[57]
11:11:24.1 (6614885)|HEAP_ALLOCATE|[57]|Bytes:7
11:11:24.1 (6637706)|HEAP_ALLOCATE|[57]|Bytes:5
11:11:24.1 (6643446)|HEAP_ALLOCATE|[EXTERNAL]|Bytes:-4
11:11:24.1 (6650126)|STATEMENT_EXECUTE|[59]
11:11:24.6 (6728188)|CUMULATIVE_LIMIT_USAGE
11:11:24.6 (6728188)|LIMIT_USAGE_FOR_NS|(default)|
  Number of SOQL queries: 0 out of 100
  Number of query rows: 0 out of 50000
  Number of SOSL queries: 0 out of 20
  Number of DML statements: 0 out of 150
  Number of Publish Immediate DML: 0 out of 150
  Number of DML rows: 0 out of 10000
  Maximum CPU time: 0 out of 10000
  Maximum heap size: 0 out of 6000000
  Number of callouts: 0 out of 100
  Number of Email Invocations: 0 out of 10
  Number of future calls: 0 out of 50
  Number of queueable jobs added to the queue: 0 out of 50
  Number of Mobile Apex push calls: 0 out of 10

11:11:24.6 (6728188)|CUMULATIVE_LIMIT_USAGE_END

11:11:24.1 (6781129)|CODE_UNIT_FINISHED|ObserveTuneController.getTuneData()
11:11:24.1 (7016415)|CODE_UNIT_FINISHED|apex://ObserveTuneController/ACTION$getTuneData
11:11:24.1 (7024415)|EXECUTION_FINISHED
