66.0 APEX_CODE,FINEST;APEX_PROFILING,INFO;CALLOUT,INFO;DATA_ACCESS,INFO;DB,INFO;NBA,INFO;SYSTEM,DEBUG;VALIDATION,INFO;VISUALFORCE,INFO;WAVE,INFO;WORKFLOW,INFO
13:26:39.1 (1182696)|USER_INFO|[EXTERNAL]|005dM00000bGQNp|pmandy.f7098e8d67c2@agentforce.com|(GMT-07:00) Pacific Daylight Time (America/Los_Angeles)|GMT-07:00
13:26:39.1 (1250927)|EXECUTION_STARTED
13:26:39.1 (1278208)|CODE_UNIT_STARTED|[EXTERNAL]|apex://ObserveTuneController/ACTION$approveTuneAndPromote
13:26:39.1 (2426533)|CODE_UNIT_STARTED|[EXTERNAL]|01pdM00000WohAb|ObserveTuneController.approveTuneAndPromote()
13:26:39.1 (4886676)|HEAP_ALLOCATE|[95]|Bytes:3
13:26:39.1 (4991839)|HEAP_ALLOCATE|[100]|Bytes:152
13:26:39.1 (5013019)|HEAP_ALLOCATE|[417]|Bytes:408
13:26:39.1 (5027870)|HEAP_ALLOCATE|[430]|Bytes:408
13:26:39.1 (5053410)|HEAP_ALLOCATE|[317]|Bytes:6
13:26:39.1 (5104691)|HEAP_ALLOCATE|[EXTERNAL]|Bytes:8
13:26:39.1 (5115171)|HEAP_ALLOCATE|[EXTERNAL]|Bytes:22
13:26:39.1 (5140482)|METHOD_ENTRY|[1]|01pdM00000WohAb|ObserveTuneController.ObserveTuneController()
13:26:39.1 (5159012)|STATEMENT_EXECUTE|[1]
13:26:39.1 (5169683)|STATEMENT_EXECUTE|[1]
13:26:39.1 (5190973)|HEAP_ALLOCATE|[68]|Bytes:5
13:26:39.1 (5227974)|HEAP_ALLOCATE|[74]|Bytes:5
13:26:39.1 (5238454)|HEAP_ALLOCATE|[82]|Bytes:7
13:26:39.1 (5588542)|HEAP_ALLOCATE|[EXTERNAL]|Bytes:5
13:26:39.1 (5617372)|METHOD_EXIT|[1]|ObserveTuneController
13:26:39.1 (5634303)|HEAP_ALLOCATE|[67]|Bytes:5
13:26:39.1 (5639793)|STATEMENT_EXECUTE|[66]
13:26:39.1 (5642423)|STATEMENT_EXECUTE|[67]
13:26:39.1 (5644353)|STATEMENT_EXECUTE|[67]
13:26:39.1 (5646513)|STATEMENT_EXECUTE|[68]
13:26:39.1 (5649723)|HEAP_ALLOCATE|[68]|Bytes:41
13:26:39.1 (5733745)|USER_DEBUG|[68]|DEBUG|===== APPROVE TUNE & PROMOTE v2.8.0 =====
13:26:39.1 (5750165)|STATEMENT_EXECUTE|[71]
13:26:39.1 (5776656)|VARIABLE_SCOPE_BEGIN|[71]|req|System.HttpRequest|true|false
13:26:39.1 (6050752)|VARIABLE_ASSIGNMENT|[71]|req|"System.HttpRequest[Endpoint=null, Method=null]"|0x51f0c668
13:26:39.1 (6058722)|STATEMENT_EXECUTE|[72]
13:26:39.1 (6062762)|HEAP_ALLOCATE|[72]|Bytes:42
13:26:39.1 (6127594)|STATEMENT_EXECUTE|[73]
13:26:39.1 (6131024)|HEAP_ALLOCATE|[73]|Bytes:4
13:26:39.1 (6154794)|STATEMENT_EXECUTE|[74]
13:26:39.1 (6157714)|HEAP_ALLOCATE|[74]|Bytes:12
13:26:39.1 (6162554)|HEAP_ALLOCATE|[74]|Bytes:16
13:26:39.1 (6193495)|STATEMENT_EXECUTE|[75]
13:26:39.1 (6242426)|HEAP_ALLOCATE|[75]|Bytes:4
13:26:39.1 (6258096)|HEAP_ALLOCATE|[76]|Bytes:12
13:26:39.1 (6262856)|HEAP_ALLOCATE|[76]|Bytes:6
13:26:39.1 (6320908)|HEAP_ALLOCATE|[77]|Bytes:6
13:26:39.1 (6326058)|HEAP_ALLOCATE|[77]|Bytes:45
13:26:39.1 (6363869)|HEAP_ALLOCATE|[75]|Bytes:24
13:26:39.1 (6373649)|SYSTEM_METHOD_ENTRY|[1]|JSON.JSON()
13:26:39.1 (6377439)|STATEMENT_EXECUTE|[1]
13:26:39.1 (6388249)|SYSTEM_METHOD_EXIT|[1]|JSON
13:26:39.1 (6407680)|METHOD_ENTRY|[75]||System.JSON.serialize(Object)
13:26:39.1 (9393314)|METHOD_EXIT|[75]||System.JSON.serialize(Object)
13:26:39.1 (9458596)|STATEMENT_EXECUTE|[80]
13:26:39.1 (9475625)|VARIABLE_SCOPE_BEGIN|[80]|http|System.Http|true|false
13:26:39.1 (9574678)|VARIABLE_ASSIGNMENT|[80]|http|"System.Http[]"|0xe789675
13:26:39.1 (9580307)|STATEMENT_EXECUTE|[81]
13:26:39.1 (9678390)|CALLOUT_REQUEST|[81]|System.HttpRequest[Endpoint=http://146.190.153.46:9000/update-champion, Method=POST]
13:26:39.1 (555314131)|HEAP_ALLOCATE|[EXTERNAL]|Bytes:292
13:26:39.1 (557540478)|CALLOUT_RESPONSE|[81]|System.HttpResponse[Status=OK, StatusCode=200]
13:26:39.1 (557565670)|HEAP_ALLOCATE|[81]|Bytes:61
13:26:39.1 (557600090)|VARIABLE_SCOPE_BEGIN|[81]|res|System.HttpResponse|true|false
13:26:39.1 (557706573)|VARIABLE_ASSIGNMENT|[81]|res|"System.HttpResponse[Status=OK, StatusCode=200]"|0x58eaa152
13:26:39.1 (557716913)|STATEMENT_EXECUTE|[83]
13:26:39.1 (557724773)|HEAP_ALLOCATE|[83]|Bytes:23
13:26:39.1 (557859986)|HEAP_ALLOCATE|[83]|Bytes:3
13:26:39.1 (557886137)|HEAP_ALLOCATE|[83]|Bytes:26
13:26:39.1 (557919357)|USER_DEBUG|[83]|DEBUG|LUMEN Response Status: 200
13:26:39.1 (557932898)|STATEMENT_EXECUTE|[84]
13:26:39.1 (557936948)|HEAP_ALLOCATE|[84]|Bytes:21
13:26:39.1 (557988448)|HEAP_ALLOCATE|[84]|Bytes:55
13:26:39.1 (558001989)|HEAP_ALLOCATE|[84]|Bytes:76
13:26:39.1 (558018880)|USER_DEBUG|[84]|DEBUG|LUMEN Response Body: {"success":false,"error":"champion_model not provided"}
13:26:39.1 (558055000)|STATEMENT_EXECUTE|[86]
13:26:39.1 (558058849)|STATEMENT_EXECUTE|[87]
13:26:39.1 (558062861)|HEAP_ALLOCATE|[87]|Bytes:39
13:26:39.1 (558089250)|USER_DEBUG|[87]|DEBUG|===== v2.8.0 PROMOTED TO CHAMPION =====
13:26:39.1 (558099521)|STATEMENT_EXECUTE|[90]
13:26:39.1 (581000539)|HEAP_ALLOCATE|[90]|Bytes:44
13:26:39.1 (581052010)|VARIABLE_SCOPE_BEGIN|[90]|config|Loom_Config__c|true|false
13:26:39.1 (581313525)|VARIABLE_ASSIGNMENT|[90]|config|{"LastModifiedDate":"2026-05-26T20:22:36.000Z","IsDeleted":false,"CreatedById":"005dM00000bGQNpQAO","CreatedDate":"2026-05-26T14:15:32.000Z","Id":"a0OdM00000QHtsLUAT","LastModifiedById":"005dM00000bGQNpQAO","SetupOwnerId":"00DdM00000wFcrbUAC","Champion_Model_Version__c":"v2.8.0","Name":"a0OdM00000QHtsL","SystemModstamp":"2026-05-26T20:22:36.000Z"}|0x309e7b17
13:26:39.1 (581329126)|STATEMENT_EXECUTE|[91]
13:26:39.1 (581504130)|VARIABLE_ASSIGNMENT|[91]|this.Champion_Model_Version__c|"v2.8.0"|0x309e7b17
13:26:39.1 (581529150)|STATEMENT_EXECUTE|[92]
13:26:39.1 (581598681)|HEAP_ALLOCATE|[92]|Bytes:8
13:26:39.1 (581629721)|DML_BEGIN|[92]|Op:Upsert|Type:Loom_Config__c|Rows:1
13:26:39.1 (581669073)|HEAP_ALLOCATE|[EXTERNAL]|Bytes:8
13:26:39.1 (635962111)|DML_END|[92]
13:26:39.1 (636578073)|STATEMENT_EXECUTE|[93]
13:26:39.1 (636589735)|HEAP_ALLOCATE|[93]|Bytes:58
13:26:39.1 (636672386)|USER_DEBUG|[93]|DEBUG|Custom setting updated: Champion_Model_Version__c = v2.8.0
13:26:39.1 (636686697)|STATEMENT_EXECUTE|[95]
13:26:39.1 (636712436)|HEAP_ALLOCATE|[95]|Bytes:4
13:26:39.1 (636725797)|HEAP_ALLOCATE|[96]|Bytes:7
13:26:39.1 (636791789)|HEAP_ALLOCATE|[95]|Bytes:5
13:26:39.1 (636808278)|HEAP_ALLOCATE|[97]|Bytes:7
13:26:39.1 (636814420)|HEAP_ALLOCATE|[97]|Bytes:27
13:26:39.1 (636831710)|HEAP_ALLOCATE|[98]|Bytes:8
13:26:39.1 (636847519)|HEAP_ALLOCATE|[99]|Bytes:13
13:26:39.1 (636853519)|HEAP_ALLOCATE|[99]|Bytes:6
13:26:39.664 (664267245)|CUMULATIVE_LIMIT_USAGE
13:26:39.664 (664267245)|LIMIT_USAGE_FOR_NS|(default)|
  Number of SOQL queries: 0 out of 100
  Number of query rows: 0 out of 50000
  Number of SOSL queries: 0 out of 20
  Number of DML statements: 1 out of 150
  Number of Publish Immediate DML: 0 out of 150
  Number of DML rows: 1 out of 10000
  Maximum CPU time: 0 out of 10000
  Maximum heap size: 0 out of 6000000
  Number of callouts: 1 out of 100
  Number of Email Invocations: 0 out of 10
  Number of future calls: 0 out of 50
  Number of queueable jobs added to the queue: 0 out of 50
  Number of Mobile Apex push calls: 0 out of 10

13:26:39.664 (664267245)|CUMULATIVE_LIMIT_USAGE_END

13:26:39.1 (664327475)|CODE_UNIT_FINISHED|ObserveTuneController.approveTuneAndPromote()
13:26:39.1 (664527791)|CODE_UNIT_FINISHED|apex://ObserveTuneController/ACTION$approveTuneAndPromote
13:26:39.1 (664542741)|EXECUTION_FINISHED
