66.0 APEX_CODE,FINEST;APEX_PROFILING,INFO;CALLOUT,INFO;DATA_ACCESS,INFO;DB,INFO;NBA,INFO;SYSTEM,DEBUG;VALIDATION,INFO;VISUALFORCE,INFO;WAVE,INFO;WORKFLOW,INFO
12:25:37.6 (6075606)|USER_INFO|[EXTERNAL]|005dM00000bGQNp|pmandy.f7098e8d67c2@agentforce.com|(GMT-07:00) Pacific Daylight Time (America/Los_Angeles)|GMT-07:00
12:25:37.6 (6142580)|EXECUTION_STARTED
12:25:37.6 (6167471)|CODE_UNIT_STARTED|[EXTERNAL]|apex://ObserveTuneController/ACTION$getTuneData
12:25:37.6 (7599208)|CODE_UNIT_STARTED|[EXTERNAL]|01pdM00000WohAb|ObserveTuneController.getTuneData()
12:25:37.6 (9220755)|HEAP_ALLOCATE|[95]|Bytes:3
12:25:37.6 (9330371)|HEAP_ALLOCATE|[100]|Bytes:152
12:25:37.6 (9347842)|HEAP_ALLOCATE|[417]|Bytes:408
12:25:37.6 (9361653)|HEAP_ALLOCATE|[430]|Bytes:408
12:25:37.6 (9386334)|HEAP_ALLOCATE|[317]|Bytes:6
12:25:37.6 (9401575)|HEAP_ALLOCATE|[EXTERNAL]|Bytes:8
12:25:37.6 (9406665)|HEAP_ALLOCATE|[EXTERNAL]|Bytes:22
12:25:37.6 (9428846)|METHOD_ENTRY|[1]|01pdM00000WohAb|ObserveTuneController.ObserveTuneController()
12:25:37.6 (9443447)|STATEMENT_EXECUTE|[1]
12:25:37.6 (9454178)|STATEMENT_EXECUTE|[1]
12:25:37.6 (9474099)|HEAP_ALLOCATE|[68]|Bytes:5
12:25:37.6 (9512971)|HEAP_ALLOCATE|[74]|Bytes:5
12:25:37.6 (9524391)|HEAP_ALLOCATE|[82]|Bytes:7
12:25:37.6 (9939434)|HEAP_ALLOCATE|[EXTERNAL]|Bytes:5
12:25:37.6 (9965315)|METHOD_EXIT|[1]|ObserveTuneController
12:25:37.6 (9979286)|HEAP_ALLOCATE|[5]|Bytes:5
12:25:37.6 (9984916)|STATEMENT_EXECUTE|[4]
12:25:37.6 (9987586)|STATEMENT_EXECUTE|[5]
12:25:37.6 (9989556)|STATEMENT_EXECUTE|[5]
12:25:37.6 (9991577)|STATEMENT_EXECUTE|[6]
12:25:37.6 (10005597)|HEAP_ALLOCATE|[6]|Bytes:4
12:25:37.6 (10027499)|VARIABLE_SCOPE_BEGIN|[6]|data|Map<String,ANY>|true|false
12:25:37.6 (10127084)|VARIABLE_ASSIGNMENT|[6]|data|{}|0x59eb6249
12:25:37.6 (10132944)|STATEMENT_EXECUTE|[9]
12:25:37.6 (10164226)|HEAP_ALLOCATE|[9]|Bytes:4
12:25:37.6 (10248830)|HEAP_ALLOCATE|[10]|Bytes:4
12:25:37.6 (10257671)|HEAP_ALLOCATE|[11]|Bytes:4
12:25:37.6 (10262561)|HEAP_ALLOCATE|[11]|Bytes:13
12:25:37.6 (10317634)|HEAP_ALLOCATE|[12]|Bytes:6
12:25:37.6 (10323134)|HEAP_ALLOCATE|[12]|Bytes:5
12:25:37.6 (10336855)|HEAP_ALLOCATE|[13]|Bytes:7
12:25:37.6 (10346576)|HEAP_ALLOCATE|[10]|Bytes:4
12:25:37.6 (10371887)|HEAP_ALLOCATE|[14]|Bytes:7
12:25:37.6 (10376517)|HEAP_ALLOCATE|[14]|Bytes:18
12:25:37.6 (10388768)|HEAP_ALLOCATE|[15]|Bytes:9
12:25:37.6 (10392798)|HEAP_ALLOCATE|[15]|Bytes:179
12:25:37.6 (10412229)|HEAP_ALLOCATE|[17]|Bytes:4
12:25:37.6 (10418690)|HEAP_ALLOCATE|[18]|Bytes:11
12:25:37.6 (10443301)|HEAP_ALLOCATE|[19]|Bytes:14
12:25:37.6 (10460342)|HEAP_ALLOCATE|[17]|Bytes:4
12:25:37.6 (10472952)|HEAP_ALLOCATE|[21]|Bytes:9
12:25:37.6 (10484973)|HEAP_ALLOCATE|[22]|Bytes:81
12:25:37.6 (10521785)|VARIABLE_SCOPE_BEGIN|[9]|cohortLeads|List<Map<String,ANY>>|true|false
12:25:37.6 (10568328)|HEAP_ALLOCATE|[EXTERNAL]|Bytes:12
12:25:37.6 (10606050)|VARIABLE_ASSIGNMENT|[9]|cohortLeads|[{"name":"Jennifer Park","status":"Bound","daysAgo":3,"verdict":"Decision Confirmed","reasoning":"Act classified Pursu (159 more) ..."},{"name":"Marcus Reed","status":"Window Timeout","daysAgo":5,"verdict":"No-Signal","reasoning":"Still in nurture win (61 more) ..."}]|0xb699ba1
12:25:37.6 (10613610)|STATEMENT_EXECUTE|[27]
12:25:37.6 (10622060)|HEAP_ALLOCATE|[27]|Bytes:4
12:25:37.6 (10644102)|HEAP_ALLOCATE|[28]|Bytes:4
12:25:37.6 (10651352)|HEAP_ALLOCATE|[29]|Bytes:5
12:25:37.6 (10656532)|HEAP_ALLOCATE|[29]|Bytes:99
12:25:37.6 (10684554)|HEAP_ALLOCATE|[30]|Bytes:6
12:25:37.6 (10689664)|HEAP_ALLOCATE|[30]|Bytes:46
12:25:37.6 (10701855)|HEAP_ALLOCATE|[31]|Bytes:6
12:25:37.6 (10706025)|HEAP_ALLOCATE|[31]|Bytes:24
12:25:37.6 (10723026)|HEAP_ALLOCATE|[33]|Bytes:4
12:25:37.6 (10730236)|HEAP_ALLOCATE|[34]|Bytes:72
12:25:37.6 (10754478)|HEAP_ALLOCATE|[35]|Bytes:21
12:25:37.6 (10766758)|HEAP_ALLOCATE|[36]|Bytes:24
12:25:37.6 (10784179)|HEAP_ALLOCATE|[38]|Bytes:4
12:25:37.6 (10790590)|HEAP_ALLOCATE|[39]|Bytes:78
12:25:37.6 (10814061)|HEAP_ALLOCATE|[40]|Bytes:55
12:25:37.6 (10827632)|HEAP_ALLOCATE|[41]|Bytes:25
12:25:37.6 (10843102)|VARIABLE_SCOPE_BEGIN|[27]|proposals|List<Map<String,ANY>>|true|false
12:25:37.6 (10860663)|HEAP_ALLOCATE|[EXTERNAL]|Bytes:16
12:25:37.6 (10880374)|VARIABLE_ASSIGNMENT|[27]|proposals|[{"title":"EverQuote source · P (79 more) ...","impact":"312 confirmed verdic (26 more) ...","change":"Tighten Pursue thres (4 more) ..."},{"title":"Household-match sign (52 more) ...","impact":"89 verdicts confirme (1 more) ...","change":"Increase weighting + (4 more) ..."},{"title":"New pattern: VINs >  (58 more) ...","impact":"Convert at 6.8% vs 1 (35 more) ...","change":"Recommend Nurture de (5 more) ..."}]|0x591cdacc
12:25:37.6 (10888675)|STATEMENT_EXECUTE|[45]
12:25:37.6 (10894735)|HEAP_ALLOCATE|[45]|Bytes:4
12:25:37.6 (10903536)|HEAP_ALLOCATE|[46]|Bytes:10
12:25:37.6 (10909546)|HEAP_ALLOCATE|[46]|Bytes:10
12:25:37.6 (10944098)|HEAP_ALLOCATE|[47]|Bytes:8
12:25:37.6 (10951048)|HEAP_ALLOCATE|[47]|Bytes:10
12:25:37.6 (10966779)|HEAP_ALLOCATE|[48]|Bytes:12
12:25:37.6 (10977330)|HEAP_ALLOCATE|[45]|Bytes:4
12:25:37.6 (10992630)|HEAP_ALLOCATE|[49]|Bytes:9
12:25:37.6 (11008311)|HEAP_ALLOCATE|[50]|Bytes:12
12:25:37.6 (11014162)|HEAP_ALLOCATE|[50]|Bytes:4
12:25:37.6 (11028532)|HEAP_ALLOCATE|[51]|Bytes:12
12:25:37.6 (11033733)|HEAP_ALLOCATE|[51]|Bytes:4
12:25:37.6 (11045323)|HEAP_ALLOCATE|[52]|Bytes:13
12:25:37.6 (11049833)|HEAP_ALLOCATE|[52]|Bytes:68
12:25:37.6 (11061774)|VARIABLE_SCOPE_BEGIN|[45]|tuneProposal|Map<String,ANY>|true|false
12:25:37.6 (11074905)|VARIABLE_ASSIGNMENT|[45]|tuneProposal|"Map of size 7 too large to display"|0x2c3d7973
12:25:37.6 (11079585)|STATEMENT_EXECUTE|[55]
12:25:37.6 (11083365)|HEAP_ALLOCATE|[55]|Bytes:11
12:25:37.6 (11127208)|HEAP_ALLOCATE|[EXTERNAL]|Bytes:-4
12:25:37.6 (11135508)|STATEMENT_EXECUTE|[56]
12:25:37.6 (11138498)|HEAP_ALLOCATE|[56]|Bytes:12
12:25:37.6 (11159789)|HEAP_ALLOCATE|[EXTERNAL]|Bytes:-4
12:25:37.6 (11167910)|STATEMENT_EXECUTE|[57]
12:25:37.6 (11171450)|HEAP_ALLOCATE|[57]|Bytes:7
12:25:37.6 (11194281)|HEAP_ALLOCATE|[57]|Bytes:5
12:25:37.6 (11200542)|HEAP_ALLOCATE|[EXTERNAL]|Bytes:-4
12:25:37.6 (11208062)|STATEMENT_EXECUTE|[59]
12:25:37.11 (11284816)|CUMULATIVE_LIMIT_USAGE
12:25:37.11 (11284816)|LIMIT_USAGE_FOR_NS|(default)|
  Number of SOQL queries: 0 out of 100
  Number of query rows: 0 out of 50000
  Number of SOSL queries: 0 out of 20
  Number of DML statements: 0 out of 150
  Number of Publish Immediate DML: 0 out of 150
  Number of DML rows: 0 out of 10000
  Maximum CPU time: 0 out of 10000
  Maximum heap size: 0 out of 6000000
  Number of callouts: 0 out of 100
  Number of Email Invocations: 0 out of 10
  Number of future calls: 0 out of 50
  Number of queueable jobs added to the queue: 0 out of 50
  Number of Mobile Apex push calls: 0 out of 10

12:25:37.11 (11284816)|CUMULATIVE_LIMIT_USAGE_END

12:25:37.6 (11331799)|CODE_UNIT_FINISHED|ObserveTuneController.getTuneData()
12:25:37.6 (11566191)|CODE_UNIT_FINISHED|apex://ObserveTuneController/ACTION$getTuneData
12:25:37.6 (11580262)|EXECUTION_FINISHED
