66.0 APEX_CODE,FINEST;APEX_PROFILING,INFO;CALLOUT,INFO;DATA_ACCESS,INFO;DB,INFO;NBA,INFO;SYSTEM,DEBUG;VALIDATION,INFO;VISUALFORCE,INFO;WAVE,INFO;WORKFLOW,INFO
11:10:23.1 (1293530)|USER_INFO|[EXTERNAL]|005dM00000bGQNp|pmandy.f7098e8d67c2@agentforce.com|(GMT-07:00) Pacific Daylight Time (America/Los_Angeles)|GMT-07:00
11:10:23.1 (1359722)|EXECUTION_STARTED
11:10:23.1 (1384823)|CODE_UNIT_STARTED|[EXTERNAL]|apex://ObserveTuneController/ACTION$getTuneData
11:10:23.1 (3048151)|CODE_UNIT_STARTED|[EXTERNAL]|01pdM00000WohAb|ObserveTuneController.getTuneData()
11:10:23.1 (5132160)|HEAP_ALLOCATE|[95]|Bytes:3
11:10:23.1 (5257733)|HEAP_ALLOCATE|[100]|Bytes:152
11:10:23.1 (5274835)|HEAP_ALLOCATE|[417]|Bytes:408
11:10:23.1 (5289664)|HEAP_ALLOCATE|[430]|Bytes:408
11:10:23.1 (5320356)|HEAP_ALLOCATE|[317]|Bytes:6
11:10:23.1 (5376466)|HEAP_ALLOCATE|[EXTERNAL]|Bytes:8
11:10:23.1 (5385946)|HEAP_ALLOCATE|[EXTERNAL]|Bytes:22
11:10:23.1 (5411707)|METHOD_ENTRY|[1]|01pdM00000WohAb|ObserveTuneController.ObserveTuneController()
11:10:23.1 (5429647)|STATEMENT_EXECUTE|[1]
11:10:23.1 (5440439)|STATEMENT_EXECUTE|[1]
11:10:23.1 (5460748)|HEAP_ALLOCATE|[68]|Bytes:5
11:10:23.1 (5502289)|HEAP_ALLOCATE|[74]|Bytes:5
11:10:23.1 (5512699)|HEAP_ALLOCATE|[82]|Bytes:7
11:10:23.1 (5856557)|HEAP_ALLOCATE|[EXTERNAL]|Bytes:5
11:10:23.1 (5883698)|METHOD_EXIT|[1]|ObserveTuneController
11:10:23.1 (5898708)|HEAP_ALLOCATE|[5]|Bytes:5
11:10:23.1 (5904619)|STATEMENT_EXECUTE|[4]
11:10:23.1 (5907159)|STATEMENT_EXECUTE|[5]
11:10:23.1 (5909130)|STATEMENT_EXECUTE|[5]
11:10:23.1 (5911139)|STATEMENT_EXECUTE|[6]
11:10:23.1 (5929039)|HEAP_ALLOCATE|[6]|Bytes:4
11:10:23.1 (5953091)|VARIABLE_SCOPE_BEGIN|[6]|data|Map<String,ANY>|true|false
11:10:23.1 (6032242)|VARIABLE_ASSIGNMENT|[6]|data|{}|0x3dc620a4
11:10:23.1 (6039022)|STATEMENT_EXECUTE|[9]
11:10:23.1 (6076494)|HEAP_ALLOCATE|[9]|Bytes:4
11:10:23.1 (6174896)|HEAP_ALLOCATE|[10]|Bytes:4
11:10:23.1 (6182875)|HEAP_ALLOCATE|[11]|Bytes:4
11:10:23.1 (6187536)|HEAP_ALLOCATE|[11]|Bytes:13
11:10:23.1 (6248818)|HEAP_ALLOCATE|[12]|Bytes:6
11:10:23.1 (6254098)|HEAP_ALLOCATE|[12]|Bytes:5
11:10:23.1 (6265667)|HEAP_ALLOCATE|[13]|Bytes:7
11:10:23.1 (6275727)|HEAP_ALLOCATE|[10]|Bytes:4
11:10:23.1 (6296668)|HEAP_ALLOCATE|[14]|Bytes:7
11:10:23.1 (6301148)|HEAP_ALLOCATE|[14]|Bytes:18
11:10:23.1 (6313438)|HEAP_ALLOCATE|[15]|Bytes:9
11:10:23.1 (6317678)|HEAP_ALLOCATE|[15]|Bytes:179
11:10:23.1 (6339189)|HEAP_ALLOCATE|[17]|Bytes:4
11:10:23.1 (6345109)|HEAP_ALLOCATE|[18]|Bytes:11
11:10:23.1 (6370870)|HEAP_ALLOCATE|[19]|Bytes:14
11:10:23.1 (6387941)|HEAP_ALLOCATE|[17]|Bytes:4
11:10:23.1 (6400570)|HEAP_ALLOCATE|[21]|Bytes:9
11:10:23.1 (6411791)|HEAP_ALLOCATE|[22]|Bytes:81
11:10:23.1 (6427351)|VARIABLE_SCOPE_BEGIN|[9]|cohortLeads|List<Map<String,ANY>>|true|false
11:10:23.1 (6466252)|HEAP_ALLOCATE|[EXTERNAL]|Bytes:12
11:10:23.1 (6509464)|VARIABLE_ASSIGNMENT|[9]|cohortLeads|[{"name":"Jennifer Park","status":"Bound","daysAgo":3,"verdict":"Decision Confirmed","reasoning":"Act classified Pursu (159 more) ..."},{"name":"Marcus Reed","status":"Window Timeout","daysAgo":5,"verdict":"No-Signal","reasoning":"Still in nurture win (61 more) ..."}]|0x1668777a
11:10:23.1 (6517393)|STATEMENT_EXECUTE|[27]
11:10:23.1 (6524713)|HEAP_ALLOCATE|[27]|Bytes:4
11:10:23.1 (6546614)|HEAP_ALLOCATE|[28]|Bytes:4
11:10:23.1 (6552834)|HEAP_ALLOCATE|[29]|Bytes:5
11:10:23.1 (6556914)|HEAP_ALLOCATE|[29]|Bytes:99
11:10:23.1 (6581545)|HEAP_ALLOCATE|[30]|Bytes:6
11:10:23.1 (6586115)|HEAP_ALLOCATE|[30]|Bytes:46
11:10:23.1 (6597235)|HEAP_ALLOCATE|[31]|Bytes:6
11:10:23.1 (6601175)|HEAP_ALLOCATE|[31]|Bytes:24
11:10:23.1 (6617885)|HEAP_ALLOCATE|[33]|Bytes:4
11:10:23.1 (6623605)|HEAP_ALLOCATE|[34]|Bytes:72
11:10:23.1 (6646387)|HEAP_ALLOCATE|[35]|Bytes:21
11:10:23.1 (6658116)|HEAP_ALLOCATE|[36]|Bytes:24
11:10:23.1 (6671897)|HEAP_ALLOCATE|[38]|Bytes:4
11:10:23.1 (6677807)|HEAP_ALLOCATE|[39]|Bytes:78
11:10:23.1 (6700277)|HEAP_ALLOCATE|[40]|Bytes:55
11:10:23.1 (6712128)|HEAP_ALLOCATE|[41]|Bytes:25
11:10:23.1 (6724589)|VARIABLE_SCOPE_BEGIN|[27]|proposals|List<Map<String,ANY>>|true|false
11:10:23.1 (6744469)|HEAP_ALLOCATE|[EXTERNAL]|Bytes:16
11:10:23.1 (6766889)|VARIABLE_ASSIGNMENT|[27]|proposals|[{"title":"EverQuote source · P (79 more) ...","impact":"312 confirmed verdic (26 more) ...","change":"Tighten Pursue thres (4 more) ..."},{"title":"Household-match sign (52 more) ...","impact":"89 verdicts confirme (1 more) ...","change":"Increase weighting + (4 more) ..."},{"title":"New pattern: VINs >  (58 more) ...","impact":"Convert at 6.8% vs 1 (35 more) ...","change":"Recommend Nurture de (5 more) ..."}]|0x42f4dae8
11:10:23.1 (6776419)|STATEMENT_EXECUTE|[45]
11:10:23.1 (6781369)|HEAP_ALLOCATE|[45]|Bytes:4
11:10:23.1 (6787619)|HEAP_ALLOCATE|[46]|Bytes:10
11:10:23.1 (6791649)|HEAP_ALLOCATE|[46]|Bytes:10
11:10:23.1 (6816000)|HEAP_ALLOCATE|[47]|Bytes:8
11:10:23.1 (6820720)|HEAP_ALLOCATE|[47]|Bytes:10
11:10:23.1 (6831960)|HEAP_ALLOCATE|[48]|Bytes:12
11:10:23.1 (6840272)|HEAP_ALLOCATE|[45]|Bytes:4
11:10:23.1 (6851891)|HEAP_ALLOCATE|[49]|Bytes:9
11:10:23.1 (6862952)|HEAP_ALLOCATE|[50]|Bytes:12
11:10:23.1 (6866941)|HEAP_ALLOCATE|[50]|Bytes:4
11:10:23.1 (6877992)|HEAP_ALLOCATE|[51]|Bytes:12
11:10:23.1 (6881922)|HEAP_ALLOCATE|[51]|Bytes:4
11:10:23.1 (6892182)|HEAP_ALLOCATE|[52]|Bytes:13
11:10:23.1 (6896062)|HEAP_ALLOCATE|[52]|Bytes:68
11:10:23.1 (6906542)|VARIABLE_SCOPE_BEGIN|[45]|tuneProposal|Map<String,ANY>|true|false
11:10:23.1 (6920562)|VARIABLE_ASSIGNMENT|[45]|tuneProposal|"Map of size 7 too large to display"|0xdbbc8c9
11:10:23.1 (6925663)|STATEMENT_EXECUTE|[55]
11:10:23.1 (6928783)|HEAP_ALLOCATE|[55]|Bytes:11
11:10:23.1 (6960053)|HEAP_ALLOCATE|[EXTERNAL]|Bytes:-4
11:10:23.1 (6968224)|STATEMENT_EXECUTE|[56]
11:10:23.1 (6971304)|HEAP_ALLOCATE|[56]|Bytes:12
11:10:23.1 (6989915)|HEAP_ALLOCATE|[EXTERNAL]|Bytes:-4
11:10:23.1 (6996984)|STATEMENT_EXECUTE|[57]
11:10:23.1 (7000275)|HEAP_ALLOCATE|[57]|Bytes:7
11:10:23.1 (7024145)|HEAP_ALLOCATE|[57]|Bytes:5
11:10:23.1 (7029885)|HEAP_ALLOCATE|[EXTERNAL]|Bytes:-4
11:10:23.1 (7036455)|STATEMENT_EXECUTE|[59]
11:10:23.7 (7123727)|CUMULATIVE_LIMIT_USAGE
11:10:23.7 (7123727)|LIMIT_USAGE_FOR_NS|(default)|
  Number of SOQL queries: 0 out of 100
  Number of query rows: 0 out of 50000
  Number of SOSL queries: 0 out of 20
  Number of DML statements: 0 out of 150
  Number of Publish Immediate DML: 0 out of 150
  Number of DML rows: 0 out of 10000
  Maximum CPU time: 0 out of 10000
  Maximum heap size: 0 out of 6000000
  Number of callouts: 0 out of 100
  Number of Email Invocations: 0 out of 10
  Number of future calls: 0 out of 50
  Number of queueable jobs added to the queue: 0 out of 50
  Number of Mobile Apex push calls: 0 out of 10

11:10:23.7 (7123727)|CUMULATIVE_LIMIT_USAGE_END

11:10:23.1 (7220570)|CODE_UNIT_FINISHED|ObserveTuneController.getTuneData()
11:10:23.1 (7489676)|CODE_UNIT_FINISHED|apex://ObserveTuneController/ACTION$getTuneData
11:10:23.1 (7502436)|EXECUTION_FINISHED
