66.0 APEX_CODE,FINEST;APEX_PROFILING,INFO;CALLOUT,INFO;DATA_ACCESS,INFO;DB,INFO;NBA,INFO;SYSTEM,DEBUG;VALIDATION,INFO;VISUALFORCE,INFO;WAVE,INFO;WORKFLOW,INFO
12:36:04.1 (1440049)|USER_INFO|[EXTERNAL]|005dM00000bGQNp|pmandy.f7098e8d67c2@agentforce.com|(GMT-07:00) Pacific Daylight Time (America/Los_Angeles)|GMT-07:00
12:36:04.1 (1530654)|EXECUTION_STARTED
12:36:04.1 (1557087)|CODE_UNIT_STARTED|[EXTERNAL]|apex://ObserveTuneController/ACTION$approveTuneAndPromote
12:36:04.1 (3110423)|CODE_UNIT_STARTED|[EXTERNAL]|01pdM00000WohAb|ObserveTuneController.approveTuneAndPromote()
12:36:04.1 (5227573)|HEAP_ALLOCATE|[95]|Bytes:3
12:36:04.1 (5375612)|HEAP_ALLOCATE|[100]|Bytes:152
12:36:04.1 (5402064)|HEAP_ALLOCATE|[417]|Bytes:408
12:36:04.1 (5430756)|HEAP_ALLOCATE|[430]|Bytes:408
12:36:04.1 (5475069)|HEAP_ALLOCATE|[317]|Bytes:6
12:36:04.1 (5498091)|HEAP_ALLOCATE|[EXTERNAL]|Bytes:8
12:36:04.1 (5510681)|HEAP_ALLOCATE|[EXTERNAL]|Bytes:22
12:36:04.1 (5542513)|METHOD_ENTRY|[1]|01pdM00000WohAb|ObserveTuneController.ObserveTuneController()
12:36:04.1 (5563004)|STATEMENT_EXECUTE|[1]
12:36:04.1 (5573625)|STATEMENT_EXECUTE|[1]
12:36:04.1 (5596316)|HEAP_ALLOCATE|[68]|Bytes:5
12:36:04.1 (5639990)|HEAP_ALLOCATE|[74]|Bytes:5
12:36:04.1 (5653510)|HEAP_ALLOCATE|[82]|Bytes:7
12:36:04.1 (6168962)|HEAP_ALLOCATE|[EXTERNAL]|Bytes:5
12:36:04.1 (6208764)|METHOD_EXIT|[1]|ObserveTuneController
12:36:04.1 (6228536)|HEAP_ALLOCATE|[67]|Bytes:5
12:36:04.1 (6242407)|STATEMENT_EXECUTE|[66]
12:36:04.1 (6245447)|STATEMENT_EXECUTE|[67]
12:36:04.1 (6247527)|STATEMENT_EXECUTE|[67]
12:36:04.1 (6249637)|STATEMENT_EXECUTE|[68]
12:36:04.1 (6253017)|HEAP_ALLOCATE|[68]|Bytes:41
12:36:04.1 (6353443)|USER_DEBUG|[68]|DEBUG|===== APPROVE TUNE & PROMOTE v2.8.0 =====
12:36:04.1 (6370754)|STATEMENT_EXECUTE|[71]
12:36:04.1 (6420277)|VARIABLE_SCOPE_BEGIN|[71]|req|System.HttpRequest|true|false
12:36:04.1 (6825413)|VARIABLE_ASSIGNMENT|[71]|req|"System.HttpRequest[Endpoint=null, Method=null]"|0x11dc4ef5
12:36:04.1 (6836014)|STATEMENT_EXECUTE|[72]
12:36:04.1 (6840694)|HEAP_ALLOCATE|[72]|Bytes:42
12:36:04.1 (6929128)|STATEMENT_EXECUTE|[73]
12:36:04.1 (6933209)|HEAP_ALLOCATE|[73]|Bytes:4
12:36:04.1 (6961800)|STATEMENT_EXECUTE|[74]
12:36:04.1 (6965211)|HEAP_ALLOCATE|[74]|Bytes:12
12:36:04.1 (6970851)|HEAP_ALLOCATE|[74]|Bytes:16
12:36:04.1 (7010963)|STATEMENT_EXECUTE|[75]
12:36:04.1 (7028186)|HEAP_ALLOCATE|[75]|Bytes:4
12:36:04.1 (7079669)|HEAP_ALLOCATE|[76]|Bytes:12
12:36:04.1 (7086999)|HEAP_ALLOCATE|[76]|Bytes:6
12:36:04.1 (7161354)|HEAP_ALLOCATE|[77]|Bytes:6
12:36:04.1 (7167853)|HEAP_ALLOCATE|[77]|Bytes:45
12:36:04.1 (7231187)|HEAP_ALLOCATE|[75]|Bytes:24
12:36:04.1 (7289350)|SYSTEM_METHOD_ENTRY|[1]|JSON.JSON()
12:36:04.1 (7297791)|STATEMENT_EXECUTE|[1]
12:36:04.1 (7325604)|SYSTEM_METHOD_EXIT|[1]|JSON
12:36:04.1 (7401728)|METHOD_ENTRY|[75]||System.JSON.serialize(Object)
12:36:04.1 (10157979)|METHOD_EXIT|[75]||System.JSON.serialize(Object)
12:36:04.1 (10238043)|STATEMENT_EXECUTE|[80]
12:36:04.1 (10262875)|VARIABLE_SCOPE_BEGIN|[80]|http|System.Http|true|false
12:36:04.1 (10376282)|VARIABLE_ASSIGNMENT|[80]|http|"System.Http[]"|0x38b58af0
12:36:04.1 (10383692)|STATEMENT_EXECUTE|[81]
12:36:04.1 (10538842)|CALLOUT_REQUEST|[81]|System.HttpRequest[Endpoint=http://146.190.153.46:9000/update-champion, Method=POST]
12:36:04.1 (633676487)|HEAP_ALLOCATE|[EXTERNAL]|Bytes:292
12:36:04.1 (636856724)|CALLOUT_RESPONSE|[81]|System.HttpResponse[Status=OK, StatusCode=200]
12:36:04.1 (636893557)|HEAP_ALLOCATE|[81]|Bytes:61
12:36:04.1 (636926249)|VARIABLE_SCOPE_BEGIN|[81]|res|System.HttpResponse|true|false
12:36:04.1 (637022005)|VARIABLE_ASSIGNMENT|[81]|res|"System.HttpResponse[Status=OK, StatusCode=200]"|0xa35d7b1
12:36:04.1 (637029375)|STATEMENT_EXECUTE|[83]
12:36:04.1 (637034675)|HEAP_ALLOCATE|[83]|Bytes:23
12:36:04.1 (637148452)|HEAP_ALLOCATE|[83]|Bytes:3
12:36:04.1 (637171244)|HEAP_ALLOCATE|[83]|Bytes:26
12:36:04.1 (637194575)|USER_DEBUG|[83]|DEBUG|LUMEN Response Status: 200
12:36:04.1 (637203786)|STATEMENT_EXECUTE|[84]
12:36:04.1 (637206716)|HEAP_ALLOCATE|[84]|Bytes:21
12:36:04.1 (637241768)|HEAP_ALLOCATE|[84]|Bytes:55
12:36:04.1 (637252019)|HEAP_ALLOCATE|[84]|Bytes:76
12:36:04.1 (637261919)|USER_DEBUG|[84]|DEBUG|LUMEN Response Body: {"success":false,"error":"champion_model not provided"}
12:36:04.1 (637290421)|STATEMENT_EXECUTE|[86]
12:36:04.1 (637292891)|STATEMENT_EXECUTE|[87]
12:36:04.1 (637295881)|HEAP_ALLOCATE|[87]|Bytes:39
12:36:04.1 (637321153)|USER_DEBUG|[87]|DEBUG|===== v2.8.0 PROMOTED TO CHAMPION =====
12:36:04.1 (637329583)|STATEMENT_EXECUTE|[90]
12:36:04.1 (655649687)|HEAP_ALLOCATE|[90]|Bytes:44
12:36:04.1 (655696200)|VARIABLE_SCOPE_BEGIN|[90]|config|Loom_Config__c|true|false
12:36:04.1 (655939805)|VARIABLE_ASSIGNMENT|[90]|config|{"LastModifiedDate":"2026-05-26T19:25:42.000Z","IsDeleted":false,"CreatedById":"005dM00000bGQNpQAO","CreatedDate":"2026-05-26T14:15:32.000Z","Id":"a0OdM00000QHtsLUAT","LastModifiedById":"005dM00000bGQNpQAO","SetupOwnerId":"00DdM00000wFcrbUAC","Champion_Model_Version__c":"v2.8.0","Name":"a0OdM00000QHtsL","SystemModstamp":"2026-05-26T19:25:42.000Z"}|0xad0eda5
12:36:04.1 (655953946)|STATEMENT_EXECUTE|[91]
12:36:04.1 (656306217)|VARIABLE_ASSIGNMENT|[91]|this.Champion_Model_Version__c|"v2.8.0"|0xad0eda5
12:36:04.1 (656316338)|STATEMENT_EXECUTE|[92]
12:36:04.1 (656382632)|HEAP_ALLOCATE|[92]|Bytes:8
12:36:04.1 (656416824)|DML_BEGIN|[92]|Op:Upsert|Type:Loom_Config__c|Rows:1
12:36:04.1 (656461618)|HEAP_ALLOCATE|[EXTERNAL]|Bytes:8
12:36:04.1 (703907013)|DML_END|[92]
12:36:04.1 (704145318)|STATEMENT_EXECUTE|[93]
12:36:04.1 (704154348)|HEAP_ALLOCATE|[93]|Bytes:58
12:36:04.1 (704214221)|USER_DEBUG|[93]|DEBUG|Custom setting updated: Champion_Model_Version__c = v2.8.0
12:36:04.1 (704223883)|STATEMENT_EXECUTE|[95]
12:36:04.1 (704243804)|HEAP_ALLOCATE|[95]|Bytes:4
12:36:04.1 (704254805)|HEAP_ALLOCATE|[96]|Bytes:7
12:36:04.1 (704311508)|HEAP_ALLOCATE|[95]|Bytes:5
12:36:04.1 (704325709)|HEAP_ALLOCATE|[97]|Bytes:7
12:36:04.1 (704330419)|HEAP_ALLOCATE|[97]|Bytes:27
12:36:04.1 (704343540)|HEAP_ALLOCATE|[98]|Bytes:8
12:36:04.1 (704356280)|HEAP_ALLOCATE|[99]|Bytes:13
12:36:04.1 (704360461)|HEAP_ALLOCATE|[99]|Bytes:6
12:36:04.727 (727916709)|CUMULATIVE_LIMIT_USAGE
12:36:04.727 (727916709)|LIMIT_USAGE_FOR_NS|(default)|
  Number of SOQL queries: 0 out of 100
  Number of query rows: 0 out of 50000
  Number of SOSL queries: 0 out of 20
  Number of DML statements: 1 out of 150
  Number of Publish Immediate DML: 0 out of 150
  Number of DML rows: 1 out of 10000
  Maximum CPU time: 0 out of 10000
  Maximum heap size: 0 out of 6000000
  Number of callouts: 1 out of 100
  Number of Email Invocations: 0 out of 10
  Number of future calls: 0 out of 50
  Number of queueable jobs added to the queue: 0 out of 50
  Number of Mobile Apex push calls: 0 out of 10

12:36:04.727 (727916709)|CUMULATIVE_LIMIT_USAGE_END

12:36:04.1 (728004244)|CODE_UNIT_FINISHED|ObserveTuneController.approveTuneAndPromote()
12:36:04.1 (728277581)|CODE_UNIT_FINISHED|apex://ObserveTuneController/ACTION$approveTuneAndPromote
12:36:04.1 (728290872)|EXECUTION_FINISHED
