66.0 APEX_CODE,FINEST;APEX_PROFILING,INFO;CALLOUT,INFO;DATA_ACCESS,INFO;DB,INFO;NBA,INFO;SYSTEM,DEBUG;VALIDATION,INFO;VISUALFORCE,INFO;WAVE,INFO;WORKFLOW,INFO
12:38:46.8 (8180856)|USER_INFO|[EXTERNAL]|005dM00000bGQNp|pmandy.f7098e8d67c2@agentforce.com|(GMT-07:00) Pacific Daylight Time (America/Los_Angeles)|GMT-07:00
12:38:46.8 (8256708)|EXECUTION_STARTED
12:38:46.8 (8284209)|CODE_UNIT_STARTED|[EXTERNAL]|apex://ObserveTuneController/ACTION$getTuneData
12:38:46.8 (9479364)|CODE_UNIT_STARTED|[EXTERNAL]|01pdM00000WohAb|ObserveTuneController.getTuneData()
12:38:46.8 (11514088)|HEAP_ALLOCATE|[95]|Bytes:3
12:38:46.8 (11668431)|HEAP_ALLOCATE|[100]|Bytes:152
12:38:46.8 (11690242)|HEAP_ALLOCATE|[417]|Bytes:408
12:38:46.8 (11709303)|HEAP_ALLOCATE|[430]|Bytes:408
12:38:46.8 (11741173)|HEAP_ALLOCATE|[317]|Bytes:6
12:38:46.8 (11800774)|HEAP_ALLOCATE|[EXTERNAL]|Bytes:8
12:38:46.8 (11812834)|HEAP_ALLOCATE|[EXTERNAL]|Bytes:22
12:38:46.8 (11845645)|METHOD_ENTRY|[1]|01pdM00000WohAb|ObserveTuneController.ObserveTuneController()
12:38:46.8 (11863566)|STATEMENT_EXECUTE|[1]
12:38:46.8 (11873195)|STATEMENT_EXECUTE|[1]
12:38:46.8 (11897547)|HEAP_ALLOCATE|[68]|Bytes:5
12:38:46.8 (11946008)|HEAP_ALLOCATE|[74]|Bytes:5
12:38:46.8 (11955117)|HEAP_ALLOCATE|[82]|Bytes:7
12:38:46.8 (12418177)|HEAP_ALLOCATE|[EXTERNAL]|Bytes:5
12:38:46.8 (12444778)|METHOD_EXIT|[1]|ObserveTuneController
12:38:46.8 (12459728)|HEAP_ALLOCATE|[5]|Bytes:5
12:38:46.8 (12465588)|STATEMENT_EXECUTE|[4]
12:38:46.8 (12468989)|STATEMENT_EXECUTE|[5]
12:38:46.8 (12471689)|STATEMENT_EXECUTE|[5]
12:38:46.8 (12474289)|STATEMENT_EXECUTE|[6]
12:38:46.8 (12499689)|HEAP_ALLOCATE|[6]|Bytes:4
12:38:46.8 (12532460)|VARIABLE_SCOPE_BEGIN|[6]|data|Map<String,ANY>|true|false
12:38:46.8 (12649882)|VARIABLE_ASSIGNMENT|[6]|data|{}|0x6f3bf838
12:38:46.8 (12656983)|STATEMENT_EXECUTE|[9]
12:38:46.8 (12706484)|HEAP_ALLOCATE|[9]|Bytes:4
12:38:46.8 (12860557)|HEAP_ALLOCATE|[10]|Bytes:4
12:38:46.8 (12871787)|HEAP_ALLOCATE|[11]|Bytes:4
12:38:46.8 (12876217)|HEAP_ALLOCATE|[11]|Bytes:13
12:38:46.8 (12963039)|HEAP_ALLOCATE|[12]|Bytes:6
12:38:46.8 (12968989)|HEAP_ALLOCATE|[12]|Bytes:5
12:38:46.8 (12981469)|HEAP_ALLOCATE|[13]|Bytes:7
12:38:46.8 (12993490)|HEAP_ALLOCATE|[10]|Bytes:4
12:38:46.8 (13036421)|HEAP_ALLOCATE|[14]|Bytes:7
12:38:46.8 (13041281)|HEAP_ALLOCATE|[14]|Bytes:18
12:38:46.8 (13052701)|HEAP_ALLOCATE|[15]|Bytes:9
12:38:46.8 (13056831)|HEAP_ALLOCATE|[15]|Bytes:179
12:38:46.8 (13078621)|HEAP_ALLOCATE|[17]|Bytes:4
12:38:46.8 (13087142)|HEAP_ALLOCATE|[18]|Bytes:11
12:38:46.8 (13115442)|HEAP_ALLOCATE|[19]|Bytes:14
12:38:46.8 (13134833)|HEAP_ALLOCATE|[17]|Bytes:4
12:38:46.8 (13148653)|HEAP_ALLOCATE|[21]|Bytes:9
12:38:46.8 (13161093)|HEAP_ALLOCATE|[22]|Bytes:81
12:38:46.8 (13176794)|VARIABLE_SCOPE_BEGIN|[9]|cohortLeads|List<Map<String,ANY>>|true|false
12:38:46.8 (13227565)|HEAP_ALLOCATE|[EXTERNAL]|Bytes:12
12:38:46.8 (13275166)|VARIABLE_ASSIGNMENT|[9]|cohortLeads|[{"name":"Jennifer Park","status":"Bound","daysAgo":3,"verdict":"Decision Confirmed","reasoning":"Act classified Pursu (159 more) ..."},{"name":"Marcus Reed","status":"Window Timeout","daysAgo":5,"verdict":"No-Signal","reasoning":"Still in nurture win (61 more) ..."}]|0x405cefce
12:38:46.8 (13282526)|STATEMENT_EXECUTE|[27]
12:38:46.8 (13292866)|HEAP_ALLOCATE|[27]|Bytes:4
12:38:46.8 (13328057)|HEAP_ALLOCATE|[28]|Bytes:4
12:38:46.8 (13334947)|HEAP_ALLOCATE|[29]|Bytes:5
12:38:46.8 (13338977)|HEAP_ALLOCATE|[29]|Bytes:99
12:38:46.8 (13368818)|HEAP_ALLOCATE|[30]|Bytes:6
12:38:46.8 (13373448)|HEAP_ALLOCATE|[30]|Bytes:46
12:38:46.8 (13384759)|HEAP_ALLOCATE|[31]|Bytes:6
12:38:46.8 (13390028)|HEAP_ALLOCATE|[31]|Bytes:24
12:38:46.8 (13407108)|HEAP_ALLOCATE|[33]|Bytes:4
12:38:46.8 (13412778)|HEAP_ALLOCATE|[34]|Bytes:72
12:38:46.8 (13435049)|HEAP_ALLOCATE|[35]|Bytes:21
12:38:46.8 (13447049)|HEAP_ALLOCATE|[36]|Bytes:24
12:38:46.8 (13466670)|HEAP_ALLOCATE|[38]|Bytes:4
12:38:46.8 (13473540)|HEAP_ALLOCATE|[39]|Bytes:78
12:38:46.8 (13495841)|HEAP_ALLOCATE|[40]|Bytes:55
12:38:46.8 (13507690)|HEAP_ALLOCATE|[41]|Bytes:25
12:38:46.8 (13522122)|VARIABLE_SCOPE_BEGIN|[27]|proposals|List<Map<String,ANY>>|true|false
12:38:46.8 (13546282)|HEAP_ALLOCATE|[EXTERNAL]|Bytes:16
12:38:46.8 (13570923)|VARIABLE_ASSIGNMENT|[27]|proposals|[{"title":"EverQuote source · P (79 more) ...","impact":"312 confirmed verdic (26 more) ...","change":"Tighten Pursue thres (4 more) ..."},{"title":"Household-match sign (52 more) ...","impact":"89 verdicts confirme (1 more) ...","change":"Increase weighting + (4 more) ..."},{"title":"New pattern: VINs >  (58 more) ...","impact":"Convert at 6.8% vs 1 (35 more) ...","change":"Recommend Nurture de (5 more) ..."}]|0x5f2e85cb
12:38:46.8 (13582972)|STATEMENT_EXECUTE|[45]
12:38:46.8 (13589262)|HEAP_ALLOCATE|[45]|Bytes:4
12:38:46.8 (13596403)|HEAP_ALLOCATE|[46]|Bytes:10
12:38:46.8 (13600283)|HEAP_ALLOCATE|[46]|Bytes:10
12:38:46.8 (13623993)|HEAP_ALLOCATE|[47]|Bytes:8
12:38:46.8 (13629573)|HEAP_ALLOCATE|[47]|Bytes:10
12:38:46.8 (13640543)|HEAP_ALLOCATE|[48]|Bytes:12
12:38:46.8 (13648823)|HEAP_ALLOCATE|[45]|Bytes:4
12:38:46.8 (13661264)|HEAP_ALLOCATE|[49]|Bytes:9
12:38:46.8 (13673255)|HEAP_ALLOCATE|[50]|Bytes:12
12:38:46.8 (13677354)|HEAP_ALLOCATE|[50]|Bytes:4
12:38:46.8 (13693655)|HEAP_ALLOCATE|[51]|Bytes:12
12:38:46.8 (13700035)|HEAP_ALLOCATE|[51]|Bytes:4
12:38:46.8 (13715606)|HEAP_ALLOCATE|[52]|Bytes:13
12:38:46.8 (13720896)|HEAP_ALLOCATE|[52]|Bytes:68
12:38:46.8 (13735915)|VARIABLE_SCOPE_BEGIN|[45]|tuneProposal|Map<String,ANY>|true|false
12:38:46.8 (13755026)|VARIABLE_ASSIGNMENT|[45]|tuneProposal|"Map of size 7 too large to display"|0x4082229f
12:38:46.8 (13760127)|STATEMENT_EXECUTE|[55]
12:38:46.8 (13763767)|HEAP_ALLOCATE|[55]|Bytes:11
12:38:46.8 (13795898)|HEAP_ALLOCATE|[EXTERNAL]|Bytes:-4
12:38:46.8 (13806387)|STATEMENT_EXECUTE|[56]
12:38:46.8 (13809688)|HEAP_ALLOCATE|[56]|Bytes:12
12:38:46.8 (13827987)|HEAP_ALLOCATE|[EXTERNAL]|Bytes:-4
12:38:46.8 (13837778)|STATEMENT_EXECUTE|[57]
12:38:46.8 (13841819)|HEAP_ALLOCATE|[57]|Bytes:7
12:38:46.8 (13873219)|HEAP_ALLOCATE|[57]|Bytes:5
12:38:46.8 (13881419)|HEAP_ALLOCATE|[EXTERNAL]|Bytes:-4
12:38:46.8 (13891570)|STATEMENT_EXECUTE|[59]
12:38:46.13 (13982611)|CUMULATIVE_LIMIT_USAGE
12:38:46.13 (13982611)|LIMIT_USAGE_FOR_NS|(default)|
  Number of SOQL queries: 0 out of 100
  Number of query rows: 0 out of 50000
  Number of SOSL queries: 0 out of 20
  Number of DML statements: 0 out of 150
  Number of Publish Immediate DML: 0 out of 150
  Number of DML rows: 0 out of 10000
  Maximum CPU time: 0 out of 10000
  Maximum heap size: 0 out of 6000000
  Number of callouts: 0 out of 100
  Number of Email Invocations: 0 out of 10
  Number of future calls: 0 out of 50
  Number of queueable jobs added to the queue: 0 out of 50
  Number of Mobile Apex push calls: 0 out of 10

12:38:46.13 (13982611)|CUMULATIVE_LIMIT_USAGE_END

12:38:46.8 (14036562)|CODE_UNIT_FINISHED|ObserveTuneController.getTuneData()
12:38:46.8 (14312018)|CODE_UNIT_FINISHED|apex://ObserveTuneController/ACTION$getTuneData
12:38:46.8 (14324008)|EXECUTION_FINISHED
