66.0 APEX_CODE,FINEST;APEX_PROFILING,INFO;CALLOUT,INFO;DATA_ACCESS,INFO;DB,INFO;NBA,INFO;SYSTEM,DEBUG;VALIDATION,INFO;VISUALFORCE,INFO;WAVE,INFO;WORKFLOW,INFO
12:17:26.1 (1270079)|USER_INFO|[EXTERNAL]|005dM00000bGQNp|pmandy.f7098e8d67c2@agentforce.com|(GMT-07:00) Pacific Daylight Time (America/Los_Angeles)|GMT-07:00
12:17:26.1 (1334602)|EXECUTION_STARTED
12:17:26.1 (1365754)|CODE_UNIT_STARTED|[EXTERNAL]|apex://ObserveTuneController/ACTION$getTuneData
12:17:26.1 (2940989)|CODE_UNIT_STARTED|[EXTERNAL]|01pdM00000WohAb|ObserveTuneController.getTuneData()
12:17:26.1 (4961319)|HEAP_ALLOCATE|[95]|Bytes:3
12:17:26.1 (5070815)|HEAP_ALLOCATE|[100]|Bytes:152
12:17:26.1 (5088406)|HEAP_ALLOCATE|[417]|Bytes:408
12:17:26.1 (5103797)|HEAP_ALLOCATE|[430]|Bytes:408
12:17:26.1 (5130328)|HEAP_ALLOCATE|[317]|Bytes:6
12:17:26.1 (5188031)|HEAP_ALLOCATE|[EXTERNAL]|Bytes:8
12:17:26.1 (5193371)|HEAP_ALLOCATE|[EXTERNAL]|Bytes:22
12:17:26.1 (5230893)|METHOD_ENTRY|[1]|01pdM00000WohAb|ObserveTuneController.ObserveTuneController()
12:17:26.1 (5247724)|STATEMENT_EXECUTE|[1]
12:17:26.1 (5257635)|STATEMENT_EXECUTE|[1]
12:17:26.1 (5283896)|HEAP_ALLOCATE|[68]|Bytes:5
12:17:26.1 (5319838)|HEAP_ALLOCATE|[74]|Bytes:5
12:17:26.1 (5328999)|HEAP_ALLOCATE|[82]|Bytes:7
12:17:26.1 (5668417)|HEAP_ALLOCATE|[EXTERNAL]|Bytes:5
12:17:26.1 (5701319)|METHOD_EXIT|[1]|ObserveTuneController
12:17:26.1 (5716240)|HEAP_ALLOCATE|[5]|Bytes:5
12:17:26.1 (5721190)|STATEMENT_EXECUTE|[4]
12:17:26.1 (5723610)|STATEMENT_EXECUTE|[5]
12:17:26.1 (5725600)|STATEMENT_EXECUTE|[5]
12:17:26.1 (5727730)|STATEMENT_EXECUTE|[6]
12:17:26.1 (5744901)|HEAP_ALLOCATE|[6]|Bytes:4
12:17:26.1 (5771933)|VARIABLE_SCOPE_BEGIN|[6]|data|Map<String,ANY>|true|false
12:17:26.1 (5877748)|VARIABLE_ASSIGNMENT|[6]|data|{}|0x4c413c4
12:17:26.1 (5883679)|STATEMENT_EXECUTE|[9]
12:17:26.1 (5940582)|HEAP_ALLOCATE|[9]|Bytes:4
12:17:26.1 (6114771)|HEAP_ALLOCATE|[10]|Bytes:4
12:17:26.1 (6123722)|HEAP_ALLOCATE|[11]|Bytes:4
12:17:26.1 (6128242)|HEAP_ALLOCATE|[11]|Bytes:13
12:17:26.1 (6239618)|HEAP_ALLOCATE|[12]|Bytes:6
12:17:26.1 (6245028)|HEAP_ALLOCATE|[12]|Bytes:5
12:17:26.1 (6258369)|HEAP_ALLOCATE|[13]|Bytes:7
12:17:26.1 (6282550)|HEAP_ALLOCATE|[10]|Bytes:4
12:17:26.1 (6371595)|HEAP_ALLOCATE|[14]|Bytes:7
12:17:26.1 (6380366)|HEAP_ALLOCATE|[14]|Bytes:18
12:17:26.1 (6392726)|HEAP_ALLOCATE|[15]|Bytes:9
12:17:26.1 (6397817)|HEAP_ALLOCATE|[15]|Bytes:179
12:17:26.1 (6426008)|HEAP_ALLOCATE|[17]|Bytes:4
12:17:26.1 (6432248)|HEAP_ALLOCATE|[18]|Bytes:11
12:17:26.1 (6457490)|HEAP_ALLOCATE|[19]|Bytes:14
12:17:26.1 (6473811)|HEAP_ALLOCATE|[17]|Bytes:4
12:17:26.1 (6486711)|HEAP_ALLOCATE|[21]|Bytes:9
12:17:26.1 (6499192)|HEAP_ALLOCATE|[22]|Bytes:81
12:17:26.1 (6513853)|VARIABLE_SCOPE_BEGIN|[9]|cohortLeads|List<Map<String,ANY>>|true|false
12:17:26.1 (6632709)|HEAP_ALLOCATE|[EXTERNAL]|Bytes:12
12:17:26.1 (6678372)|VARIABLE_ASSIGNMENT|[9]|cohortLeads|[{"name":"Jennifer Park","status":"Bound","daysAgo":3,"verdict":"Decision Confirmed","reasoning":"Act classified Pursu (159 more) ..."},{"name":"Marcus Reed","status":"Window Timeout","daysAgo":5,"verdict":"No-Signal","reasoning":"Still in nurture win (61 more) ..."}]|0x26ce9b2c
12:17:26.1 (6686202)|STATEMENT_EXECUTE|[27]
12:17:26.1 (6693893)|HEAP_ALLOCATE|[27]|Bytes:4
12:17:26.1 (6732395)|HEAP_ALLOCATE|[28]|Bytes:4
12:17:26.1 (6738935)|HEAP_ALLOCATE|[29]|Bytes:5
12:17:26.1 (6743545)|HEAP_ALLOCATE|[29]|Bytes:99
12:17:26.1 (6768807)|HEAP_ALLOCATE|[30]|Bytes:6
12:17:26.1 (6773287)|HEAP_ALLOCATE|[30]|Bytes:46
12:17:26.1 (6785688)|HEAP_ALLOCATE|[31]|Bytes:6
12:17:26.1 (6789898)|HEAP_ALLOCATE|[31]|Bytes:24
12:17:26.1 (6809189)|HEAP_ALLOCATE|[33]|Bytes:4
12:17:26.1 (6815309)|HEAP_ALLOCATE|[34]|Bytes:72
12:17:26.1 (6837720)|HEAP_ALLOCATE|[35]|Bytes:21
12:17:26.1 (6849601)|HEAP_ALLOCATE|[36]|Bytes:24
12:17:26.1 (6863582)|HEAP_ALLOCATE|[38]|Bytes:4
12:17:26.1 (6870502)|HEAP_ALLOCATE|[39]|Bytes:78
12:17:26.1 (6892243)|HEAP_ALLOCATE|[40]|Bytes:55
12:17:26.1 (6903894)|HEAP_ALLOCATE|[41]|Bytes:25
12:17:26.1 (6916835)|VARIABLE_SCOPE_BEGIN|[27]|proposals|List<Map<String,ANY>>|true|false
12:17:26.1 (6935786)|HEAP_ALLOCATE|[EXTERNAL]|Bytes:16
12:17:26.1 (6956577)|VARIABLE_ASSIGNMENT|[27]|proposals|[{"title":"EverQuote source · P (79 more) ...","impact":"312 confirmed verdic (26 more) ...","change":"Tighten Pursue thres (4 more) ..."},{"title":"Household-match sign (52 more) ...","impact":"89 verdicts confirme (1 more) ...","change":"Increase weighting + (4 more) ..."},{"title":"New pattern: VINs >  (58 more) ...","impact":"Convert at 6.8% vs 1 (35 more) ...","change":"Recommend Nurture de (5 more) ..."}]|0x68e09e33
12:17:26.1 (6968727)|STATEMENT_EXECUTE|[45]
12:17:26.1 (6974168)|HEAP_ALLOCATE|[45]|Bytes:4
12:17:26.1 (6980648)|HEAP_ALLOCATE|[46]|Bytes:10
12:17:26.1 (6984828)|HEAP_ALLOCATE|[46]|Bytes:10
12:17:26.1 (7008860)|HEAP_ALLOCATE|[47]|Bytes:8
12:17:26.1 (7015210)|HEAP_ALLOCATE|[47]|Bytes:10
12:17:26.1 (7027291)|HEAP_ALLOCATE|[48]|Bytes:12
12:17:26.1 (7039701)|HEAP_ALLOCATE|[45]|Bytes:4
12:17:26.1 (7051372)|HEAP_ALLOCATE|[49]|Bytes:9
12:17:26.1 (7062493)|HEAP_ALLOCATE|[50]|Bytes:12
12:17:26.1 (7066563)|HEAP_ALLOCATE|[50]|Bytes:4
12:17:26.1 (7077143)|HEAP_ALLOCATE|[51]|Bytes:12
12:17:26.1 (7081134)|HEAP_ALLOCATE|[51]|Bytes:4
12:17:26.1 (7091784)|HEAP_ALLOCATE|[52]|Bytes:13
12:17:26.1 (7095654)|HEAP_ALLOCATE|[52]|Bytes:68
12:17:26.1 (7105755)|VARIABLE_SCOPE_BEGIN|[45]|tuneProposal|Map<String,ANY>|true|false
12:17:26.1 (7117586)|VARIABLE_ASSIGNMENT|[45]|tuneProposal|"Map of size 7 too large to display"|0x2f4d7a4f
12:17:26.1 (7122806)|STATEMENT_EXECUTE|[55]
12:17:26.1 (7126336)|HEAP_ALLOCATE|[55]|Bytes:11
12:17:26.1 (7159628)|HEAP_ALLOCATE|[EXTERNAL]|Bytes:-4
12:17:26.1 (7167188)|STATEMENT_EXECUTE|[56]
12:17:26.1 (7170608)|HEAP_ALLOCATE|[56]|Bytes:12
12:17:26.1 (7189299)|HEAP_ALLOCATE|[EXTERNAL]|Bytes:-4
12:17:26.1 (7195910)|STATEMENT_EXECUTE|[57]
12:17:26.1 (7199210)|HEAP_ALLOCATE|[57]|Bytes:7
12:17:26.1 (7228892)|HEAP_ALLOCATE|[57]|Bytes:5
12:17:26.1 (7237032)|HEAP_ALLOCATE|[EXTERNAL]|Bytes:-4
12:17:26.1 (7243252)|STATEMENT_EXECUTE|[59]
12:17:26.7 (7321837)|CUMULATIVE_LIMIT_USAGE
12:17:26.7 (7321837)|LIMIT_USAGE_FOR_NS|(default)|
  Number of SOQL queries: 0 out of 100
  Number of query rows: 0 out of 50000
  Number of SOSL queries: 0 out of 20
  Number of DML statements: 0 out of 150
  Number of Publish Immediate DML: 0 out of 150
  Number of DML rows: 0 out of 10000
  Maximum CPU time: 0 out of 10000
  Maximum heap size: 0 out of 6000000
  Number of callouts: 0 out of 100
  Number of Email Invocations: 0 out of 10
  Number of future calls: 0 out of 50
  Number of queueable jobs added to the queue: 0 out of 50
  Number of Mobile Apex push calls: 0 out of 10

12:17:26.7 (7321837)|CUMULATIVE_LIMIT_USAGE_END

12:17:26.1 (7405091)|CODE_UNIT_FINISHED|ObserveTuneController.getTuneData()
12:17:26.1 (7658025)|CODE_UNIT_FINISHED|apex://ObserveTuneController/ACTION$getTuneData
12:17:26.1 (7670885)|EXECUTION_FINISHED
