66.0 APEX_CODE,FINEST;APEX_PROFILING,INFO;CALLOUT,INFO;DATA_ACCESS,INFO;DB,INFO;NBA,INFO;SYSTEM,DEBUG;VALIDATION,INFO;VISUALFORCE,INFO;WAVE,INFO;WORKFLOW,INFO
13:10:36.1 (1481276)|USER_INFO|[EXTERNAL]|005dM00000bGQNp|pmandy.f7098e8d67c2@agentforce.com|(GMT-07:00) Pacific Daylight Time (America/Los_Angeles)|GMT-07:00
13:10:36.1 (1550228)|EXECUTION_STARTED
13:10:36.1 (1581979)|CODE_UNIT_STARTED|[EXTERNAL]|apex://ObserveTuneController/ACTION$approveTuneAndPromote
13:10:36.1 (3199028)|CODE_UNIT_STARTED|[EXTERNAL]|01pdM00000WohAb|ObserveTuneController.approveTuneAndPromote()
13:10:36.1 (4896139)|HEAP_ALLOCATE|[95]|Bytes:3
13:10:36.1 (5023892)|HEAP_ALLOCATE|[100]|Bytes:152
13:10:36.1 (5047692)|HEAP_ALLOCATE|[417]|Bytes:408
13:10:36.1 (5063443)|HEAP_ALLOCATE|[430]|Bytes:408
13:10:36.1 (5086583)|HEAP_ALLOCATE|[317]|Bytes:6
13:10:36.1 (5101744)|HEAP_ALLOCATE|[EXTERNAL]|Bytes:8
13:10:36.1 (5108054)|HEAP_ALLOCATE|[EXTERNAL]|Bytes:22
13:10:36.1 (5146665)|METHOD_ENTRY|[1]|01pdM00000WohAb|ObserveTuneController.ObserveTuneController()
13:10:36.1 (5159675)|STATEMENT_EXECUTE|[1]
13:10:36.1 (5172165)|STATEMENT_EXECUTE|[1]
13:10:36.1 (5200026)|HEAP_ALLOCATE|[68]|Bytes:5
13:10:36.1 (5249777)|HEAP_ALLOCATE|[74]|Bytes:5
13:10:36.1 (5264637)|HEAP_ALLOCATE|[82]|Bytes:7
13:10:36.1 (5638416)|HEAP_ALLOCATE|[EXTERNAL]|Bytes:5
13:10:36.1 (5661737)|METHOD_EXIT|[1]|ObserveTuneController
13:10:36.1 (5676227)|HEAP_ALLOCATE|[67]|Bytes:5
13:10:36.1 (5684168)|STATEMENT_EXECUTE|[66]
13:10:36.1 (5686828)|STATEMENT_EXECUTE|[67]
13:10:36.1 (5688818)|STATEMENT_EXECUTE|[67]
13:10:36.1 (5690818)|STATEMENT_EXECUTE|[68]
13:10:36.1 (5694108)|HEAP_ALLOCATE|[68]|Bytes:41
13:10:36.1 (5783790)|USER_DEBUG|[68]|DEBUG|===== APPROVE TUNE & PROMOTE v2.8.0 =====
13:10:36.1 (5819541)|STATEMENT_EXECUTE|[71]
13:10:36.1 (5845771)|VARIABLE_SCOPE_BEGIN|[71]|req|System.HttpRequest|true|false
13:10:36.1 (6191910)|VARIABLE_ASSIGNMENT|[71]|req|"System.HttpRequest[Endpoint=null, Method=null]"|0x5933de5d
13:10:36.1 (6203410)|STATEMENT_EXECUTE|[72]
13:10:36.1 (6207880)|HEAP_ALLOCATE|[72]|Bytes:42
13:10:36.1 (6369254)|STATEMENT_EXECUTE|[73]
13:10:36.1 (6373364)|HEAP_ALLOCATE|[73]|Bytes:4
13:10:36.1 (6404825)|STATEMENT_EXECUTE|[74]
13:10:36.1 (6408005)|HEAP_ALLOCATE|[74]|Bytes:12
13:10:36.1 (6415065)|HEAP_ALLOCATE|[74]|Bytes:16
13:10:36.1 (6439716)|STATEMENT_EXECUTE|[75]
13:10:36.1 (6455146)|HEAP_ALLOCATE|[75]|Bytes:4
13:10:36.1 (6475967)|HEAP_ALLOCATE|[76]|Bytes:12
13:10:36.1 (6482267)|HEAP_ALLOCATE|[76]|Bytes:6
13:10:36.1 (6546128)|HEAP_ALLOCATE|[77]|Bytes:6
13:10:36.1 (6553199)|HEAP_ALLOCATE|[77]|Bytes:45
13:10:36.1 (6593400)|HEAP_ALLOCATE|[75]|Bytes:24
13:10:36.1 (6609780)|SYSTEM_METHOD_ENTRY|[1]|JSON.JSON()
13:10:36.1 (6616340)|STATEMENT_EXECUTE|[1]
13:10:36.1 (6628890)|SYSTEM_METHOD_EXIT|[1]|JSON
13:10:36.1 (6687562)|METHOD_ENTRY|[75]||System.JSON.serialize(Object)
13:10:36.1 (10114435)|METHOD_EXIT|[75]||System.JSON.serialize(Object)
13:10:36.1 (10242188)|STATEMENT_EXECUTE|[80]
13:10:36.1 (10276289)|VARIABLE_SCOPE_BEGIN|[80]|http|System.Http|true|false
13:10:36.1 (10606197)|VARIABLE_ASSIGNMENT|[80]|http|"System.Http[]"|0x37d4e052
13:10:36.1 (10622187)|STATEMENT_EXECUTE|[81]
13:10:36.1 (10762900)|CALLOUT_REQUEST|[81]|System.HttpRequest[Endpoint=http://146.190.153.46:9000/update-champion, Method=POST]
13:10:36.1 (570204804)|HEAP_ALLOCATE|[EXTERNAL]|Bytes:292
13:10:36.1 (573464462)|CALLOUT_RESPONSE|[81]|System.HttpResponse[Status=OK, StatusCode=200]
13:10:36.1 (573512084)|HEAP_ALLOCATE|[81]|Bytes:61
13:10:36.1 (573616316)|VARIABLE_SCOPE_BEGIN|[81]|res|System.HttpResponse|true|false
13:10:36.1 (573771700)|VARIABLE_ASSIGNMENT|[81]|res|"System.HttpResponse[Status=OK, StatusCode=200]"|0x3b8a1abf
13:10:36.1 (573783010)|STATEMENT_EXECUTE|[83]
13:10:36.1 (573790330)|HEAP_ALLOCATE|[83]|Bytes:23
13:10:36.1 (573897833)|HEAP_ALLOCATE|[83]|Bytes:3
13:10:36.1 (573919853)|HEAP_ALLOCATE|[83]|Bytes:26
13:10:36.1 (573989445)|USER_DEBUG|[83]|DEBUG|LUMEN Response Status: 200
13:10:36.1 (574002005)|STATEMENT_EXECUTE|[84]
13:10:36.1 (574006916)|HEAP_ALLOCATE|[84]|Bytes:21
13:10:36.1 (574033486)|HEAP_ALLOCATE|[84]|Bytes:55
13:10:36.1 (574082197)|HEAP_ALLOCATE|[84]|Bytes:76
13:10:36.1 (574164139)|USER_DEBUG|[84]|DEBUG|LUMEN Response Body: {"success":false,"error":"champion_model not provided"}
13:10:36.1 (574198300)|STATEMENT_EXECUTE|[86]
13:10:36.1 (574201940)|STATEMENT_EXECUTE|[87]
13:10:36.1 (574205630)|HEAP_ALLOCATE|[87]|Bytes:39
13:10:36.1 (574229961)|USER_DEBUG|[87]|DEBUG|===== v2.8.0 PROMOTED TO CHAMPION =====
13:10:36.1 (574240261)|STATEMENT_EXECUTE|[90]
13:10:36.1 (592353338)|HEAP_ALLOCATE|[90]|Bytes:44
13:10:36.1 (592456511)|VARIABLE_SCOPE_BEGIN|[90]|config|Loom_Config__c|true|false
13:10:36.1 (593345192)|VARIABLE_ASSIGNMENT|[90]|config|{"LastModifiedDate":"2026-05-26T20:07:46.000Z","IsDeleted":false,"CreatedById":"005dM00000bGQNpQAO","CreatedDate":"2026-05-26T14:15:32.000Z","Id":"a0OdM00000QHtsLUAT","LastModifiedById":"005dM00000bGQNpQAO","SetupOwnerId":"00DdM00000wFcrbUAC","Champion_Model_Version__c":"v2.8.0","Name":"a0OdM00000QHtsL","SystemModstamp":"2026-05-26T20:07:46.000Z"}|0x1851541f
13:10:36.1 (593366763)|STATEMENT_EXECUTE|[91]
13:10:36.1 (593643759)|VARIABLE_ASSIGNMENT|[91]|this.Champion_Model_Version__c|"v2.8.0"|0x1851541f
13:10:36.1 (593661110)|STATEMENT_EXECUTE|[92]
13:10:36.1 (593772472)|HEAP_ALLOCATE|[92]|Bytes:8
13:10:36.1 (593847144)|DML_BEGIN|[92]|Op:Upsert|Type:Loom_Config__c|Rows:1
13:10:36.1 (593924206)|HEAP_ALLOCATE|[EXTERNAL]|Bytes:8
13:10:36.1 (634825533)|DML_END|[92]
13:10:36.1 (635089460)|STATEMENT_EXECUTE|[93]
13:10:36.1 (635099140)|HEAP_ALLOCATE|[93]|Bytes:58
13:10:36.1 (635173782)|USER_DEBUG|[93]|DEBUG|Custom setting updated: Champion_Model_Version__c = v2.8.0
13:10:36.1 (635191422)|STATEMENT_EXECUTE|[95]
13:10:36.1 (635209893)|HEAP_ALLOCATE|[95]|Bytes:4
13:10:36.1 (635220483)|HEAP_ALLOCATE|[96]|Bytes:7
13:10:36.1 (635277284)|HEAP_ALLOCATE|[95]|Bytes:5
13:10:36.1 (635293695)|HEAP_ALLOCATE|[97]|Bytes:7
13:10:36.1 (635298355)|HEAP_ALLOCATE|[97]|Bytes:27
13:10:36.1 (635311685)|HEAP_ALLOCATE|[98]|Bytes:8
13:10:36.1 (635324586)|HEAP_ALLOCATE|[99]|Bytes:13
13:10:36.1 (635328936)|HEAP_ALLOCATE|[99]|Bytes:6
13:10:36.654 (654259402)|CUMULATIVE_LIMIT_USAGE
13:10:36.654 (654259402)|LIMIT_USAGE_FOR_NS|(default)|
  Number of SOQL queries: 0 out of 100
  Number of query rows: 0 out of 50000
  Number of SOSL queries: 0 out of 20
  Number of DML statements: 1 out of 150
  Number of Publish Immediate DML: 0 out of 150
  Number of DML rows: 1 out of 10000
  Maximum CPU time: 0 out of 10000
  Maximum heap size: 0 out of 6000000
  Number of callouts: 1 out of 100
  Number of Email Invocations: 0 out of 10
  Number of future calls: 0 out of 50
  Number of queueable jobs added to the queue: 0 out of 50
  Number of Mobile Apex push calls: 0 out of 10

13:10:36.654 (654259402)|CUMULATIVE_LIMIT_USAGE_END

13:10:36.1 (654318694)|CODE_UNIT_FINISHED|ObserveTuneController.approveTuneAndPromote()
13:10:36.1 (654546059)|CODE_UNIT_FINISHED|apex://ObserveTuneController/ACTION$approveTuneAndPromote
13:10:36.1 (654557730)|EXECUTION_FINISHED
