66.0 APEX_CODE,FINEST;APEX_PROFILING,INFO;CALLOUT,INFO;DATA_ACCESS,INFO;DB,INFO;NBA,INFO;SYSTEM,DEBUG;VALIDATION,INFO;VISUALFORCE,INFO;WAVE,INFO;WORKFLOW,INFO
10:12:18.0 (915660)|USER_INFO|[EXTERNAL]|005dM00000bGQNp|pmandy.f7098e8d67c2@agentforce.com|(GMT-07:00) Pacific Daylight Time (America/Los_Angeles)|GMT-07:00
10:12:18.0 (981481)|EXECUTION_STARTED
10:12:18.0 (1003392)|CODE_UNIT_STARTED|[EXTERNAL]|apex://Loop1OrchestratorController/ACTION$clearLeadEnrichmentData
10:12:18.0 (2299290)|CODE_UNIT_STARTED|[EXTERNAL]|01pdM00000Wj63d|Loop1OrchestratorController.clearLeadEnrichmentData(Id)
10:12:18.0 (4310585)|HEAP_ALLOCATE|[95]|Bytes:3
10:12:18.0 (4451168)|HEAP_ALLOCATE|[100]|Bytes:152
10:12:18.0 (4471528)|HEAP_ALLOCATE|[417]|Bytes:408
10:12:18.0 (4487409)|HEAP_ALLOCATE|[430]|Bytes:408
10:12:18.0 (4515399)|HEAP_ALLOCATE|[317]|Bytes:6
10:12:18.0 (4529580)|HEAP_ALLOCATE|[EXTERNAL]|Bytes:20
10:12:18.0 (4534340)|HEAP_ALLOCATE|[EXTERNAL]|Bytes:40
10:12:18.0 (4564740)|METHOD_ENTRY|[1]|01pdM00000Wj63d|Loop1OrchestratorController.Loop1OrchestratorController()
10:12:18.0 (4586601)|STATEMENT_EXECUTE|[1]
10:12:18.0 (4596921)|STATEMENT_EXECUTE|[1]
10:12:18.0 (4616772)|HEAP_ALLOCATE|[68]|Bytes:5
10:12:18.0 (4654952)|HEAP_ALLOCATE|[74]|Bytes:5
10:12:18.0 (4664513)|HEAP_ALLOCATE|[82]|Bytes:7
10:12:18.0 (4840236)|HEAP_ALLOCATE|[EXTERNAL]|Bytes:5
10:12:18.0 (4868937)|METHOD_EXIT|[1]|Loop1OrchestratorController
10:12:18.0 (4874537)|HEAP_ALLOCATE|[EXTERNAL]|Bytes:4
10:12:18.0 (4897368)|VARIABLE_SCOPE_BEGIN|[225]|recordId|Id|false|false
10:12:18.0 (5139253)|VARIABLE_ASSIGNMENT|[225]|recordId|"00QdM00000deeNGUAY"
10:12:18.0 (5155803)|HEAP_ALLOCATE|[226]|Bytes:5
10:12:18.0 (5161104)|STATEMENT_EXECUTE|[225]
10:12:18.0 (5163464)|STATEMENT_EXECUTE|[226]
10:12:18.0 (5165364)|STATEMENT_EXECUTE|[226]
10:12:18.0 (5167794)|STATEMENT_EXECUTE|[227]
10:12:18.0 (5280026)|HEAP_ALLOCATE|[227]|Bytes:4
10:12:18.0 (7728020)|VARIABLE_ASSIGNMENT|[227]|this.Id|"00QdM00000deeNGUAY"|0x7374dcf1
10:12:18.0 (7766381)|VARIABLE_SCOPE_BEGIN|[227]|lead|Lead|true|false
10:12:18.0 (7789782)|VARIABLE_ASSIGNMENT|[227]|lead|{"Id":"00QdM00000deeNGUAY"}|0x7374dcf1
10:12:18.0 (7795482)|STATEMENT_EXECUTE|[228]
10:12:18.0 (7898324)|VARIABLE_ASSIGNMENT|[228]|this.Data_Cloud_Existing_Customer__c|null|0x7374dcf1
10:12:18.0 (7905194)|STATEMENT_EXECUTE|[229]
10:12:18.0 (7932305)|VARIABLE_ASSIGNMENT|[229]|this.Data_Cloud_Producer_Of_Record__c|null|0x7374dcf1
10:12:18.0 (7937825)|STATEMENT_EXECUTE|[230]
10:12:18.0 (7957285)|VARIABLE_ASSIGNMENT|[230]|this.Data_Cloud_Suppression_Flag__c|null|0x7374dcf1
10:12:18.0 (7962255)|STATEMENT_EXECUTE|[231]
10:12:18.0 (7980656)|VARIABLE_ASSIGNMENT|[231]|this.Data_Cloud_Bind_Rate__c|null|0x7374dcf1
10:12:18.0 (7985966)|STATEMENT_EXECUTE|[232]
10:12:18.0 (8004106)|VARIABLE_ASSIGNMENT|[232]|this.Loop1_Outcome__c|null|0x7374dcf1
10:12:18.0 (8009466)|STATEMENT_EXECUTE|[233]
10:12:18.0 (8026697)|VARIABLE_ASSIGNMENT|[233]|this.Loop1_Confidence__c|null|0x7374dcf1
10:12:18.0 (8031507)|STATEMENT_EXECUTE|[234]
10:12:18.0 (8048757)|VARIABLE_ASSIGNMENT|[234]|this.Loop1_Verdict__c|null|0x7374dcf1
10:12:18.0 (8053507)|STATEMENT_EXECUTE|[235]
10:12:18.0 (8070908)|VARIABLE_ASSIGNMENT|[235]|this.Loop1_Reason__c|null|0x7374dcf1
10:12:18.0 (8076008)|STATEMENT_EXECUTE|[236]
10:12:18.0 (8094418)|VARIABLE_ASSIGNMENT|[236]|this.Loop1_Predicted_Window__c|null|0x7374dcf1
10:12:18.0 (8099168)|STATEMENT_EXECUTE|[237]
10:12:18.0 (8117189)|VARIABLE_ASSIGNMENT|[237]|this.Loop1_Decided_At__c|null|0x7374dcf1
10:12:18.0 (8122039)|STATEMENT_EXECUTE|[238]
10:12:18.0 (8141559)|VARIABLE_ASSIGNMENT|[238]|this.Loop1_Model_Version__c|null|0x7374dcf1
10:12:18.0 (8146359)|STATEMENT_EXECUTE|[239]
10:12:18.0 (8164920)|VARIABLE_ASSIGNMENT|[239]|this.Loop2_Outcome__c|null|0x7374dcf1
10:12:18.0 (8169590)|STATEMENT_EXECUTE|[240]
10:12:18.0 (8187040)|VARIABLE_ASSIGNMENT|[240]|this.Loop2_Nurture_Category__c|null|0x7374dcf1
10:12:18.0 (8191690)|STATEMENT_EXECUTE|[241]
10:12:18.0 (8326083)|VARIABLE_ASSIGNMENT|[241]|this.Loop2_Assigned_Agent__c|null|0x7374dcf1
10:12:18.0 (8334004)|STATEMENT_EXECUTE|[242]
10:12:18.0 (8356754)|VARIABLE_ASSIGNMENT|[242]|this.Loop2_Destination_Type__c|null|0x7374dcf1
10:12:18.0 (8361724)|STATEMENT_EXECUTE|[243]
10:12:18.0 (8380915)|VARIABLE_ASSIGNMENT|[243]|this.Loop2_Routed_Date__c|null|0x7374dcf1
10:12:18.0 (8407865)|STATEMENT_EXECUTE|[244]
10:12:18.0 (8433166)|VARIABLE_ASSIGNMENT|[244]|this.Loop2_Routing_Reason__c|null|0x7374dcf1
10:12:18.0 (8439076)|STATEMENT_EXECUTE|[245]
10:12:18.0 (8458526)|VARIABLE_ASSIGNMENT|[245]|this.Loop2_Routed_Queue__c|null|0x7374dcf1
10:12:18.0 (8463556)|STATEMENT_EXECUTE|[246]
10:12:18.0 (8504807)|HEAP_ALLOCATE|[246]|Bytes:105
10:12:18.0 (8518308)|SYSTEM_METHOD_ENTRY|[1]|UserInfo.UserInfo()
10:12:18.0 (8523448)|STATEMENT_EXECUTE|[1]
10:12:18.0 (8532218)|SYSTEM_METHOD_EXIT|[1]|UserInfo
10:12:18.0 (8560979)|METHOD_ENTRY|[246]||System.UserInfo.getUserId()
10:12:18.0 (10558192)|METHOD_EXIT|[246]||System.UserInfo.getUserId()
10:12:18.0 (10576283)|HEAP_ALLOCATE|[246]|Bytes:4
10:12:18.0 (10657125)|VARIABLE_ASSIGNMENT|[246]|this.OwnerId|"005dM00000bGQNpQAO"|0x7374dcf1
10:12:18.0 (10664775)|STATEMENT_EXECUTE|[247]
10:12:18.0 (10706926)|HEAP_ALLOCATE|[247]|Bytes:8
10:12:18.0 (10790088)|DML_BEGIN|[247]|Op:Update|Type:Lead|Rows:1
10:12:18.0 (10837399)|HEAP_ALLOCATE|[EXTERNAL]|Bytes:8
10:12:18.0 (117498908)|CODE_UNIT_STARTED|[EXTERNAL]|DuplicateDetector
10:12:18.0 (117526618)|DUPLICATE_DETECTION_BEGIN
10:12:18.0 (118562721)|DUPLICATE_DETECTION_RULE_INVOCATION|DuplicateRuleId:0BmdM00000M6U1z|DuplicateRuleName:Standard Lead Duplicate Rule|DmlType:UPDATE
10:12:18.0 (118611882)|DUPLICATE_DETECTION_END
10:12:18.0 (118617602)|CODE_UNIT_FINISHED|DuplicateDetector
10:12:18.0 (179948893)|CODE_UNIT_STARTED|[EXTERNAL]|Workflow:Lead
10:12:18.0 (189635456)|WF_RULE_EVAL_BEGIN|Assignment
10:12:18.0 (189671077)|WF_SPOOL_ACTION_BEGIN|Assignment
10:12:18.0 (189708598)|WF_ACTION|.
10:12:18.0 (189717888)|WF_RULE_EVAL_END
10:12:18.0 (189846101)|WF_ACTIONS_END| None
10:12:18.0 (189857871)|CODE_UNIT_FINISHED|Workflow:Lead
10:12:18.0 (204837221)|DML_END|[247]
10:12:18.0 (205092436)|STATEMENT_EXECUTE|[249]
10:12:18.0 (205103037)|HEAP_ALLOCATE|[249]|Bytes:53
10:12:18.0 (205142898)|HEAP_ALLOCATE|[249]|Bytes:4
10:12:18.0 (205166298)|HEAP_ALLOCATE|[249]|Bytes:7
10:12:18.0 (207004529)|SOQL_EXECUTE_BEGIN|[249]|Aggregations:0|SELECT Id FROM CampaignMember WHERE LeadId = :tmpVar1
10:12:18.0 (219411872)|SOQL_EXECUTE_END|[249]|Rows:0
10:12:18.0 (219447323)|HEAP_ALLOCATE|[249]|Bytes:4
10:12:18.0 (219461783)|HEAP_ALLOCATE|[249]|Bytes:0
10:12:18.0 (219595206)|HEAP_ALLOCATE|[249]|Bytes:4
10:12:18.0 (219616136)|VARIABLE_SCOPE_BEGIN|[249]|campaignMembers|List<CampaignMember>|true|false
10:12:18.0 (219644187)|VARIABLE_ASSIGNMENT|[249]|campaignMembers|[]|0x6c506203
10:12:18.0 (219754449)|STATEMENT_EXECUTE|[250]
10:12:21.260 (3260167768)|CODE_UNIT_STARTED|[EXTERNAL]|DuplicateDetector
10:12:21.260 (3260198117)|DUPLICATE_DETECTION_BEGIN
10:12:21.260 (3260253210)|DUPLICATE_DETECTION_RULE_INVOCATION|DuplicateRuleId:0BmdM00000M6U1z|DuplicateRuleName:Standard Lead Duplicate Rule|DmlType:UPDATE
10:12:21.260 (3280481394)|DUPLICATE_DETECTION_END
10:12:21.260 (3280492525)|CODE_UNIT_FINISHED|DuplicateDetector
10:12:21.280 (3280702519)|CUMULATIVE_LIMIT_USAGE
10:12:21.280 (3280702519)|LIMIT_USAGE_FOR_NS|(default)|
  Number of SOQL queries: 1 out of 100
  Number of query rows: 0 out of 50000
  Number of SOSL queries: 0 out of 20
  Number of DML statements: 1 out of 150
  Number of Publish Immediate DML: 0 out of 150
  Number of DML rows: 1 out of 10000
  Maximum CPU time: 0 out of 10000
  Maximum heap size: 0 out of 6000000
  Number of callouts: 0 out of 100
  Number of Email Invocations: 0 out of 10
  Number of future calls: 0 out of 50
  Number of queueable jobs added to the queue: 0 out of 50
  Number of Mobile Apex push calls: 0 out of 10

10:12:21.280 (3280702519)|CUMULATIVE_LIMIT_USAGE_END

10:12:21.260 (3280776262)|CODE_UNIT_FINISHED|Loop1OrchestratorController.clearLeadEnrichmentData(Id)
10:12:21.260 (3280948515)|CODE_UNIT_FINISHED|apex://Loop1OrchestratorController/ACTION$clearLeadEnrichmentData
10:12:21.260 (3280962306)|EXECUTION_FINISHED
