66.0 APEX_CODE,FINEST;APEX_PROFILING,INFO;CALLOUT,INFO;DATA_ACCESS,INFO;DB,INFO;NBA,INFO;SYSTEM,DEBUG;VALIDATION,INFO;VISUALFORCE,INFO;WAVE,INFO;WORKFLOW,INFO
13:19:32.1 (1172251)|USER_INFO|[EXTERNAL]|005dM00000bGQNp|pmandy.f7098e8d67c2@agentforce.com|(GMT-07:00) Pacific Daylight Time (America/Los_Angeles)|GMT-07:00
13:19:32.1 (1283313)|EXECUTION_STARTED
13:19:32.1 (1362994)|CODE_UNIT_STARTED|[EXTERNAL]|apex://ObserveTuneController/ACTION$getTuneData
13:19:32.1 (2797808)|CODE_UNIT_STARTED|[EXTERNAL]|01pdM00000WohAb|ObserveTuneController.getTuneData()
13:19:32.1 (3614333)|HEAP_ALLOCATE|[95]|Bytes:3
13:19:32.1 (3794436)|HEAP_ALLOCATE|[100]|Bytes:152
13:19:32.1 (3838097)|HEAP_ALLOCATE|[417]|Bytes:408
13:19:32.1 (3870028)|HEAP_ALLOCATE|[430]|Bytes:408
13:19:32.1 (4016250)|HEAP_ALLOCATE|[317]|Bytes:6
13:19:32.1 (4056131)|HEAP_ALLOCATE|[EXTERNAL]|Bytes:8
13:19:32.1 (4132762)|HEAP_ALLOCATE|[EXTERNAL]|Bytes:22
13:19:32.1 (4328606)|METHOD_ENTRY|[1]|01pdM00000WohAb|ObserveTuneController.ObserveTuneController()
13:19:32.1 (4366216)|STATEMENT_EXECUTE|[1]
13:19:32.1 (4408837)|STATEMENT_EXECUTE|[1]
13:19:32.1 (4710462)|HEAP_ALLOCATE|[68]|Bytes:5
13:19:32.1 (4781083)|HEAP_ALLOCATE|[74]|Bytes:5
13:19:32.1 (4890275)|HEAP_ALLOCATE|[82]|Bytes:7
13:19:32.1 (5427944)|HEAP_ALLOCATE|[EXTERNAL]|Bytes:5
13:19:32.1 (5513957)|METHOD_EXIT|[1]|ObserveTuneController
13:19:32.1 (5558337)|HEAP_ALLOCATE|[5]|Bytes:5
13:19:32.1 (5596787)|STATEMENT_EXECUTE|[4]
13:19:32.1 (5602587)|STATEMENT_EXECUTE|[5]
13:19:32.1 (5606787)|STATEMENT_EXECUTE|[5]
13:19:32.1 (5611128)|STATEMENT_EXECUTE|[6]
13:19:32.1 (5647628)|HEAP_ALLOCATE|[6]|Bytes:4
13:19:32.1 (5746211)|VARIABLE_SCOPE_BEGIN|[6]|data|Map<String,ANY>|true|false
13:19:32.1 (5872163)|VARIABLE_ASSIGNMENT|[6]|data|{}|0xb7abed3
13:19:32.1 (5894663)|STATEMENT_EXECUTE|[9]
13:19:32.1 (5951814)|HEAP_ALLOCATE|[9]|Bytes:4
13:19:32.1 (6190748)|HEAP_ALLOCATE|[10]|Bytes:4
13:19:32.1 (6214819)|HEAP_ALLOCATE|[11]|Bytes:4
13:19:32.1 (6227878)|HEAP_ALLOCATE|[11]|Bytes:13
13:19:32.1 (6388862)|HEAP_ALLOCATE|[12]|Bytes:6
13:19:32.1 (6409192)|HEAP_ALLOCATE|[12]|Bytes:5
13:19:32.1 (6443823)|HEAP_ALLOCATE|[13]|Bytes:7
13:19:32.1 (6477683)|HEAP_ALLOCATE|[10]|Bytes:4
13:19:32.1 (6521224)|HEAP_ALLOCATE|[14]|Bytes:7
13:19:32.1 (6553095)|HEAP_ALLOCATE|[14]|Bytes:18
13:19:32.1 (6581055)|HEAP_ALLOCATE|[15]|Bytes:9
13:19:32.1 (6591415)|HEAP_ALLOCATE|[15]|Bytes:179
13:19:32.1 (6630426)|HEAP_ALLOCATE|[17]|Bytes:4
13:19:32.1 (6646196)|HEAP_ALLOCATE|[18]|Bytes:11
13:19:32.1 (6715457)|HEAP_ALLOCATE|[19]|Bytes:14
13:19:32.1 (6753948)|HEAP_ALLOCATE|[17]|Bytes:4
13:19:32.1 (6781768)|HEAP_ALLOCATE|[21]|Bytes:9
13:19:32.1 (6809259)|HEAP_ALLOCATE|[22]|Bytes:81
13:19:32.1 (6851180)|VARIABLE_SCOPE_BEGIN|[9]|cohortLeads|List<Map<String,ANY>>|true|false
13:19:32.1 (6924961)|HEAP_ALLOCATE|[EXTERNAL]|Bytes:12
13:19:32.1 (7042083)|VARIABLE_ASSIGNMENT|[9]|cohortLeads|[{"name":"Jennifer Park","status":"Bound","daysAgo":3,"verdict":"Decision Confirmed","reasoning":"Act classified Pursu (159 more) ..."},{"name":"Marcus Reed","status":"Window Timeout","daysAgo":5,"verdict":"No-Signal","reasoning":"Still in nurture win (61 more) ..."}]|0x4a9eb18e
13:19:32.1 (7059423)|STATEMENT_EXECUTE|[27]
13:19:32.1 (7080123)|HEAP_ALLOCATE|[27]|Bytes:4
13:19:32.1 (7158605)|HEAP_ALLOCATE|[28]|Bytes:4
13:19:32.1 (7183685)|HEAP_ALLOCATE|[29]|Bytes:5
13:19:32.1 (7194715)|HEAP_ALLOCATE|[29]|Bytes:99
13:19:32.1 (7264797)|HEAP_ALLOCATE|[30]|Bytes:6
13:19:32.1 (7283167)|HEAP_ALLOCATE|[30]|Bytes:46
13:19:32.1 (7310097)|HEAP_ALLOCATE|[31]|Bytes:6
13:19:32.1 (7321138)|HEAP_ALLOCATE|[31]|Bytes:24
13:19:32.1 (7357348)|HEAP_ALLOCATE|[33]|Bytes:4
13:19:32.1 (7371978)|HEAP_ALLOCATE|[34]|Bytes:72
13:19:32.1 (7421089)|HEAP_ALLOCATE|[35]|Bytes:21
13:19:32.1 (7450930)|HEAP_ALLOCATE|[36]|Bytes:24
13:19:32.1 (7508281)|HEAP_ALLOCATE|[38]|Bytes:4
13:19:32.1 (7523641)|HEAP_ALLOCATE|[39]|Bytes:78
13:19:32.1 (7696675)|HEAP_ALLOCATE|[40]|Bytes:55
13:19:32.1 (7729665)|HEAP_ALLOCATE|[41]|Bytes:25
13:19:32.1 (7766055)|VARIABLE_SCOPE_BEGIN|[27]|proposals|List<Map<String,ANY>>|true|false
13:19:32.1 (7810546)|HEAP_ALLOCATE|[EXTERNAL]|Bytes:16
13:19:32.1 (7863937)|VARIABLE_ASSIGNMENT|[27]|proposals|[{"title":"EverQuote source · P (79 more) ...","impact":"312 confirmed verdic (26 more) ...","change":"Tighten Pursue thres (4 more) ..."},{"title":"Household-match sign (52 more) ...","impact":"89 verdicts confirme (1 more) ...","change":"Increase weighting + (4 more) ..."},{"title":"New pattern: VINs >  (58 more) ...","impact":"Convert at 6.8% vs 1 (35 more) ...","change":"Recommend Nurture de (5 more) ..."}]|0x4b3abfb1
13:19:32.1 (7879598)|STATEMENT_EXECUTE|[45]
13:19:32.1 (7892787)|HEAP_ALLOCATE|[45]|Bytes:4
13:19:32.1 (7907639)|HEAP_ALLOCATE|[46]|Bytes:10
13:19:32.1 (7918239)|HEAP_ALLOCATE|[46]|Bytes:10
13:19:32.1 (8081101)|HEAP_ALLOCATE|[47]|Bytes:8
13:19:32.1 (8096591)|HEAP_ALLOCATE|[47]|Bytes:10
13:19:32.1 (8125212)|HEAP_ALLOCATE|[48]|Bytes:12
13:19:32.1 (8144253)|HEAP_ALLOCATE|[45]|Bytes:4
13:19:32.1 (8171312)|HEAP_ALLOCATE|[49]|Bytes:9
13:19:32.1 (8198793)|HEAP_ALLOCATE|[50]|Bytes:12
13:19:32.1 (8210564)|HEAP_ALLOCATE|[50]|Bytes:4
13:19:32.1 (8235124)|HEAP_ALLOCATE|[51]|Bytes:12
13:19:32.1 (8245774)|HEAP_ALLOCATE|[51]|Bytes:4
13:19:32.1 (8269845)|HEAP_ALLOCATE|[52]|Bytes:13
13:19:32.1 (8280605)|HEAP_ALLOCATE|[52]|Bytes:68
13:19:32.1 (8309255)|VARIABLE_SCOPE_BEGIN|[45]|tuneProposal|Map<String,ANY>|true|false
13:19:32.1 (8494629)|VARIABLE_ASSIGNMENT|[45]|tuneProposal|"Map of size 7 too large to display"|0x12df3f78
13:19:32.1 (8510749)|STATEMENT_EXECUTE|[55]
13:19:32.1 (8519758)|HEAP_ALLOCATE|[55]|Bytes:11
13:19:32.1 (8961587)|HEAP_ALLOCATE|[EXTERNAL]|Bytes:-4
13:19:32.1 (8986767)|STATEMENT_EXECUTE|[56]
13:19:32.1 (9054248)|HEAP_ALLOCATE|[56]|Bytes:12
13:19:32.1 (9097709)|HEAP_ALLOCATE|[EXTERNAL]|Bytes:-4
13:19:32.1 (9116099)|STATEMENT_EXECUTE|[57]
13:19:32.1 (9123759)|HEAP_ALLOCATE|[57]|Bytes:7
13:19:32.1 (9191221)|HEAP_ALLOCATE|[57]|Bytes:5
13:19:32.1 (9203431)|HEAP_ALLOCATE|[EXTERNAL]|Bytes:-4
13:19:32.1 (9234641)|STATEMENT_EXECUTE|[59]
13:19:32.9 (9394784)|CUMULATIVE_LIMIT_USAGE
13:19:32.9 (9394784)|LIMIT_USAGE_FOR_NS|(default)|
  Number of SOQL queries: 0 out of 100
  Number of query rows: 0 out of 50000
  Number of SOSL queries: 0 out of 20
  Number of DML statements: 0 out of 150
  Number of Publish Immediate DML: 0 out of 150
  Number of DML rows: 0 out of 10000
  Maximum CPU time: 0 out of 10000
  Maximum heap size: 0 out of 6000000
  Number of callouts: 0 out of 100
  Number of Email Invocations: 0 out of 10
  Number of future calls: 0 out of 50
  Number of queueable jobs added to the queue: 0 out of 50
  Number of Mobile Apex push calls: 0 out of 10

13:19:32.9 (9394784)|CUMULATIVE_LIMIT_USAGE_END

13:19:32.1 (9563957)|CODE_UNIT_FINISHED|ObserveTuneController.getTuneData()
13:19:32.1 (9937873)|CODE_UNIT_FINISHED|apex://ObserveTuneController/ACTION$getTuneData
13:19:32.1 (9955164)|EXECUTION_FINISHED
