66.0 APEX_CODE,FINEST;APEX_PROFILING,INFO;CALLOUT,INFO;DATA_ACCESS,INFO;DB,INFO;NBA,INFO;SYSTEM,DEBUG;VALIDATION,INFO;VISUALFORCE,INFO;WAVE,INFO;WORKFLOW,INFO
12:43:27.1 (1626194)|USER_INFO|[EXTERNAL]|005dM00000bGQNp|pmandy.f7098e8d67c2@agentforce.com|(GMT-07:00) Pacific Daylight Time (America/Los_Angeles)|GMT-07:00
12:43:27.1 (1701086)|EXECUTION_STARTED
12:43:27.1 (1728947)|CODE_UNIT_STARTED|[EXTERNAL]|apex://ObserveTuneController/ACTION$getTuneData
12:43:27.1 (3368161)|CODE_UNIT_STARTED|[EXTERNAL]|01pdM00000WohAb|ObserveTuneController.getTuneData()
12:43:27.1 (5667389)|HEAP_ALLOCATE|[95]|Bytes:3
12:43:27.1 (5817733)|HEAP_ALLOCATE|[100]|Bytes:152
12:43:27.1 (5841553)|HEAP_ALLOCATE|[417]|Bytes:408
12:43:27.1 (5859093)|HEAP_ALLOCATE|[430]|Bytes:408
12:43:27.1 (5886883)|HEAP_ALLOCATE|[317]|Bytes:6
12:43:27.1 (5901634)|HEAP_ALLOCATE|[EXTERNAL]|Bytes:8
12:43:27.1 (5911305)|HEAP_ALLOCATE|[EXTERNAL]|Bytes:22
12:43:27.1 (5946435)|METHOD_ENTRY|[1]|01pdM00000WohAb|ObserveTuneController.ObserveTuneController()
12:43:27.1 (5969356)|STATEMENT_EXECUTE|[1]
12:43:27.1 (5981036)|STATEMENT_EXECUTE|[1]
12:43:27.1 (6001866)|HEAP_ALLOCATE|[68]|Bytes:5
12:43:27.1 (6046577)|HEAP_ALLOCATE|[74]|Bytes:5
12:43:27.1 (6055308)|HEAP_ALLOCATE|[82]|Bytes:7
12:43:27.1 (6469716)|HEAP_ALLOCATE|[EXTERNAL]|Bytes:5
12:43:27.1 (6503917)|METHOD_EXIT|[1]|ObserveTuneController
12:43:27.1 (6523307)|HEAP_ALLOCATE|[5]|Bytes:5
12:43:27.1 (6529748)|STATEMENT_EXECUTE|[4]
12:43:27.1 (6532308)|STATEMENT_EXECUTE|[5]
12:43:27.1 (6534268)|STATEMENT_EXECUTE|[5]
12:43:27.1 (6536278)|STATEMENT_EXECUTE|[6]
12:43:27.1 (6553318)|HEAP_ALLOCATE|[6]|Bytes:4
12:43:27.1 (6571928)|VARIABLE_SCOPE_BEGIN|[6]|data|Map<String,ANY>|true|false
12:43:27.1 (6659950)|VARIABLE_ASSIGNMENT|[6]|data|{}|0x48ae8348
12:43:27.1 (6665750)|STATEMENT_EXECUTE|[9]
12:43:27.1 (6707231)|HEAP_ALLOCATE|[9]|Bytes:4
12:43:27.1 (6799363)|HEAP_ALLOCATE|[10]|Bytes:4
12:43:27.1 (6806542)|HEAP_ALLOCATE|[11]|Bytes:4
12:43:27.1 (6811822)|HEAP_ALLOCATE|[11]|Bytes:13
12:43:27.1 (6882645)|HEAP_ALLOCATE|[12]|Bytes:6
12:43:27.1 (6887784)|HEAP_ALLOCATE|[12]|Bytes:5
12:43:27.1 (6899955)|HEAP_ALLOCATE|[13]|Bytes:7
12:43:27.1 (6910756)|HEAP_ALLOCATE|[10]|Bytes:4
12:43:27.1 (6937156)|HEAP_ALLOCATE|[14]|Bytes:7
12:43:27.1 (6941496)|HEAP_ALLOCATE|[14]|Bytes:18
12:43:27.1 (6952976)|HEAP_ALLOCATE|[15]|Bytes:9
12:43:27.1 (6957197)|HEAP_ALLOCATE|[15]|Bytes:179
12:43:27.1 (6979807)|HEAP_ALLOCATE|[17]|Bytes:4
12:43:27.1 (6986217)|HEAP_ALLOCATE|[18]|Bytes:11
12:43:27.1 (7011118)|HEAP_ALLOCATE|[19]|Bytes:14
12:43:27.1 (7029298)|HEAP_ALLOCATE|[17]|Bytes:4
12:43:27.1 (7041848)|HEAP_ALLOCATE|[21]|Bytes:9
12:43:27.1 (7053668)|HEAP_ALLOCATE|[22]|Bytes:81
12:43:27.1 (7068659)|VARIABLE_SCOPE_BEGIN|[9]|cohortLeads|List<Map<String,ANY>>|true|false
12:43:27.1 (7108880)|HEAP_ALLOCATE|[EXTERNAL]|Bytes:12
12:43:27.1 (7152121)|VARIABLE_ASSIGNMENT|[9]|cohortLeads|[{"name":"Jennifer Park","status":"Bound","daysAgo":3,"verdict":"Decision Confirmed","reasoning":"Act classified Pursu (159 more) ..."},{"name":"Marcus Reed","status":"Window Timeout","daysAgo":5,"verdict":"No-Signal","reasoning":"Still in nurture win (61 more) ..."}]|0x8a77d15
12:43:27.1 (7159901)|STATEMENT_EXECUTE|[27]
12:43:27.1 (7170361)|HEAP_ALLOCATE|[27]|Bytes:4
12:43:27.1 (7192441)|HEAP_ALLOCATE|[28]|Bytes:4
12:43:27.1 (7198202)|HEAP_ALLOCATE|[29]|Bytes:5
12:43:27.1 (7202382)|HEAP_ALLOCATE|[29]|Bytes:99
12:43:27.1 (7225612)|HEAP_ALLOCATE|[30]|Bytes:6
12:43:27.1 (7230271)|HEAP_ALLOCATE|[30]|Bytes:46
12:43:27.1 (7243243)|HEAP_ALLOCATE|[31]|Bytes:6
12:43:27.1 (7249283)|HEAP_ALLOCATE|[31]|Bytes:24
12:43:27.1 (7273383)|HEAP_ALLOCATE|[33]|Bytes:4
12:43:27.1 (7281523)|HEAP_ALLOCATE|[34]|Bytes:72
12:43:27.1 (7305494)|HEAP_ALLOCATE|[35]|Bytes:21
12:43:27.1 (7318633)|HEAP_ALLOCATE|[36]|Bytes:24
12:43:27.1 (7334673)|HEAP_ALLOCATE|[38]|Bytes:4
12:43:27.1 (7340805)|HEAP_ALLOCATE|[39]|Bytes:78
12:43:27.1 (7369805)|HEAP_ALLOCATE|[40]|Bytes:55
12:43:27.1 (7388846)|HEAP_ALLOCATE|[41]|Bytes:25
12:43:27.1 (7407526)|VARIABLE_SCOPE_BEGIN|[27]|proposals|List<Map<String,ANY>>|true|false
12:43:27.1 (7428466)|HEAP_ALLOCATE|[EXTERNAL]|Bytes:16
12:43:27.1 (7450687)|VARIABLE_ASSIGNMENT|[27]|proposals|[{"title":"EverQuote source · P (79 more) ...","impact":"312 confirmed verdic (26 more) ...","change":"Tighten Pursue thres (4 more) ..."},{"title":"Household-match sign (52 more) ...","impact":"89 verdicts confirme (1 more) ...","change":"Increase weighting + (4 more) ..."},{"title":"New pattern: VINs >  (58 more) ...","impact":"Convert at 6.8% vs 1 (35 more) ...","change":"Recommend Nurture de (5 more) ..."}]|0x1cb24595
12:43:27.1 (7459787)|STATEMENT_EXECUTE|[45]
12:43:27.1 (7466636)|HEAP_ALLOCATE|[45]|Bytes:4
12:43:27.1 (7473907)|HEAP_ALLOCATE|[46]|Bytes:10
12:43:27.1 (7477787)|HEAP_ALLOCATE|[46]|Bytes:10
12:43:27.1 (7502957)|HEAP_ALLOCATE|[47]|Bytes:8
12:43:27.1 (7508037)|HEAP_ALLOCATE|[47]|Bytes:10
12:43:27.1 (7519178)|HEAP_ALLOCATE|[48]|Bytes:12
12:43:27.1 (7527698)|HEAP_ALLOCATE|[45]|Bytes:4
12:43:27.1 (7541789)|HEAP_ALLOCATE|[49]|Bytes:9
12:43:27.1 (7554569)|HEAP_ALLOCATE|[50]|Bytes:12
12:43:27.1 (7558558)|HEAP_ALLOCATE|[50]|Bytes:4
12:43:27.1 (7570038)|HEAP_ALLOCATE|[51]|Bytes:12
12:43:27.1 (7574009)|HEAP_ALLOCATE|[51]|Bytes:4
12:43:27.1 (7584990)|HEAP_ALLOCATE|[52]|Bytes:13
12:43:27.1 (7589199)|HEAP_ALLOCATE|[52]|Bytes:68
12:43:27.1 (7599759)|VARIABLE_SCOPE_BEGIN|[45]|tuneProposal|Map<String,ANY>|true|false
12:43:27.1 (7612740)|VARIABLE_ASSIGNMENT|[45]|tuneProposal|"Map of size 7 too large to display"|0x30977c50
12:43:27.1 (7617810)|STATEMENT_EXECUTE|[55]
12:43:27.1 (7620790)|HEAP_ALLOCATE|[55]|Bytes:11
12:43:27.1 (7640301)|HEAP_ALLOCATE|[EXTERNAL]|Bytes:-4
12:43:27.1 (7648621)|STATEMENT_EXECUTE|[56]
12:43:27.1 (7651680)|HEAP_ALLOCATE|[56]|Bytes:12
12:43:27.1 (7668421)|HEAP_ALLOCATE|[EXTERNAL]|Bytes:-4
12:43:27.1 (7675681)|STATEMENT_EXECUTE|[57]
12:43:27.1 (7678681)|HEAP_ALLOCATE|[57]|Bytes:7
12:43:27.1 (7700102)|HEAP_ALLOCATE|[57]|Bytes:5
12:43:27.1 (7705272)|HEAP_ALLOCATE|[EXTERNAL]|Bytes:-4
12:43:27.1 (7712422)|STATEMENT_EXECUTE|[59]
12:43:27.7 (7797243)|CUMULATIVE_LIMIT_USAGE
12:43:27.7 (7797243)|LIMIT_USAGE_FOR_NS|(default)|
  Number of SOQL queries: 0 out of 100
  Number of query rows: 0 out of 50000
  Number of SOSL queries: 0 out of 20
  Number of DML statements: 0 out of 150
  Number of Publish Immediate DML: 0 out of 150
  Number of DML rows: 0 out of 10000
  Maximum CPU time: 0 out of 10000
  Maximum heap size: 0 out of 6000000
  Number of callouts: 0 out of 100
  Number of Email Invocations: 0 out of 10
  Number of future calls: 0 out of 50
  Number of queueable jobs added to the queue: 0 out of 50
  Number of Mobile Apex push calls: 0 out of 10

12:43:27.7 (7797243)|CUMULATIVE_LIMIT_USAGE_END

12:43:27.1 (7848935)|CODE_UNIT_FINISHED|ObserveTuneController.getTuneData()
12:43:27.1 (8320045)|CODE_UNIT_FINISHED|apex://ObserveTuneController/ACTION$getTuneData
12:43:27.1 (8333435)|EXECUTION_FINISHED
