66.0 APEX_CODE,FINEST;APEX_PROFILING,INFO;CALLOUT,INFO;DATA_ACCESS,INFO;DB,INFO;NBA,INFO;SYSTEM,DEBUG;VALIDATION,INFO;VISUALFORCE,INFO;WAVE,INFO;WORKFLOW,INFO
12:47:42.4 (4779107)|USER_INFO|[EXTERNAL]|005dM00000bGQNp|pmandy.f7098e8d67c2@agentforce.com|(GMT-07:00) Pacific Daylight Time (America/Los_Angeles)|GMT-07:00
12:47:42.4 (4843538)|EXECUTION_STARTED
12:47:42.4 (4869099)|CODE_UNIT_STARTED|[EXTERNAL]|apex://ObserveTuneController/ACTION$getTuneData
12:47:42.4 (5589232)|CODE_UNIT_STARTED|[EXTERNAL]|01pdM00000WohAb|ObserveTuneController.getTuneData()
12:47:42.4 (5919408)|HEAP_ALLOCATE|[95]|Bytes:3
12:47:42.4 (6109331)|HEAP_ALLOCATE|[100]|Bytes:152
12:47:42.4 (6130470)|HEAP_ALLOCATE|[417]|Bytes:408
12:47:42.4 (6146822)|HEAP_ALLOCATE|[430]|Bytes:408
12:47:42.4 (6181222)|HEAP_ALLOCATE|[317]|Bytes:6
12:47:42.4 (6236053)|HEAP_ALLOCATE|[EXTERNAL]|Bytes:8
12:47:42.4 (6261704)|HEAP_ALLOCATE|[EXTERNAL]|Bytes:22
12:47:42.4 (6291154)|METHOD_ENTRY|[1]|01pdM00000WohAb|ObserveTuneController.ObserveTuneController()
12:47:42.4 (6343235)|STATEMENT_EXECUTE|[1]
12:47:42.4 (6364585)|STATEMENT_EXECUTE|[1]
12:47:42.4 (6387316)|HEAP_ALLOCATE|[68]|Bytes:5
12:47:42.4 (6432567)|HEAP_ALLOCATE|[74]|Bytes:5
12:47:42.4 (6446937)|HEAP_ALLOCATE|[82]|Bytes:7
12:47:42.4 (6769472)|HEAP_ALLOCATE|[EXTERNAL]|Bytes:5
12:47:42.4 (6808653)|METHOD_EXIT|[1]|ObserveTuneController
12:47:42.4 (6823793)|HEAP_ALLOCATE|[5]|Bytes:5
12:47:42.4 (6851734)|STATEMENT_EXECUTE|[4]
12:47:42.4 (6867735)|STATEMENT_EXECUTE|[5]
12:47:42.4 (6869804)|STATEMENT_EXECUTE|[5]
12:47:42.4 (6871855)|STATEMENT_EXECUTE|[6]
12:47:42.4 (6891194)|HEAP_ALLOCATE|[6]|Bytes:4
12:47:42.4 (6925816)|VARIABLE_SCOPE_BEGIN|[6]|data|Map<String,ANY>|true|false
12:47:42.4 (7026418)|VARIABLE_ASSIGNMENT|[6]|data|{}|0x1200a48e
12:47:42.4 (7040197)|STATEMENT_EXECUTE|[9]
12:47:42.4 (7076059)|HEAP_ALLOCATE|[9]|Bytes:4
12:47:42.4 (7177969)|HEAP_ALLOCATE|[10]|Bytes:4
12:47:42.4 (7187600)|HEAP_ALLOCATE|[11]|Bytes:4
12:47:42.4 (7204471)|HEAP_ALLOCATE|[11]|Bytes:13
12:47:42.4 (7269142)|HEAP_ALLOCATE|[12]|Bytes:6
12:47:42.4 (7275672)|HEAP_ALLOCATE|[12]|Bytes:5
12:47:42.4 (7292062)|HEAP_ALLOCATE|[13]|Bytes:7
12:47:42.4 (7318842)|HEAP_ALLOCATE|[10]|Bytes:4
12:47:42.4 (7345722)|HEAP_ALLOCATE|[14]|Bytes:7
12:47:42.4 (7351852)|HEAP_ALLOCATE|[14]|Bytes:18
12:47:42.4 (7367194)|HEAP_ALLOCATE|[15]|Bytes:9
12:47:42.4 (7372264)|HEAP_ALLOCATE|[15]|Bytes:179
12:47:42.4 (7411584)|HEAP_ALLOCATE|[17]|Bytes:4
12:47:42.4 (7419805)|HEAP_ALLOCATE|[18]|Bytes:11
12:47:42.4 (7450214)|HEAP_ALLOCATE|[19]|Bytes:14
12:47:42.4 (7471325)|HEAP_ALLOCATE|[17]|Bytes:4
12:47:42.4 (7484886)|HEAP_ALLOCATE|[21]|Bytes:9
12:47:42.4 (7500516)|HEAP_ALLOCATE|[22]|Bytes:81
12:47:42.4 (7525476)|VARIABLE_SCOPE_BEGIN|[9]|cohortLeads|List<Map<String,ANY>>|true|false
12:47:42.4 (7595657)|HEAP_ALLOCATE|[EXTERNAL]|Bytes:12
12:47:42.4 (7989174)|VARIABLE_ASSIGNMENT|[9]|cohortLeads|[{"name":"Jennifer Park","status":"Bound","daysAgo":3,"verdict":"Decision Confirmed","reasoning":"Act classified Pursu (159 more) ..."},{"name":"Marcus Reed","status":"Window Timeout","daysAgo":5,"verdict":"No-Signal","reasoning":"Still in nurture win (61 more) ..."}]|0x1fd197bf
12:47:42.4 (7999425)|STATEMENT_EXECUTE|[27]
12:47:42.4 (8010605)|HEAP_ALLOCATE|[27]|Bytes:4
12:47:42.4 (8047915)|HEAP_ALLOCATE|[28]|Bytes:4
12:47:42.4 (8057586)|HEAP_ALLOCATE|[29]|Bytes:5
12:47:42.4 (8062656)|HEAP_ALLOCATE|[29]|Bytes:99
12:47:42.4 (8096876)|HEAP_ALLOCATE|[30]|Bytes:6
12:47:42.4 (8103546)|HEAP_ALLOCATE|[30]|Bytes:46
12:47:42.4 (8118547)|HEAP_ALLOCATE|[31]|Bytes:6
12:47:42.4 (8124637)|HEAP_ALLOCATE|[31]|Bytes:24
12:47:42.4 (8179218)|HEAP_ALLOCATE|[33]|Bytes:4
12:47:42.4 (8187618)|HEAP_ALLOCATE|[34]|Bytes:72
12:47:42.4 (8216719)|HEAP_ALLOCATE|[35]|Bytes:21
12:47:42.4 (8232149)|HEAP_ALLOCATE|[36]|Bytes:24
12:47:42.4 (8251840)|HEAP_ALLOCATE|[38]|Bytes:4
12:47:42.4 (8265629)|HEAP_ALLOCATE|[39]|Bytes:78
12:47:42.4 (8293481)|HEAP_ALLOCATE|[40]|Bytes:55
12:47:42.4 (8310090)|HEAP_ALLOCATE|[41]|Bytes:25
12:47:42.4 (8334081)|VARIABLE_SCOPE_BEGIN|[27]|proposals|List<Map<String,ANY>>|true|false
12:47:42.4 (8359581)|HEAP_ALLOCATE|[EXTERNAL]|Bytes:16
12:47:42.4 (8394661)|VARIABLE_ASSIGNMENT|[27]|proposals|[{"title":"EverQuote source · P (79 more) ...","impact":"312 confirmed verdic (26 more) ...","change":"Tighten Pursue thres (4 more) ..."},{"title":"Household-match sign (52 more) ...","impact":"89 verdicts confirme (1 more) ...","change":"Increase weighting + (4 more) ..."},{"title":"New pattern: VINs >  (58 more) ...","impact":"Convert at 6.8% vs 1 (35 more) ...","change":"Recommend Nurture de (5 more) ..."}]|0x4d067624
12:47:42.4 (8405592)|STATEMENT_EXECUTE|[45]
12:47:42.4 (8411932)|HEAP_ALLOCATE|[45]|Bytes:4
12:47:42.4 (8419512)|HEAP_ALLOCATE|[46]|Bytes:10
12:47:42.4 (8424032)|HEAP_ALLOCATE|[46]|Bytes:10
12:47:42.4 (8453822)|HEAP_ALLOCATE|[47]|Bytes:8
12:47:42.4 (8460583)|HEAP_ALLOCATE|[47]|Bytes:10
12:47:42.4 (8474894)|HEAP_ALLOCATE|[48]|Bytes:12
12:47:42.4 (8485364)|HEAP_ALLOCATE|[45]|Bytes:4
12:47:42.4 (8501303)|HEAP_ALLOCATE|[49]|Bytes:9
12:47:42.4 (8516274)|HEAP_ALLOCATE|[50]|Bytes:12
12:47:42.4 (8526015)|HEAP_ALLOCATE|[50]|Bytes:4
12:47:42.4 (8541445)|HEAP_ALLOCATE|[51]|Bytes:12
12:47:42.4 (8546544)|HEAP_ALLOCATE|[51]|Bytes:4
12:47:42.4 (8560095)|HEAP_ALLOCATE|[52]|Bytes:13
12:47:42.4 (8564634)|HEAP_ALLOCATE|[52]|Bytes:68
12:47:42.4 (8594515)|VARIABLE_SCOPE_BEGIN|[45]|tuneProposal|Map<String,ANY>|true|false
12:47:42.4 (8653727)|VARIABLE_ASSIGNMENT|[45]|tuneProposal|"Map of size 7 too large to display"|0x7e630931
12:47:42.4 (8661066)|STATEMENT_EXECUTE|[55]
12:47:42.4 (8664697)|HEAP_ALLOCATE|[55]|Bytes:11
12:47:42.4 (8694248)|HEAP_ALLOCATE|[EXTERNAL]|Bytes:-4
12:47:42.4 (8703688)|STATEMENT_EXECUTE|[56]
12:47:42.4 (8706768)|HEAP_ALLOCATE|[56]|Bytes:12
12:47:42.4 (8726458)|HEAP_ALLOCATE|[EXTERNAL]|Bytes:-4
12:47:42.4 (8734778)|STATEMENT_EXECUTE|[57]
12:47:42.4 (8738058)|HEAP_ALLOCATE|[57]|Bytes:7
12:47:42.4 (8763829)|HEAP_ALLOCATE|[57]|Bytes:5
12:47:42.4 (8769429)|HEAP_ALLOCATE|[EXTERNAL]|Bytes:-4
12:47:42.4 (8777638)|STATEMENT_EXECUTE|[59]
12:47:42.8 (8849060)|CUMULATIVE_LIMIT_USAGE
12:47:42.8 (8849060)|LIMIT_USAGE_FOR_NS|(default)|
  Number of SOQL queries: 0 out of 100
  Number of query rows: 0 out of 50000
  Number of SOSL queries: 0 out of 20
  Number of DML statements: 0 out of 150
  Number of Publish Immediate DML: 0 out of 150
  Number of DML rows: 0 out of 10000
  Maximum CPU time: 0 out of 10000
  Maximum heap size: 0 out of 6000000
  Number of callouts: 0 out of 100
  Number of Email Invocations: 0 out of 10
  Number of future calls: 0 out of 50
  Number of queueable jobs added to the queue: 0 out of 50
  Number of Mobile Apex push calls: 0 out of 10

12:47:42.8 (8849060)|CUMULATIVE_LIMIT_USAGE_END

12:47:42.4 (8896471)|CODE_UNIT_FINISHED|ObserveTuneController.getTuneData()
12:47:42.4 (9093005)|CODE_UNIT_FINISHED|apex://ObserveTuneController/ACTION$getTuneData
12:47:42.4 (9105405)|EXECUTION_FINISHED
