66.0 APEX_CODE,FINEST;APEX_PROFILING,INFO;CALLOUT,INFO;DATA_ACCESS,INFO;DB,INFO;NBA,INFO;SYSTEM,DEBUG;VALIDATION,INFO;VISUALFORCE,INFO;WAVE,INFO;WORKFLOW,INFO
11:09:09.1 (1376459)|USER_INFO|[EXTERNAL]|005dM00000bGQNp|pmandy.f7098e8d67c2@agentforce.com|(GMT-07:00) Pacific Daylight Time (America/Los_Angeles)|GMT-07:00
11:09:09.1 (1451842)|EXECUTION_STARTED
11:09:09.1 (1481512)|CODE_UNIT_STARTED|[EXTERNAL]|apex://ObserveTuneController/ACTION$getTuneData
11:09:09.1 (2644237)|CODE_UNIT_STARTED|[EXTERNAL]|01pdM00000WohAb|ObserveTuneController.getTuneData()
11:09:09.1 (3109428)|HEAP_ALLOCATE|[95]|Bytes:3
11:09:09.1 (3234170)|HEAP_ALLOCATE|[100]|Bytes:152
11:09:09.1 (3257580)|HEAP_ALLOCATE|[417]|Bytes:408
11:09:09.1 (3273081)|HEAP_ALLOCATE|[430]|Bytes:408
11:09:09.1 (3305421)|HEAP_ALLOCATE|[317]|Bytes:6
11:09:09.1 (3372373)|HEAP_ALLOCATE|[EXTERNAL]|Bytes:8
11:09:09.1 (3380543)|HEAP_ALLOCATE|[EXTERNAL]|Bytes:22
11:09:09.1 (3407994)|METHOD_ENTRY|[1]|01pdM00000WohAb|ObserveTuneController.ObserveTuneController()
11:09:09.1 (3468676)|STATEMENT_EXECUTE|[1]
11:09:09.1 (3479996)|STATEMENT_EXECUTE|[1]
11:09:09.1 (3504855)|HEAP_ALLOCATE|[68]|Bytes:5
11:09:09.1 (3553358)|HEAP_ALLOCATE|[74]|Bytes:5
11:09:09.1 (3563857)|HEAP_ALLOCATE|[82]|Bytes:7
11:09:09.1 (3946976)|HEAP_ALLOCATE|[EXTERNAL]|Bytes:5
11:09:09.1 (3984276)|METHOD_EXIT|[1]|ObserveTuneController
11:09:09.1 (4001417)|HEAP_ALLOCATE|[5]|Bytes:5
11:09:09.1 (4007946)|STATEMENT_EXECUTE|[4]
11:09:09.1 (4010337)|STATEMENT_EXECUTE|[5]
11:09:09.1 (4012288)|STATEMENT_EXECUTE|[5]
11:09:09.1 (4014197)|STATEMENT_EXECUTE|[6]
11:09:09.1 (4033618)|HEAP_ALLOCATE|[6]|Bytes:4
11:09:09.1 (4058998)|VARIABLE_SCOPE_BEGIN|[6]|data|Map<String,ANY>|true|false
11:09:09.1 (4153931)|VARIABLE_ASSIGNMENT|[6]|data|{}|0x40ca7634
11:09:09.1 (4160221)|STATEMENT_EXECUTE|[9]
11:09:09.1 (4203751)|HEAP_ALLOCATE|[9]|Bytes:4
11:09:09.1 (4308304)|HEAP_ALLOCATE|[10]|Bytes:4
11:09:09.1 (4317704)|HEAP_ALLOCATE|[11]|Bytes:4
11:09:09.1 (4322184)|HEAP_ALLOCATE|[11]|Bytes:13
11:09:09.1 (4398125)|HEAP_ALLOCATE|[12]|Bytes:6
11:09:09.1 (4404986)|HEAP_ALLOCATE|[12]|Bytes:5
11:09:09.1 (4418685)|HEAP_ALLOCATE|[13]|Bytes:7
11:09:09.1 (4431307)|HEAP_ALLOCATE|[10]|Bytes:4
11:09:09.1 (4454486)|HEAP_ALLOCATE|[14]|Bytes:7
11:09:09.1 (4459686)|HEAP_ALLOCATE|[14]|Bytes:18
11:09:09.1 (4472277)|HEAP_ALLOCATE|[15]|Bytes:9
11:09:09.1 (4476508)|HEAP_ALLOCATE|[15]|Bytes:179
11:09:09.1 (4503458)|HEAP_ALLOCATE|[17]|Bytes:4
11:09:09.1 (4511117)|HEAP_ALLOCATE|[18]|Bytes:11
11:09:09.1 (4542728)|HEAP_ALLOCATE|[19]|Bytes:14
11:09:09.1 (4562100)|HEAP_ALLOCATE|[17]|Bytes:4
11:09:09.1 (4577439)|HEAP_ALLOCATE|[21]|Bytes:9
11:09:09.1 (4591599)|HEAP_ALLOCATE|[22]|Bytes:81
11:09:09.1 (4607020)|VARIABLE_SCOPE_BEGIN|[9]|cohortLeads|List<Map<String,ANY>>|true|false
11:09:09.1 (4654491)|HEAP_ALLOCATE|[EXTERNAL]|Bytes:12
11:09:09.1 (4701452)|VARIABLE_ASSIGNMENT|[9]|cohortLeads|[{"name":"Jennifer Park","status":"Bound","daysAgo":3,"verdict":"Decision Confirmed","reasoning":"Act classified Pursu (159 more) ..."},{"name":"Marcus Reed","status":"Window Timeout","daysAgo":5,"verdict":"No-Signal","reasoning":"Still in nurture win (61 more) ..."}]|0x230a83b7
11:09:09.1 (4708722)|STATEMENT_EXECUTE|[27]
11:09:09.1 (4718412)|HEAP_ALLOCATE|[27]|Bytes:4
11:09:09.1 (4743823)|HEAP_ALLOCATE|[28]|Bytes:4
11:09:09.1 (4750933)|HEAP_ALLOCATE|[29]|Bytes:5
11:09:09.1 (4755114)|HEAP_ALLOCATE|[29]|Bytes:99
11:09:09.1 (4784264)|HEAP_ALLOCATE|[30]|Bytes:6
11:09:09.1 (4789493)|HEAP_ALLOCATE|[30]|Bytes:46
11:09:09.1 (4801625)|HEAP_ALLOCATE|[31]|Bytes:6
11:09:09.1 (4806115)|HEAP_ALLOCATE|[31]|Bytes:24
11:09:09.1 (4822844)|HEAP_ALLOCATE|[33]|Bytes:4
11:09:09.1 (4828884)|HEAP_ALLOCATE|[34]|Bytes:72
11:09:09.1 (4940678)|HEAP_ALLOCATE|[35]|Bytes:21
11:09:09.1 (4956967)|HEAP_ALLOCATE|[36]|Bytes:24
11:09:09.1 (4975799)|HEAP_ALLOCATE|[38]|Bytes:4
11:09:09.1 (4982389)|HEAP_ALLOCATE|[39]|Bytes:78
11:09:09.1 (5010199)|HEAP_ALLOCATE|[40]|Bytes:55
11:09:09.1 (5026350)|HEAP_ALLOCATE|[41]|Bytes:25
11:09:09.1 (5041870)|VARIABLE_SCOPE_BEGIN|[27]|proposals|List<Map<String,ANY>>|true|false
11:09:09.1 (5068460)|HEAP_ALLOCATE|[EXTERNAL]|Bytes:16
11:09:09.1 (5093890)|VARIABLE_ASSIGNMENT|[27]|proposals|[{"title":"EverQuote source · P (79 more) ...","impact":"312 confirmed verdic (26 more) ...","change":"Tighten Pursue thres (4 more) ..."},{"title":"Household-match sign (52 more) ...","impact":"89 verdicts confirme (1 more) ...","change":"Increase weighting + (4 more) ..."},{"title":"New pattern: VINs >  (58 more) ...","impact":"Convert at 6.8% vs 1 (35 more) ...","change":"Recommend Nurture de (5 more) ..."}]|0x23abe0e1
11:09:09.1 (5102871)|STATEMENT_EXECUTE|[45]
11:09:09.1 (5108450)|HEAP_ALLOCATE|[45]|Bytes:4
11:09:09.1 (5115301)|HEAP_ALLOCATE|[46]|Bytes:10
11:09:09.1 (5119392)|HEAP_ALLOCATE|[46]|Bytes:10
11:09:09.1 (5145162)|HEAP_ALLOCATE|[47]|Bytes:8
11:09:09.1 (5149922)|HEAP_ALLOCATE|[47]|Bytes:10
11:09:09.1 (5162953)|HEAP_ALLOCATE|[48]|Bytes:12
11:09:09.1 (5173113)|HEAP_ALLOCATE|[45]|Bytes:4
11:09:09.1 (5187582)|HEAP_ALLOCATE|[49]|Bytes:9
11:09:09.1 (5200563)|HEAP_ALLOCATE|[50]|Bytes:12
11:09:09.1 (5204764)|HEAP_ALLOCATE|[50]|Bytes:4
11:09:09.1 (5216573)|HEAP_ALLOCATE|[51]|Bytes:12
11:09:09.1 (5220604)|HEAP_ALLOCATE|[51]|Bytes:4
11:09:09.1 (5231954)|HEAP_ALLOCATE|[52]|Bytes:13
11:09:09.1 (5235924)|HEAP_ALLOCATE|[52]|Bytes:68
11:09:09.1 (5247463)|VARIABLE_SCOPE_BEGIN|[45]|tuneProposal|Map<String,ANY>|true|false
11:09:09.1 (5262454)|VARIABLE_ASSIGNMENT|[45]|tuneProposal|"Map of size 7 too large to display"|0x7cd1fb34
11:09:09.1 (5267454)|STATEMENT_EXECUTE|[55]
11:09:09.1 (5270805)|HEAP_ALLOCATE|[55]|Bytes:11
11:09:09.1 (5293715)|HEAP_ALLOCATE|[EXTERNAL]|Bytes:-4
11:09:09.1 (5302015)|STATEMENT_EXECUTE|[56]
11:09:09.1 (5304886)|HEAP_ALLOCATE|[56]|Bytes:12
11:09:09.1 (5324166)|HEAP_ALLOCATE|[EXTERNAL]|Bytes:-4
11:09:09.1 (5331396)|STATEMENT_EXECUTE|[57]
11:09:09.1 (5335356)|HEAP_ALLOCATE|[57]|Bytes:7
11:09:09.1 (5361557)|HEAP_ALLOCATE|[57]|Bytes:5
11:09:09.1 (5368026)|HEAP_ALLOCATE|[EXTERNAL]|Bytes:-4
11:09:09.1 (5374917)|STATEMENT_EXECUTE|[59]
11:09:09.5 (5472018)|CUMULATIVE_LIMIT_USAGE
11:09:09.5 (5472018)|LIMIT_USAGE_FOR_NS|(default)|
  Number of SOQL queries: 0 out of 100
  Number of query rows: 0 out of 50000
  Number of SOSL queries: 0 out of 20
  Number of DML statements: 0 out of 150
  Number of Publish Immediate DML: 0 out of 150
  Number of DML rows: 0 out of 10000
  Maximum CPU time: 0 out of 10000
  Maximum heap size: 0 out of 6000000
  Number of callouts: 0 out of 100
  Number of Email Invocations: 0 out of 10
  Number of future calls: 0 out of 50
  Number of queueable jobs added to the queue: 0 out of 50
  Number of Mobile Apex push calls: 0 out of 10

11:09:09.5 (5472018)|CUMULATIVE_LIMIT_USAGE_END

11:09:09.1 (5528100)|CODE_UNIT_FINISHED|ObserveTuneController.getTuneData()
11:09:09.1 (5795216)|CODE_UNIT_FINISHED|apex://ObserveTuneController/ACTION$getTuneData
11:09:09.1 (5807927)|EXECUTION_FINISHED
