66.0 APEX_CODE,FINEST;APEX_PROFILING,INFO;CALLOUT,INFO;DATA_ACCESS,INFO;DB,INFO;NBA,INFO;SYSTEM,DEBUG;VALIDATION,INFO;VISUALFORCE,INFO;WAVE,INFO;WORKFLOW,INFO
12:38:59.1 (1658549)|USER_INFO|[EXTERNAL]|005dM00000bGQNp|pmandy.f7098e8d67c2@agentforce.com|(GMT-07:00) Pacific Daylight Time (America/Los_Angeles)|GMT-07:00
12:38:59.1 (1759501)|EXECUTION_STARTED
12:38:59.1 (1780561)|CODE_UNIT_STARTED|[EXTERNAL]|apex://ObserveTuneController/ACTION$getTuneData
12:38:59.1 (3266156)|CODE_UNIT_STARTED|[EXTERNAL]|01pdM00000WohAb|ObserveTuneController.getTuneData()
12:38:59.1 (3694977)|HEAP_ALLOCATE|[95]|Bytes:3
12:38:59.1 (3825661)|HEAP_ALLOCATE|[100]|Bytes:152
12:38:59.1 (3843410)|HEAP_ALLOCATE|[417]|Bytes:408
12:38:59.1 (3857830)|HEAP_ALLOCATE|[430]|Bytes:408
12:38:59.1 (3881851)|HEAP_ALLOCATE|[317]|Bytes:6
12:38:59.1 (3940743)|HEAP_ALLOCATE|[EXTERNAL]|Bytes:8
12:38:59.1 (3947192)|HEAP_ALLOCATE|[EXTERNAL]|Bytes:22
12:38:59.1 (3973893)|METHOD_ENTRY|[1]|01pdM00000WohAb|ObserveTuneController.ObserveTuneController()
12:38:59.1 (3991683)|STATEMENT_EXECUTE|[1]
12:38:59.1 (4002794)|STATEMENT_EXECUTE|[1]
12:38:59.1 (4064575)|HEAP_ALLOCATE|[68]|Bytes:5
12:38:59.1 (4112336)|HEAP_ALLOCATE|[74]|Bytes:5
12:38:59.1 (4123548)|HEAP_ALLOCATE|[82]|Bytes:7
12:38:59.1 (4469476)|HEAP_ALLOCATE|[EXTERNAL]|Bytes:5
12:38:59.1 (4493775)|METHOD_EXIT|[1]|ObserveTuneController
12:38:59.1 (4506477)|HEAP_ALLOCATE|[5]|Bytes:5
12:38:59.1 (4512066)|STATEMENT_EXECUTE|[4]
12:38:59.1 (4514586)|STATEMENT_EXECUTE|[5]
12:38:59.1 (4516517)|STATEMENT_EXECUTE|[5]
12:38:59.1 (4518486)|STATEMENT_EXECUTE|[6]
12:38:59.1 (4535456)|HEAP_ALLOCATE|[6]|Bytes:4
12:38:59.1 (4557327)|VARIABLE_SCOPE_BEGIN|[6]|data|Map<String,ANY>|true|false
12:38:59.1 (4638400)|VARIABLE_ASSIGNMENT|[6]|data|{}|0x513c47ec
12:38:59.1 (4644979)|STATEMENT_EXECUTE|[9]
12:38:59.1 (4672779)|HEAP_ALLOCATE|[9]|Bytes:4
12:38:59.1 (4759482)|HEAP_ALLOCATE|[10]|Bytes:4
12:38:59.1 (4767212)|HEAP_ALLOCATE|[11]|Bytes:4
12:38:59.1 (4771652)|HEAP_ALLOCATE|[11]|Bytes:13
12:38:59.1 (4832053)|HEAP_ALLOCATE|[12]|Bytes:6
12:38:59.1 (4837253)|HEAP_ALLOCATE|[12]|Bytes:5
12:38:59.1 (4848744)|HEAP_ALLOCATE|[13]|Bytes:7
12:38:59.1 (4857994)|HEAP_ALLOCATE|[10]|Bytes:4
12:38:59.1 (4878045)|HEAP_ALLOCATE|[14]|Bytes:7
12:38:59.1 (4882774)|HEAP_ALLOCATE|[14]|Bytes:18
12:38:59.1 (4893286)|HEAP_ALLOCATE|[15]|Bytes:9
12:38:59.1 (4897425)|HEAP_ALLOCATE|[15]|Bytes:179
12:38:59.1 (4917385)|HEAP_ALLOCATE|[17]|Bytes:4
12:38:59.1 (4923795)|HEAP_ALLOCATE|[18]|Bytes:11
12:38:59.1 (4947386)|HEAP_ALLOCATE|[19]|Bytes:14
12:38:59.1 (4962356)|HEAP_ALLOCATE|[17]|Bytes:4
12:38:59.1 (4972776)|HEAP_ALLOCATE|[21]|Bytes:9
12:38:59.1 (4983917)|HEAP_ALLOCATE|[22]|Bytes:81
12:38:59.1 (4997077)|VARIABLE_SCOPE_BEGIN|[9]|cohortLeads|List<Map<String,ANY>>|true|false
12:38:59.1 (5066429)|HEAP_ALLOCATE|[EXTERNAL]|Bytes:12
12:38:59.1 (5142400)|VARIABLE_ASSIGNMENT|[9]|cohortLeads|[{"name":"Jennifer Park","status":"Bound","daysAgo":3,"verdict":"Decision Confirmed","reasoning":"Act classified Pursu (159 more) ..."},{"name":"Marcus Reed","status":"Window Timeout","daysAgo":5,"verdict":"No-Signal","reasoning":"Still in nurture win (61 more) ..."}]|0x40eac96e
12:38:59.1 (5154481)|STATEMENT_EXECUTE|[27]
12:38:59.1 (5162741)|HEAP_ALLOCATE|[27]|Bytes:4
12:38:59.1 (5185921)|HEAP_ALLOCATE|[28]|Bytes:4
12:38:59.1 (5192453)|HEAP_ALLOCATE|[29]|Bytes:5
12:38:59.1 (5196453)|HEAP_ALLOCATE|[29]|Bytes:99
12:38:59.1 (5222573)|HEAP_ALLOCATE|[30]|Bytes:6
12:38:59.1 (5227442)|HEAP_ALLOCATE|[30]|Bytes:46
12:38:59.1 (5237763)|HEAP_ALLOCATE|[31]|Bytes:6
12:38:59.1 (5241753)|HEAP_ALLOCATE|[31]|Bytes:24
12:38:59.1 (5257233)|HEAP_ALLOCATE|[33]|Bytes:4
12:38:59.1 (5262843)|HEAP_ALLOCATE|[34]|Bytes:72
12:38:59.1 (5316925)|HEAP_ALLOCATE|[35]|Bytes:21
12:38:59.1 (5330325)|HEAP_ALLOCATE|[36]|Bytes:24
12:38:59.1 (5347165)|HEAP_ALLOCATE|[38]|Bytes:4
12:38:59.1 (5353105)|HEAP_ALLOCATE|[39]|Bytes:78
12:38:59.1 (5376666)|HEAP_ALLOCATE|[40]|Bytes:55
12:38:59.1 (5388937)|HEAP_ALLOCATE|[41]|Bytes:25
12:38:59.1 (5401967)|VARIABLE_SCOPE_BEGIN|[27]|proposals|List<Map<String,ANY>>|true|false
12:38:59.1 (5431277)|HEAP_ALLOCATE|[EXTERNAL]|Bytes:16
12:38:59.1 (5596671)|VARIABLE_ASSIGNMENT|[27]|proposals|[{"title":"EverQuote source · P (79 more) ...","impact":"312 confirmed verdic (26 more) ...","change":"Tighten Pursue thres (4 more) ..."},{"title":"Household-match sign (52 more) ...","impact":"89 verdicts confirme (1 more) ...","change":"Increase weighting + (4 more) ..."},{"title":"New pattern: VINs >  (58 more) ...","impact":"Convert at 6.8% vs 1 (35 more) ...","change":"Recommend Nurture de (5 more) ..."}]|0x6f2aa962
12:38:59.1 (5608751)|STATEMENT_EXECUTE|[45]
12:38:59.1 (5625712)|HEAP_ALLOCATE|[45]|Bytes:4
12:38:59.1 (5635152)|HEAP_ALLOCATE|[46]|Bytes:10
12:38:59.1 (5639392)|HEAP_ALLOCATE|[46]|Bytes:10
12:38:59.1 (5670533)|HEAP_ALLOCATE|[47]|Bytes:8
12:38:59.1 (5675243)|HEAP_ALLOCATE|[47]|Bytes:10
12:38:59.1 (5686613)|HEAP_ALLOCATE|[48]|Bytes:12
12:38:59.1 (5693944)|HEAP_ALLOCATE|[45]|Bytes:4
12:38:59.1 (5706694)|HEAP_ALLOCATE|[49]|Bytes:9
12:38:59.1 (5718854)|HEAP_ALLOCATE|[50]|Bytes:12
12:38:59.1 (5723244)|HEAP_ALLOCATE|[50]|Bytes:4
12:38:59.1 (5733004)|HEAP_ALLOCATE|[51]|Bytes:12
12:38:59.1 (5737074)|HEAP_ALLOCATE|[51]|Bytes:4
12:38:59.1 (5747075)|HEAP_ALLOCATE|[52]|Bytes:13
12:38:59.1 (5751605)|HEAP_ALLOCATE|[52]|Bytes:68
12:38:59.1 (5762655)|VARIABLE_SCOPE_BEGIN|[45]|tuneProposal|Map<String,ANY>|true|false
12:38:59.1 (5776915)|VARIABLE_ASSIGNMENT|[45]|tuneProposal|"Map of size 7 too large to display"|0x4528fe42
12:38:59.1 (5781645)|STATEMENT_EXECUTE|[55]
12:38:59.1 (5784646)|HEAP_ALLOCATE|[55]|Bytes:11
12:38:59.1 (5805726)|HEAP_ALLOCATE|[EXTERNAL]|Bytes:-4
12:38:59.1 (5823456)|STATEMENT_EXECUTE|[56]
12:38:59.1 (5826868)|HEAP_ALLOCATE|[56]|Bytes:12
12:38:59.1 (5844607)|HEAP_ALLOCATE|[EXTERNAL]|Bytes:-4
12:38:59.1 (5851807)|STATEMENT_EXECUTE|[57]
12:38:59.1 (5855028)|HEAP_ALLOCATE|[57]|Bytes:7
12:38:59.1 (5889478)|HEAP_ALLOCATE|[57]|Bytes:5
12:38:59.1 (5895218)|HEAP_ALLOCATE|[EXTERNAL]|Bytes:-4
12:38:59.1 (5902178)|STATEMENT_EXECUTE|[59]
12:38:59.5 (5985650)|CUMULATIVE_LIMIT_USAGE
12:38:59.5 (5985650)|LIMIT_USAGE_FOR_NS|(default)|
  Number of SOQL queries: 0 out of 100
  Number of query rows: 0 out of 50000
  Number of SOSL queries: 0 out of 20
  Number of DML statements: 0 out of 150
  Number of Publish Immediate DML: 0 out of 150
  Number of DML rows: 0 out of 10000
  Maximum CPU time: 0 out of 10000
  Maximum heap size: 0 out of 6000000
  Number of callouts: 0 out of 100
  Number of Email Invocations: 0 out of 10
  Number of future calls: 0 out of 50
  Number of queueable jobs added to the queue: 0 out of 50
  Number of Mobile Apex push calls: 0 out of 10

12:38:59.5 (5985650)|CUMULATIVE_LIMIT_USAGE_END

12:38:59.1 (6037942)|CODE_UNIT_FINISHED|ObserveTuneController.getTuneData()
12:38:59.1 (6272707)|CODE_UNIT_FINISHED|apex://ObserveTuneController/ACTION$getTuneData
12:38:59.1 (6285207)|EXECUTION_FINISHED
