66.0 APEX_CODE,FINEST;APEX_PROFILING,INFO;CALLOUT,INFO;DATA_ACCESS,INFO;DB,INFO;NBA,INFO;SYSTEM,DEBUG;VALIDATION,INFO;VISUALFORCE,INFO;WAVE,INFO;WORKFLOW,INFO
11:07:29.1 (1151331)|USER_INFO|[EXTERNAL]|005dM00000bGQNp|pmandy.f7098e8d67c2@agentforce.com|(GMT-07:00) Pacific Daylight Time (America/Los_Angeles)|GMT-07:00
11:07:29.1 (1226353)|EXECUTION_STARTED
11:07:29.1 (1253263)|CODE_UNIT_STARTED|[EXTERNAL]|apex://ObserveTuneController/ACTION$getTuneData
11:07:29.1 (2311663)|CODE_UNIT_STARTED|[EXTERNAL]|01pdM00000WohAb|ObserveTuneController.getTuneData()
11:07:29.1 (2699890)|HEAP_ALLOCATE|[95]|Bytes:3
11:07:29.1 (2811982)|HEAP_ALLOCATE|[100]|Bytes:152
11:07:29.1 (2830022)|HEAP_ALLOCATE|[417]|Bytes:408
11:07:29.1 (2845302)|HEAP_ALLOCATE|[430]|Bytes:408
11:07:29.1 (2879533)|HEAP_ALLOCATE|[317]|Bytes:6
11:07:29.1 (2936525)|HEAP_ALLOCATE|[EXTERNAL]|Bytes:8
11:07:29.1 (2946685)|HEAP_ALLOCATE|[EXTERNAL]|Bytes:22
11:07:29.1 (2972775)|METHOD_ENTRY|[1]|01pdM00000WohAb|ObserveTuneController.ObserveTuneController()
11:07:29.1 (2990836)|STATEMENT_EXECUTE|[1]
11:07:29.1 (3003705)|STATEMENT_EXECUTE|[1]
11:07:29.1 (3026276)|HEAP_ALLOCATE|[68]|Bytes:5
11:07:29.1 (3067776)|HEAP_ALLOCATE|[74]|Bytes:5
11:07:29.1 (3077626)|HEAP_ALLOCATE|[82]|Bytes:7
11:07:29.1 (3419063)|HEAP_ALLOCATE|[EXTERNAL]|Bytes:5
11:07:29.1 (3452724)|METHOD_EXIT|[1]|ObserveTuneController
11:07:29.1 (3468194)|HEAP_ALLOCATE|[5]|Bytes:5
11:07:29.1 (3473764)|STATEMENT_EXECUTE|[4]
11:07:29.1 (3476824)|STATEMENT_EXECUTE|[5]
11:07:29.1 (3478774)|STATEMENT_EXECUTE|[5]
11:07:29.1 (3480804)|STATEMENT_EXECUTE|[6]
11:07:29.1 (3526225)|HEAP_ALLOCATE|[6]|Bytes:4
11:07:29.1 (3564226)|VARIABLE_SCOPE_BEGIN|[6]|data|Map<String,ANY>|true|false
11:07:29.1 (3665448)|VARIABLE_ASSIGNMENT|[6]|data|{}|0x6e2d5c9d
11:07:29.1 (3671768)|STATEMENT_EXECUTE|[9]
11:07:29.1 (3712329)|HEAP_ALLOCATE|[9]|Bytes:4
11:07:29.1 (3816150)|HEAP_ALLOCATE|[10]|Bytes:4
11:07:29.1 (3825261)|HEAP_ALLOCATE|[11]|Bytes:4
11:07:29.1 (3829811)|HEAP_ALLOCATE|[11]|Bytes:13
11:07:29.1 (3916142)|HEAP_ALLOCATE|[12]|Bytes:6
11:07:29.1 (3921912)|HEAP_ALLOCATE|[12]|Bytes:5
11:07:29.1 (3934312)|HEAP_ALLOCATE|[13]|Bytes:7
11:07:29.1 (3953013)|HEAP_ALLOCATE|[10]|Bytes:4
11:07:29.1 (4059385)|HEAP_ALLOCATE|[14]|Bytes:7
11:07:29.1 (4064825)|HEAP_ALLOCATE|[14]|Bytes:18
11:07:29.1 (4076365)|HEAP_ALLOCATE|[15]|Bytes:9
11:07:29.1 (4080776)|HEAP_ALLOCATE|[15]|Bytes:179
11:07:29.1 (4103925)|HEAP_ALLOCATE|[17]|Bytes:4
11:07:29.1 (4110926)|HEAP_ALLOCATE|[18]|Bytes:11
11:07:29.1 (4137466)|HEAP_ALLOCATE|[19]|Bytes:14
11:07:29.1 (4154806)|HEAP_ALLOCATE|[17]|Bytes:4
11:07:29.1 (4167098)|HEAP_ALLOCATE|[21]|Bytes:9
11:07:29.1 (4179018)|HEAP_ALLOCATE|[22]|Bytes:81
11:07:29.1 (4194898)|VARIABLE_SCOPE_BEGIN|[9]|cohortLeads|List<Map<String,ANY>>|true|false
11:07:29.1 (4251598)|HEAP_ALLOCATE|[EXTERNAL]|Bytes:12
11:07:29.1 (4296190)|VARIABLE_ASSIGNMENT|[9]|cohortLeads|[{"name":"Jennifer Park","status":"Bound","daysAgo":3,"verdict":"Decision Confirmed","reasoning":"Act classified Pursu (159 more) ..."},{"name":"Marcus Reed","status":"Window Timeout","daysAgo":5,"verdict":"No-Signal","reasoning":"Still in nurture win (61 more) ..."}]|0x91d7ea8
11:07:29.1 (4303700)|STATEMENT_EXECUTE|[27]
11:07:29.1 (4312540)|HEAP_ALLOCATE|[27]|Bytes:4
11:07:29.1 (4336821)|HEAP_ALLOCATE|[28]|Bytes:4
11:07:29.1 (4344250)|HEAP_ALLOCATE|[29]|Bytes:5
11:07:29.1 (4348781)|HEAP_ALLOCATE|[29]|Bytes:99
11:07:29.1 (4375730)|HEAP_ALLOCATE|[30]|Bytes:6
11:07:29.1 (4380370)|HEAP_ALLOCATE|[30]|Bytes:46
11:07:29.1 (4391771)|HEAP_ALLOCATE|[31]|Bytes:6
11:07:29.1 (4397062)|HEAP_ALLOCATE|[31]|Bytes:24
11:07:29.1 (4419051)|HEAP_ALLOCATE|[33]|Bytes:4
11:07:29.1 (4428011)|HEAP_ALLOCATE|[34]|Bytes:72
11:07:29.1 (4460852)|HEAP_ALLOCATE|[35]|Bytes:21
11:07:29.1 (4479913)|HEAP_ALLOCATE|[36]|Bytes:24
11:07:29.1 (4502834)|HEAP_ALLOCATE|[38]|Bytes:4
11:07:29.1 (4511234)|HEAP_ALLOCATE|[39]|Bytes:78
11:07:29.1 (4541653)|HEAP_ALLOCATE|[40]|Bytes:55
11:07:29.1 (4554384)|HEAP_ALLOCATE|[41]|Bytes:25
11:07:29.1 (4568225)|VARIABLE_SCOPE_BEGIN|[27]|proposals|List<Map<String,ANY>>|true|false
11:07:29.1 (4592115)|HEAP_ALLOCATE|[EXTERNAL]|Bytes:16
11:07:29.1 (4618236)|VARIABLE_ASSIGNMENT|[27]|proposals|[{"title":"EverQuote source · P (79 more) ...","impact":"312 confirmed verdic (26 more) ...","change":"Tighten Pursue thres (4 more) ..."},{"title":"Household-match sign (52 more) ...","impact":"89 verdicts confirme (1 more) ...","change":"Increase weighting + (4 more) ..."},{"title":"New pattern: VINs >  (58 more) ...","impact":"Convert at 6.8% vs 1 (35 more) ...","change":"Recommend Nurture de (5 more) ..."}]|0x5f3a93d3
11:07:29.1 (4627895)|STATEMENT_EXECUTE|[45]
11:07:29.1 (4633796)|HEAP_ALLOCATE|[45]|Bytes:4
11:07:29.1 (4640476)|HEAP_ALLOCATE|[46]|Bytes:10
11:07:29.1 (4644695)|HEAP_ALLOCATE|[46]|Bytes:10
11:07:29.1 (4669935)|HEAP_ALLOCATE|[47]|Bytes:8
11:07:29.1 (4674687)|HEAP_ALLOCATE|[47]|Bytes:10
11:07:29.1 (4685807)|HEAP_ALLOCATE|[48]|Bytes:12
11:07:29.1 (4701056)|HEAP_ALLOCATE|[45]|Bytes:4
11:07:29.1 (4714727)|HEAP_ALLOCATE|[49]|Bytes:9
11:07:29.1 (4727656)|HEAP_ALLOCATE|[50]|Bytes:12
11:07:29.1 (4732248)|HEAP_ALLOCATE|[50]|Bytes:4
11:07:29.1 (4742988)|HEAP_ALLOCATE|[51]|Bytes:12
11:07:29.1 (4748178)|HEAP_ALLOCATE|[51]|Bytes:4
11:07:29.1 (4765328)|HEAP_ALLOCATE|[52]|Bytes:13
11:07:29.1 (4781248)|HEAP_ALLOCATE|[52]|Bytes:68
11:07:29.1 (4796929)|VARIABLE_SCOPE_BEGIN|[45]|tuneProposal|Map<String,ANY>|true|false
11:07:29.1 (4821419)|VARIABLE_ASSIGNMENT|[45]|tuneProposal|"Map of size 7 too large to display"|0x6b680231
11:07:29.1 (4828439)|STATEMENT_EXECUTE|[55]
11:07:29.1 (4832199)|HEAP_ALLOCATE|[55]|Bytes:11
11:07:29.1 (4880140)|HEAP_ALLOCATE|[EXTERNAL]|Bytes:-4
11:07:29.1 (4890800)|STATEMENT_EXECUTE|[56]
11:07:29.1 (4894750)|HEAP_ALLOCATE|[56]|Bytes:12
11:07:29.1 (4917461)|HEAP_ALLOCATE|[EXTERNAL]|Bytes:-4
11:07:29.1 (4927211)|STATEMENT_EXECUTE|[57]
11:07:29.1 (4930921)|HEAP_ALLOCATE|[57]|Bytes:7
11:07:29.1 (4969362)|HEAP_ALLOCATE|[57]|Bytes:5
11:07:29.1 (4976502)|HEAP_ALLOCATE|[EXTERNAL]|Bytes:-4
11:07:29.1 (4985542)|STATEMENT_EXECUTE|[59]
11:07:29.5 (5105724)|CUMULATIVE_LIMIT_USAGE
11:07:29.5 (5105724)|LIMIT_USAGE_FOR_NS|(default)|
  Number of SOQL queries: 0 out of 100
  Number of query rows: 0 out of 50000
  Number of SOSL queries: 0 out of 20
  Number of DML statements: 0 out of 150
  Number of Publish Immediate DML: 0 out of 150
  Number of DML rows: 0 out of 10000
  Maximum CPU time: 0 out of 10000
  Maximum heap size: 0 out of 6000000
  Number of callouts: 0 out of 100
  Number of Email Invocations: 0 out of 10
  Number of future calls: 0 out of 50
  Number of queueable jobs added to the queue: 0 out of 50
  Number of Mobile Apex push calls: 0 out of 10

11:07:29.5 (5105724)|CUMULATIVE_LIMIT_USAGE_END

11:07:29.1 (5154795)|CODE_UNIT_FINISHED|ObserveTuneController.getTuneData()
11:07:29.1 (5424190)|CODE_UNIT_FINISHED|apex://ObserveTuneController/ACTION$getTuneData
11:07:29.1 (5437220)|EXECUTION_FINISHED
