66.0 APEX_CODE,FINEST;APEX_PROFILING,INFO;CALLOUT,INFO;DATA_ACCESS,INFO;DB,INFO;NBA,INFO;SYSTEM,DEBUG;VALIDATION,INFO;VISUALFORCE,INFO;WAVE,INFO;WORKFLOW,INFO
13:07:46.1 (1010815)|USER_INFO|[EXTERNAL]|005dM00000bGQNp|pmandy.f7098e8d67c2@agentforce.com|(GMT-07:00) Pacific Daylight Time (America/Los_Angeles)|GMT-07:00
13:07:46.1 (1081197)|EXECUTION_STARTED
13:07:46.1 (1107398)|CODE_UNIT_STARTED|[EXTERNAL]|apex://ObserveTuneController/ACTION$approveTuneAndPromote
13:07:46.1 (2040350)|CODE_UNIT_STARTED|[EXTERNAL]|01pdM00000WohAb|ObserveTuneController.approveTuneAndPromote()
13:07:46.1 (4966471)|HEAP_ALLOCATE|[95]|Bytes:3
13:07:46.1 (5135245)|HEAP_ALLOCATE|[100]|Bytes:152
13:07:46.1 (5155685)|HEAP_ALLOCATE|[417]|Bytes:408
13:07:46.1 (5170636)|HEAP_ALLOCATE|[430]|Bytes:408
13:07:46.1 (5204498)|HEAP_ALLOCATE|[317]|Bytes:6
13:07:46.1 (5219357)|HEAP_ALLOCATE|[EXTERNAL]|Bytes:8
13:07:46.1 (5224557)|HEAP_ALLOCATE|[EXTERNAL]|Bytes:22
13:07:46.1 (5267339)|METHOD_ENTRY|[1]|01pdM00000WohAb|ObserveTuneController.ObserveTuneController()
13:07:46.1 (5312110)|STATEMENT_EXECUTE|[1]
13:07:46.1 (5335680)|STATEMENT_EXECUTE|[1]
13:07:46.1 (5359191)|HEAP_ALLOCATE|[68]|Bytes:5
13:07:46.1 (5406162)|HEAP_ALLOCATE|[74]|Bytes:5
13:07:46.1 (5415433)|HEAP_ALLOCATE|[82]|Bytes:7
13:07:46.1 (5904254)|HEAP_ALLOCATE|[EXTERNAL]|Bytes:5
13:07:46.1 (5937775)|METHOD_EXIT|[1]|ObserveTuneController
13:07:46.1 (5958636)|HEAP_ALLOCATE|[67]|Bytes:5
13:07:46.1 (5966266)|STATEMENT_EXECUTE|[66]
13:07:46.1 (5970256)|STATEMENT_EXECUTE|[67]
13:07:46.1 (5972706)|STATEMENT_EXECUTE|[67]
13:07:46.1 (5975146)|STATEMENT_EXECUTE|[68]
13:07:46.1 (5979456)|HEAP_ALLOCATE|[68]|Bytes:41
13:07:46.1 (6059368)|USER_DEBUG|[68]|DEBUG|===== APPROVE TUNE & PROMOTE v2.8.0 =====
13:07:46.1 (6077548)|STATEMENT_EXECUTE|[71]
13:07:46.1 (6100559)|VARIABLE_SCOPE_BEGIN|[71]|req|System.HttpRequest|true|false
13:07:46.1 (6567720)|VARIABLE_ASSIGNMENT|[71]|req|"System.HttpRequest[Endpoint=null, Method=null]"|0x6a2271e8
13:07:46.1 (6580960)|STATEMENT_EXECUTE|[72]
13:07:46.1 (6588391)|HEAP_ALLOCATE|[72]|Bytes:42
13:07:46.1 (6656412)|STATEMENT_EXECUTE|[73]
13:07:46.1 (6660882)|HEAP_ALLOCATE|[73]|Bytes:4
13:07:46.1 (6681833)|STATEMENT_EXECUTE|[74]
13:07:46.1 (6685393)|HEAP_ALLOCATE|[74]|Bytes:12
13:07:46.1 (6689703)|HEAP_ALLOCATE|[74]|Bytes:16
13:07:46.1 (6713294)|STATEMENT_EXECUTE|[75]
13:07:46.1 (6729874)|HEAP_ALLOCATE|[75]|Bytes:4
13:07:46.1 (6742744)|HEAP_ALLOCATE|[76]|Bytes:12
13:07:46.1 (6747054)|HEAP_ALLOCATE|[76]|Bytes:6
13:07:46.1 (6800966)|HEAP_ALLOCATE|[77]|Bytes:6
13:07:46.1 (6805536)|HEAP_ALLOCATE|[77]|Bytes:45
13:07:46.1 (6849587)|HEAP_ALLOCATE|[75]|Bytes:24
13:07:46.1 (6863337)|SYSTEM_METHOD_ENTRY|[1]|JSON.JSON()
13:07:46.1 (6869597)|STATEMENT_EXECUTE|[1]
13:07:46.1 (6886388)|SYSTEM_METHOD_EXIT|[1]|JSON
13:07:46.1 (6937969)|METHOD_ENTRY|[75]||System.JSON.serialize(Object)
13:07:46.1 (11487450)|METHOD_EXIT|[75]||System.JSON.serialize(Object)
13:07:46.1 (11581172)|STATEMENT_EXECUTE|[80]
13:07:46.1 (11619623)|VARIABLE_SCOPE_BEGIN|[80]|http|System.Http|true|false
13:07:46.1 (11787187)|VARIABLE_ASSIGNMENT|[80]|http|"System.Http[]"|0x469f818d
13:07:46.1 (11797107)|STATEMENT_EXECUTE|[81]
13:07:46.1 (11931020)|CALLOUT_REQUEST|[81]|System.HttpRequest[Endpoint=http://146.190.153.46:9000/update-champion, Method=POST]
13:07:46.1 (552113990)|HEAP_ALLOCATE|[EXTERNAL]|Bytes:292
13:07:46.1 (555451751)|CALLOUT_RESPONSE|[81]|System.HttpResponse[Status=OK, StatusCode=200]
13:07:46.1 (555483552)|HEAP_ALLOCATE|[81]|Bytes:61
13:07:46.1 (555518702)|VARIABLE_SCOPE_BEGIN|[81]|res|System.HttpResponse|true|false
13:07:46.1 (555657576)|VARIABLE_ASSIGNMENT|[81]|res|"System.HttpResponse[Status=OK, StatusCode=200]"|0x76f606fa
13:07:46.1 (555669926)|STATEMENT_EXECUTE|[83]
13:07:46.1 (555680856)|HEAP_ALLOCATE|[83]|Bytes:23
13:07:46.1 (555805019)|HEAP_ALLOCATE|[83]|Bytes:3
13:07:46.1 (555825370)|HEAP_ALLOCATE|[83]|Bytes:26
13:07:46.1 (555848630)|USER_DEBUG|[83]|DEBUG|LUMEN Response Status: 200
13:07:46.1 (555860341)|STATEMENT_EXECUTE|[84]
13:07:46.1 (555864551)|HEAP_ALLOCATE|[84]|Bytes:21
13:07:46.1 (555889151)|HEAP_ALLOCATE|[84]|Bytes:55
13:07:46.1 (555898382)|HEAP_ALLOCATE|[84]|Bytes:76
13:07:46.1 (555908572)|USER_DEBUG|[84]|DEBUG|LUMEN Response Body: {"success":false,"error":"champion_model not provided"}
13:07:46.1 (555942193)|STATEMENT_EXECUTE|[86]
13:07:46.1 (555945833)|STATEMENT_EXECUTE|[87]
13:07:46.1 (555949423)|HEAP_ALLOCATE|[87]|Bytes:39
13:07:46.1 (555972413)|USER_DEBUG|[87]|DEBUG|===== v2.8.0 PROMOTED TO CHAMPION =====
13:07:46.1 (555981664)|STATEMENT_EXECUTE|[90]
13:07:46.1 (560002252)|HEAP_ALLOCATE|[90]|Bytes:44
13:07:46.1 (560046183)|VARIABLE_SCOPE_BEGIN|[90]|config|Loom_Config__c|true|false
13:07:46.1 (560316149)|VARIABLE_ASSIGNMENT|[90]|config|{"LastModifiedDate":"2026-05-26T20:07:44.000Z","IsDeleted":false,"CreatedById":"005dM00000bGQNpQAO","CreatedDate":"2026-05-26T14:15:32.000Z","Id":"a0OdM00000QHtsLUAT","LastModifiedById":"005dM00000bGQNpQAO","SetupOwnerId":"00DdM00000wFcrbUAC","Champion_Model_Version__c":"v2.8.0","Name":"a0OdM00000QHtsL","SystemModstamp":"2026-05-26T20:07:44.000Z"}|0x49711b34
13:07:46.1 (560332319)|STATEMENT_EXECUTE|[91]
13:07:46.1 (560564785)|VARIABLE_ASSIGNMENT|[91]|this.Champion_Model_Version__c|"v2.8.0"|0x49711b34
13:07:46.1 (560574505)|STATEMENT_EXECUTE|[92]
13:07:46.1 (560639627)|HEAP_ALLOCATE|[92]|Bytes:8
13:07:46.1 (560668288)|DML_BEGIN|[92]|Op:Upsert|Type:Loom_Config__c|Rows:1
13:07:46.1 (560715039)|HEAP_ALLOCATE|[EXTERNAL]|Bytes:8
13:07:46.1 (597327238)|DML_END|[92]
13:07:46.1 (598193598)|STATEMENT_EXECUTE|[93]
13:07:46.1 (598208629)|HEAP_ALLOCATE|[93]|Bytes:58
13:07:46.1 (598291631)|USER_DEBUG|[93]|DEBUG|Custom setting updated: Champion_Model_Version__c = v2.8.0
13:07:46.1 (598304901)|STATEMENT_EXECUTE|[95]
13:07:46.1 (598326961)|HEAP_ALLOCATE|[95]|Bytes:4
13:07:46.1 (598338362)|HEAP_ALLOCATE|[96]|Bytes:7
13:07:46.1 (598437714)|HEAP_ALLOCATE|[95]|Bytes:5
13:07:46.1 (598453994)|HEAP_ALLOCATE|[97]|Bytes:7
13:07:46.1 (598458425)|HEAP_ALLOCATE|[97]|Bytes:27
13:07:46.1 (598472585)|HEAP_ALLOCATE|[98]|Bytes:8
13:07:46.1 (598485025)|HEAP_ALLOCATE|[99]|Bytes:13
13:07:46.1 (598489395)|HEAP_ALLOCATE|[99]|Bytes:6
13:07:46.618 (618158863)|CUMULATIVE_LIMIT_USAGE
13:07:46.618 (618158863)|LIMIT_USAGE_FOR_NS|(default)|
  Number of SOQL queries: 0 out of 100
  Number of query rows: 0 out of 50000
  Number of SOSL queries: 0 out of 20
  Number of DML statements: 1 out of 150
  Number of Publish Immediate DML: 0 out of 150
  Number of DML rows: 1 out of 10000
  Maximum CPU time: 0 out of 10000
  Maximum heap size: 0 out of 6000000
  Number of callouts: 1 out of 100
  Number of Email Invocations: 0 out of 10
  Number of future calls: 0 out of 50
  Number of queueable jobs added to the queue: 0 out of 50
  Number of Mobile Apex push calls: 0 out of 10

13:07:46.618 (618158863)|CUMULATIVE_LIMIT_USAGE_END

13:07:46.1 (618231595)|CODE_UNIT_FINISHED|ObserveTuneController.approveTuneAndPromote()
13:07:46.1 (618509552)|CODE_UNIT_FINISHED|apex://ObserveTuneController/ACTION$approveTuneAndPromote
13:07:46.1 (618525172)|EXECUTION_FINISHED
