66.0 APEX_CODE,FINEST;APEX_PROFILING,INFO;CALLOUT,INFO;DATA_ACCESS,INFO;DB,INFO;NBA,INFO;SYSTEM,DEBUG;VALIDATION,INFO;VISUALFORCE,INFO;WAVE,INFO;WORKFLOW,INFO
12:52:26.0 (507356)|USER_INFO|[EXTERNAL]|005dM00000bGQNp|pmandy.f7098e8d67c2@agentforce.com|(GMT-07:00) Pacific Daylight Time (America/Los_Angeles)|GMT-07:00
12:52:26.0 (589072)|EXECUTION_STARTED
12:52:26.0 (644415)|CODE_UNIT_STARTED|[EXTERNAL]|apex://ObserveTuneController/ACTION$getTuneData
12:52:26.0 (2301154)|CODE_UNIT_STARTED|[EXTERNAL]|01pdM00000WohAb|ObserveTuneController.getTuneData()
12:52:26.0 (2679575)|HEAP_ALLOCATE|[95]|Bytes:3
12:52:26.0 (2858134)|HEAP_ALLOCATE|[100]|Bytes:152
12:52:26.0 (2880965)|HEAP_ALLOCATE|[417]|Bytes:408
12:52:26.0 (2903497)|HEAP_ALLOCATE|[430]|Bytes:408
12:52:26.0 (2945179)|HEAP_ALLOCATE|[317]|Bytes:6
12:52:26.0 (3012503)|HEAP_ALLOCATE|[EXTERNAL]|Bytes:8
12:52:26.0 (3047814)|HEAP_ALLOCATE|[EXTERNAL]|Bytes:22
12:52:26.0 (3465427)|METHOD_ENTRY|[1]|01pdM00000WohAb|ObserveTuneController.ObserveTuneController()
12:52:26.0 (3489189)|STATEMENT_EXECUTE|[1]
12:52:26.0 (3508110)|STATEMENT_EXECUTE|[1]
12:52:26.0 (3538511)|HEAP_ALLOCATE|[68]|Bytes:5
12:52:26.0 (3632016)|HEAP_ALLOCATE|[74]|Bytes:5
12:52:26.0 (3645427)|HEAP_ALLOCATE|[82]|Bytes:7
12:52:26.0 (4164255)|HEAP_ALLOCATE|[EXTERNAL]|Bytes:5
12:52:26.0 (4197307)|METHOD_EXIT|[1]|ObserveTuneController
12:52:26.0 (4215648)|HEAP_ALLOCATE|[5]|Bytes:5
12:52:26.0 (4222268)|STATEMENT_EXECUTE|[4]
12:52:26.0 (4225868)|STATEMENT_EXECUTE|[5]
12:52:26.0 (4229059)|STATEMENT_EXECUTE|[5]
12:52:26.0 (4232389)|STATEMENT_EXECUTE|[6]
12:52:26.0 (4259970)|HEAP_ALLOCATE|[6]|Bytes:4
12:52:26.0 (4284601)|VARIABLE_SCOPE_BEGIN|[6]|data|Map<String,ANY>|true|false
12:52:26.0 (4462610)|VARIABLE_ASSIGNMENT|[6]|data|{}|0x34da97d9
12:52:26.0 (4471242)|STATEMENT_EXECUTE|[9]
12:52:26.0 (4520453)|HEAP_ALLOCATE|[9]|Bytes:4
12:52:26.0 (4681253)|HEAP_ALLOCATE|[10]|Bytes:4
12:52:26.0 (4691663)|HEAP_ALLOCATE|[11]|Bytes:4
12:52:26.0 (4697884)|HEAP_ALLOCATE|[11]|Bytes:13
12:52:26.0 (4797419)|HEAP_ALLOCATE|[12]|Bytes:6
12:52:26.0 (4804269)|HEAP_ALLOCATE|[12]|Bytes:5
12:52:26.0 (4821350)|HEAP_ALLOCATE|[13]|Bytes:7
12:52:26.0 (4835371)|HEAP_ALLOCATE|[10]|Bytes:4
12:52:26.0 (4862403)|HEAP_ALLOCATE|[14]|Bytes:7
12:52:26.0 (4868563)|HEAP_ALLOCATE|[14]|Bytes:18
12:52:26.0 (4884244)|HEAP_ALLOCATE|[15]|Bytes:9
12:52:26.0 (4890164)|HEAP_ALLOCATE|[15]|Bytes:179
12:52:26.0 (4921766)|HEAP_ALLOCATE|[17]|Bytes:4
12:52:26.0 (4929787)|HEAP_ALLOCATE|[18]|Bytes:11
12:52:26.0 (4963128)|HEAP_ALLOCATE|[19]|Bytes:14
12:52:26.0 (4984879)|HEAP_ALLOCATE|[17]|Bytes:4
12:52:26.0 (4999599)|HEAP_ALLOCATE|[21]|Bytes:9
12:52:26.0 (5015261)|HEAP_ALLOCATE|[22]|Bytes:81
12:52:26.0 (5034372)|VARIABLE_SCOPE_BEGIN|[9]|cohortLeads|List<Map<String,ANY>>|true|false
12:52:26.0 (5096716)|HEAP_ALLOCATE|[EXTERNAL]|Bytes:12
12:52:26.0 (5152168)|VARIABLE_ASSIGNMENT|[9]|cohortLeads|[{"name":"Jennifer Park","status":"Bound","daysAgo":3,"verdict":"Decision Confirmed","reasoning":"Act classified Pursu (159 more) ..."},{"name":"Marcus Reed","status":"Window Timeout","daysAgo":5,"verdict":"No-Signal","reasoning":"Still in nurture win (61 more) ..."}]|0x90cb3cd
12:52:26.0 (5162499)|STATEMENT_EXECUTE|[27]
12:52:26.0 (5173040)|HEAP_ALLOCATE|[27]|Bytes:4
12:52:26.0 (5210851)|HEAP_ALLOCATE|[28]|Bytes:4
12:52:26.0 (5219122)|HEAP_ALLOCATE|[29]|Bytes:5
12:52:26.0 (5225113)|HEAP_ALLOCATE|[29]|Bytes:99
12:52:26.0 (5258213)|HEAP_ALLOCATE|[30]|Bytes:6
12:52:26.0 (5264285)|HEAP_ALLOCATE|[30]|Bytes:46
12:52:26.0 (5280196)|HEAP_ALLOCATE|[31]|Bytes:6
12:52:26.0 (5286266)|HEAP_ALLOCATE|[31]|Bytes:24
12:52:26.0 (5308187)|HEAP_ALLOCATE|[33]|Bytes:4
12:52:26.0 (5316137)|HEAP_ALLOCATE|[34]|Bytes:72
12:52:26.0 (5345289)|HEAP_ALLOCATE|[35]|Bytes:21
12:52:26.0 (5361280)|HEAP_ALLOCATE|[36]|Bytes:24
12:52:26.0 (5381011)|HEAP_ALLOCATE|[38]|Bytes:4
12:52:26.0 (5388441)|HEAP_ALLOCATE|[39]|Bytes:78
12:52:26.0 (5418102)|HEAP_ALLOCATE|[40]|Bytes:55
12:52:26.0 (5434684)|HEAP_ALLOCATE|[41]|Bytes:25
12:52:26.0 (5452375)|VARIABLE_SCOPE_BEGIN|[27]|proposals|List<Map<String,ANY>>|true|false
12:52:26.0 (5478516)|HEAP_ALLOCATE|[EXTERNAL]|Bytes:16
12:52:26.0 (5508838)|VARIABLE_ASSIGNMENT|[27]|proposals|[{"title":"EverQuote source · P (79 more) ...","impact":"312 confirmed verdic (26 more) ...","change":"Tighten Pursue thres (4 more) ..."},{"title":"Household-match sign (52 more) ...","impact":"89 verdicts confirme (1 more) ...","change":"Increase weighting + (4 more) ..."},{"title":"New pattern: VINs >  (58 more) ...","impact":"Convert at 6.8% vs 1 (35 more) ...","change":"Recommend Nurture de (5 more) ..."}]|0x58fe551
12:52:26.0 (5521828)|STATEMENT_EXECUTE|[45]
12:52:26.0 (5529089)|HEAP_ALLOCATE|[45]|Bytes:4
12:52:26.0 (5537280)|HEAP_ALLOCATE|[46]|Bytes:10
12:52:26.0 (5543160)|HEAP_ALLOCATE|[46]|Bytes:10
12:52:26.0 (5574202)|HEAP_ALLOCATE|[47]|Bytes:8
12:52:26.0 (5580542)|HEAP_ALLOCATE|[47]|Bytes:10
12:52:26.0 (5596283)|HEAP_ALLOCATE|[48]|Bytes:12
12:52:26.0 (5612614)|HEAP_ALLOCATE|[45]|Bytes:4
12:52:26.0 (5672596)|HEAP_ALLOCATE|[49]|Bytes:9
12:52:26.0 (5691608)|HEAP_ALLOCATE|[50]|Bytes:12
12:52:26.0 (5697648)|HEAP_ALLOCATE|[50]|Bytes:4
12:52:26.0 (5713649)|HEAP_ALLOCATE|[51]|Bytes:12
12:52:26.0 (5719259)|HEAP_ALLOCATE|[51]|Bytes:4
12:52:26.0 (5734399)|HEAP_ALLOCATE|[52]|Bytes:13
12:52:26.0 (5740200)|HEAP_ALLOCATE|[52]|Bytes:68
12:52:26.0 (5755951)|VARIABLE_SCOPE_BEGIN|[45]|tuneProposal|Map<String,ANY>|true|false
12:52:26.0 (5773952)|VARIABLE_ASSIGNMENT|[45]|tuneProposal|"Map of size 7 too large to display"|0x658bde66
12:52:26.0 (5781133)|STATEMENT_EXECUTE|[55]
12:52:26.0 (5785802)|HEAP_ALLOCATE|[55]|Bytes:11
12:52:26.0 (5832805)|HEAP_ALLOCATE|[EXTERNAL]|Bytes:-4
12:52:26.0 (5843186)|STATEMENT_EXECUTE|[56]
12:52:26.0 (5847565)|HEAP_ALLOCATE|[56]|Bytes:12
12:52:26.0 (5872338)|HEAP_ALLOCATE|[EXTERNAL]|Bytes:-4
12:52:26.0 (5882198)|STATEMENT_EXECUTE|[57]
12:52:26.0 (5886888)|HEAP_ALLOCATE|[57]|Bytes:7
12:52:26.0 (5919870)|HEAP_ALLOCATE|[57]|Bytes:5
12:52:26.0 (5926701)|HEAP_ALLOCATE|[EXTERNAL]|Bytes:-4
12:52:26.0 (5936241)|STATEMENT_EXECUTE|[59]
12:52:26.6 (6060598)|CUMULATIVE_LIMIT_USAGE
12:52:26.6 (6060598)|LIMIT_USAGE_FOR_NS|(default)|
  Number of SOQL queries: 0 out of 100
  Number of query rows: 0 out of 50000
  Number of SOSL queries: 0 out of 20
  Number of DML statements: 0 out of 150
  Number of Publish Immediate DML: 0 out of 150
  Number of DML rows: 0 out of 10000
  Maximum CPU time: 0 out of 10000
  Maximum heap size: 0 out of 6000000
  Number of callouts: 0 out of 100
  Number of Email Invocations: 0 out of 10
  Number of future calls: 0 out of 50
  Number of queueable jobs added to the queue: 0 out of 50
  Number of Mobile Apex push calls: 0 out of 10

12:52:26.6 (6060598)|CUMULATIVE_LIMIT_USAGE_END

12:52:26.0 (6221247)|CODE_UNIT_FINISHED|ObserveTuneController.getTuneData()
12:52:26.0 (6770006)|CODE_UNIT_FINISHED|apex://ObserveTuneController/ACTION$getTuneData
12:52:26.0 (6784557)|EXECUTION_FINISHED
