66.0 APEX_CODE,FINEST;APEX_PROFILING,INFO;CALLOUT,INFO;DATA_ACCESS,INFO;DB,INFO;NBA,INFO;SYSTEM,DEBUG;VALIDATION,INFO;VISUALFORCE,INFO;WAVE,INFO;WORKFLOW,INFO
11:02:47.1 (1247057)|USER_INFO|[EXTERNAL]|005dM00000bGQNp|pmandy.f7098e8d67c2@agentforce.com|(GMT-07:00) Pacific Daylight Time (America/Los_Angeles)|GMT-07:00
11:02:47.1 (1392792)|EXECUTION_STARTED
11:02:47.1 (1418912)|CODE_UNIT_STARTED|[EXTERNAL]|apex://ObserveTuneController/ACTION$approveTuneAndPromote
11:02:47.1 (3156724)|CODE_UNIT_STARTED|[EXTERNAL]|01pdM00000WohAb|ObserveTuneController.approveTuneAndPromote()
11:02:47.1 (5479124)|HEAP_ALLOCATE|[95]|Bytes:3
11:02:47.1 (5617298)|HEAP_ALLOCATE|[100]|Bytes:152
11:02:47.1 (5641829)|HEAP_ALLOCATE|[417]|Bytes:408
11:02:47.1 (5660619)|HEAP_ALLOCATE|[430]|Bytes:408
11:02:47.1 (5731021)|HEAP_ALLOCATE|[317]|Bytes:6
11:02:47.1 (5751712)|HEAP_ALLOCATE|[EXTERNAL]|Bytes:8
11:02:47.1 (5757342)|HEAP_ALLOCATE|[EXTERNAL]|Bytes:22
11:02:47.1 (5787523)|METHOD_ENTRY|[1]|01pdM00000WohAb|ObserveTuneController.ObserveTuneController()
11:02:47.1 (5795513)|STATEMENT_EXECUTE|[1]
11:02:47.1 (5801923)|STATEMENT_EXECUTE|[1]
11:02:47.1 (5825954)|HEAP_ALLOCATE|[68]|Bytes:5
11:02:47.1 (5858715)|HEAP_ALLOCATE|[74]|Bytes:5
11:02:47.1 (5869815)|HEAP_ALLOCATE|[82]|Bytes:7
11:02:47.1 (6354190)|HEAP_ALLOCATE|[EXTERNAL]|Bytes:5
11:02:47.1 (6376841)|METHOD_EXIT|[1]|ObserveTuneController
11:02:47.1 (6397071)|HEAP_ALLOCATE|[67]|Bytes:5
11:02:47.1 (6403081)|STATEMENT_EXECUTE|[66]
11:02:47.1 (6405361)|STATEMENT_EXECUTE|[67]
11:02:47.1 (6407242)|STATEMENT_EXECUTE|[67]
11:02:47.1 (6409212)|STATEMENT_EXECUTE|[68]
11:02:47.1 (6412842)|HEAP_ALLOCATE|[68]|Bytes:41
11:02:47.1 (6517495)|USER_DEBUG|[68]|DEBUG|===== APPROVE TUNE & PROMOTE v2.8.0 =====
11:02:47.1 (6530085)|STATEMENT_EXECUTE|[71]
11:02:47.1 (6574827)|VARIABLE_SCOPE_BEGIN|[71]|req|System.HttpRequest|true|false
11:02:47.1 (7068611)|VARIABLE_ASSIGNMENT|[71]|req|"System.HttpRequest[Endpoint=null, Method=null]"|0x6ebecac4
11:02:47.1 (7085062)|STATEMENT_EXECUTE|[72]
11:02:47.1 (7094222)|HEAP_ALLOCATE|[72]|Bytes:42
11:02:47.1 (7247447)|STATEMENT_EXECUTE|[73]
11:02:47.1 (7254217)|HEAP_ALLOCATE|[73]|Bytes:4
11:02:47.1 (7311669)|STATEMENT_EXECUTE|[74]
11:02:47.1 (7317129)|HEAP_ALLOCATE|[74]|Bytes:12
11:02:47.1 (7326409)|HEAP_ALLOCATE|[74]|Bytes:16
11:02:47.1 (7374850)|STATEMENT_EXECUTE|[75]
11:02:47.1 (7403901)|HEAP_ALLOCATE|[75]|Bytes:4
11:02:47.1 (7451403)|HEAP_ALLOCATE|[76]|Bytes:12
11:02:47.1 (7461303)|HEAP_ALLOCATE|[76]|Bytes:6
11:02:47.1 (7549916)|HEAP_ALLOCATE|[77]|Bytes:6
11:02:47.1 (7561216)|HEAP_ALLOCATE|[77]|Bytes:45
11:02:47.1 (7682220)|HEAP_ALLOCATE|[75]|Bytes:24
11:02:47.1 (7716041)|SYSTEM_METHOD_ENTRY|[1]|JSON.JSON()
11:02:47.1 (7726921)|STATEMENT_EXECUTE|[1]
11:02:47.1 (7744472)|SYSTEM_METHOD_EXIT|[1]|JSON
11:02:47.1 (7801853)|METHOD_ENTRY|[75]||System.JSON.serialize(Object)
11:02:47.1 (11403281)|METHOD_EXIT|[75]||System.JSON.serialize(Object)
11:02:47.1 (11511784)|STATEMENT_EXECUTE|[80]
11:02:47.1 (11553876)|VARIABLE_SCOPE_BEGIN|[80]|http|System.Http|true|false
11:02:47.1 (11945767)|VARIABLE_ASSIGNMENT|[80]|http|"System.Http[]"|0x4120a1b0
11:02:47.1 (11954198)|STATEMENT_EXECUTE|[81]
11:02:47.1 (12121173)|CALLOUT_REQUEST|[81]|System.HttpRequest[Endpoint=http://146.190.153.46:9000/update-champion, Method=POST]
11:02:47.1 (610213387)|HEAP_ALLOCATE|[EXTERNAL]|Bytes:292
11:02:47.1 (612409763)|CALLOUT_RESPONSE|[81]|System.HttpResponse[Status=OK, StatusCode=200]
11:02:47.1 (612458955)|HEAP_ALLOCATE|[81]|Bytes:61
11:02:47.1 (612506856)|VARIABLE_SCOPE_BEGIN|[81]|res|System.HttpResponse|true|false
11:02:47.1 (612620130)|VARIABLE_ASSIGNMENT|[81]|res|"System.HttpResponse[Status=OK, StatusCode=200]"|0x66d227cf
11:02:47.1 (612632230)|STATEMENT_EXECUTE|[83]
11:02:47.1 (612641350)|HEAP_ALLOCATE|[83]|Bytes:23
11:02:47.1 (612782624)|HEAP_ALLOCATE|[83]|Bytes:3
11:02:47.1 (612858897)|HEAP_ALLOCATE|[83]|Bytes:26
11:02:47.1 (612891168)|USER_DEBUG|[83]|DEBUG|LUMEN Response Status: 200
11:02:47.1 (612910478)|STATEMENT_EXECUTE|[84]
11:02:47.1 (612916658)|HEAP_ALLOCATE|[84]|Bytes:21
11:02:47.1 (612982770)|HEAP_ALLOCATE|[84]|Bytes:55
11:02:47.1 (613003861)|HEAP_ALLOCATE|[84]|Bytes:76
11:02:47.1 (613027132)|USER_DEBUG|[84]|DEBUG|LUMEN Response Body: {"success":false,"error":"champion_model not provided"}
11:02:47.1 (613083033)|STATEMENT_EXECUTE|[86]
11:02:47.1 (613086984)|STATEMENT_EXECUTE|[87]
11:02:47.1 (613091884)|HEAP_ALLOCATE|[87]|Bytes:39
11:02:47.1 (613133865)|USER_DEBUG|[87]|DEBUG|===== v2.8.0 PROMOTED TO CHAMPION =====
11:02:47.1 (613147485)|STATEMENT_EXECUTE|[90]
11:02:47.1 (634092172)|HEAP_ALLOCATE|[90]|Bytes:44
11:02:47.1 (634149244)|VARIABLE_SCOPE_BEGIN|[90]|config|Loom_Config__c|true|false
11:02:47.1 (634436673)|VARIABLE_ASSIGNMENT|[90]|config|{"LastModifiedDate":"2026-05-26T16:39:24.000Z","IsDeleted":false,"CreatedById":"005dM00000bGQNpQAO","CreatedDate":"2026-05-26T14:15:32.000Z","Id":"a0OdM00000QHtsLUAT","LastModifiedById":"005dM00000bGQNpQAO","SetupOwnerId":"00DdM00000wFcrbUAC","Champion_Model_Version__c":"v2.7.0","Name":"a0OdM00000QHtsL","SystemModstamp":"2026-05-26T16:39:24.000Z"}|0x6292d0c
11:02:47.1 (634454823)|STATEMENT_EXECUTE|[91]
11:02:47.1 (634720251)|VARIABLE_ASSIGNMENT|[91]|this.Champion_Model_Version__c|"v2.8.0"|0x6292d0c
11:02:47.1 (634731571)|STATEMENT_EXECUTE|[92]
11:02:47.1 (634857605)|HEAP_ALLOCATE|[92]|Bytes:8
11:02:47.1 (634893176)|DML_BEGIN|[92]|Op:Upsert|Type:Loom_Config__c|Rows:1
11:02:47.1 (634950978)|HEAP_ALLOCATE|[EXTERNAL]|Bytes:8
11:02:47.1 (675644477)|DML_END|[92]
11:02:47.1 (676000887)|STATEMENT_EXECUTE|[93]
11:02:47.1 (676013268)|HEAP_ALLOCATE|[93]|Bytes:58
11:02:47.1 (676087060)|USER_DEBUG|[93]|DEBUG|Custom setting updated: Champion_Model_Version__c = v2.8.0
11:02:47.1 (676099370)|STATEMENT_EXECUTE|[95]
11:02:47.1 (676121351)|HEAP_ALLOCATE|[95]|Bytes:4
11:02:47.1 (676134021)|HEAP_ALLOCATE|[96]|Bytes:7
11:02:47.1 (676195933)|HEAP_ALLOCATE|[95]|Bytes:5
11:02:47.1 (676210883)|HEAP_ALLOCATE|[97]|Bytes:7
11:02:47.1 (676215924)|HEAP_ALLOCATE|[97]|Bytes:27
11:02:47.1 (676228954)|HEAP_ALLOCATE|[98]|Bytes:8
11:02:47.1 (676241884)|HEAP_ALLOCATE|[99]|Bytes:13
11:02:47.1 (676246655)|HEAP_ALLOCATE|[99]|Bytes:6
11:02:47.700 (700604124)|CUMULATIVE_LIMIT_USAGE
11:02:47.700 (700604124)|LIMIT_USAGE_FOR_NS|(default)|
  Number of SOQL queries: 0 out of 100
  Number of query rows: 0 out of 50000
  Number of SOSL queries: 0 out of 20
  Number of DML statements: 1 out of 150
  Number of Publish Immediate DML: 0 out of 150
  Number of DML rows: 1 out of 10000
  Maximum CPU time: 0 out of 10000
  Maximum heap size: 0 out of 6000000
  Number of callouts: 1 out of 100
  Number of Email Invocations: 0 out of 10
  Number of future calls: 0 out of 50
  Number of queueable jobs added to the queue: 0 out of 50
  Number of Mobile Apex push calls: 0 out of 10

11:02:47.700 (700604124)|CUMULATIVE_LIMIT_USAGE_END

11:02:47.1 (700734817)|CODE_UNIT_FINISHED|ObserveTuneController.approveTuneAndPromote()
11:02:47.1 (701050027)|CODE_UNIT_FINISHED|apex://ObserveTuneController/ACTION$approveTuneAndPromote
11:02:47.1 (701063077)|EXECUTION_FINISHED
