66.0 APEX_CODE,FINEST;APEX_PROFILING,INFO;CALLOUT,INFO;DATA_ACCESS,INFO;DB,INFO;NBA,INFO;SYSTEM,DEBUG;VALIDATION,INFO;VISUALFORCE,INFO;WAVE,INFO;WORKFLOW,INFO
13:27:28.1 (1096229)|USER_INFO|[EXTERNAL]|005dM00000bGQNp|pmandy.f7098e8d67c2@agentforce.com|(GMT-07:00) Pacific Daylight Time (America/Los_Angeles)|GMT-07:00
13:27:28.1 (1173260)|EXECUTION_STARTED
13:27:28.1 (1203291)|CODE_UNIT_STARTED|[EXTERNAL]|apex://ObserveTuneController/ACTION$approveTuneAndPromote
13:27:28.1 (2219590)|CODE_UNIT_STARTED|[EXTERNAL]|01pdM00000WohAb|ObserveTuneController.approveTuneAndPromote()
13:27:28.1 (5537459)|HEAP_ALLOCATE|[95]|Bytes:3
13:27:28.1 (5681281)|HEAP_ALLOCATE|[100]|Bytes:152
13:27:28.1 (5712302)|HEAP_ALLOCATE|[417]|Bytes:408
13:27:28.1 (5729132)|HEAP_ALLOCATE|[430]|Bytes:408
13:27:28.1 (5764873)|HEAP_ALLOCATE|[317]|Bytes:6
13:27:28.1 (5782723)|HEAP_ALLOCATE|[EXTERNAL]|Bytes:8
13:27:28.1 (5787493)|HEAP_ALLOCATE|[EXTERNAL]|Bytes:22
13:27:28.1 (5826984)|METHOD_ENTRY|[1]|01pdM00000WohAb|ObserveTuneController.ObserveTuneController()
13:27:28.1 (5847854)|STATEMENT_EXECUTE|[1]
13:27:28.1 (5864024)|STATEMENT_EXECUTE|[1]
13:27:28.1 (5888005)|HEAP_ALLOCATE|[68]|Bytes:5
13:27:28.1 (5931206)|HEAP_ALLOCATE|[74]|Bytes:5
13:27:28.1 (5941946)|HEAP_ALLOCATE|[82]|Bytes:7
13:27:28.1 (6392364)|HEAP_ALLOCATE|[EXTERNAL]|Bytes:5
13:27:28.1 (6424884)|METHOD_EXIT|[1]|ObserveTuneController
13:27:28.1 (6443165)|HEAP_ALLOCATE|[67]|Bytes:5
13:27:28.1 (6448776)|STATEMENT_EXECUTE|[66]
13:27:28.1 (6451235)|STATEMENT_EXECUTE|[67]
13:27:28.1 (6453216)|STATEMENT_EXECUTE|[67]
13:27:28.1 (6455265)|STATEMENT_EXECUTE|[68]
13:27:28.1 (6462745)|HEAP_ALLOCATE|[68]|Bytes:41
13:27:28.1 (6567047)|USER_DEBUG|[68]|DEBUG|===== APPROVE TUNE & PROMOTE v2.8.0 =====
13:27:28.1 (6582847)|STATEMENT_EXECUTE|[71]
13:27:28.1 (6647099)|VARIABLE_SCOPE_BEGIN|[71]|req|System.HttpRequest|true|false
13:27:28.1 (7001054)|VARIABLE_ASSIGNMENT|[71]|req|"System.HttpRequest[Endpoint=null, Method=null]"|0xf40a3de
13:27:28.1 (7009164)|STATEMENT_EXECUTE|[72]
13:27:28.1 (7014404)|HEAP_ALLOCATE|[72]|Bytes:42
13:27:28.1 (7166198)|STATEMENT_EXECUTE|[73]
13:27:28.1 (7169798)|HEAP_ALLOCATE|[73]|Bytes:4
13:27:28.1 (7201208)|STATEMENT_EXECUTE|[74]
13:27:28.1 (7205138)|HEAP_ALLOCATE|[74]|Bytes:12
13:27:28.1 (7210159)|HEAP_ALLOCATE|[74]|Bytes:16
13:27:28.1 (7243728)|STATEMENT_EXECUTE|[75]
13:27:28.1 (7260200)|HEAP_ALLOCATE|[75]|Bytes:4
13:27:28.1 (7277969)|HEAP_ALLOCATE|[76]|Bytes:12
13:27:28.1 (7282400)|HEAP_ALLOCATE|[76]|Bytes:6
13:27:28.1 (7349711)|HEAP_ALLOCATE|[77]|Bytes:6
13:27:28.1 (7355401)|HEAP_ALLOCATE|[77]|Bytes:45
13:27:28.1 (7406772)|HEAP_ALLOCATE|[75]|Bytes:24
13:27:28.1 (7424523)|SYSTEM_METHOD_ENTRY|[1]|JSON.JSON()
13:27:28.1 (7430003)|STATEMENT_EXECUTE|[1]
13:27:28.1 (7445713)|SYSTEM_METHOD_EXIT|[1]|JSON
13:27:28.1 (7475773)|METHOD_ENTRY|[75]||System.JSON.serialize(Object)
13:27:28.1 (11737799)|METHOD_EXIT|[75]||System.JSON.serialize(Object)
13:27:28.1 (11858201)|STATEMENT_EXECUTE|[80]
13:27:28.1 (11886202)|VARIABLE_SCOPE_BEGIN|[80]|http|System.Http|true|false
13:27:28.1 (12034454)|VARIABLE_ASSIGNMENT|[80]|http|"System.Http[]"|0x4d39314a
13:27:28.1 (12044134)|STATEMENT_EXECUTE|[81]
13:27:28.1 (12290379)|CALLOUT_REQUEST|[81]|System.HttpRequest[Endpoint=http://146.190.153.46:9000/update-champion, Method=POST]
13:27:28.1 (611533171)|HEAP_ALLOCATE|[EXTERNAL]|Bytes:292
13:27:28.1 (614786820)|CALLOUT_RESPONSE|[81]|System.HttpResponse[Status=OK, StatusCode=200]
13:27:28.1 (614831150)|HEAP_ALLOCATE|[81]|Bytes:61
13:27:28.1 (614865892)|VARIABLE_SCOPE_BEGIN|[81]|res|System.HttpResponse|true|false
13:27:28.1 (614960893)|VARIABLE_ASSIGNMENT|[81]|res|"System.HttpResponse[Status=OK, StatusCode=200]"|0x1cb9b4a3
13:27:28.1 (614968743)|STATEMENT_EXECUTE|[83]
13:27:28.1 (614976143)|HEAP_ALLOCATE|[83]|Bytes:23
13:27:28.1 (615095355)|HEAP_ALLOCATE|[83]|Bytes:3
13:27:28.1 (615117336)|HEAP_ALLOCATE|[83]|Bytes:26
13:27:28.1 (615139626)|USER_DEBUG|[83]|DEBUG|LUMEN Response Status: 200
13:27:28.1 (615157217)|STATEMENT_EXECUTE|[84]
13:27:28.1 (615160697)|HEAP_ALLOCATE|[84]|Bytes:21
13:27:28.1 (615201217)|HEAP_ALLOCATE|[84]|Bytes:55
13:27:28.1 (615212458)|HEAP_ALLOCATE|[84]|Bytes:76
13:27:28.1 (615222748)|USER_DEBUG|[84]|DEBUG|LUMEN Response Body: {"success":false,"error":"champion_model not provided"}
13:27:28.1 (615250948)|STATEMENT_EXECUTE|[86]
13:27:28.1 (615253498)|STATEMENT_EXECUTE|[87]
13:27:28.1 (615257348)|HEAP_ALLOCATE|[87]|Bytes:39
13:27:28.1 (615279829)|USER_DEBUG|[87]|DEBUG|===== v2.8.0 PROMOTED TO CHAMPION =====
13:27:28.1 (615287869)|STATEMENT_EXECUTE|[90]
13:27:28.1 (692809973)|HEAP_ALLOCATE|[90]|Bytes:44
13:27:28.1 (692857704)|VARIABLE_SCOPE_BEGIN|[90]|config|Loom_Config__c|true|false
13:27:28.1 (693243151)|VARIABLE_ASSIGNMENT|[90]|config|{"LastModifiedDate":"2026-05-26T20:26:39.000Z","IsDeleted":false,"CreatedById":"005dM00000bGQNpQAO","CreatedDate":"2026-05-26T14:15:32.000Z","Id":"a0OdM00000QHtsLUAT","LastModifiedById":"005dM00000bGQNpQAO","SetupOwnerId":"00DdM00000wFcrbUAC","Champion_Model_Version__c":"v2.8.0","Name":"a0OdM00000QHtsL","SystemModstamp":"2026-05-26T20:26:39.000Z"}|0x10deeeaa
13:27:28.1 (693257701)|STATEMENT_EXECUTE|[91]
13:27:28.1 (693689250)|VARIABLE_ASSIGNMENT|[91]|this.Champion_Model_Version__c|"v2.8.0"|0x10deeeaa
13:27:28.1 (693699429)|STATEMENT_EXECUTE|[92]
13:27:28.1 (693877943)|HEAP_ALLOCATE|[92]|Bytes:8
13:27:28.1 (693999295)|DML_BEGIN|[92]|Op:Upsert|Type:Loom_Config__c|Rows:1
13:27:28.1 (694093347)|HEAP_ALLOCATE|[EXTERNAL]|Bytes:8
13:27:28.1 (766461819)|DML_END|[92]
13:27:28.1 (767418476)|STATEMENT_EXECUTE|[93]
13:27:28.1 (767433976)|HEAP_ALLOCATE|[93]|Bytes:58
13:27:28.1 (767535398)|USER_DEBUG|[93]|DEBUG|Custom setting updated: Champion_Model_Version__c = v2.8.0
13:27:28.1 (767553588)|STATEMENT_EXECUTE|[95]
13:27:28.1 (767583529)|HEAP_ALLOCATE|[95]|Bytes:4
13:27:28.1 (767600069)|HEAP_ALLOCATE|[96]|Bytes:7
13:27:28.1 (767693880)|HEAP_ALLOCATE|[95]|Bytes:5
13:27:28.1 (767716981)|HEAP_ALLOCATE|[97]|Bytes:7
13:27:28.1 (767724711)|HEAP_ALLOCATE|[97]|Bytes:27
13:27:28.1 (767746201)|HEAP_ALLOCATE|[98]|Bytes:8
13:27:28.1 (767766262)|HEAP_ALLOCATE|[99]|Bytes:13
13:27:28.1 (767772642)|HEAP_ALLOCATE|[99]|Bytes:6
13:27:28.827 (827682682)|CUMULATIVE_LIMIT_USAGE
13:27:28.827 (827682682)|LIMIT_USAGE_FOR_NS|(default)|
  Number of SOQL queries: 0 out of 100
  Number of query rows: 0 out of 50000
  Number of SOSL queries: 0 out of 20
  Number of DML statements: 1 out of 150
  Number of Publish Immediate DML: 0 out of 150
  Number of DML rows: 1 out of 10000
  Maximum CPU time: 0 out of 10000
  Maximum heap size: 0 out of 6000000
  Number of callouts: 1 out of 100
  Number of Email Invocations: 0 out of 10
  Number of future calls: 0 out of 50
  Number of queueable jobs added to the queue: 0 out of 50
  Number of Mobile Apex push calls: 0 out of 10

13:27:28.827 (827682682)|CUMULATIVE_LIMIT_USAGE_END

13:27:28.1 (827760634)|CODE_UNIT_FINISHED|ObserveTuneController.approveTuneAndPromote()
13:27:28.1 (828059789)|CODE_UNIT_FINISHED|apex://ObserveTuneController/ACTION$approveTuneAndPromote
13:27:28.1 (828077199)|EXECUTION_FINISHED
