66.0 APEX_CODE,FINEST;APEX_PROFILING,INFO;CALLOUT,INFO;DATA_ACCESS,INFO;DB,INFO;NBA,INFO;SYSTEM,DEBUG;VALIDATION,INFO;VISUALFORCE,INFO;WAVE,INFO;WORKFLOW,INFO
13:12:05.1 (1180802)|USER_INFO|[EXTERNAL]|005dM00000bGQNp|pmandy.f7098e8d67c2@agentforce.com|(GMT-07:00) Pacific Daylight Time (America/Los_Angeles)|GMT-07:00
13:12:05.1 (1260456)|EXECUTION_STARTED
13:12:05.1 (1302189)|CODE_UNIT_STARTED|[EXTERNAL]|apex://ObserveTuneController/ACTION$approveTuneAndPromote
13:12:05.1 (2546035)|CODE_UNIT_STARTED|[EXTERNAL]|01pdM00000WohAb|ObserveTuneController.approveTuneAndPromote()
13:12:05.1 (5356206)|HEAP_ALLOCATE|[95]|Bytes:3
13:12:05.1 (5509744)|HEAP_ALLOCATE|[100]|Bytes:152
13:12:05.1 (5527015)|HEAP_ALLOCATE|[417]|Bytes:408
13:12:05.1 (5548466)|HEAP_ALLOCATE|[430]|Bytes:408
13:12:05.1 (5578727)|HEAP_ALLOCATE|[317]|Bytes:6
13:12:05.1 (5635530)|HEAP_ALLOCATE|[EXTERNAL]|Bytes:8
13:12:05.1 (5644001)|HEAP_ALLOCATE|[EXTERNAL]|Bytes:22
13:12:05.1 (5680243)|METHOD_ENTRY|[1]|01pdM00000WohAb|ObserveTuneController.ObserveTuneController()
13:12:05.1 (5702973)|STATEMENT_EXECUTE|[1]
13:12:05.1 (5714245)|STATEMENT_EXECUTE|[1]
13:12:05.1 (5740575)|HEAP_ALLOCATE|[68]|Bytes:5
13:12:05.1 (5787109)|HEAP_ALLOCATE|[74]|Bytes:5
13:12:05.1 (5795929)|HEAP_ALLOCATE|[82]|Bytes:7
13:12:05.1 (6244603)|HEAP_ALLOCATE|[EXTERNAL]|Bytes:5
13:12:05.1 (6273254)|METHOD_EXIT|[1]|ObserveTuneController
13:12:05.1 (6293175)|HEAP_ALLOCATE|[67]|Bytes:5
13:12:05.1 (6299026)|STATEMENT_EXECUTE|[66]
13:12:05.1 (6301996)|STATEMENT_EXECUTE|[67]
13:12:05.1 (6304036)|STATEMENT_EXECUTE|[67]
13:12:05.1 (6306196)|STATEMENT_EXECUTE|[68]
13:12:05.1 (6309116)|HEAP_ALLOCATE|[68]|Bytes:41
13:12:05.1 (6383780)|USER_DEBUG|[68]|DEBUG|===== APPROVE TUNE & PROMOTE v2.8.0 =====
13:12:05.1 (6400121)|STATEMENT_EXECUTE|[71]
13:12:05.1 (6447544)|VARIABLE_SCOPE_BEGIN|[71]|req|System.HttpRequest|true|false
13:12:05.1 (6843754)|VARIABLE_ASSIGNMENT|[71]|req|"System.HttpRequest[Endpoint=null, Method=null]"|0x28842cc6
13:12:05.1 (6853145)|STATEMENT_EXECUTE|[72]
13:12:05.1 (6857995)|HEAP_ALLOCATE|[72]|Bytes:42
13:12:05.1 (6946851)|STATEMENT_EXECUTE|[73]
13:12:05.1 (6949960)|HEAP_ALLOCATE|[73]|Bytes:4
13:12:05.1 (6973582)|STATEMENT_EXECUTE|[74]
13:12:05.1 (6976561)|HEAP_ALLOCATE|[74]|Bytes:12
13:12:05.1 (6981423)|HEAP_ALLOCATE|[74]|Bytes:16
13:12:05.1 (7010694)|STATEMENT_EXECUTE|[75]
13:12:05.1 (7031124)|HEAP_ALLOCATE|[75]|Bytes:4
13:12:05.1 (7046146)|HEAP_ALLOCATE|[76]|Bytes:12
13:12:05.1 (7050586)|HEAP_ALLOCATE|[76]|Bytes:6
13:12:05.1 (7121390)|HEAP_ALLOCATE|[77]|Bytes:6
13:12:05.1 (7126689)|HEAP_ALLOCATE|[77]|Bytes:45
13:12:05.1 (7164971)|HEAP_ALLOCATE|[75]|Bytes:24
13:12:05.1 (7174572)|SYSTEM_METHOD_ENTRY|[1]|JSON.JSON()
13:12:05.1 (7178532)|STATEMENT_EXECUTE|[1]
13:12:05.1 (7189224)|SYSTEM_METHOD_EXIT|[1]|JSON
13:12:05.1 (7206614)|METHOD_ENTRY|[75]||System.JSON.serialize(Object)
13:12:05.1 (11046539)|METHOD_EXIT|[75]||System.JSON.serialize(Object)
13:12:05.1 (11172646)|STATEMENT_EXECUTE|[80]
13:12:05.1 (11205898)|VARIABLE_SCOPE_BEGIN|[80]|http|System.Http|true|false
13:12:05.1 (11428540)|VARIABLE_ASSIGNMENT|[80]|http|"System.Http[]"|0x63e30834
13:12:05.1 (11437370)|STATEMENT_EXECUTE|[81]
13:12:05.1 (11636971)|CALLOUT_REQUEST|[81]|System.HttpRequest[Endpoint=http://146.190.153.46:9000/update-champion, Method=POST]
13:12:05.1 (622641772)|HEAP_ALLOCATE|[EXTERNAL]|Bytes:292
13:12:05.1 (627345274)|CALLOUT_RESPONSE|[81]|System.HttpResponse[Status=OK, StatusCode=200]
13:12:05.1 (627381286)|HEAP_ALLOCATE|[81]|Bytes:61
13:12:05.1 (627418978)|VARIABLE_SCOPE_BEGIN|[81]|res|System.HttpResponse|true|false
13:12:05.1 (627500502)|VARIABLE_ASSIGNMENT|[81]|res|"System.HttpResponse[Status=OK, StatusCode=200]"|0x4e9cee22
13:12:05.1 (627508232)|STATEMENT_EXECUTE|[83]
13:12:05.1 (627513653)|HEAP_ALLOCATE|[83]|Bytes:23
13:12:05.1 (627633259)|HEAP_ALLOCATE|[83]|Bytes:3
13:12:05.1 (627657450)|HEAP_ALLOCATE|[83]|Bytes:26
13:12:05.1 (627680661)|USER_DEBUG|[83]|DEBUG|LUMEN Response Status: 200
13:12:05.1 (627690522)|STATEMENT_EXECUTE|[84]
13:12:05.1 (627693592)|HEAP_ALLOCATE|[84]|Bytes:21
13:12:05.1 (627733214)|HEAP_ALLOCATE|[84]|Bytes:55
13:12:05.1 (627748215)|HEAP_ALLOCATE|[84]|Bytes:76
13:12:05.1 (627760626)|USER_DEBUG|[84]|DEBUG|LUMEN Response Body: {"success":false,"error":"champion_model not provided"}
13:12:05.1 (627786787)|STATEMENT_EXECUTE|[86]
13:12:05.1 (627789267)|STATEMENT_EXECUTE|[87]
13:12:05.1 (627791977)|HEAP_ALLOCATE|[87]|Bytes:39
13:12:05.1 (627814189)|USER_DEBUG|[87]|DEBUG|===== v2.8.0 PROMOTED TO CHAMPION =====
13:12:05.1 (627823129)|STATEMENT_EXECUTE|[90]
13:12:05.1 (656310991)|HEAP_ALLOCATE|[90]|Bytes:44
13:12:05.1 (656366185)|VARIABLE_SCOPE_BEGIN|[90]|config|Loom_Config__c|true|false
13:12:05.1 (656656621)|VARIABLE_ASSIGNMENT|[90]|config|{"LastModifiedDate":"2026-05-26T20:10:37.000Z","IsDeleted":false,"CreatedById":"005dM00000bGQNpQAO","CreatedDate":"2026-05-26T14:15:32.000Z","Id":"a0OdM00000QHtsLUAT","LastModifiedById":"005dM00000bGQNpQAO","SetupOwnerId":"00DdM00000wFcrbUAC","Champion_Model_Version__c":"v2.8.0","Name":"a0OdM00000QHtsL","SystemModstamp":"2026-05-26T20:10:37.000Z"}|0x732f3314
13:12:05.1 (656670301)|STATEMENT_EXECUTE|[91]
13:12:05.1 (656861321)|VARIABLE_ASSIGNMENT|[91]|this.Champion_Model_Version__c|"v2.8.0"|0x732f3314
13:12:05.1 (656869922)|STATEMENT_EXECUTE|[92]
13:12:05.1 (656966587)|HEAP_ALLOCATE|[92]|Bytes:8
13:12:05.1 (656993548)|DML_BEGIN|[92]|Op:Upsert|Type:Loom_Config__c|Rows:1
13:12:05.1 (657035521)|HEAP_ALLOCATE|[EXTERNAL]|Bytes:8
13:12:05.1 (715827443)|DML_END|[92]
13:12:05.1 (716706280)|STATEMENT_EXECUTE|[93]
13:12:05.1 (716717441)|HEAP_ALLOCATE|[93]|Bytes:58
13:12:05.1 (716785104)|USER_DEBUG|[93]|DEBUG|Custom setting updated: Champion_Model_Version__c = v2.8.0
13:12:05.1 (716798516)|STATEMENT_EXECUTE|[95]
13:12:05.1 (716820517)|HEAP_ALLOCATE|[95]|Bytes:4
13:12:05.1 (716831147)|HEAP_ALLOCATE|[96]|Bytes:7
13:12:05.1 (716907411)|HEAP_ALLOCATE|[95]|Bytes:5
13:12:05.1 (716923411)|HEAP_ALLOCATE|[97]|Bytes:7
13:12:05.1 (716928163)|HEAP_ALLOCATE|[97]|Bytes:27
13:12:05.1 (716969024)|HEAP_ALLOCATE|[98]|Bytes:8
13:12:05.1 (716985315)|HEAP_ALLOCATE|[99]|Bytes:13
13:12:05.1 (716989875)|HEAP_ALLOCATE|[99]|Bytes:6
13:12:05.743 (743609058)|CUMULATIVE_LIMIT_USAGE
13:12:05.743 (743609058)|LIMIT_USAGE_FOR_NS|(default)|
  Number of SOQL queries: 0 out of 100
  Number of query rows: 0 out of 50000
  Number of SOSL queries: 0 out of 20
  Number of DML statements: 1 out of 150
  Number of Publish Immediate DML: 0 out of 150
  Number of DML rows: 1 out of 10000
  Maximum CPU time: 0 out of 10000
  Maximum heap size: 0 out of 6000000
  Number of callouts: 1 out of 100
  Number of Email Invocations: 0 out of 10
  Number of future calls: 0 out of 50
  Number of queueable jobs added to the queue: 0 out of 50
  Number of Mobile Apex push calls: 0 out of 10

13:12:05.743 (743609058)|CUMULATIVE_LIMIT_USAGE_END

13:12:05.1 (743704503)|CODE_UNIT_FINISHED|ObserveTuneController.approveTuneAndPromote()
13:12:05.1 (744109285)|CODE_UNIT_FINISHED|apex://ObserveTuneController/ACTION$approveTuneAndPromote
13:12:05.1 (744126346)|EXECUTION_FINISHED
