66.0 APEX_CODE,FINEST;APEX_PROFILING,INFO;CALLOUT,INFO;DATA_ACCESS,INFO;DB,INFO;NBA,INFO;SYSTEM,DEBUG;VALIDATION,INFO;VISUALFORCE,INFO;WAVE,INFO;WORKFLOW,INFO
11:10:39.1 (1255749)|USER_INFO|[EXTERNAL]|005dM00000bGQNp|pmandy.f7098e8d67c2@agentforce.com|(GMT-07:00) Pacific Daylight Time (America/Los_Angeles)|GMT-07:00
11:10:39.1 (1319192)|EXECUTION_STARTED
11:10:39.1 (1346874)|CODE_UNIT_STARTED|[EXTERNAL]|apex://ObserveTuneController/ACTION$getTuneData
11:10:39.1 (2823564)|CODE_UNIT_STARTED|[EXTERNAL]|01pdM00000WohAb|ObserveTuneController.getTuneData()
11:10:39.1 (3346943)|HEAP_ALLOCATE|[95]|Bytes:3
11:10:39.1 (3458749)|HEAP_ALLOCATE|[100]|Bytes:152
11:10:39.1 (3476060)|HEAP_ALLOCATE|[417]|Bytes:408
11:10:39.1 (3491941)|HEAP_ALLOCATE|[430]|Bytes:408
11:10:39.1 (3518962)|HEAP_ALLOCATE|[317]|Bytes:6
11:10:39.1 (3572765)|HEAP_ALLOCATE|[EXTERNAL]|Bytes:8
11:10:39.1 (3581526)|HEAP_ALLOCATE|[EXTERNAL]|Bytes:22
11:10:39.1 (3605827)|METHOD_ENTRY|[1]|01pdM00000WohAb|ObserveTuneController.ObserveTuneController()
11:10:39.1 (3622298)|STATEMENT_EXECUTE|[1]
11:10:39.1 (3634739)|STATEMENT_EXECUTE|[1]
11:10:39.1 (3659680)|HEAP_ALLOCATE|[68]|Bytes:5
11:10:39.1 (3696632)|HEAP_ALLOCATE|[74]|Bytes:5
11:10:39.1 (3706883)|HEAP_ALLOCATE|[82]|Bytes:7
11:10:39.1 (4050721)|HEAP_ALLOCATE|[EXTERNAL]|Bytes:5
11:10:39.1 (4075513)|METHOD_EXIT|[1]|ObserveTuneController
11:10:39.1 (4091084)|HEAP_ALLOCATE|[5]|Bytes:5
11:10:39.1 (4096504)|STATEMENT_EXECUTE|[4]
11:10:39.1 (4099064)|STATEMENT_EXECUTE|[5]
11:10:39.1 (4101014)|STATEMENT_EXECUTE|[5]
11:10:39.1 (4103284)|STATEMENT_EXECUTE|[6]
11:10:39.1 (4120705)|HEAP_ALLOCATE|[6]|Bytes:4
11:10:39.1 (4141276)|VARIABLE_SCOPE_BEGIN|[6]|data|Map<String,ANY>|true|false
11:10:39.1 (4245672)|VARIABLE_ASSIGNMENT|[6]|data|{}|0x3d41c535
11:10:39.1 (4252442)|STATEMENT_EXECUTE|[9]
11:10:39.1 (4288384)|HEAP_ALLOCATE|[9]|Bytes:4
11:10:39.1 (4367169)|HEAP_ALLOCATE|[10]|Bytes:4
11:10:39.1 (4374949)|HEAP_ALLOCATE|[11]|Bytes:4
11:10:39.1 (4379659)|HEAP_ALLOCATE|[11]|Bytes:13
11:10:39.1 (4460024)|HEAP_ALLOCATE|[12]|Bytes:6
11:10:39.1 (4465984)|HEAP_ALLOCATE|[12]|Bytes:5
11:10:39.1 (4478625)|HEAP_ALLOCATE|[13]|Bytes:7
11:10:39.1 (4488885)|HEAP_ALLOCATE|[10]|Bytes:4
11:10:39.1 (4552179)|HEAP_ALLOCATE|[14]|Bytes:7
11:10:39.1 (4557499)|HEAP_ALLOCATE|[14]|Bytes:18
11:10:39.1 (4569740)|HEAP_ALLOCATE|[15]|Bytes:9
11:10:39.1 (4574330)|HEAP_ALLOCATE|[15]|Bytes:179
11:10:39.1 (4599441)|HEAP_ALLOCATE|[17]|Bytes:4
11:10:39.1 (4606372)|HEAP_ALLOCATE|[18]|Bytes:11
11:10:39.1 (4631453)|HEAP_ALLOCATE|[19]|Bytes:14
11:10:39.1 (4647834)|HEAP_ALLOCATE|[17]|Bytes:4
11:10:39.1 (4659145)|HEAP_ALLOCATE|[21]|Bytes:9
11:10:39.1 (4670915)|HEAP_ALLOCATE|[22]|Bytes:81
11:10:39.1 (4685816)|VARIABLE_SCOPE_BEGIN|[9]|cohortLeads|List<Map<String,ANY>>|true|false
11:10:39.1 (4755180)|HEAP_ALLOCATE|[EXTERNAL]|Bytes:12
11:10:39.1 (4798982)|VARIABLE_ASSIGNMENT|[9]|cohortLeads|[{"name":"Jennifer Park","status":"Bound","daysAgo":3,"verdict":"Decision Confirmed","reasoning":"Act classified Pursu (159 more) ..."},{"name":"Marcus Reed","status":"Window Timeout","daysAgo":5,"verdict":"No-Signal","reasoning":"Still in nurture win (61 more) ..."}]|0x6cf287a
11:10:39.1 (4806553)|STATEMENT_EXECUTE|[27]
11:10:39.1 (4814943)|HEAP_ALLOCATE|[27]|Bytes:4
11:10:39.1 (4835294)|HEAP_ALLOCATE|[28]|Bytes:4
11:10:39.1 (4841895)|HEAP_ALLOCATE|[29]|Bytes:5
11:10:39.1 (4846475)|HEAP_ALLOCATE|[29]|Bytes:99
11:10:39.1 (4871366)|HEAP_ALLOCATE|[30]|Bytes:6
11:10:39.1 (4875747)|HEAP_ALLOCATE|[30]|Bytes:46
11:10:39.1 (4887177)|HEAP_ALLOCATE|[31]|Bytes:6
11:10:39.1 (4892528)|HEAP_ALLOCATE|[31]|Bytes:24
11:10:39.1 (4908188)|HEAP_ALLOCATE|[33]|Bytes:4
11:10:39.1 (4914059)|HEAP_ALLOCATE|[34]|Bytes:72
11:10:39.1 (4935590)|HEAP_ALLOCATE|[35]|Bytes:21
11:10:39.1 (4948851)|HEAP_ALLOCATE|[36]|Bytes:24
11:10:39.1 (4963431)|HEAP_ALLOCATE|[38]|Bytes:4
11:10:39.1 (4969232)|HEAP_ALLOCATE|[39]|Bytes:78
11:10:39.1 (4990863)|HEAP_ALLOCATE|[40]|Bytes:55
11:10:39.1 (5004514)|HEAP_ALLOCATE|[41]|Bytes:25
11:10:39.1 (5018064)|VARIABLE_SCOPE_BEGIN|[27]|proposals|List<Map<String,ANY>>|true|false
11:10:39.1 (5038716)|HEAP_ALLOCATE|[EXTERNAL]|Bytes:16
11:10:39.1 (5059777)|VARIABLE_ASSIGNMENT|[27]|proposals|[{"title":"EverQuote source · P (79 more) ...","impact":"312 confirmed verdic (26 more) ...","change":"Tighten Pursue thres (4 more) ..."},{"title":"Household-match sign (52 more) ...","impact":"89 verdicts confirme (1 more) ...","change":"Increase weighting + (4 more) ..."},{"title":"New pattern: VINs >  (58 more) ...","impact":"Convert at 6.8% vs 1 (35 more) ...","change":"Recommend Nurture de (5 more) ..."}]|0x30b3e8ba
11:10:39.1 (5068247)|STATEMENT_EXECUTE|[45]
11:10:39.1 (5074377)|HEAP_ALLOCATE|[45]|Bytes:4
11:10:39.1 (5081268)|HEAP_ALLOCATE|[46]|Bytes:10
11:10:39.1 (5085448)|HEAP_ALLOCATE|[46]|Bytes:10
11:10:39.1 (5109169)|HEAP_ALLOCATE|[47]|Bytes:8
11:10:39.1 (5113970)|HEAP_ALLOCATE|[47]|Bytes:10
11:10:39.1 (5126310)|HEAP_ALLOCATE|[48]|Bytes:12
11:10:39.1 (5134351)|HEAP_ALLOCATE|[45]|Bytes:4
11:10:39.1 (5147701)|HEAP_ALLOCATE|[49]|Bytes:9
11:10:39.1 (5159552)|HEAP_ALLOCATE|[50]|Bytes:12
11:10:39.1 (5163622)|HEAP_ALLOCATE|[50]|Bytes:4
11:10:39.1 (5174463)|HEAP_ALLOCATE|[51]|Bytes:12
11:10:39.1 (5178423)|HEAP_ALLOCATE|[51]|Bytes:4
11:10:39.1 (5189694)|HEAP_ALLOCATE|[52]|Bytes:13
11:10:39.1 (5193774)|HEAP_ALLOCATE|[52]|Bytes:68
11:10:39.1 (5204765)|VARIABLE_SCOPE_BEGIN|[45]|tuneProposal|Map<String,ANY>|true|false
11:10:39.1 (5217455)|VARIABLE_ASSIGNMENT|[45]|tuneProposal|"Map of size 7 too large to display"|0x36f2abc9
11:10:39.1 (5224636)|STATEMENT_EXECUTE|[55]
11:10:39.1 (5227756)|HEAP_ALLOCATE|[55]|Bytes:11
11:10:39.1 (5263568)|HEAP_ALLOCATE|[EXTERNAL]|Bytes:-4
11:10:39.1 (5272398)|STATEMENT_EXECUTE|[56]
11:10:39.1 (5275518)|HEAP_ALLOCATE|[56]|Bytes:12
11:10:39.1 (5293219)|HEAP_ALLOCATE|[EXTERNAL]|Bytes:-4
11:10:39.1 (5300940)|STATEMENT_EXECUTE|[57]
11:10:39.1 (5304430)|HEAP_ALLOCATE|[57]|Bytes:7
11:10:39.1 (5329641)|HEAP_ALLOCATE|[57]|Bytes:5
11:10:39.1 (5335032)|HEAP_ALLOCATE|[EXTERNAL]|Bytes:-4
11:10:39.1 (5341412)|STATEMENT_EXECUTE|[59]
11:10:39.5 (5430307)|CUMULATIVE_LIMIT_USAGE
11:10:39.5 (5430307)|LIMIT_USAGE_FOR_NS|(default)|
  Number of SOQL queries: 0 out of 100
  Number of query rows: 0 out of 50000
  Number of SOSL queries: 0 out of 20
  Number of DML statements: 0 out of 150
  Number of Publish Immediate DML: 0 out of 150
  Number of DML rows: 0 out of 10000
  Maximum CPU time: 0 out of 10000
  Maximum heap size: 0 out of 6000000
  Number of callouts: 0 out of 100
  Number of Email Invocations: 0 out of 10
  Number of future calls: 0 out of 50
  Number of queueable jobs added to the queue: 0 out of 50
  Number of Mobile Apex push calls: 0 out of 10

11:10:39.5 (5430307)|CUMULATIVE_LIMIT_USAGE_END

11:10:39.1 (5480660)|CODE_UNIT_FINISHED|ObserveTuneController.getTuneData()
11:10:39.1 (5729483)|CODE_UNIT_FINISHED|apex://ObserveTuneController/ACTION$getTuneData
11:10:39.1 (5741924)|EXECUTION_FINISHED
