66.0 APEX_CODE,FINEST;APEX_PROFILING,INFO;CALLOUT,INFO;DATA_ACCESS,INFO;DB,INFO;NBA,INFO;SYSTEM,DEBUG;VALIDATION,INFO;VISUALFORCE,INFO;WAVE,INFO;WORKFLOW,INFO
13:14:20.5 (5274856)|USER_INFO|[EXTERNAL]|005dM00000bGQNp|pmandy.f7098e8d67c2@agentforce.com|(GMT-07:00) Pacific Daylight Time (America/Los_Angeles)|GMT-07:00
13:14:20.5 (5346898)|EXECUTION_STARTED
13:14:20.5 (5374640)|CODE_UNIT_STARTED|[EXTERNAL]|apex://ObserveTuneController/ACTION$getTuneData
13:14:20.5 (6298542)|CODE_UNIT_STARTED|[EXTERNAL]|01pdM00000WohAb|ObserveTuneController.getTuneData()
13:14:20.5 (9067898)|HEAP_ALLOCATE|[95]|Bytes:3
13:14:20.5 (9204582)|HEAP_ALLOCATE|[100]|Bytes:152
13:14:20.5 (9224152)|HEAP_ALLOCATE|[417]|Bytes:408
13:14:20.5 (9238302)|HEAP_ALLOCATE|[430]|Bytes:408
13:14:20.5 (9271993)|HEAP_ALLOCATE|[317]|Bytes:6
13:14:20.5 (9323414)|HEAP_ALLOCATE|[EXTERNAL]|Bytes:8
13:14:20.5 (9328744)|HEAP_ALLOCATE|[EXTERNAL]|Bytes:22
13:14:20.5 (9364805)|METHOD_ENTRY|[1]|01pdM00000WohAb|ObserveTuneController.ObserveTuneController()
13:14:20.5 (9387396)|STATEMENT_EXECUTE|[1]
13:14:20.5 (9402406)|STATEMENT_EXECUTE|[1]
13:14:20.5 (9423097)|HEAP_ALLOCATE|[68]|Bytes:5
13:14:20.5 (9467318)|HEAP_ALLOCATE|[74]|Bytes:5
13:14:20.5 (9477618)|HEAP_ALLOCATE|[82]|Bytes:7
13:14:20.5 (9826716)|HEAP_ALLOCATE|[EXTERNAL]|Bytes:5
13:14:20.5 (9919079)|METHOD_EXIT|[1]|ObserveTuneController
13:14:20.5 (9935020)|HEAP_ALLOCATE|[5]|Bytes:5
13:14:20.5 (9939879)|STATEMENT_EXECUTE|[4]
13:14:20.5 (9942449)|STATEMENT_EXECUTE|[5]
13:14:20.5 (9944430)|STATEMENT_EXECUTE|[5]
13:14:20.5 (9946519)|STATEMENT_EXECUTE|[6]
13:14:20.5 (9965210)|HEAP_ALLOCATE|[6]|Bytes:4
13:14:20.5 (9983890)|VARIABLE_SCOPE_BEGIN|[6]|data|Map<String,ANY>|true|false
13:14:20.5 (10084784)|VARIABLE_ASSIGNMENT|[6]|data|{}|0x4f137b5f
13:14:20.5 (10091003)|STATEMENT_EXECUTE|[9]
13:14:20.5 (10123253)|HEAP_ALLOCATE|[9]|Bytes:4
13:14:20.5 (10205626)|HEAP_ALLOCATE|[10]|Bytes:4
13:14:20.5 (10222957)|HEAP_ALLOCATE|[11]|Bytes:4
13:14:20.5 (10228517)|HEAP_ALLOCATE|[11]|Bytes:13
13:14:20.5 (10287908)|HEAP_ALLOCATE|[12]|Bytes:6
13:14:20.5 (10293817)|HEAP_ALLOCATE|[12]|Bytes:5
13:14:20.5 (10306378)|HEAP_ALLOCATE|[13]|Bytes:7
13:14:20.5 (10316149)|HEAP_ALLOCATE|[10]|Bytes:4
13:14:20.5 (10339790)|HEAP_ALLOCATE|[14]|Bytes:7
13:14:20.5 (10344129)|HEAP_ALLOCATE|[14]|Bytes:18
13:14:20.5 (10355289)|HEAP_ALLOCATE|[15]|Bytes:9
13:14:20.5 (10359310)|HEAP_ALLOCATE|[15]|Bytes:179
13:14:20.5 (10381210)|HEAP_ALLOCATE|[17]|Bytes:4
13:14:20.5 (10387970)|HEAP_ALLOCATE|[18]|Bytes:11
13:14:20.5 (10411650)|HEAP_ALLOCATE|[19]|Bytes:14
13:14:20.5 (10428362)|HEAP_ALLOCATE|[17]|Bytes:4
13:14:20.5 (10439371)|HEAP_ALLOCATE|[21]|Bytes:9
13:14:20.5 (10450632)|HEAP_ALLOCATE|[22]|Bytes:81
13:14:20.5 (10464403)|VARIABLE_SCOPE_BEGIN|[9]|cohortLeads|List<Map<String,ANY>>|true|false
13:14:20.5 (10512514)|HEAP_ALLOCATE|[EXTERNAL]|Bytes:12
13:14:20.5 (10553605)|VARIABLE_ASSIGNMENT|[9]|cohortLeads|[{"name":"Jennifer Park","status":"Bound","daysAgo":3,"verdict":"Decision Confirmed","reasoning":"Act classified Pursu (159 more) ..."},{"name":"Marcus Reed","status":"Window Timeout","daysAgo":5,"verdict":"No-Signal","reasoning":"Still in nurture win (61 more) ..."}]|0x58ec5490
13:14:20.5 (10561245)|STATEMENT_EXECUTE|[27]
13:14:20.5 (10570285)|HEAP_ALLOCATE|[27]|Bytes:4
13:14:20.5 (10595056)|HEAP_ALLOCATE|[28]|Bytes:4
13:14:20.5 (10602286)|HEAP_ALLOCATE|[29]|Bytes:5
13:14:20.5 (10606836)|HEAP_ALLOCATE|[29]|Bytes:99
13:14:20.5 (10632026)|HEAP_ALLOCATE|[30]|Bytes:6
13:14:20.5 (10636546)|HEAP_ALLOCATE|[30]|Bytes:46
13:14:20.5 (10648127)|HEAP_ALLOCATE|[31]|Bytes:6
13:14:20.5 (10652026)|HEAP_ALLOCATE|[31]|Bytes:24
13:14:20.5 (10668207)|HEAP_ALLOCATE|[33]|Bytes:4
13:14:20.5 (10674198)|HEAP_ALLOCATE|[34]|Bytes:72
13:14:20.5 (10697058)|HEAP_ALLOCATE|[35]|Bytes:21
13:14:20.5 (10709538)|HEAP_ALLOCATE|[36]|Bytes:24
13:14:20.5 (10726348)|HEAP_ALLOCATE|[38]|Bytes:4
13:14:20.5 (10732699)|HEAP_ALLOCATE|[39]|Bytes:78
13:14:20.5 (10755179)|HEAP_ALLOCATE|[40]|Bytes:55
13:14:20.5 (10767730)|HEAP_ALLOCATE|[41]|Bytes:25
13:14:20.5 (10782069)|VARIABLE_SCOPE_BEGIN|[27]|proposals|List<Map<String,ANY>>|true|false
13:14:20.5 (10799361)|HEAP_ALLOCATE|[EXTERNAL]|Bytes:16
13:14:20.5 (10820101)|VARIABLE_ASSIGNMENT|[27]|proposals|[{"title":"EverQuote source · P (79 more) ...","impact":"312 confirmed verdic (26 more) ...","change":"Tighten Pursue thres (4 more) ..."},{"title":"Household-match sign (52 more) ...","impact":"89 verdicts confirme (1 more) ...","change":"Increase weighting + (4 more) ..."},{"title":"New pattern: VINs >  (58 more) ...","impact":"Convert at 6.8% vs 1 (35 more) ...","change":"Recommend Nurture de (5 more) ..."}]|0xdb87f89
13:14:20.5 (10828901)|STATEMENT_EXECUTE|[45]
13:14:20.5 (10834611)|HEAP_ALLOCATE|[45]|Bytes:4
13:14:20.5 (10841222)|HEAP_ALLOCATE|[46]|Bytes:10
13:14:20.5 (10845132)|HEAP_ALLOCATE|[46]|Bytes:10
13:14:20.5 (10867402)|HEAP_ALLOCATE|[47]|Bytes:8
13:14:20.5 (10872042)|HEAP_ALLOCATE|[47]|Bytes:10
13:14:20.5 (10883272)|HEAP_ALLOCATE|[48]|Bytes:12
13:14:20.5 (10891203)|HEAP_ALLOCATE|[45]|Bytes:4
13:14:20.5 (10903973)|HEAP_ALLOCATE|[49]|Bytes:9
13:14:20.5 (10915703)|HEAP_ALLOCATE|[50]|Bytes:12
13:14:20.5 (10919792)|HEAP_ALLOCATE|[50]|Bytes:4
13:14:20.5 (10929753)|HEAP_ALLOCATE|[51]|Bytes:12
13:14:20.5 (10933614)|HEAP_ALLOCATE|[51]|Bytes:4
13:14:20.5 (10943884)|HEAP_ALLOCATE|[52]|Bytes:13
13:14:20.5 (10947834)|HEAP_ALLOCATE|[52]|Bytes:68
13:14:20.5 (10957844)|VARIABLE_SCOPE_BEGIN|[45]|tuneProposal|Map<String,ANY>|true|false
13:14:20.5 (10975585)|VARIABLE_ASSIGNMENT|[45]|tuneProposal|"Map of size 7 too large to display"|0x5ef80924
13:14:20.5 (10980815)|STATEMENT_EXECUTE|[55]
13:14:20.5 (10983905)|HEAP_ALLOCATE|[55]|Bytes:11
13:14:20.5 (11015526)|HEAP_ALLOCATE|[EXTERNAL]|Bytes:-4
13:14:20.5 (11024756)|STATEMENT_EXECUTE|[56]
13:14:20.5 (11027746)|HEAP_ALLOCATE|[56]|Bytes:12
13:14:20.5 (11045046)|HEAP_ALLOCATE|[EXTERNAL]|Bytes:-4
13:14:20.5 (11052827)|STATEMENT_EXECUTE|[57]
13:14:20.5 (11055977)|HEAP_ALLOCATE|[57]|Bytes:7
13:14:20.5 (11075817)|HEAP_ALLOCATE|[57]|Bytes:5
13:14:20.5 (11080987)|HEAP_ALLOCATE|[EXTERNAL]|Bytes:-4
13:14:20.5 (11087687)|STATEMENT_EXECUTE|[59]
13:14:20.11 (11169389)|CUMULATIVE_LIMIT_USAGE
13:14:20.11 (11169389)|LIMIT_USAGE_FOR_NS|(default)|
  Number of SOQL queries: 0 out of 100
  Number of query rows: 0 out of 50000
  Number of SOSL queries: 0 out of 20
  Number of DML statements: 0 out of 150
  Number of Publish Immediate DML: 0 out of 150
  Number of DML rows: 0 out of 10000
  Maximum CPU time: 0 out of 10000
  Maximum heap size: 0 out of 6000000
  Number of callouts: 0 out of 100
  Number of Email Invocations: 0 out of 10
  Number of future calls: 0 out of 50
  Number of queueable jobs added to the queue: 0 out of 50
  Number of Mobile Apex push calls: 0 out of 10

13:14:20.11 (11169389)|CUMULATIVE_LIMIT_USAGE_END

13:14:20.5 (11221281)|CODE_UNIT_FINISHED|ObserveTuneController.getTuneData()
13:14:20.5 (11453296)|CODE_UNIT_FINISHED|apex://ObserveTuneController/ACTION$getTuneData
13:14:20.5 (11464946)|EXECUTION_FINISHED
