66.0 APEX_CODE,FINEST;APEX_PROFILING,INFO;CALLOUT,INFO;DATA_ACCESS,INFO;DB,INFO;NBA,INFO;SYSTEM,DEBUG;VALIDATION,INFO;VISUALFORCE,INFO;WAVE,INFO;WORKFLOW,INFO
11:13:45.1 (1149452)|USER_INFO|[EXTERNAL]|005dM00000bGQNp|pmandy.f7098e8d67c2@agentforce.com|(GMT-07:00) Pacific Daylight Time (America/Los_Angeles)|GMT-07:00
11:13:45.1 (1225276)|EXECUTION_STARTED
11:13:45.1 (1250347)|CODE_UNIT_STARTED|[EXTERNAL]|apex://ObserveTuneController/ACTION$getTuneData
11:13:45.1 (2287873)|CODE_UNIT_STARTED|[EXTERNAL]|01pdM00000WohAb|ObserveTuneController.getTuneData()
11:13:45.1 (4893372)|HEAP_ALLOCATE|[95]|Bytes:3
11:13:45.1 (5033420)|HEAP_ALLOCATE|[100]|Bytes:152
11:13:45.1 (5050611)|HEAP_ALLOCATE|[417]|Bytes:408
11:13:45.1 (5065272)|HEAP_ALLOCATE|[430]|Bytes:408
11:13:45.1 (5104054)|HEAP_ALLOCATE|[317]|Bytes:6
11:13:45.1 (5121194)|HEAP_ALLOCATE|[EXTERNAL]|Bytes:8
11:13:45.1 (5130925)|HEAP_ALLOCATE|[EXTERNAL]|Bytes:22
11:13:45.1 (5162487)|METHOD_ENTRY|[1]|01pdM00000WohAb|ObserveTuneController.ObserveTuneController()
11:13:45.1 (5185448)|STATEMENT_EXECUTE|[1]
11:13:45.1 (5196928)|STATEMENT_EXECUTE|[1]
11:13:45.1 (5223400)|HEAP_ALLOCATE|[68]|Bytes:5
11:13:45.1 (5270802)|HEAP_ALLOCATE|[74]|Bytes:5
11:13:45.1 (5280043)|HEAP_ALLOCATE|[82]|Bytes:7
11:13:45.1 (6058574)|HEAP_ALLOCATE|[EXTERNAL]|Bytes:5
11:13:45.1 (6100357)|METHOD_EXIT|[1]|ObserveTuneController
11:13:45.1 (6115937)|HEAP_ALLOCATE|[5]|Bytes:5
11:13:45.1 (6122028)|STATEMENT_EXECUTE|[4]
11:13:45.1 (6124697)|STATEMENT_EXECUTE|[5]
11:13:45.1 (6126798)|STATEMENT_EXECUTE|[5]
11:13:45.1 (6128818)|STATEMENT_EXECUTE|[6]
11:13:45.1 (6181500)|HEAP_ALLOCATE|[6]|Bytes:4
11:13:45.1 (6223494)|VARIABLE_SCOPE_BEGIN|[6]|data|Map<String,ANY>|true|false
11:13:45.1 (6325699)|VARIABLE_ASSIGNMENT|[6]|data|{}|0x79b176dc
11:13:45.1 (6331719)|STATEMENT_EXECUTE|[9]
11:13:45.1 (6400023)|HEAP_ALLOCATE|[9]|Bytes:4
11:13:45.1 (6498918)|HEAP_ALLOCATE|[10]|Bytes:4
11:13:45.1 (6506668)|HEAP_ALLOCATE|[11]|Bytes:4
11:13:45.1 (6511459)|HEAP_ALLOCATE|[11]|Bytes:13
11:13:45.1 (6629395)|HEAP_ALLOCATE|[12]|Bytes:6
11:13:45.1 (6634965)|HEAP_ALLOCATE|[12]|Bytes:5
11:13:45.1 (6650206)|HEAP_ALLOCATE|[13]|Bytes:7
11:13:45.1 (6717650)|HEAP_ALLOCATE|[10]|Bytes:4
11:13:45.1 (6818195)|HEAP_ALLOCATE|[14]|Bytes:7
11:13:45.1 (6824795)|HEAP_ALLOCATE|[14]|Bytes:18
11:13:45.1 (6838806)|HEAP_ALLOCATE|[15]|Bytes:9
11:13:45.1 (6842876)|HEAP_ALLOCATE|[15]|Bytes:179
11:13:45.1 (6874018)|HEAP_ALLOCATE|[17]|Bytes:4
11:13:45.1 (6880998)|HEAP_ALLOCATE|[18]|Bytes:11
11:13:45.1 (6911991)|HEAP_ALLOCATE|[19]|Bytes:14
11:13:45.1 (6929651)|HEAP_ALLOCATE|[17]|Bytes:4
11:13:45.1 (6942341)|HEAP_ALLOCATE|[21]|Bytes:9
11:13:45.1 (6954793)|HEAP_ALLOCATE|[22]|Bytes:81
11:13:45.1 (6969013)|VARIABLE_SCOPE_BEGIN|[9]|cohortLeads|List<Map<String,ANY>>|true|false
11:13:45.1 (7091200)|HEAP_ALLOCATE|[EXTERNAL]|Bytes:12
11:13:45.1 (7143792)|VARIABLE_ASSIGNMENT|[9]|cohortLeads|[{"name":"Jennifer Park","status":"Bound","daysAgo":3,"verdict":"Decision Confirmed","reasoning":"Act classified Pursu (159 more) ..."},{"name":"Marcus Reed","status":"Window Timeout","daysAgo":5,"verdict":"No-Signal","reasoning":"Still in nurture win (61 more) ..."}]|0xf024112
11:13:45.1 (7151774)|STATEMENT_EXECUTE|[27]
11:13:45.1 (7159934)|HEAP_ALLOCATE|[27]|Bytes:4
11:13:45.1 (7181765)|HEAP_ALLOCATE|[28]|Bytes:4
11:13:45.1 (7187754)|HEAP_ALLOCATE|[29]|Bytes:5
11:13:45.1 (7192225)|HEAP_ALLOCATE|[29]|Bytes:99
11:13:45.1 (7218196)|HEAP_ALLOCATE|[30]|Bytes:6
11:13:45.1 (7223346)|HEAP_ALLOCATE|[30]|Bytes:46
11:13:45.1 (7235277)|HEAP_ALLOCATE|[31]|Bytes:6
11:13:45.1 (7239637)|HEAP_ALLOCATE|[31]|Bytes:24
11:13:45.1 (7255609)|HEAP_ALLOCATE|[33]|Bytes:4
11:13:45.1 (7261369)|HEAP_ALLOCATE|[34]|Bytes:72
11:13:45.1 (7286941)|HEAP_ALLOCATE|[35]|Bytes:21
11:13:45.1 (7299830)|HEAP_ALLOCATE|[36]|Bytes:24
11:13:45.1 (7314502)|HEAP_ALLOCATE|[38]|Bytes:4
11:13:45.1 (7321632)|HEAP_ALLOCATE|[39]|Bytes:78
11:13:45.1 (7345483)|HEAP_ALLOCATE|[40]|Bytes:55
11:13:45.1 (7358963)|HEAP_ALLOCATE|[41]|Bytes:25
11:13:45.1 (7372155)|VARIABLE_SCOPE_BEGIN|[27]|proposals|List<Map<String,ANY>>|true|false
11:13:45.1 (7391076)|HEAP_ALLOCATE|[EXTERNAL]|Bytes:16
11:13:45.1 (7412637)|VARIABLE_ASSIGNMENT|[27]|proposals|[{"title":"EverQuote source · P (79 more) ...","impact":"312 confirmed verdic (26 more) ...","change":"Tighten Pursue thres (4 more) ..."},{"title":"Household-match sign (52 more) ...","impact":"89 verdicts confirme (1 more) ...","change":"Increase weighting + (4 more) ..."},{"title":"New pattern: VINs >  (58 more) ...","impact":"Convert at 6.8% vs 1 (35 more) ...","change":"Recommend Nurture de (5 more) ..."}]|0x5bc0aad2
11:13:45.1 (7422798)|STATEMENT_EXECUTE|[45]
11:13:45.1 (7428018)|HEAP_ALLOCATE|[45]|Bytes:4
11:13:45.1 (7435178)|HEAP_ALLOCATE|[46]|Bytes:10
11:13:45.1 (7439299)|HEAP_ALLOCATE|[46]|Bytes:10
11:13:45.1 (7464760)|HEAP_ALLOCATE|[47]|Bytes:8
11:13:45.1 (7470830)|HEAP_ALLOCATE|[47]|Bytes:10
11:13:45.1 (7482911)|HEAP_ALLOCATE|[48]|Bytes:12
11:13:45.1 (7497462)|HEAP_ALLOCATE|[45]|Bytes:4
11:13:45.1 (7510051)|HEAP_ALLOCATE|[49]|Bytes:9
11:13:45.1 (7522913)|HEAP_ALLOCATE|[50]|Bytes:12
11:13:45.1 (7527353)|HEAP_ALLOCATE|[50]|Bytes:4
11:13:45.1 (7537893)|HEAP_ALLOCATE|[51]|Bytes:12
11:13:45.1 (7541844)|HEAP_ALLOCATE|[51]|Bytes:4
11:13:45.1 (7553445)|HEAP_ALLOCATE|[52]|Bytes:13
11:13:45.1 (7557605)|HEAP_ALLOCATE|[52]|Bytes:68
11:13:45.1 (7568036)|VARIABLE_SCOPE_BEGIN|[45]|tuneProposal|Map<String,ANY>|true|false
11:13:45.1 (7587837)|VARIABLE_ASSIGNMENT|[45]|tuneProposal|"Map of size 7 too large to display"|0x74c79070
11:13:45.1 (7592917)|STATEMENT_EXECUTE|[55]
11:13:45.1 (7595787)|HEAP_ALLOCATE|[55]|Bytes:11
11:13:45.1 (7631159)|HEAP_ALLOCATE|[EXTERNAL]|Bytes:-4
11:13:45.1 (7640069)|STATEMENT_EXECUTE|[56]
11:13:45.1 (7643039)|HEAP_ALLOCATE|[56]|Bytes:12
11:13:45.1 (7661170)|HEAP_ALLOCATE|[EXTERNAL]|Bytes:-4
11:13:45.1 (7668551)|STATEMENT_EXECUTE|[57]
11:13:45.1 (7672431)|HEAP_ALLOCATE|[57]|Bytes:7
11:13:45.1 (7705153)|HEAP_ALLOCATE|[57]|Bytes:5
11:13:45.1 (7713103)|HEAP_ALLOCATE|[EXTERNAL]|Bytes:-4
11:13:45.1 (7720984)|STATEMENT_EXECUTE|[59]
11:13:45.7 (7842740)|CUMULATIVE_LIMIT_USAGE
11:13:45.7 (7842740)|LIMIT_USAGE_FOR_NS|(default)|
  Number of SOQL queries: 0 out of 100
  Number of query rows: 0 out of 50000
  Number of SOSL queries: 0 out of 20
  Number of DML statements: 0 out of 150
  Number of Publish Immediate DML: 0 out of 150
  Number of DML rows: 0 out of 10000
  Maximum CPU time: 0 out of 10000
  Maximum heap size: 0 out of 6000000
  Number of callouts: 0 out of 100
  Number of Email Invocations: 0 out of 10
  Number of future calls: 0 out of 50
  Number of queueable jobs added to the queue: 0 out of 50
  Number of Mobile Apex push calls: 0 out of 10

11:13:45.7 (7842740)|CUMULATIVE_LIMIT_USAGE_END

11:13:45.1 (7900403)|CODE_UNIT_FINISHED|ObserveTuneController.getTuneData()
11:13:45.1 (8150666)|CODE_UNIT_FINISHED|apex://ObserveTuneController/ACTION$getTuneData
11:13:45.1 (8163467)|EXECUTION_FINISHED
