66.0 APEX_CODE,FINEST;APEX_PROFILING,INFO;CALLOUT,INFO;DATA_ACCESS,INFO;DB,INFO;NBA,INFO;SYSTEM,DEBUG;VALIDATION,INFO;VISUALFORCE,INFO;WAVE,INFO;WORKFLOW,INFO
13:07:45.1 (1041673)|USER_INFO|[EXTERNAL]|005dM00000bGQNp|pmandy.f7098e8d67c2@agentforce.com|(GMT-07:00) Pacific Daylight Time (America/Los_Angeles)|GMT-07:00
13:07:45.1 (1115214)|EXECUTION_STARTED
13:07:45.1 (1142805)|CODE_UNIT_STARTED|[EXTERNAL]|apex://ObserveTuneController/ACTION$approveTuneAndPromote
13:07:45.1 (2231858)|CODE_UNIT_STARTED|[EXTERNAL]|01pdM00000WohAb|ObserveTuneController.approveTuneAndPromote()
13:07:45.1 (2618706)|HEAP_ALLOCATE|[95]|Bytes:3
13:07:45.1 (2726529)|HEAP_ALLOCATE|[100]|Bytes:152
13:07:45.1 (2748650)|HEAP_ALLOCATE|[417]|Bytes:408
13:07:45.1 (2771939)|HEAP_ALLOCATE|[430]|Bytes:408
13:07:45.1 (2806571)|HEAP_ALLOCATE|[317]|Bytes:6
13:07:45.1 (2861622)|HEAP_ALLOCATE|[EXTERNAL]|Bytes:8
13:07:45.1 (2870671)|HEAP_ALLOCATE|[EXTERNAL]|Bytes:22
13:07:45.1 (2894533)|METHOD_ENTRY|[1]|01pdM00000WohAb|ObserveTuneController.ObserveTuneController()
13:07:45.1 (2910413)|STATEMENT_EXECUTE|[1]
13:07:45.1 (2924433)|STATEMENT_EXECUTE|[1]
13:07:45.1 (2948664)|HEAP_ALLOCATE|[68]|Bytes:5
13:07:45.1 (2988685)|HEAP_ALLOCATE|[74]|Bytes:5
13:07:45.1 (2999325)|HEAP_ALLOCATE|[82]|Bytes:7
13:07:45.1 (3343921)|HEAP_ALLOCATE|[EXTERNAL]|Bytes:5
13:07:45.1 (3372053)|METHOD_EXIT|[1]|ObserveTuneController
13:07:45.1 (3386713)|HEAP_ALLOCATE|[67]|Bytes:5
13:07:45.1 (3391683)|STATEMENT_EXECUTE|[66]
13:07:45.1 (3394263)|STATEMENT_EXECUTE|[67]
13:07:45.1 (3396194)|STATEMENT_EXECUTE|[67]
13:07:45.1 (3398344)|STATEMENT_EXECUTE|[68]
13:07:45.1 (3401674)|HEAP_ALLOCATE|[68]|Bytes:41
13:07:45.1 (3483485)|USER_DEBUG|[68]|DEBUG|===== APPROVE TUNE & PROMOTE v2.8.0 =====
13:07:45.1 (3502346)|STATEMENT_EXECUTE|[71]
13:07:45.1 (3559697)|VARIABLE_SCOPE_BEGIN|[71]|req|System.HttpRequest|true|false
13:07:45.1 (3801462)|VARIABLE_ASSIGNMENT|[71]|req|"System.HttpRequest[Endpoint=null, Method=null]"|0x18794332
13:07:45.1 (3809282)|STATEMENT_EXECUTE|[72]
13:07:45.1 (3813472)|HEAP_ALLOCATE|[72]|Bytes:42
13:07:45.1 (3894864)|STATEMENT_EXECUTE|[73]
13:07:45.1 (3898724)|HEAP_ALLOCATE|[73]|Bytes:4
13:07:45.1 (3924005)|STATEMENT_EXECUTE|[74]
13:07:45.1 (3927105)|HEAP_ALLOCATE|[74]|Bytes:12
13:07:45.1 (3932535)|HEAP_ALLOCATE|[74]|Bytes:16
13:07:45.1 (3960155)|STATEMENT_EXECUTE|[75]
13:07:45.1 (3978906)|HEAP_ALLOCATE|[75]|Bytes:4
13:07:45.1 (3994716)|HEAP_ALLOCATE|[76]|Bytes:12
13:07:45.1 (3999186)|HEAP_ALLOCATE|[76]|Bytes:6
13:07:45.1 (4056457)|HEAP_ALLOCATE|[77]|Bytes:6
13:07:45.1 (4062338)|HEAP_ALLOCATE|[77]|Bytes:45
13:07:45.1 (4098798)|HEAP_ALLOCATE|[75]|Bytes:24
13:07:45.1 (4108179)|SYSTEM_METHOD_ENTRY|[1]|JSON.JSON()
13:07:45.1 (4111769)|STATEMENT_EXECUTE|[1]
13:07:45.1 (4121559)|SYSTEM_METHOD_EXIT|[1]|JSON
13:07:45.1 (4136849)|METHOD_ENTRY|[75]||System.JSON.serialize(Object)
13:07:45.1 (7233515)|METHOD_EXIT|[75]||System.JSON.serialize(Object)
13:07:45.1 (7329277)|STATEMENT_EXECUTE|[80]
13:07:45.1 (7357939)|VARIABLE_SCOPE_BEGIN|[80]|http|System.Http|true|false
13:07:45.1 (7534422)|VARIABLE_ASSIGNMENT|[80]|http|"System.Http[]"|0x5a83ebc6
13:07:45.1 (7540192)|STATEMENT_EXECUTE|[81]
13:07:45.1 (7701106)|CALLOUT_REQUEST|[81]|System.HttpRequest[Endpoint=http://146.190.153.46:9000/update-champion, Method=POST]
13:07:45.1 (620822220)|HEAP_ALLOCATE|[EXTERNAL]|Bytes:292
13:07:45.1 (623294822)|CALLOUT_RESPONSE|[81]|System.HttpResponse[Status=OK, StatusCode=200]
13:07:45.1 (623329463)|HEAP_ALLOCATE|[81]|Bytes:61
13:07:45.1 (623362645)|VARIABLE_SCOPE_BEGIN|[81]|res|System.HttpResponse|true|false
13:07:45.1 (623443225)|VARIABLE_ASSIGNMENT|[81]|res|"System.HttpResponse[Status=OK, StatusCode=200]"|0x5b07376f
13:07:45.1 (623450346)|STATEMENT_EXECUTE|[83]
13:07:45.1 (623456297)|HEAP_ALLOCATE|[83]|Bytes:23
13:07:45.1 (623564489)|HEAP_ALLOCATE|[83]|Bytes:3
13:07:45.1 (623584748)|HEAP_ALLOCATE|[83]|Bytes:26
13:07:45.1 (623612360)|USER_DEBUG|[83]|DEBUG|LUMEN Response Status: 200
13:07:45.1 (623622700)|STATEMENT_EXECUTE|[84]
13:07:45.1 (623625740)|HEAP_ALLOCATE|[84]|Bytes:21
13:07:45.1 (623661110)|HEAP_ALLOCATE|[84]|Bytes:55
13:07:45.1 (623670881)|HEAP_ALLOCATE|[84]|Bytes:76
13:07:45.1 (623682621)|USER_DEBUG|[84]|DEBUG|LUMEN Response Body: {"success":false,"error":"champion_model not provided"}
13:07:45.1 (623981128)|STATEMENT_EXECUTE|[86]
13:07:45.1 (623983798)|STATEMENT_EXECUTE|[87]
13:07:45.1 (623987158)|HEAP_ALLOCATE|[87]|Bytes:39
13:07:45.1 (624012388)|USER_DEBUG|[87]|DEBUG|===== v2.8.0 PROMOTED TO CHAMPION =====
13:07:45.1 (624022099)|STATEMENT_EXECUTE|[90]
13:07:45.1 (626669536)|HEAP_ALLOCATE|[90]|Bytes:44
13:07:45.1 (626720927)|VARIABLE_SCOPE_BEGIN|[90]|config|Loom_Config__c|true|false
13:07:45.1 (626986142)|VARIABLE_ASSIGNMENT|[90]|config|{"LastModifiedDate":"2026-05-26T20:07:44.000Z","IsDeleted":false,"CreatedById":"005dM00000bGQNpQAO","CreatedDate":"2026-05-26T14:15:32.000Z","Id":"a0OdM00000QHtsLUAT","LastModifiedById":"005dM00000bGQNpQAO","SetupOwnerId":"00DdM00000wFcrbUAC","Champion_Model_Version__c":"v2.8.0","Name":"a0OdM00000QHtsL","SystemModstamp":"2026-05-26T20:07:44.000Z"}|0x58acd10e
13:07:45.1 (627002023)|STATEMENT_EXECUTE|[91]
13:07:45.1 (627198887)|VARIABLE_ASSIGNMENT|[91]|this.Champion_Model_Version__c|"v2.8.0"|0x58acd10e
13:07:45.1 (627208687)|STATEMENT_EXECUTE|[92]
13:07:45.1 (627306339)|HEAP_ALLOCATE|[92]|Bytes:8
13:07:45.1 (627337030)|DML_BEGIN|[92]|Op:Upsert|Type:Loom_Config__c|Rows:1
13:07:45.1 (627378270)|HEAP_ALLOCATE|[EXTERNAL]|Bytes:8
13:07:45.1 (662183687)|DML_END|[92]
13:07:45.1 (662818011)|STATEMENT_EXECUTE|[93]
13:07:45.1 (662829292)|HEAP_ALLOCATE|[93]|Bytes:58
13:07:45.1 (662929023)|USER_DEBUG|[93]|DEBUG|Custom setting updated: Champion_Model_Version__c = v2.8.0
13:07:45.1 (662944444)|STATEMENT_EXECUTE|[95]
13:07:45.1 (662968714)|HEAP_ALLOCATE|[95]|Bytes:4
13:07:45.1 (662983144)|HEAP_ALLOCATE|[96]|Bytes:7
13:07:45.1 (663069746)|HEAP_ALLOCATE|[95]|Bytes:5
13:07:45.1 (663095706)|HEAP_ALLOCATE|[97]|Bytes:7
13:07:45.1 (663103146)|HEAP_ALLOCATE|[97]|Bytes:27
13:07:45.1 (663123187)|HEAP_ALLOCATE|[98]|Bytes:8
13:07:45.1 (663140498)|HEAP_ALLOCATE|[99]|Bytes:13
13:07:45.1 (663146237)|HEAP_ALLOCATE|[99]|Bytes:6
13:07:45.685 (685530438)|CUMULATIVE_LIMIT_USAGE
13:07:45.685 (685530438)|LIMIT_USAGE_FOR_NS|(default)|
  Number of SOQL queries: 0 out of 100
  Number of query rows: 0 out of 50000
  Number of SOSL queries: 0 out of 20
  Number of DML statements: 1 out of 150
  Number of Publish Immediate DML: 0 out of 150
  Number of DML rows: 1 out of 10000
  Maximum CPU time: 0 out of 10000
  Maximum heap size: 0 out of 6000000
  Number of callouts: 1 out of 100
  Number of Email Invocations: 0 out of 10
  Number of future calls: 0 out of 50
  Number of queueable jobs added to the queue: 0 out of 50
  Number of Mobile Apex push calls: 0 out of 10

13:07:45.685 (685530438)|CUMULATIVE_LIMIT_USAGE_END

13:07:45.1 (685597639)|CODE_UNIT_FINISHED|ObserveTuneController.approveTuneAndPromote()
13:07:45.1 (685885636)|CODE_UNIT_FINISHED|apex://ObserveTuneController/ACTION$approveTuneAndPromote
13:07:45.1 (685901686)|EXECUTION_FINISHED
