66.0 APEX_CODE,FINEST;APEX_PROFILING,INFO;CALLOUT,INFO;DATA_ACCESS,INFO;DB,INFO;NBA,INFO;SYSTEM,DEBUG;VALIDATION,INFO;VISUALFORCE,INFO;WAVE,INFO;WORKFLOW,INFO
12:47:46.0 (935809)|USER_INFO|[EXTERNAL]|005dM00000bGQNp|pmandy.f7098e8d67c2@agentforce.com|(GMT-07:00) Pacific Daylight Time (America/Los_Angeles)|GMT-07:00
12:47:46.0 (1001943)|EXECUTION_STARTED
12:47:46.0 (1055986)|CODE_UNIT_STARTED|[EXTERNAL]|apex://ObserveTuneController/ACTION$approveTuneAndPromote
12:47:46.0 (2249489)|CODE_UNIT_STARTED|[EXTERNAL]|01pdM00000WohAb|ObserveTuneController.approveTuneAndPromote()
12:47:46.0 (2669133)|HEAP_ALLOCATE|[95]|Bytes:3
12:47:46.0 (2783729)|HEAP_ALLOCATE|[100]|Bytes:152
12:47:46.0 (2800249)|HEAP_ALLOCATE|[417]|Bytes:408
12:47:46.0 (2814170)|HEAP_ALLOCATE|[430]|Bytes:408
12:47:46.0 (2838931)|HEAP_ALLOCATE|[317]|Bytes:6
12:47:46.0 (2891284)|HEAP_ALLOCATE|[EXTERNAL]|Bytes:8
12:47:46.0 (2899325)|HEAP_ALLOCATE|[EXTERNAL]|Bytes:22
12:47:46.0 (2929926)|METHOD_ENTRY|[1]|01pdM00000WohAb|ObserveTuneController.ObserveTuneController()
12:47:46.0 (2949887)|STATEMENT_EXECUTE|[1]
12:47:46.0 (2961038)|STATEMENT_EXECUTE|[1]
12:47:46.0 (2978759)|HEAP_ALLOCATE|[68]|Bytes:5
12:47:46.0 (3022981)|HEAP_ALLOCATE|[74]|Bytes:5
12:47:46.0 (3034322)|HEAP_ALLOCATE|[82]|Bytes:7
12:47:46.0 (3414442)|HEAP_ALLOCATE|[EXTERNAL]|Bytes:5
12:47:46.0 (3440643)|METHOD_EXIT|[1]|ObserveTuneController
12:47:46.0 (3454434)|HEAP_ALLOCATE|[67]|Bytes:5
12:47:46.0 (3459714)|STATEMENT_EXECUTE|[66]
12:47:46.0 (3462234)|STATEMENT_EXECUTE|[67]
12:47:46.0 (3464184)|STATEMENT_EXECUTE|[67]
12:47:46.0 (3466355)|STATEMENT_EXECUTE|[68]
12:47:46.0 (3469606)|HEAP_ALLOCATE|[68]|Bytes:41
12:47:46.0 (3542299)|USER_DEBUG|[68]|DEBUG|===== APPROVE TUNE & PROMOTE v2.8.0 =====
12:47:46.0 (3558330)|STATEMENT_EXECUTE|[71]
12:47:46.0 (3605122)|VARIABLE_SCOPE_BEGIN|[71]|req|System.HttpRequest|true|false
12:47:46.0 (3861885)|VARIABLE_ASSIGNMENT|[71]|req|"System.HttpRequest[Endpoint=null, Method=null]"|0x77fbcec3
12:47:46.0 (3869046)|STATEMENT_EXECUTE|[72]
12:47:46.0 (3872856)|HEAP_ALLOCATE|[72]|Bytes:42
12:47:46.0 (3960352)|STATEMENT_EXECUTE|[73]
12:47:46.0 (3963332)|HEAP_ALLOCATE|[73]|Bytes:4
12:47:46.0 (3987542)|STATEMENT_EXECUTE|[74]
12:47:46.0 (3990353)|HEAP_ALLOCATE|[74]|Bytes:12
12:47:46.0 (3995364)|HEAP_ALLOCATE|[74]|Bytes:16
12:47:46.0 (4023475)|STATEMENT_EXECUTE|[75]
12:47:46.0 (4045556)|HEAP_ALLOCATE|[75]|Bytes:4
12:47:46.0 (4065517)|HEAP_ALLOCATE|[76]|Bytes:12
12:47:46.0 (4072078)|HEAP_ALLOCATE|[76]|Bytes:6
12:47:46.0 (4148772)|HEAP_ALLOCATE|[77]|Bytes:6
12:47:46.0 (4153962)|HEAP_ALLOCATE|[77]|Bytes:45
12:47:46.0 (4188873)|HEAP_ALLOCATE|[75]|Bytes:24
12:47:46.0 (4198424)|SYSTEM_METHOD_ENTRY|[1]|JSON.JSON()
12:47:46.0 (4202084)|STATEMENT_EXECUTE|[1]
12:47:46.0 (4211735)|SYSTEM_METHOD_EXIT|[1]|JSON
12:47:46.0 (4226836)|METHOD_ENTRY|[75]||System.JSON.serialize(Object)
12:47:46.0 (7778846)|METHOD_EXIT|[75]||System.JSON.serialize(Object)
12:47:46.0 (7843240)|STATEMENT_EXECUTE|[80]
12:47:46.0 (7859669)|VARIABLE_SCOPE_BEGIN|[80]|http|System.Http|true|false
12:47:46.0 (7923204)|VARIABLE_ASSIGNMENT|[80]|http|"System.Http[]"|0x590d09f7
12:47:46.0 (7929153)|STATEMENT_EXECUTE|[81]
12:47:46.0 (8079641)|CALLOUT_REQUEST|[81]|System.HttpRequest[Endpoint=http://146.190.153.46:9000/update-champion, Method=POST]
12:47:46.0 (639980657)|HEAP_ALLOCATE|[EXTERNAL]|Bytes:292
12:47:46.0 (642791477)|CALLOUT_RESPONSE|[81]|System.HttpResponse[Status=OK, StatusCode=200]
12:47:46.0 (642827820)|HEAP_ALLOCATE|[81]|Bytes:61
12:47:46.0 (642863892)|VARIABLE_SCOPE_BEGIN|[81]|res|System.HttpResponse|true|false
12:47:46.0 (642937246)|VARIABLE_ASSIGNMENT|[81]|res|"System.HttpResponse[Status=OK, StatusCode=200]"|0x246addbc
12:47:46.0 (642944216)|STATEMENT_EXECUTE|[83]
12:47:46.0 (642950046)|HEAP_ALLOCATE|[83]|Bytes:23
12:47:46.0 (643067432)|HEAP_ALLOCATE|[83]|Bytes:3
12:47:46.0 (643089854)|HEAP_ALLOCATE|[83]|Bytes:26
12:47:46.0 (643111745)|USER_DEBUG|[83]|DEBUG|LUMEN Response Status: 200
12:47:46.0 (643121275)|STATEMENT_EXECUTE|[84]
12:47:46.0 (643123985)|HEAP_ALLOCATE|[84]|Bytes:21
12:47:46.0 (643161647)|HEAP_ALLOCATE|[84]|Bytes:55
12:47:46.0 (643171598)|HEAP_ALLOCATE|[84]|Bytes:76
12:47:46.0 (643180258)|USER_DEBUG|[84]|DEBUG|LUMEN Response Body: {"success":false,"error":"champion_model not provided"}
12:47:46.0 (643247912)|STATEMENT_EXECUTE|[86]
12:47:46.0 (643250682)|STATEMENT_EXECUTE|[87]
12:47:46.0 (643253642)|HEAP_ALLOCATE|[87]|Bytes:39
12:47:46.0 (643276423)|USER_DEBUG|[87]|DEBUG|===== v2.8.0 PROMOTED TO CHAMPION =====
12:47:46.0 (643284974)|STATEMENT_EXECUTE|[90]
12:47:46.0 (670010203)|HEAP_ALLOCATE|[90]|Bytes:44
12:47:46.0 (670066726)|VARIABLE_SCOPE_BEGIN|[90]|config|Loom_Config__c|true|false
12:47:46.0 (670536192)|VARIABLE_ASSIGNMENT|[90]|config|{"LastModifiedDate":"2026-05-26T19:45:10.000Z","IsDeleted":false,"CreatedById":"005dM00000bGQNpQAO","CreatedDate":"2026-05-26T14:15:32.000Z","Id":"a0OdM00000QHtsLUAT","LastModifiedById":"005dM00000bGQNpQAO","SetupOwnerId":"00DdM00000wFcrbUAC","Champion_Model_Version__c":"v2.8.0","Name":"a0OdM00000QHtsL","SystemModstamp":"2026-05-26T19:45:10.000Z"}|0x7763a693
12:47:46.0 (670551593)|STATEMENT_EXECUTE|[91]
12:47:46.0 (670740123)|VARIABLE_ASSIGNMENT|[91]|this.Champion_Model_Version__c|"v2.8.0"|0x7763a693
12:47:46.0 (670748533)|STATEMENT_EXECUTE|[92]
12:47:46.0 (670842638)|HEAP_ALLOCATE|[92]|Bytes:8
12:47:46.0 (670870570)|DML_BEGIN|[92]|Op:Upsert|Type:Loom_Config__c|Rows:1
12:47:46.0 (670914122)|HEAP_ALLOCATE|[EXTERNAL]|Bytes:8
12:47:46.0 (729962260)|DML_END|[92]
12:47:46.0 (730834967)|STATEMENT_EXECUTE|[93]
12:47:46.0 (730844568)|HEAP_ALLOCATE|[93]|Bytes:58
12:47:46.0 (730914022)|USER_DEBUG|[93]|DEBUG|Custom setting updated: Champion_Model_Version__c = v2.8.0
12:47:46.0 (730925522)|STATEMENT_EXECUTE|[95]
12:47:46.0 (730945533)|HEAP_ALLOCATE|[95]|Bytes:4
12:47:46.0 (730956005)|HEAP_ALLOCATE|[96]|Bytes:7
12:47:46.0 (731019017)|HEAP_ALLOCATE|[95]|Bytes:5
12:47:46.0 (731033398)|HEAP_ALLOCATE|[97]|Bytes:7
12:47:46.0 (731038289)|HEAP_ALLOCATE|[97]|Bytes:27
12:47:46.0 (731050279)|HEAP_ALLOCATE|[98]|Bytes:8
12:47:46.0 (731061519)|HEAP_ALLOCATE|[99]|Bytes:13
12:47:46.0 (731066540)|HEAP_ALLOCATE|[99]|Bytes:6
12:47:46.774 (774479342)|CUMULATIVE_LIMIT_USAGE
12:47:46.774 (774479342)|LIMIT_USAGE_FOR_NS|(default)|
  Number of SOQL queries: 0 out of 100
  Number of query rows: 0 out of 50000
  Number of SOSL queries: 0 out of 20
  Number of DML statements: 1 out of 150
  Number of Publish Immediate DML: 0 out of 150
  Number of DML rows: 1 out of 10000
  Maximum CPU time: 0 out of 10000
  Maximum heap size: 0 out of 6000000
  Number of callouts: 1 out of 100
  Number of Email Invocations: 0 out of 10
  Number of future calls: 0 out of 50
  Number of queueable jobs added to the queue: 0 out of 50
  Number of Mobile Apex push calls: 0 out of 10

12:47:46.774 (774479342)|CUMULATIVE_LIMIT_USAGE_END

12:47:46.0 (774553966)|CODE_UNIT_FINISHED|ObserveTuneController.approveTuneAndPromote()
12:47:46.0 (774811911)|CODE_UNIT_FINISHED|apex://ObserveTuneController/ACTION$approveTuneAndPromote
12:47:46.0 (774824721)|EXECUTION_FINISHED
