66.0 APEX_CODE,FINEST;APEX_PROFILING,INFO;CALLOUT,INFO;DATA_ACCESS,INFO;DB,INFO;NBA,INFO;SYSTEM,DEBUG;VALIDATION,INFO;VISUALFORCE,INFO;WAVE,INFO;WORKFLOW,INFO
12:55:30.1 (1041369)|USER_INFO|[EXTERNAL]|005dM00000bGQNp|pmandy.f7098e8d67c2@agentforce.com|(GMT-07:00) Pacific Daylight Time (America/Los_Angeles)|GMT-07:00
12:55:30.1 (1118321)|EXECUTION_STARTED
12:55:30.1 (1146901)|CODE_UNIT_STARTED|[EXTERNAL]|apex://ObserveTuneController/ACTION$approveTuneAndPromote
12:55:30.1 (2235971)|CODE_UNIT_STARTED|[EXTERNAL]|01pdM00000WohAb|ObserveTuneController.approveTuneAndPromote()
12:55:30.1 (4977850)|HEAP_ALLOCATE|[95]|Bytes:3
12:55:30.1 (5099222)|HEAP_ALLOCATE|[100]|Bytes:152
12:55:30.1 (5117643)|HEAP_ALLOCATE|[417]|Bytes:408
12:55:30.1 (5132474)|HEAP_ALLOCATE|[430]|Bytes:408
12:55:30.1 (5165253)|HEAP_ALLOCATE|[317]|Bytes:6
12:55:30.1 (5235126)|HEAP_ALLOCATE|[EXTERNAL]|Bytes:8
12:55:30.1 (5240575)|HEAP_ALLOCATE|[EXTERNAL]|Bytes:22
12:55:30.1 (5276966)|METHOD_ENTRY|[1]|01pdM00000WohAb|ObserveTuneController.ObserveTuneController()
12:55:30.1 (5293597)|STATEMENT_EXECUTE|[1]
12:55:30.1 (5303386)|STATEMENT_EXECUTE|[1]
12:55:30.1 (5323576)|HEAP_ALLOCATE|[68]|Bytes:5
12:55:30.1 (5417418)|HEAP_ALLOCATE|[74]|Bytes:5
12:55:30.1 (5472000)|HEAP_ALLOCATE|[82]|Bytes:7
12:55:30.1 (5845646)|HEAP_ALLOCATE|[EXTERNAL]|Bytes:5
12:55:30.1 (5877797)|METHOD_EXIT|[1]|ObserveTuneController
12:55:30.1 (5892667)|HEAP_ALLOCATE|[67]|Bytes:5
12:55:30.1 (5899187)|STATEMENT_EXECUTE|[66]
12:55:30.1 (5902117)|STATEMENT_EXECUTE|[67]
12:55:30.1 (5904067)|STATEMENT_EXECUTE|[67]
12:55:30.1 (5906597)|STATEMENT_EXECUTE|[68]
12:55:30.1 (5910157)|HEAP_ALLOCATE|[68]|Bytes:41
12:55:30.1 (5996149)|USER_DEBUG|[68]|DEBUG|===== APPROVE TUNE & PROMOTE v2.8.0 =====
12:55:30.1 (6012829)|STATEMENT_EXECUTE|[71]
12:55:30.1 (6105801)|VARIABLE_SCOPE_BEGIN|[71]|req|System.HttpRequest|true|false
12:55:30.1 (6554569)|VARIABLE_ASSIGNMENT|[71]|req|"System.HttpRequest[Endpoint=null, Method=null]"|0x637428d2
12:55:30.1 (6572140)|STATEMENT_EXECUTE|[72]
12:55:30.1 (6576430)|HEAP_ALLOCATE|[72]|Bytes:42
12:55:30.1 (6694691)|STATEMENT_EXECUTE|[73]
12:55:30.1 (6698742)|HEAP_ALLOCATE|[73]|Bytes:4
12:55:30.1 (6724642)|STATEMENT_EXECUTE|[74]
12:55:30.1 (6728673)|HEAP_ALLOCATE|[74]|Bytes:12
12:55:30.1 (6733602)|HEAP_ALLOCATE|[74]|Bytes:16
12:55:30.1 (6756842)|STATEMENT_EXECUTE|[75]
12:55:30.1 (6776593)|HEAP_ALLOCATE|[75]|Bytes:4
12:55:30.1 (6793723)|HEAP_ALLOCATE|[76]|Bytes:12
12:55:30.1 (6798363)|HEAP_ALLOCATE|[76]|Bytes:6
12:55:30.1 (6863755)|HEAP_ALLOCATE|[77]|Bytes:6
12:55:30.1 (6869185)|HEAP_ALLOCATE|[77]|Bytes:45
12:55:30.1 (6917506)|HEAP_ALLOCATE|[75]|Bytes:24
12:55:30.1 (6932556)|SYSTEM_METHOD_ENTRY|[1]|JSON.JSON()
12:55:30.1 (6939006)|STATEMENT_EXECUTE|[1]
12:55:30.1 (6951947)|SYSTEM_METHOD_EXIT|[1]|JSON
12:55:30.1 (7013348)|METHOD_ENTRY|[75]||System.JSON.serialize(Object)
12:55:30.1 (10614253)|METHOD_EXIT|[75]||System.JSON.serialize(Object)
12:55:30.1 (10694193)|STATEMENT_EXECUTE|[80]
12:55:30.1 (10727455)|VARIABLE_SCOPE_BEGIN|[80]|http|System.Http|true|false
12:55:30.1 (10927258)|VARIABLE_ASSIGNMENT|[80]|http|"System.Http[]"|0xdc37383
12:55:30.1 (10939389)|STATEMENT_EXECUTE|[81]
12:55:30.1 (11052130)|CALLOUT_REQUEST|[81]|System.HttpRequest[Endpoint=http://146.190.153.46:9000/update-champion, Method=POST]
12:55:30.1 (629602116)|HEAP_ALLOCATE|[EXTERNAL]|Bytes:292
12:55:30.1 (631971959)|CALLOUT_RESPONSE|[81]|System.HttpResponse[Status=OK, StatusCode=200]
12:55:30.1 (632004920)|HEAP_ALLOCATE|[81]|Bytes:61
12:55:30.1 (632052510)|VARIABLE_SCOPE_BEGIN|[81]|res|System.HttpResponse|true|false
12:55:30.1 (632237814)|VARIABLE_ASSIGNMENT|[81]|res|"System.HttpResponse[Status=OK, StatusCode=200]"|0x5a3cabd8
12:55:30.1 (632258244)|STATEMENT_EXECUTE|[83]
12:55:30.1 (632266704)|HEAP_ALLOCATE|[83]|Bytes:23
12:55:30.1 (632388156)|HEAP_ALLOCATE|[83]|Bytes:3
12:55:30.1 (632416067)|HEAP_ALLOCATE|[83]|Bytes:26
12:55:30.1 (632443708)|USER_DEBUG|[83]|DEBUG|LUMEN Response Status: 200
12:55:30.1 (632455858)|STATEMENT_EXECUTE|[84]
12:55:30.1 (632460058)|HEAP_ALLOCATE|[84]|Bytes:21
12:55:30.1 (632491117)|HEAP_ALLOCATE|[84]|Bytes:55
12:55:30.1 (632504449)|HEAP_ALLOCATE|[84]|Bytes:76
12:55:30.1 (632516489)|USER_DEBUG|[84]|DEBUG|LUMEN Response Body: {"success":false,"error":"champion_model not provided"}
12:55:30.1 (632549219)|STATEMENT_EXECUTE|[86]
12:55:30.1 (632552059)|STATEMENT_EXECUTE|[87]
12:55:30.1 (632555799)|HEAP_ALLOCATE|[87]|Bytes:39
12:55:30.1 (632578200)|USER_DEBUG|[87]|DEBUG|===== v2.8.0 PROMOTED TO CHAMPION =====
12:55:30.1 (632588740)|STATEMENT_EXECUTE|[90]
12:55:30.1 (660239830)|HEAP_ALLOCATE|[90]|Bytes:44
12:55:30.1 (660342072)|VARIABLE_SCOPE_BEGIN|[90]|config|Loom_Config__c|true|false
12:55:30.1 (660659217)|VARIABLE_ASSIGNMENT|[90]|config|{"LastModifiedDate":"2026-05-26T19:52:30.000Z","IsDeleted":false,"CreatedById":"005dM00000bGQNpQAO","CreatedDate":"2026-05-26T14:15:32.000Z","Id":"a0OdM00000QHtsLUAT","LastModifiedById":"005dM00000bGQNpQAO","SetupOwnerId":"00DdM00000wFcrbUAC","Champion_Model_Version__c":"v2.8.0","Name":"a0OdM00000QHtsL","SystemModstamp":"2026-05-26T19:52:30.000Z"}|0x3da23668
12:55:30.1 (660680267)|STATEMENT_EXECUTE|[91]
12:55:30.1 (660872041)|VARIABLE_ASSIGNMENT|[91]|this.Champion_Model_Version__c|"v2.8.0"|0x3da23668
12:55:30.1 (660881771)|STATEMENT_EXECUTE|[92]
12:55:30.1 (660964062)|HEAP_ALLOCATE|[92]|Bytes:8
12:55:30.1 (660988213)|DML_BEGIN|[92]|Op:Upsert|Type:Loom_Config__c|Rows:1
12:55:30.1 (661034525)|HEAP_ALLOCATE|[EXTERNAL]|Bytes:8
12:55:30.1 (721882064)|DML_END|[92]
12:55:30.1 (722841761)|STATEMENT_EXECUTE|[93]
12:55:30.1 (722853681)|HEAP_ALLOCATE|[93]|Bytes:58
12:55:30.1 (722926532)|USER_DEBUG|[93]|DEBUG|Custom setting updated: Champion_Model_Version__c = v2.8.0
12:55:30.1 (722942403)|STATEMENT_EXECUTE|[95]
12:55:30.1 (722963923)|HEAP_ALLOCATE|[95]|Bytes:4
12:55:30.1 (722976593)|HEAP_ALLOCATE|[96]|Bytes:7
12:55:30.1 (723065545)|HEAP_ALLOCATE|[95]|Bytes:5
12:55:30.1 (723082465)|HEAP_ALLOCATE|[97]|Bytes:7
12:55:30.1 (723087615)|HEAP_ALLOCATE|[97]|Bytes:27
12:55:30.1 (723104275)|HEAP_ALLOCATE|[98]|Bytes:8
12:55:30.1 (723119046)|HEAP_ALLOCATE|[99]|Bytes:13
12:55:30.1 (723123676)|HEAP_ALLOCATE|[99]|Bytes:6
12:55:30.761 (761092052)|CUMULATIVE_LIMIT_USAGE
12:55:30.761 (761092052)|LIMIT_USAGE_FOR_NS|(default)|
  Number of SOQL queries: 0 out of 100
  Number of query rows: 0 out of 50000
  Number of SOSL queries: 0 out of 20
  Number of DML statements: 1 out of 150
  Number of Publish Immediate DML: 0 out of 150
  Number of DML rows: 1 out of 10000
  Maximum CPU time: 0 out of 10000
  Maximum heap size: 0 out of 6000000
  Number of callouts: 1 out of 100
  Number of Email Invocations: 0 out of 10
  Number of future calls: 0 out of 50
  Number of queueable jobs added to the queue: 0 out of 50
  Number of Mobile Apex push calls: 0 out of 10

12:55:30.761 (761092052)|CUMULATIVE_LIMIT_USAGE_END

12:55:30.1 (761156563)|CODE_UNIT_FINISHED|ObserveTuneController.approveTuneAndPromote()
12:55:30.1 (761419648)|CODE_UNIT_FINISHED|apex://ObserveTuneController/ACTION$approveTuneAndPromote
12:55:30.1 (761431458)|EXECUTION_FINISHED
